spk_ver/v00/v0000	SES146	1.08484	15.3223	14.2374
spk_ver/v00/v0001	SES002	-7.25867	6.75639	14.0151
spk_ver/v00/v0002	SES002	-4.38039	9.92571	14.3061
spk_ver/v00/v0003	SES002	-8.92769	5.1201	14.0478
spk_ver/v00/v0004	SES002	-3.55368	10.514	14.0677
spk_ver/v00/v0005	SES002	-4.43797	8.86112	13.2991
spk_ver/v00/v0006	SES002	-5.506	10.2981	15.8041
spk_ver/v00/v0007	SES002	-4.43183	8.50065	12.9325
spk_ver/v00/v0008	SES146	0.303892	13.8274	13.5235
spk_ver/v00/v0009	SES002	-2.50214	13.7452	16.2473
spk_ver/v00/v0010	SES002	-6.00383	6.92652	12.9303
spk_ver/v00/v0011	SES002	-2.41381	10.2368	12.6506
spk_ver/v00/v0012	SES002	-4.62116	12.1964	16.8175
spk_ver/v00/v0013	SES002	-4.51448	11.677	16.1915
spk_ver/v00/v0014	SES002	-1.33759	13.9181	15.2557
spk_ver/v00/v0015	SES002	-3.06457	12.2464	15.311
spk_ver/v00/v0016	SES275	0.602245	14.2155	13.6133
spk_ver/v00/v0017	SES002	-2.39137	13.5701	15.9614
spk_ver/v00/v0018	SES002	-7.43996	6.28808	13.728
spk_ver/v00/v0019	SES002	-2.87837	11.7753	14.6536
spk_ver/v00/v0020	SES002	-6.75668	6.84825	13.6049
spk_ver/v00/v0021	SES002	-4.9257	9.11805	14.0438
spk_ver/v00/v0022	SES002	-3.89013	11.4034	15.2936
spk_ver/v00/v0023	SES002	-6.36232	10.3805	16.7428
spk_ver/v00/v0024	SES002	-7.48475	6.48393	13.9687
spk_ver/v00/v0025	SES002	-5.38768	9.60797	14.9957
spk_ver/v00/v0026	SES002	-4.90263	9.71546	14.6181
spk_ver/v00/v0027	SES129	1.55602	16.0511	14.4951
spk_ver/v00/v0028	SES007	-2.63577	12.6834	15.3191
spk_ver/v00/v0029	SES083	-0.15938	16.265	16.4244
spk_ver/v00/v0030	SES019	2.54053	16.5354	13.9949
spk_ver/v00/v0031	SES007	-1.92376	12.6171	14.5409
spk_ver/v00/v0032	SES270	1.37271	15.7801	14.4074
spk_ver/v00/v0033	SES007	-3.04984	11.5798	14.6296
spk_ver/v00/v0034	SES007	-2.67699	11.3181	13.9951
spk_ver/v00/v0035	SES007	-1.47073	14.4596	15.9303
spk_ver/v00/v0036	SES007	-2.93431	9.45905	12.3934
spk_ver/v00/v0037	SES007	-4.26139	11.112	15.3734
spk_ver/v00/v0038	SES259	3.02528	18.7425	15.7172
spk_ver/v00/v0039	SES007	-3.74981	8.35128	12.1011
spk_ver/v00/v0040	SES007	-4.88382	12.2899	17.1737
spk_ver/v00/v0041	SES007	-2.31973	12.092	14.4117
spk_ver/v00/v0042	SES007	-2.06207	9.86858	11.9307
spk_ver/v00/v0043	SES007	-1.28775	12.6082	13.896
spk_ver/v00/v0044	SES007	-3.40258	14.0371	17.4396
spk_ver/v00/v0045	SES007	-2.23669	13.7892	16.0259
spk_ver/v00/v0046	SES007	-2.22596	12.8371	15.063
spk_ver/v00/v0047	SES172	0.215343	15.6292	15.4138
spk_ver/v00/v0048	SES105	1.20105	15.2396	14.0385
spk_ver/v00/v0049	SES007	-1.66169	14.629	16.2907
spk_ver/v00/v0050	SES292	-0.478491	14.6877	15.1661
spk_ver/v00/v0051	SES007	-1.59779	12.9777	14.5755
spk_ver/v00/v0052	SES068	0.39057	16.688	16.2974
spk_ver/v00/v0053	SES008	-1.89537	14.5186	16.414
spk_ver/v00/v0054	SES008	-2.76763	11.2885	14.0561
spk_ver/v00/v0055	SES008	-2.04005	13.0742	15.1143
spk_ver/v00/v0056	SES008	-6.2973	8.53517	14.8325
spk_ver/v00/v0057	SES008	-4.5984	10.7904	15.3888
spk_ver/v00/v0058	SES083	0.598493	16.1828	15.5843
spk_ver/v00/v0059	SES158	1.69426	16.282	14.5877
spk_ver/v00/v0060	SES008	-3.88775	10.7603	14.6481
spk_ver/v00/v0061	SES101	0.423071	15.6644	15.2414
spk_ver/v00/v0062	SES008	-3.0689	11.2365	14.3054
spk_ver/v00/v0063	SES008	-3.15531	12.0195	15.1748
spk_ver/v00/v0064	SES117	1.30724	15.2947	13.9875
spk_ver/v00/v0065	SES149	1.6646	17.8569	16.1923
spk_ver/v00/v0066	SES008	0.0938015	15.5988	15.505
spk_ver/v00/v0067	SES008	-2.75524	10.5992	13.3545
spk_ver/v00/v0068	SES162	1.43302	15.2447	13.8117
spk_ver/v00/v0069	SES008	-7.77352	7.01124	14.7848
spk_ver/v00/v0070	SES008	-0.589949	15.0187	15.6087
spk_ver/v00/v0071	SES008	-3.50735	12.2076	15.7149
spk_ver/v00/v0072	SES008	-1.94272	15.3184	17.2612
spk_ver/v00/v0073	SES008	-2.89494	13.1673	16.0623
spk_ver/v00/v0074	SES008	-4.07456	10.1486	14.2231
spk_ver/v00/v0075	SES008	-7.55908	6.10865	13.6677
spk_ver/v00/v0076	SES167	1.70264	16.8669	15.1642
spk_ver/v00/v0077	SES008	-2.36778	13.8297	16.1975
spk_ver/v00/v0078	SES177	0.855982	16.655	15.799
spk_ver/v00/v0079	SES008	-2.08178	12.4458	14.5276
spk_ver/v00/v0080	SES008	-3.53053	11.157	14.6875
spk_ver/v00/v0081	SES008	-5.98152	6.86819	12.8497
spk_ver/v00/v0082	SES008	-3.55332	11.7779	15.3312
spk_ver/v00/v0083	SES008	-6.0679	6.76659	12.8345
spk_ver/v00/v0084	SES144	1.33566	16.5853	15.2496
spk_ver/v00/v0085	SES008	-2.88914	12.1885	15.0776
spk_ver/v00/v0086	SES008	-3.20765	13.7271	16.9348
spk_ver/v00/v0087	SES008	-5.58034	9.06262	14.643
spk_ver/v00/v0088	SES008	-1.91221	15.0127	16.9249
spk_ver/v00/v0089	SES008	-2.42106	11.0621	13.4831
spk_ver/v00/v0090	SES142	2.53423	15.5401	13.0059
spk_ver/v00/v0091	SES008	-5.15771	10.1643	15.322
spk_ver/v00/v0092	SES158	0.549598	14.4876	13.938
spk_ver/v00/v0093	SES014	-2.9217	13.1501	16.0718
spk_ver/v00/v0094	SES014	-4.96507	7.43178	12.3968
spk_ver/v00/v0095	SES014	-1.21008	15.6964	16.9065
spk_ver/v00/v0096	SES014	-10.2932	3.50489	13.7981
spk_ver/v00/v0097	SES014	-2.53999	11.2398	13.7798
spk_ver/v00/v0098	SES014	-2.33811	13.856	16.1941
spk_ver/v00/v0099	SES014	-3.74105	10.0503	13.7913
spk_ver/v01/v0100	SES127	0.302333	16.0357	15.7334
spk_ver/v01/v0101	SES014	-6.63908	6.4233	13.0624
spk_ver/v01/v0102	SES014	-5.46335	8.26669	13.73
spk_ver/v01/v0103	SES014	-6.59545	7.14293	13.7384
spk_ver/v01/v0104	SES014	-7.40197	7.04644	14.4484
spk_ver/v01/v0105	SES014	-4.81596	7.65759	12.4735
spk_ver/v01/v0106	SES014	-3.63844	10.5461	14.1846
spk_ver/v01/v0107	SES014	-7.00552	9.25746	16.263
spk_ver/v01/v0108	SES014	-7.71042	6.14709	13.8575
spk_ver/v01/v0109	SES014	-3.94067	8.94012	12.8808
spk_ver/v01/v0110	SES014	-4.52829	9.08876	13.6171
spk_ver/v01/v0111	SES014	-2.25939	14.1151	16.3745
spk_ver/v01/v0112	SES014	-4.79954	10.8388	15.6383
spk_ver/v01/v0113	SES104	-0.237983	14.8603	15.0982
spk_ver/v01/v0114	SES082	0.715628	16.9799	16.2643
spk_ver/v01/v0115	SES087	0.940682	15.8877	14.947
spk_ver/v01/v0116	SES014	-2.56289	12.4085	14.9714
spk_ver/v01/v0117	SES177	-0.0729704	15.0609	15.1339
spk_ver/v01/v0118	SES014	-3.91897	9.02638	12.9454
spk_ver/v01/v0119	SES014	-1.73862	13.5874	15.326
spk_ver/v01/v0120	SES014	-7.24711	7.32784	14.5749
spk_ver/v01/v0121	SES146	0.101029	15.1087	15.0077
spk_ver/v01/v0122	SES014	2.18941	19.01	16.8206
spk_ver/v01/v0123	SES014	-3.5927	12.2502	15.8429
spk_ver/v01/v0124	SES014	-10.8769	4.07727	14.9541
spk_ver/v01/v0125	SES014	-5.6105	9.19583	14.8063
spk_ver/v01/v0126	SES016	-2.87675	11.8939	14.7707
spk_ver/v01/v0127	SES016	-2.66431	10.257	12.9213
spk_ver/v01/v0128	SES106	2.16203	16.9767	14.8147
spk_ver/v01/v0129	SES016	-3.61153	11.9634	15.5749
spk_ver/v01/v0130	SES016	-3.24496	11.6942	14.9391
spk_ver/v01/v0131	SES016	-4.82013	9.39434	14.2145
spk_ver/v01/v0132	SES016	-3.17245	12.009	15.1814
spk_ver/v01/v0133	SES016	-3.15392	13.0701	16.224
spk_ver/v01/v0134	SES016	-2.36985	13.3678	15.7376
spk_ver/v01/v0135	SES016	-5.3235	9.91531	15.2388
spk_ver/v01/v0136	SES016	-4.85812	9.18217	14.0403
spk_ver/v01/v0137	SES007	0.791173	14.529	13.7378
spk_ver/v01/v0138	SES016	-0.94577	14.4914	15.4372
spk_ver/v01/v0139	SES016	-2.03246	13.5155	15.5479
spk_ver/v01/v0140	SES016	1.5358	17.4489	15.9131
spk_ver/v01/v0141	SES016	-8.33236	3.68178	12.0141
spk_ver/v01/v0142	SES016	-6.12775	9.04246	15.1702
spk_ver/v01/v0143	SES016	-5.0872	7.62888	12.7161
spk_ver/v01/v0144	SES016	-5.1904	10.3461	15.5365
spk_ver/v01/v0145	SES016	-7.11398	5.41746	12.5314
spk_ver/v01/v0146	SES016	-1.7585	13.8358	15.5943
spk_ver/v01/v0147	SES016	-1.5933	13.938	15.5313
spk_ver/v01/v0148	SES127	0.676978	15.5346	14.8576
spk_ver/v01/v0149	SES016	-3.57446	11.0506	14.6251
spk_ver/v01/v0150	SES016	-2.7245	12.6082	15.3327
spk_ver/v01/v0151	SES147	1.1529	14.319	13.1661
spk_ver/v01/v0152	SES016	-2.05001	12.5848	14.6348
spk_ver/v01/v0153	SES104	1.56475	18.1705	16.6057
spk_ver/v01/v0154	SES016	-4.97629	8.96836	13.9447
spk_ver/v01/v0155	SES016	-2.63763	10.7873	13.4249
spk_ver/v01/v0156	SES019	-1.31392	12.1481	13.462
spk_ver/v01/v0157	SES019	-3.80553	13.0133	16.8189
spk_ver/v01/v0158	SES019	-1.35062	13.704	15.0546
spk_ver/v01/v0159	SES007	0.470645	15.1473	14.6767
spk_ver/v01/v0160	SES019	-3.3133	12.8159	16.1292
spk_ver/v01/v0161	SES019	-4.44463	9.28479	13.7294
spk_ver/v01/v0162	SES019	-4.46286	12.2154	16.6783
spk_ver/v01/v0163	SES189	1.40791	15.602	14.1941
spk_ver/v01/v0164	SES019	-3.29406	12.417	15.711
spk_ver/v01/v0165	SES019	-0.853614	11.7491	12.6028
spk_ver/v01/v0166	SES019	-5.24964	11.0726	16.3223
spk_ver/v01/v0167	SES019	-4.85687	9.22509	14.082
spk_ver/v01/v0168	SES019	-2.35406	8.66885	11.0229
spk_ver/v01/v0169	SES019	-4.62922	9.30472	13.9339
spk_ver/v01/v0170	SES270	1.004	15.4978	14.4938
spk_ver/v01/v0171	SES019	-2.98296	11.7903	14.7732
spk_ver/v01/v0172	SES019	-5.53157	8.69745	14.229
spk_ver/v01/v0173	SES206	1.37233	16.4688	15.0965
spk_ver/v01/v0174	SES019	-3.1827	10.7056	13.8883
spk_ver/v01/v0175	SES014	2.18922	18.8964	16.7072
spk_ver/v01/v0176	SES019	-5.23755	10.5639	15.8014
spk_ver/v01/v0177	SES120	1.09358	14.9815	13.888
spk_ver/v01/v0178	SES019	-2.01179	10.7985	12.8102
spk_ver/v01/v0179	SES019	-6.24078	11.0172	17.2579
spk_ver/v01/v0180	SES175	0.907245	15.447	14.5397
spk_ver/v01/v0181	SES019	-4.86467	9.03861	13.9033
spk_ver/v01/v0182	SES019	-5.25519	11.3444	16.5996
spk_ver/v01/v0183	SES029	-3.30402	12.0635	15.3675
spk_ver/v01/v0184	SES029	-8.02849	7.17883	15.2073
spk_ver/v01/v0185	SES029	-3.07667	12.7453	15.822
spk_ver/v01/v0186	SES068	0.969519	17.3303	16.3608
spk_ver/v01/v0187	SES029	-4.26768	10.5836	14.8513
spk_ver/v01/v0188	SES029	-3.6117	12.9526	16.5643
spk_ver/v01/v0189	SES149	2.42697	18.5598	16.1328
spk_ver/v01/v0190	SES029	-4.35914	12.0348	16.3939
spk_ver/v01/v0191	SES029	-4.11664	10.4248	14.5415
spk_ver/v01/v0192	SES183	1.19455	16.8038	15.6093
spk_ver/v01/v0193	SES029	-2.61407	12.2178	14.8319
spk_ver/v01/v0194	SES016	1.96746	17.4613	15.4939
spk_ver/v01/v0195	SES029	-3.95555	11.4238	15.3793
spk_ver/v01/v0196	SES029	-1.80383	12.4837	14.2876
spk_ver/v01/v0197	SES029	-4.41349	11.8678	16.2813
spk_ver/v01/v0198	SES146	0.812425	14.7579	13.9455
spk_ver/v01/v0199	SES029	-4.76062	7.99505	12.7557
spk_ver/v02/v0200	SES029	-2.89707	12.4784	15.3755
spk_ver/v02/v0201	SES068	1.16044	17.5022	16.3418
spk_ver/v02/v0202	SES148	2.12332	15.866	13.7427
spk_ver/v02/v0203	SES029	-3.6001	11.4181	15.0182
spk_ver/v02/v0204	SES029	-1.51694	13.2056	14.7225
spk_ver/v02/v0205	SES060	0.906818	18.0862	17.1794
spk_ver/v02/v0206	SES127	2.85215	19.1609	16.3088
spk_ver/v02/v0207	SES029	-4.34831	10.4925	14.8409
spk_ver/v02/v0208	SES048	1.66322	15.2395	13.5763
spk_ver/v02/v0209	SES029	-1.96432	13.2499	15.2142
spk_ver/v02/v0210	SES029	-3.29124	10.9808	14.272
spk_ver/v02/v0211	SES029	-3.96568	11.7354	15.7011
spk_ver/v02/v0212	SES042	-6.8356	6.77686	13.6125
spk_ver/v02/v0213	SES085	1.633	16.5149	14.8819
spk_ver/v02/v0214	SES206	1.96378	17.8516	15.8878
spk_ver/v02/v0215	SES144	0.396521	15.087	14.6905
spk_ver/v02/v0216	SES042	-3.09285	11.8582	14.9511
spk_ver/v02/v0217	SES042	-3.39493	6.38288	9.7778
spk_ver/v02/v0218	SES042	-2.81787	13.0532	15.8711
spk_ver/v02/v0219	SES206	1.06491	17.9958	16.9309
spk_ver/v02/v0220	SES019	3.99488	17.8385	13.8436
spk_ver/v02/v0221	SES007	0.265026	15.3744	15.1094
spk_ver/v02/v0222	SES042	-7.31877	6.68276	14.0015
spk_ver/v02/v0223	SES147	1.02045	14.2366	13.2161
spk_ver/v02/v0224	SES105	1.59166	15.3538	13.7621
spk_ver/v02/v0225	SES042	-2.16889	12.7511	14.92
spk_ver/v02/v0226	SES275	1.09442	15.5201	14.4256
spk_ver/v02/v0227	SES042	-4.96254	9.08876	14.0513
spk_ver/v02/v0228	SES042	-5.73567	10.0439	15.7796
spk_ver/v02/v0229	SES042	-5.01388	11.1044	16.1183
spk_ver/v02/v0230	SES085	0.624081	17.8545	17.2305
spk_ver/v02/v0231	SES014	2.44377	19.6698	17.226
spk_ver/v02/v0232	SES042	-1.93462	13.922	15.8566
spk_ver/v02/v0233	SES048	-4.4059	11.0964	15.5023
spk_ver/v02/v0234	SES048	-4.24548	11.0278	15.2733
spk_ver/v02/v0235	SES029	0.205061	16.2636	16.0585
spk_ver/v02/v0236	SES048	-2.813	13.2688	16.0818
spk_ver/v02/v0237	SES048	-4.87627	9.56433	14.4406
spk_ver/v02/v0238	SES048	-2.85388	12.5968	15.4507
spk_ver/v02/v0239	SES060	1.68295	17.7333	16.0504
spk_ver/v02/v0240	SES048	-4.27456	9.80369	14.0783
spk_ver/v02/v0241	SES048	-3.18791	12.3613	15.5493
spk_ver/v02/v0242	SES189	2.1851	15.6893	13.5042
spk_ver/v02/v0243	SES162	1.05119	15.4319	14.3807
spk_ver/v02/v0244	SES048	-6.19688	10.104	16.3009
spk_ver/v02/v0245	SES048	-4.84047	9.71064	14.5511
spk_ver/v02/v0246	SES048	-4.40794	11.1942	15.6022
spk_ver/v02/v0247	SES048	-5.78717	7.40356	13.1907
spk_ver/v02/v0248	SES226	2.21417	17.2925	15.0783
spk_ver/v02/v0249	SES048	-2.07555	12.2405	14.3161
spk_ver/v02/v0250	SES048	-3.02569	11.0416	14.0673
spk_ver/v02/v0251	SES048	-5.85905	7.82374	13.6828
spk_ver/v02/v0252	SES060	-4.64967	8.8283	13.478
spk_ver/v02/v0253	SES060	-6.7122	8.29033	15.0025
spk_ver/v02/v0254	SES259	2.86141	18.4562	15.5948
spk_ver/v02/v0255	SES060	-5.15712	8.57402	13.7311
spk_ver/v02/v0256	SES202	0.867504	14.8291	13.9616
spk_ver/v02/v0257	SES148	1.04396	16.2494	15.2055
spk_ver/v02/v0258	SES060	-5.18159	6.30343	11.485
spk_ver/v02/v0259	SES060	-2.50872	13.4613	15.97
spk_ver/v02/v0260	SES060	-3.62221	12.0123	15.6345
spk_ver/v02/v0261	SES099	2.30325	17.1667	14.8635
spk_ver/v02/v0262	SES060	-3.28704	11.9313	15.2184
spk_ver/v02/v0263	SES060	-3.23048	13.5556	16.7861
spk_ver/v02/v0264	SES292	0.466985	15.5838	15.1168
spk_ver/v02/v0265	SES060	-1.86213	12.7905	14.6526
spk_ver/v02/v0266	SES060	-6.72883	6.83807	13.5669
spk_ver/v02/v0267	SES060	-6.54542	7.45145	13.9969
spk_ver/v02/v0268	SES060	-6.63912	5.07292	11.712
spk_ver/v02/v0269	SES127	1.38446	17.0795	15.695
spk_ver/v02/v0270	SES060	-4.27814	10.3669	14.6451
spk_ver/v02/v0271	SES060	-1.30301	14.9222	16.2252
spk_ver/v02/v0272	SES060	-5.02272	7.85573	12.8784
spk_ver/v02/v0273	SES087	1.43562	16.6637	15.2281
spk_ver/v02/v0274	SES146	0.690506	14.3483	13.6578
spk_ver/v02/v0275	SES060	-4.22922	9.62382	13.853
spk_ver/v02/v0276	SES002	1.78443	17.1152	15.3308
spk_ver/v02/v0277	SES060	-2.35451	13.5662	15.9207
spk_ver/v02/v0278	SES060	-5.03942	8.81936	13.8588
spk_ver/v02/v0279	SES060	-6.11437	9.66883	15.7832
spk_ver/v02/v0280	SES129	2.36674	17.0117	14.645
spk_ver/v02/v0281	SES162	1.0345	15.6762	14.6417
spk_ver/v02/v0282	SES060	-3.80879	10.7899	14.5987
spk_ver/v02/v0283	SES060	-3.81974	12.4328	16.2525
spk_ver/v02/v0284	SES062	-4.56751	7.446	12.0135
spk_ver/v02/v0285	SES062	-6.3064	8.57833	14.8847
spk_ver/v02/v0286	SES120	-0.113367	13.2775	13.3908
spk_ver/v02/v0287	SES062	-4.02648	10.5575	14.584
spk_ver/v02/v0288	SES062	-4.19054	10.3864	14.5769
spk_ver/v02/v0289	SES062	-3.19166	12.9048	16.0965
spk_ver/v02/v0290	SES062	-2.57884	13.073	15.6519
spk_ver/v02/v0291	SES275	0.580996	14.9506	14.3696
spk_ver/v02/v0292	SES062	-2.6576	12.0471	14.7047
spk_ver/v02/v0293	SES062	-3.59692	11.5851	15.1821
spk_ver/v02/v0294	SES062	-3.92975	11.5601	15.4898
spk_ver/v02/v0295	SES062	-2.67911	11.3804	14.0595
spk_ver/v02/v0296	SES062	-3.32555	11.5118	14.8373
spk_ver/v02/v0297	SES062	-5.1597	9.47404	14.6337
spk_ver/v02/v0298	SES062	-3.21598	10.8408	14.0568
spk_ver/v02/v0299	SES062	-2.81194	12.5584	15.3703
spk_ver/v03/v0300	SES062	-3.1728	11.7468	14.9196
spk_ver/v03/v0301	SES062	-1.89436	13.7106	15.6049
spk_ver/v03/v0302	SES172	0.465363	17.2916	16.8263
spk_ver/v03/v0303	SES062	-2.30669	12.8818	15.1885
spk_ver/v03/v0304	SES062	-3.36607	10.631	13.9971
spk_ver/v03/v0305	SES062	-2.74111	12.1639	14.905
spk_ver/v03/v0306	SES062	-4.22417	8.81075	13.0349
spk_ver/v03/v0307	SES062	-3.57708	12.0345	15.6116
spk_ver/v03/v0308	SES062	-2.78279	11.5954	14.3782
spk_ver/v03/v0309	SES062	-3.49936	8.6998	12.1992
spk_ver/v03/v0310	SES125	1.42936	17.9953	16.5659
spk_ver/v03/v0311	SES062	-1.92226	13.2159	15.1382
spk_ver/v03/v0312	SES062	-5.33338	8.3934	13.7268
spk_ver/v03/v0313	SES062	-3.18466	11.2611	14.4458
spk_ver/v03/v0314	SES068	-3.67515	11.4403	15.1155
spk_ver/v03/v0315	SES068	-3.35004	12.2618	15.6118
spk_ver/v03/v0316	SES068	-2.66893	11.6308	14.2997
spk_ver/v03/v0317	SES068	-1.73812	11.8466	13.5848
spk_ver/v03/v0318	SES068	-3.59494	12.9324	16.5273
spk_ver/v03/v0319	SES068	-6.99341	6.36723	13.3606
spk_ver/v03/v0320	SES068	-1.57544	13.8296	15.4051
spk_ver/v03/v0321	SES068	-1.77833	12.6176	14.396
spk_ver/v03/v0322	SES068	-1.33771	12.4022	13.7399
spk_ver/v03/v0323	SES068	-2.36429	13.3335	15.6977
spk_ver/v03/v0324	SES144	0.514928	13.7178	13.2029
spk_ver/v03/v0325	SES068	-2.59609	13.3143	15.9104
spk_ver/v03/v0326	SES068	-0.966212	14.9148	15.881
spk_ver/v03/v0327	SES068	-2.45081	13.2274	15.6782
spk_ver/v03/v0328	SES068	-5.44895	8.43982	13.8888
spk_ver/v03/v0329	SES068	-3.21945	12.2396	15.4591
spk_ver/v03/v0330	SES180	0.264587	14.9515	14.687
spk_ver/v03/v0331	SES068	-0.894507	14.1511	15.0456
spk_ver/v03/v0332	SES275	1.39271	16.0065	14.6138
spk_ver/v03/v0333	SES062	1.29409	18.9507	17.6566
spk_ver/v03/v0334	SES270	1.01652	14.8052	13.7887
spk_ver/v03/v0335	SES068	-7.23075	5.35136	12.5821
spk_ver/v03/v0336	SES068	-1.7329	15.5496	17.2825
spk_ver/v03/v0337	SES068	-2.2031	11.7446	13.9477
spk_ver/v03/v0338	SES068	-2.96491	10.7249	13.6899
spk_ver/v03/v0339	SES068	-1.93946	13.1534	15.0929
spk_ver/v03/v0340	SES068	-2.0976	11.5438	13.6414
spk_ver/v03/v0341	SES016	1.30247	17.9776	16.6751
spk_ver/v03/v0342	SES068	-2.55937	11.4237	13.983
spk_ver/v03/v0343	SES068	-2.65238	11.497	14.1493
spk_ver/v03/v0344	SES125	1.48431	16.8411	15.3568
spk_ver/v03/v0345	SES187	0.582353	16.1417	15.5594
spk_ver/v03/v0346	SES068	-3.3126	12.0738	15.3864
spk_ver/v03/v0347	SES143	1.20011	15.1548	13.9547
spk_ver/v03/v0348	SES292	0.879974	16.0398	15.1598
spk_ver/v03/v0349	SES082	-5.20293	10.2505	15.4534
spk_ver/v03/v0350	SES101	0.336992	16.3818	16.0448
spk_ver/v03/v0351	SES082	-1.21834	13.2686	14.4869
spk_ver/v03/v0352	SES082	-1.93867	10.8669	12.8056
spk_ver/v03/v0353	SES082	-3.47265	11.3991	14.8718
spk_ver/v03/v0354	SES082	-7.96959	5.40362	13.3732
spk_ver/v03/v0355	SES083	0.7843	17.1921	16.4078
spk_ver/v03/v0356	SES082	-3.30519	10.5996	13.9048
spk_ver/v03/v0357	SES082	-4.95196	9.23929	14.1913
spk_ver/v03/v0358	SES082	-2.27549	12.4335	14.709
spk_ver/v03/v0359	SES117	0.74974	13.5502	12.8005
spk_ver/v03/v0360	SES082	-6.0179	10.0498	16.0677
spk_ver/v03/v0361	SES082	-2.20474	12.222	14.4268
spk_ver/v03/v0362	SES007	1.42596	16.0807	14.6547
spk_ver/v03/v0363	SES082	-3.19001	11.8793	15.0693
spk_ver/v03/v0364	SES019	2.37088	17.0367	14.6658
spk_ver/v03/v0365	SES082	-1.59499	12.6801	14.2751
spk_ver/v03/v0366	SES226	2.03133	17.1453	15.1139
spk_ver/v03/v0367	SES167	1.96972	17.721	15.7513
spk_ver/v03/v0368	SES082	-3.78059	12.6015	16.3821
spk_ver/v03/v0369	SES042	3.19928	19.9656	16.7663
spk_ver/v03/v0370	SES042	2.00485	18.3069	16.302
spk_ver/v03/v0371	SES082	-5.517	9.26415	14.7812
spk_ver/v03/v0372	SES082	-1.95737	13.9509	15.9083
spk_ver/v03/v0373	SES082	-5.62376	9.91098	15.5347
spk_ver/v03/v0374	SES083	-2.35564	14.6154	16.9711
spk_ver/v03/v0375	SES292	0.156034	15.609	15.453
spk_ver/v03/v0376	SES083	-3.59202	12.0306	15.6226
spk_ver/v03/v0377	SES083	-3.86326	10.1231	13.9864
spk_ver/v03/v0378	SES083	-1.0636	13.0158	14.0794
spk_ver/v03/v0379	SES083	-1.38575	13.0868	14.4726
spk_ver/v03/v0380	SES083	-2.67315	12.0066	14.6797
spk_ver/v03/v0381	SES083	-3.54503	11.2007	14.7457
spk_ver/v03/v0382	SES148	-0.00694847	15.9982	16.0052
spk_ver/v03/v0383	SES083	-1.82329	14.0966	15.9199
spk_ver/v03/v0384	SES226	1.65519	16.9819	15.3267
spk_ver/v03/v0385	SES226	2.03989	17.9129	15.8731
spk_ver/v03/v0386	SES087	1.5921	16.5602	14.9681
spk_ver/v03/v0387	SES029	1.1347	16.4925	15.3578
spk_ver/v03/v0388	SES147	1.33195	15.4926	14.1606
spk_ver/v03/v0389	SES083	-4.43804	9.07849	13.5165
spk_ver/v03/v0390	SES189	2.06873	16.2425	14.1738
spk_ver/v03/v0391	SES083	-1.5623	13.808	15.3703
spk_ver/v03/v0392	SES083	-1.01414	15.297	16.3111
spk_ver/v03/v0393	SES083	-3.8112	11.445	15.2562
spk_ver/v03/v0394	SES083	-3.40573	10.7032	14.109
spk_ver/v03/v0395	SES083	-1.78971	14.3045	16.0942
spk_ver/v03/v0396	SES014	3.08335	20.6825	17.5992
spk_ver/v03/v0397	SES085	-0.537281	17.0144	17.5517
spk_ver/v03/v0398	SES085	-2.23031	14.2964	16.5267
spk_ver/v03/v0399	SES085	-2.84836	12.2737	15.122
spk_ver/v04/v0400	SES106	1.90478	17.2386	15.3338
spk_ver/v04/v0401	SES085	-4.6665	10.3308	14.9973
spk_ver/v04/v0402	SES085	-7.62068	4.26579	11.8865
spk_ver/v04/v0403	SES085	-0.568909	15.2581	15.827
spk_ver/v04/v0404	SES180	1.22221	16.4989	15.2767
spk_ver/v04/v0405	SES129	1.97542	17.4413	15.4659
spk_ver/v04/v0406	SES085	-5.6701	9.53485	15.2049
spk_ver/v04/v0407	SES146	0.12673	13.6815	13.5548
spk_ver/v04/v0408	SES085	-1.37618	14.5331	15.9093
spk_ver/v04/v0409	SES085	-3.73323	10.4916	14.2248
spk_ver/v04/v0410	SES085	-3.70674	12.7429	16.4496
spk_ver/v04/v0411	SES292	0.601064	15.3461	14.7451
spk_ver/v04/v0412	SES085	-1.51637	15.0405	16.5569
spk_ver/v04/v0413	SES125	1.8289	17.9457	16.1168
spk_ver/v04/v0414	SES085	-2.76396	11.5875	14.3514
spk_ver/v04/v0415	SES085	-2.38105	13.7036	16.0847
spk_ver/v04/v0416	SES085	-0.991182	14.2846	15.2757
spk_ver/v04/v0417	SES062	1.43302	18.6988	17.2658
spk_ver/v04/v0418	SES060	1.90057	17.3903	15.4898
spk_ver/v04/v0419	SES085	-1.21591	14.328	15.5439
spk_ver/v04/v0420	SES085	-6.02649	9.41971	15.4462
spk_ver/v04/v0421	SES085	-5.96262	6.84486	12.8075
spk_ver/v04/v0422	SES085	-1.68334	11.9092	13.5926
spk_ver/v04/v0423	SES085	-4.9468	9.43025	14.3771
spk_ver/v04/v0424	SES085	-4.96397	7.52791	12.4919
spk_ver/v04/v0425	SES183	0.158873	14.7067	14.5478
spk_ver/v04/v0426	SES085	-4.63525	9.71696	14.3522
spk_ver/v04/v0427	SES087	-3.60228	10.3889	13.9912
spk_ver/v04/v0428	SES162	0.965491	16.1848	15.2193
spk_ver/v04/v0429	SES087	-1.88878	13.4539	15.3427
spk_ver/v04/v0430	SES087	-5.33981	10.3283	15.6681
spk_ver/v04/v0431	SES087	-4.22028	9.68101	13.9013
spk_ver/v04/v0432	SES087	-4.59692	9.40802	14.0049
spk_ver/v04/v0433	SES087	-4.05948	12.2374	16.2969
spk_ver/v04/v0434	SES142	2.53285	16.6516	14.1187
spk_ver/v04/v0435	SES087	-4.75138	9.41415	14.1655
spk_ver/v04/v0436	SES099	1.52058	17.3453	15.8247
spk_ver/v04/v0437	SES087	-1.61887	14.5723	16.1912
spk_ver/v04/v0438	SES087	-4.77813	9.92747	14.7056
spk_ver/v04/v0439	SES087	-2.42393	13.8467	16.2707
spk_ver/v04/v0440	SES087	-3.44973	12.5087	15.9584
spk_ver/v04/v0441	SES087	-5.88012	8.94139	14.8215
spk_ver/v04/v0442	SES187	1.82834	16.2765	14.4481
spk_ver/v04/v0443	SES172	1.14299	16.9419	15.7989
spk_ver/v04/v0444	SES087	-2.57831	11.6413	14.2196
spk_ver/v04/v0445	SES087	-2.83523	12.4929	15.3281
spk_ver/v04/v0446	SES087	-1.03759	14.5145	15.5521
spk_ver/v04/v0447	SES087	-2.32564	13.8079	16.1335
spk_ver/v04/v0448	SES106	2.24787	15.4631	13.2152
spk_ver/v04/v0449	SES146	0.792798	14.9054	14.1126
spk_ver/v04/v0450	SES087	-5.23266	9.26736	14.5
spk_ver/v04/v0451	SES087	-2.59542	12.5649	15.1603
spk_ver/v04/v0452	SES007	1.42272	15.5801	14.1574
spk_ver/v04/v0453	SES087	-3.3247	10.7297	14.0544
spk_ver/v04/v0454	SES087	-6.28295	8.42055	14.7035
spk_ver/v04/v0455	SES180	0.680779	15.5419	14.8611
spk_ver/v04/v0456	SES099	-4.89704	10.0218	14.9189
spk_ver/v04/v0457	SES042	1.81693	17.7142	15.8973
spk_ver/v04/v0458	SES099	-1.2943	13.3732	14.6675
spk_ver/v04/v0459	SES099	-5.24187	10.1904	15.4322
spk_ver/v04/v0460	SES099	-5.14881	8.67609	13.8249
spk_ver/v04/v0461	SES099	-3.04508	13.166	16.2111
spk_ver/v04/v0462	SES082	2.3514	18.3024	15.951
spk_ver/v04/v0463	SES099	-0.772395	14.4183	15.1907
spk_ver/v04/v0464	SES099	0.0945091	15.4466	15.3521
spk_ver/v04/v0465	SES099	-5.65245	9.29638	14.9488
spk_ver/v04/v0466	SES099	-1.23024	13.883	15.1132
spk_ver/v04/v0467	SES099	-0.550549	13.8417	14.3923
spk_ver/v04/v0468	SES129	2.07583	17.598	15.5222
spk_ver/v04/v0469	SES101	0.481374	15.2312	14.7498
spk_ver/v04/v0470	SES099	-4.70676	9.33981	14.0466
spk_ver/v04/v0471	SES172	1.46402	16.6335	15.1695
spk_ver/v04/v0472	SES099	-0.650291	13.365	14.0153
spk_ver/v04/v0473	SES270	3.14949	17.3734	14.2239
spk_ver/v04/v0474	SES099	-4.88026	11.093	15.9733
spk_ver/v04/v0475	SES099	-3.02341	13.1578	16.1812
spk_ver/v04/v0476	SES099	-3.72502	8.83425	12.5593
spk_ver/v04/v0477	SES002	1.62766	17.6748	16.0471
spk_ver/v04/v0478	SES099	-0.727442	14.2961	15.0236
spk_ver/v04/v0479	SES007	-0.197607	14.1434	14.341
spk_ver/v04/v0480	SES101	-5.90281	10.0198	15.9226
spk_ver/v04/v0481	SES101	-2.88942	11.2417	14.1311
spk_ver/v04/v0482	SES175	0.333251	14.8102	14.4769
spk_ver/v04/v0483	SES101	-3.6467	10.7516	14.3983
spk_ver/v04/v0484	SES101	-5.77623	12.1317	17.9079
spk_ver/v04/v0485	SES101	-1.71305	12.7111	14.4241
spk_ver/v04/v0486	SES101	-1.99738	11.4711	13.4684
spk_ver/v04/v0487	SES101	-1.26202	14.3628	15.6248
spk_ver/v04/v0488	SES101	-6.81061	7.5842	14.3948
spk_ver/v04/v0489	SES147	1.34792	13.4562	12.1083
spk_ver/v04/v0490	SES085	-0.940372	13.5555	14.4959
spk_ver/v04/v0491	SES101	-2.86423	10.9306	13.7948
spk_ver/v04/v0492	SES101	-4.75558	7.94864	12.7042
spk_ver/v04/v0493	SES101	-2.64327	13.7213	16.3645
spk_ver/v04/v0494	SES101	-1.9731	12.6706	14.6437
spk_ver/v04/v0495	SES101	-1.63854	15.2196	16.8581
spk_ver/v04/v0496	SES101	-2.4563	13.2143	15.6706
spk_ver/v04/v0497	SES014	2.90978	20.4764	17.5666
spk_ver/v04/v0498	SES101	-3.653	11.3137	14.9667
spk_ver/v04/v0499	SES101	-3.20254	12.7655	15.968
spk_ver/v05/v0500	SES085	0.748577	17.6555	16.9069
spk_ver/v05/v0501	SES101	-5.84964	9.82061	15.6703
spk_ver/v05/v0502	SES275	0.930587	14.9282	13.9976
spk_ver/v05/v0503	SES117	0.831517	14.9599	14.1284
spk_ver/v05/v0504	SES101	-4.84661	10.1919	15.0385
spk_ver/v05/v0505	SES101	-3.08068	11.6417	14.7223
spk_ver/v05/v0506	SES101	-2.09789	12.495	14.5929
spk_ver/v05/v0507	SES048	1.46474	17.8516	16.3868
spk_ver/v05/v0508	SES117	0.264213	13.7159	13.4516
spk_ver/v05/v0509	SES202	2.28292	16.1274	13.8445
spk_ver/v05/v0510	SES104	-3.35593	9.71767	13.0736
spk_ver/v05/v0511	SES008	1.51256	15.2577	13.7451
spk_ver/v05/v0512	SES104	-1.7225	11.6178	13.3403
spk_ver/v05/v0513	SES104	-3.12745	12.8097	15.9371
spk_ver/v05/v0514	SES104	-5.0924	10.805	15.8974
spk_ver/v05/v0515	SES104	-6.72301	9.27492	15.9979
spk_ver/v05/v0516	SES104	-3.52423	8.38775	11.912
spk_ver/v05/v0517	SES060	0.957329	18.4854	17.528
spk_ver/v05/v0518	SES104	-5.6479	8.42636	14.0743
spk_ver/v05/v0519	SES104	-6.59866	6.89995	13.4986
spk_ver/v05/v0520	SES104	-1.27933	15.5342	16.8135
spk_ver/v05/v0521	SES008	1.02092	17.5582	16.5372
spk_ver/v05/v0522	SES068	1.07771	16.796	15.7183
spk_ver/v05/v0523	SES087	1.77199	17.7703	15.9983
spk_ver/v05/v0524	SES104	-1.92586	12.6615	14.5874
spk_ver/v05/v0525	SES104	-1.1399	13.8768	15.0167
spk_ver/v05/v0526	SES104	-2.20181	13.1698	15.3716
spk_ver/v05/v0527	SES083	0.747815	16.265	15.5172
spk_ver/v05/v0528	SES148	1.45948	15.4453	13.9859
spk_ver/v05/v0529	SES104	-4.00825	10.3378	14.346
spk_ver/v05/v0530	SES104	-6.19179	8.83149	15.0233
spk_ver/v05/v0531	SES125	1.48474	16.7389	15.2542
spk_ver/v05/v0532	SES104	-6.64559	7.86592	14.5115
spk_ver/v05/v0533	SES149	2.80087	19.6754	16.8745
spk_ver/v05/v0534	SES104	-4.61113	10.766	15.3771
spk_ver/v05/v0535	SES187	0.613917	14.7895	14.1756
spk_ver/v05/v0536	SES104	-2.78268	12.6648	15.4475
spk_ver/v05/v0537	SES104	-3.04494	11.0296	14.0745
spk_ver/v05/v0538	SES167	1.5542	16.8605	15.3063
spk_ver/v05/v0539	SES104	-2.41332	10.1119	12.5252
spk_ver/v05/v0540	SES104	-6.83704	10.8099	17.6469
spk_ver/v05/v0541	SES183	1.1373	14.5135	13.3762
spk_ver/v05/v0542	SES104	-2.20184	12.2386	14.4404
spk_ver/v05/v0543	SES104	-6.17147	9.68219	15.8537
spk_ver/v05/v0544	SES105	-4.34123	11.1659	15.5072
spk_ver/v05/v0545	SES105	-2.67276	11.8757	14.5484
spk_ver/v05/v0546	SES105	-3.8462	10.8827	14.7289
spk_ver/v05/v0547	SES105	-3.70271	10.2485	13.9512
spk_ver/v05/v0548	SES019	3.03206	16.7934	13.7613
spk_ver/v05/v0549	SES105	-2.50082	12.6246	15.1254
spk_ver/v05/v0550	SES105	-3.49198	10.2318	13.7238
spk_ver/v05/v0551	SES202	2.40821	14.6282	12.22
spk_ver/v05/v0552	SES105	-4.52033	10.705	15.2253
spk_ver/v05/v0553	SES105	-1.77001	13.7493	15.5193
spk_ver/v05/v0554	SES105	-2.29263	13.7297	16.0223
spk_ver/v05/v0555	SES105	-3.32792	10.5101	13.838
spk_ver/v05/v0556	SES082	0.64776	16.5466	15.8989
spk_ver/v05/v0557	SES105	-4.64359	11.2533	15.8969
spk_ver/v05/v0558	SES014	1.39935	17.6647	16.2653
spk_ver/v05/v0559	SES105	-2.517	12.9994	15.5164
spk_ver/v05/v0560	SES177	0.0666323	15.5569	15.4903
spk_ver/v05/v0561	SES189	3.23027	11.9137	8.68338
spk_ver/v05/v0562	SES105	-3.29329	10.0967	13.39
spk_ver/v05/v0563	SES099	1.51012	15.221	13.7109
spk_ver/v05/v0564	SES105	-2.446	13.5967	16.0427
spk_ver/v05/v0565	SES105	-3.66417	10.7887	14.4529
spk_ver/v05/v0566	SES105	-4.85518	9.74347	14.5986
spk_ver/v05/v0567	SES142	2.195	15.8254	13.6304
spk_ver/v05/v0568	SES048	0.602266	14.9446	14.3423
spk_ver/v05/v0569	SES105	-4.27859	11.6467	15.9253
spk_ver/v05/v0570	SES105	-1.86839	13.3858	15.2542
spk_ver/v05/v0571	SES105	-3.27345	11.1916	14.465
spk_ver/v05/v0572	SES105	-5.11058	8.16535	13.2759
spk_ver/v05/v0573	SES105	-5.15901	8.60423	13.7632
spk_ver/v05/v0574	SES105	-0.958486	14.1381	15.0966
spk_ver/v05/v0575	SES105	-0.832696	13.7594	14.5921
spk_ver/v05/v0576	SES106	-4.3448	9.52547	13.8703
spk_ver/v05/v0577	SES106	-5.64236	8.68074	14.3231
spk_ver/v05/v0578	SES106	-4.60072	11.1139	15.7146
spk_ver/v05/v0579	SES106	-5.12838	9.89951	15.0279
spk_ver/v05/v0580	SES106	-2.65637	13.8927	16.5491
spk_ver/v05/v0581	SES106	-7.65268	7.29137	14.9441
spk_ver/v05/v0582	SES106	-2.18824	11.3092	13.4974
spk_ver/v05/v0583	SES106	-2.21742	14.0117	16.2291
spk_ver/v05/v0584	SES106	-4.61439	8.90257	13.517
spk_ver/v05/v0585	SES106	-0.37545	11.6312	12.0067
spk_ver/v05/v0586	SES106	-4.55216	9.75457	14.3067
spk_ver/v05/v0587	SES106	-3.57057	9.79744	13.368
spk_ver/v05/v0588	SES106	-5.56702	10.2801	15.8472
spk_ver/v05/v0589	SES106	-5.78325	10.3908	16.174
spk_ver/v05/v0590	SES082	0.609477	15.188	14.5785
spk_ver/v05/v0591	SES180	0.94313	16.0614	15.1182
spk_ver/v05/v0592	SES106	-2.45487	11.9211	14.376
spk_ver/v05/v0593	SES106	-6.2628	7.78169	14.0445
spk_ver/v05/v0594	SES292	0.782777	16.3185	15.5357
spk_ver/v05/v0595	SES106	-1.43351	13.1585	14.592
spk_ver/v05/v0596	SES106	-5.66325	9.60903	15.2723
spk_ver/v05/v0597	SES106	-6.34948	8.40003	14.7495
spk_ver/v05/v0598	SES042	2.18838	17.9184	15.73
spk_ver/v05/v0599	SES106	-6.08411	7.94368	14.0278
spk_ver/v06/v0600	SES106	-0.848657	11.9974	12.846
spk_ver/v06/v0601	SES106	-2.27084	11.643	13.9138
spk_ver/v06/v0602	SES106	-3.93242	11.0463	14.9787
spk_ver/v06/v0603	SES106	-4.8172	9.61261	14.4298
spk_ver/v06/v0604	SES106	-4.48565	9.97615	14.4618
spk_ver/v06/v0605	SES106	-6.23981	7.87144	14.1113
spk_ver/v06/v0606	SES048	2.01461	17.7737	15.7591
spk_ver/v06/v0607	SES167	2.45438	18.6445	16.1901
spk_ver/v06/v0608	SES106	-4.64968	9.77383	14.4235
spk_ver/v06/v0609	SES143	1.67519	15.9523	14.2771
spk_ver/v06/v0610	SES106	-8.96273	4.56124	13.524
spk_ver/v06/v0611	SES106	-3.71101	10.955	14.666
spk_ver/v06/v0612	SES106	-6.12553	7.77119	13.8967
spk_ver/v06/v0613	SES117	-1.07687	14.4847	15.5616
spk_ver/v06/v0614	SES117	-4.13716	11.0538	15.1909
spk_ver/v06/v0615	SES117	-2.22161	12.3219	14.5435
spk_ver/v06/v0616	SES106	2.25138	18.7788	16.5274
spk_ver/v06/v0617	SES142	2.41246	14.6086	12.1962
spk_ver/v06/v0618	SES048	2.11721	17.8251	15.7079
spk_ver/v06/v0619	SES175	0.532772	14.9602	14.4275
spk_ver/v06/v0620	SES180	0.810587	16.8805	16.0699
spk_ver/v06/v0621	SES117	-1.17578	11.6447	12.8205
spk_ver/v06/v0622	SES029	0.875027	15.9971	15.1221
spk_ver/v06/v0623	SES117	-2.21093	13.0982	15.3092
spk_ver/v06/v0624	SES117	-4.01141	10.2485	14.2599
spk_ver/v06/v0625	SES117	-1.6044	11.693	13.2974
spk_ver/v06/v0626	SES106	1.68506	16.6721	14.987
spk_ver/v06/v0627	SES226	2.49314	18.0548	15.5616
spk_ver/v06/v0628	SES117	-1.27452	14.0888	15.3633
spk_ver/v06/v0629	SES117	-3.77818	13.0704	16.8486
spk_ver/v06/v0630	SES117	-4.26562	10.4884	14.754
spk_ver/v06/v0631	SES117	-4.15642	8.05777	12.2142
spk_ver/v06/v0632	SES117	-1.97172	14.0037	15.9754
spk_ver/v06/v0633	SES099	2.30167	17.1603	14.8586
spk_ver/v06/v0634	SES105	1.88691	15.9888	14.1019
spk_ver/v06/v0635	SES167	0.18382	16.1243	15.9405
spk_ver/v06/v0636	SES117	-1.19071	13.787	14.9777
spk_ver/v06/v0637	SES202	1.90125	15.3874	13.4862
spk_ver/v06/v0638	SES117	-3.3136	12.0384	15.352
spk_ver/v06/v0639	SES167	1.23905	15.1506	13.9116
spk_ver/v06/v0640	SES117	-2.13591	12.9777	15.1136
spk_ver/v06/v0641	SES117	-3.66831	11.2261	14.8944
spk_ver/v06/v0642	SES101	0.741443	16.5921	15.8506
spk_ver/v06/v0643	SES068	1.13081	17.1081	15.9772
spk_ver/v06/v0644	SES120	-3.5549	9.98936	13.5443
spk_ver/v06/v0645	SES120	-1.32325	12.6191	13.9423
spk_ver/v06/v0646	SES172	0.574594	15.4152	14.8406
spk_ver/v06/v0647	SES120	-3.32178	12.5459	15.8677
spk_ver/v06/v0648	SES120	-0.961991	15.0451	16.0071
spk_ver/v06/v0649	SES120	-2.74121	9.37386	12.1151
spk_ver/v06/v0650	SES087	1.71578	16.9963	15.2806
spk_ver/v06/v0651	SES120	-2.09361	12.5034	14.5971
spk_ver/v06/v0652	SES104	0.524308	13.973	13.4487
spk_ver/v06/v0653	SES129	1.53145	17.4892	15.9577
spk_ver/v06/v0654	SES120	-3.65995	10.4979	14.1578
spk_ver/v06/v0655	SES120	-1.53142	11.7483	13.2797
spk_ver/v06/v0656	SES120	-2.11114	13.2884	15.3996
spk_ver/v06/v0657	SES147	0.583876	13.7439	13.16
spk_ver/v06/v0658	SES120	-3.26112	11.4331	14.6942
spk_ver/v06/v0659	SES120	-2.62309	13.1337	15.7567
spk_ver/v06/v0660	SES120	-1.44593	13.9086	15.3545
spk_ver/v06/v0661	SES120	-2.34582	10.733	13.0788
spk_ver/v06/v0662	SES120	-1.82353	14.2704	16.0939
spk_ver/v06/v0663	SES120	-2.33938	10.9388	13.2782
spk_ver/v06/v0664	SES147	0.970212	15.6511	14.6809
spk_ver/v06/v0665	SES162	1.27799	16.0033	14.7253
spk_ver/v06/v0666	SES120	-1.91153	13.5945	15.506
spk_ver/v06/v0667	SES120	-1.38983	14.1869	15.5768
spk_ver/v06/v0668	SES120	1.0688	16.1214	15.0526
spk_ver/v06/v0669	SES142	1.83887	16.015	14.1761
spk_ver/v06/v0670	SES106	2.63029	18.1227	15.4924
spk_ver/v06/v0671	SES183	2.18892	15.4509	13.262
spk_ver/v06/v0672	SES120	-1.72213	11.8537	13.5758
spk_ver/v06/v0673	SES029	-0.377353	14.9657	15.343
spk_ver/v06/v0674	SES120	-1.23107	12.9404	14.1715
spk_ver/v06/v0675	SES008	2.07117	17.6053	15.5341
spk_ver/v06/v0676	SES125	-4.35115	8.27019	12.6213
spk_ver/v06/v0677	SES143	1.22589	14.831	13.6051
spk_ver/v06/v0678	SES125	-5.3499	8.08071	13.4306
spk_ver/v06/v0679	SES162	0.948264	15.4109	14.4626
spk_ver/v06/v0680	SES125	-3.42793	11.7837	15.2117
spk_ver/v06/v0681	SES125	-2.84502	11.8772	14.7222
spk_ver/v06/v0682	SES125	-5.52214	11.1407	16.6628
spk_ver/v06/v0683	SES226	1.29513	16.8066	15.5115
spk_ver/v06/v0684	SES125	-3.53845	10.2764	13.8149
spk_ver/v06/v0685	SES125	-5.80865	8.12797	13.9366
spk_ver/v06/v0686	SES120	1.0269	16.6626	15.6357
spk_ver/v06/v0687	SES125	-4.16055	8.54603	12.7066
spk_ver/v06/v0688	SES158	2.11144	16.129	14.0175
spk_ver/v06/v0689	SES125	-6.81415	8.03675	14.8509
spk_ver/v06/v0690	SES105	1.98927	16.0047	14.0155
spk_ver/v06/v0691	SES125	-1.68464	12.7299	14.4145
spk_ver/v06/v0692	SES125	-2.95677	12.3373	15.2941
spk_ver/v06/v0693	SES180	1.74988	16.7961	15.0462
spk_ver/v06/v0694	SES125	-7.19311	8.02365	15.2168
spk_ver/v06/v0695	SES125	-3.66885	12.063	15.7319
spk_ver/v06/v0696	SES125	-7.17312	9.6517	16.8248
spk_ver/v06/v0697	SES125	-6.30992	7.53684	13.8468
spk_ver/v06/v0698	SES083	0.350082	16.9968	16.6467
spk_ver/v06/v0699	SES125	-4.60377	10.5595	15.1632
spk_ver/v07/v0700	SES014	1.92443	19.1996	17.2752
spk_ver/v07/v0701	SES125	-5.08625	11.8849	16.9711
spk_ver/v07/v0702	SES127	-2.05472	13.7718	15.8266
spk_ver/v07/v0703	SES127	-1.42475	12.0678	13.4926
spk_ver/v07/v0704	SES206	1.92669	18.0708	16.1441
spk_ver/v07/v0705	SES127	-2.81612	12.0919	14.9081
spk_ver/v07/v0706	SES127	-2.04673	14.6431	16.6898
spk_ver/v07/v0707	SES127	-4.45696	10.9521	15.4091
spk_ver/v07/v0708	SES275	0.705754	16.0563	15.3506
spk_ver/v07/v0709	SES127	-2.67466	12.4531	15.1277
spk_ver/v07/v0710	SES105	0.950982	14.8824	13.9314
spk_ver/v07/v0711	SES127	-2.58983	10.9033	13.4932
spk_ver/v07/v0712	SES127	-2.84799	11.7244	14.5724
spk_ver/v07/v0713	SES127	-2.91481	10.496	13.4108
spk_ver/v07/v0714	SES019	3.98969	17.0977	13.108
spk_ver/v07/v0715	SES127	-4.05521	8.84832	12.9035
spk_ver/v07/v0716	SES148	1.04251	15.1916	14.149
spk_ver/v07/v0717	SES162	1.40642	16.7753	15.3689
spk_ver/v07/v0718	SES189	0.864439	14.6922	13.8278
spk_ver/v07/v0719	SES149	0.63236	17.3531	16.7207
spk_ver/v07/v0720	SES175	1.30792	16.321	15.0131
spk_ver/v07/v0721	SES127	-3.55138	11.4903	15.0416
spk_ver/v07/v0722	SES127	-1.37599	13.555	14.931
spk_ver/v07/v0723	SES127	-2.80336	12.5215	15.3249
spk_ver/v07/v0724	SES127	-2.60689	13.8099	16.4168
spk_ver/v07/v0725	SES127	-2.26672	12.0889	14.3556
spk_ver/v07/v0726	SES259	2.54566	18.1719	15.6263
spk_ver/v07/v0727	SES127	-1.80081	13.0499	14.8507
spk_ver/v07/v0728	SES127	-0.83911	15.7371	16.5762
spk_ver/v07/v0729	SES127	-4.70682	9.09092	13.7977
spk_ver/v07/v0730	SES127	-2.8059	10.8649	13.6708
spk_ver/v07/v0731	SES129	-2.50035	14.0886	16.5889
spk_ver/v07/v0732	SES129	-2.08594	12.3922	14.4781
spk_ver/v07/v0733	SES129	-4.5265	8.67347	13.2
spk_ver/v07/v0734	SES129	-7.28002	6.4358	13.7158
spk_ver/v07/v0735	SES183	0.632489	15.1839	14.5514
spk_ver/v07/v0736	SES129	-3.08505	11.1357	14.2207
spk_ver/v07/v0737	SES129	-2.56826	12.0211	14.5893
spk_ver/v07/v0738	SES129	-5.66126	8.59842	14.2597
spk_ver/v07/v0739	SES129	-3.73814	10.585	14.3231
spk_ver/v07/v0740	SES167	-0.563308	15.5616	16.1249
spk_ver/v07/v0741	SES129	-2.71432	11.1289	13.8432
spk_ver/v07/v0742	SES129	-4.02464	13.5164	17.5411
spk_ver/v07/v0743	SES129	-3.059	12.5018	15.5608
spk_ver/v07/v0744	SES129	-4.6358	8.56045	13.1962
spk_ver/v07/v0745	SES180	1.74662	17.0063	15.2597
spk_ver/v07/v0746	SES129	-2.6324	13.9148	16.5472
spk_ver/v07/v0747	SES292	-0.0614719	15.7603	15.8218
spk_ver/v07/v0748	SES202	1.44894	14.5829	13.1339
spk_ver/v07/v0749	SES270	0.787375	15.7087	14.9213
spk_ver/v07/v0750	SES129	-4.31629	12.97	17.2863
spk_ver/v07/v0751	SES129	-5.28239	11.1948	16.4772
spk_ver/v07/v0752	SES060	0.246267	15.4029	15.1566
spk_ver/v07/v0753	SES129	-3.42409	11.1801	14.6042
spk_ver/v07/v0754	SES129	-5.88655	6.46222	12.3488
spk_ver/v07/v0755	SES129	-4.74827	10.2984	15.0467
spk_ver/v07/v0756	SES175	0.808899	14.941	14.1321
spk_ver/v07/v0757	SES129	-4.06102	8.98729	13.0483
spk_ver/v07/v0758	SES129	-5.12969	7.82074	12.9504
spk_ver/v07/v0759	SES129	-4.75491	11.2828	16.0377
spk_ver/v07/v0760	SES129	-3.52533	12.4342	15.9596
spk_ver/v07/v0761	SES129	-4.09061	12.8956	16.9862
spk_ver/v07/v0762	SES172	0.823626	16.2728	15.4491
spk_ver/v07/v0763	SES129	-4.42768	8.46702	12.8947
spk_ver/v07/v0764	SES129	-3.50688	12.4705	15.9774
spk_ver/v07/v0765	SES175	0.700321	15.6743	14.9739
spk_ver/v07/v0766	SES129	-3.90135	12.6644	16.5658
spk_ver/v07/v0767	SES129	-3.37537	10.7669	14.1423
spk_ver/v07/v0768	SES042	2.00667	18.2695	16.2628
spk_ver/v07/v0769	SES099	1.31533	15.7832	14.4678
spk_ver/v07/v0770	SES142	-3.99787	10.1032	14.1011
spk_ver/v07/v0771	SES142	-2.53643	13.5249	16.0614
spk_ver/v07/v0772	SES101	1.33553	17.7506	16.4151
spk_ver/v07/v0773	SES142	-8.14395	5.15142	13.2954
spk_ver/v07/v0774	SES142	-5.18102	7.79191	12.9729
spk_ver/v07/v0775	SES142	-2.85783	12.3099	15.1678
spk_ver/v07/v0776	SES142	-4.18325	12.485	16.6683
spk_ver/v07/v0777	SES142	-5.46819	8.88072	14.3489
spk_ver/v07/v0778	SES142	-2.39289	11.014	13.4069
spk_ver/v07/v0779	SES142	-10.0044	5.01836	15.0228
spk_ver/v07/v0780	SES142	-5.12802	6.34432	11.4723
spk_ver/v07/v0781	SES142	-9.591	5.31964	14.9106
spk_ver/v07/v0782	SES101	0.907723	15.6295	14.7218
spk_ver/v07/v0783	SES142	-5.04892	9.14872	14.1976
spk_ver/v07/v0784	SES187	1.84484	16.2827	14.4379
spk_ver/v07/v0785	SES143	0.664871	12.9952	12.3304
spk_ver/v07/v0786	SES142	-4.98103	11.3845	16.3656
spk_ver/v07/v0787	SES144	0.597042	15.5887	14.9916
spk_ver/v07/v0788	SES275	0.972237	15.2051	14.2329
spk_ver/v07/v0789	SES142	-3.77555	11.2619	15.0374
spk_ver/v07/v0790	SES099	1.92369	17.9002	15.9765
spk_ver/v07/v0791	SES142	-6.76173	7.27256	14.0343
spk_ver/v07/v0792	SES142	-5.54961	12.5556	18.1052
spk_ver/v07/v0793	SES142	-7.18239	7.57949	14.7619
spk_ver/v07/v0794	SES014	1.598	18.2693	16.6713
spk_ver/v07/v0795	SES142	-7.18889	8.3257	15.5146
spk_ver/v07/v0796	SES142	-4.30951	11.6206	15.9301
spk_ver/v07/v0797	SES143	-0.960423	14.3892	15.3496
spk_ver/v07/v0798	SES206	1.3023	17.9813	16.679
spk_ver/v07/v0799	SES143	-3.4805	8.57359	12.0541
spk_ver/v08/v0800	SES143	-1.47949	12.5586	14.0381
spk_ver/v08/v0801	SES143	-1.79159	14.7357	16.5273
spk_ver/v08/v0802	SES143	-2.73664	10.2722	13.0088
spk_ver/v08/v0803	SES143	-2.4291	11.7501	14.1792
spk_ver/v08/v0804	SES143	-2.66559	9.84626	12.5118
spk_ver/v08/v0805	SES143	-3.10134	10.7205	13.8219
spk_ver/v08/v0806	SES143	-2.86549	10.3245	13.19
spk_ver/v08/v0807	SES177	-0.16657	14.3048	14.4714
spk_ver/v08/v0808	SES149	1.4159	17.7031	16.2872
spk_ver/v08/v0809	SES143	-4.60127	11.0102	15.6114
spk_ver/v08/v0810	SES158	1.49924	15.586	14.0868
spk_ver/v08/v0811	SES143	-2.52912	10.7255	13.2546
spk_ver/v08/v0812	SES062	1.83099	19.4817	17.6507
spk_ver/v08/v0813	SES259	2.51213	18.3743	15.8622
spk_ver/v08/v0814	SES143	-4.76854	11.5854	16.354
spk_ver/v08/v0815	SES143	-2.90572	11.596	14.5017
spk_ver/v08/v0816	SES143	-1.87344	13.6129	15.4864
spk_ver/v08/v0817	SES144	0.319531	15.7438	15.4243
spk_ver/v08/v0818	SES143	-2.15497	12.8702	15.0252
spk_ver/v08/v0819	SES143	-2.89284	12.4156	15.3084
spk_ver/v08/v0820	SES143	-1.8929	13.9944	15.8873
spk_ver/v08/v0821	SES143	-1.99614	13.0598	15.0559
spk_ver/v08/v0822	SES143	-4.0126	11.0154	15.028
spk_ver/v08/v0823	SES104	1.92443	17.8212	15.8968
spk_ver/v08/v0824	SES143	-4.26306	10.8761	15.1391
spk_ver/v08/v0825	SES143	-2.62581	11.8357	14.4615
spk_ver/v08/v0826	SES144	-4.51544	10.4818	14.9972
spk_ver/v08/v0827	SES144	-1.90391	13.308	15.2119
spk_ver/v08/v0828	SES144	-0.830357	15.2061	16.0365
spk_ver/v08/v0829	SES172	0.975737	15.7695	14.7938
spk_ver/v08/v0830	SES144	-0.481659	13.8739	14.3556
spk_ver/v08/v0831	SES183	1.29124	15.8061	14.5148
spk_ver/v08/v0832	SES144	-5.39901	8.60959	14.0086
spk_ver/v08/v0833	SES144	-4.72849	10.7005	15.429
spk_ver/v08/v0834	SES144	-1.202	13.1111	14.3131
spk_ver/v08/v0835	SES144	-2.98676	11.233	14.2198
spk_ver/v08/v0836	SES144	-2.13894	12.717	14.856
spk_ver/v08/v0837	SES144	-2.48565	14.2815	16.7672
spk_ver/v08/v0838	SES144	-3.34479	10.8176	14.1624
spk_ver/v08/v0839	SES085	0.360106	16.3844	16.0243
spk_ver/v08/v0840	SES144	-0.650814	14.175	14.8258
spk_ver/v08/v0841	SES144	-4.31287	7.72971	12.0426
spk_ver/v08/v0842	SES144	-4.31331	11.3298	15.6432
spk_ver/v08/v0843	SES144	-1.07488	14.4575	15.5323
spk_ver/v08/v0844	SES144	-2.90353	12.3323	15.2358
spk_ver/v08/v0845	SES144	-4.05897	13.4279	17.4869
spk_ver/v08/v0846	SES104	1.04312	16.3054	15.2623
spk_ver/v08/v0847	SES144	-4.39905	10.4359	14.835
spk_ver/v08/v0848	SES144	-3.11074	10.9287	14.0394
spk_ver/v08/v0849	SES144	-6.01204	9.26583	15.2779
spk_ver/v08/v0850	SES144	-3.94566	12.0133	15.959
spk_ver/v08/v0851	SES144	-2.2777	12.5562	14.8339
spk_ver/v08/v0852	SES144	-1.01517	15.1113	16.1265
spk_ver/v08/v0853	SES144	-4.69292	9.65458	14.3475
spk_ver/v08/v0854	SES144	-1.97051	13.5147	15.4852
spk_ver/v08/v0855	SES144	-0.0842991	16.371	16.4553
spk_ver/v08/v0856	SES082	-0.353131	12.5556	12.9087
spk_ver/v08/v0857	SES142	2.24978	16.7861	14.5363
spk_ver/v08/v0858	SES144	-0.973042	12.6236	13.5966
spk_ver/v08/v0859	SES144	-1.6196	12.9919	14.6115
spk_ver/v08/v0860	SES146	-4.80423	9.65876	14.463
spk_ver/v08/v0861	SES146	-4.20461	10.0614	14.266
spk_ver/v08/v0862	SES146	-5.27728	8.98865	14.2659
spk_ver/v08/v0863	SES146	-2.13991	11.1539	13.2938
spk_ver/v08/v0864	SES146	-3.66358	12.4869	16.1505
spk_ver/v08/v0865	SES008	2.21559	16.6582	14.4426
spk_ver/v08/v0866	SES142	1.54489	15.961	14.4161
spk_ver/v08/v0867	SES146	-4.10262	11.1309	15.2335
spk_ver/v08/v0868	SES082	2.09932	18.5859	16.4866
spk_ver/v08/v0869	SES146	-2.04942	13.2795	15.3289
spk_ver/v08/v0870	SES146	-4.3532	7.96379	12.317
spk_ver/v08/v0871	SES146	-4.95385	9.52027	14.4741
spk_ver/v08/v0872	SES146	-3.9917	8.23587	12.2276
spk_ver/v08/v0873	SES082	1.38099	18.2244	16.8434
spk_ver/v08/v0874	SES146	-3.85114	11.227	15.0782
spk_ver/v08/v0875	SES144	0.639573	14.8757	14.2361
spk_ver/v08/v0876	SES146	-2.44511	14.8557	17.3008
spk_ver/v08/v0877	SES146	-3.57583	10.6812	14.257
spk_ver/v08/v0878	SES146	-2.96922	11.9721	14.9414
spk_ver/v08/v0879	SES146	-2.54104	12.3901	14.9311
spk_ver/v08/v0880	SES146	-2.98891	10.8749	13.8638
spk_ver/v08/v0881	SES143	1.38286	14.6334	13.2505
spk_ver/v08/v0882	SES146	-1.51593	14.7779	16.2938
spk_ver/v08/v0883	SES147	-2.12713	13.7381	15.8652
spk_ver/v08/v0884	SES147	-0.969854	14.2089	15.1787
spk_ver/v08/v0885	SES016	1.35617	17.3678	16.0116
spk_ver/v08/v0886	SES147	-1.9091	12.6531	14.5622
spk_ver/v08/v0887	SES147	-2.61624	12.1733	14.7895
spk_ver/v08/v0888	SES147	-2.88546	10.5302	13.4157
spk_ver/v08/v0889	SES019	1.576	15.8284	14.2524
spk_ver/v08/v0890	SES147	-2.31718	11.6658	13.983
spk_ver/v08/v0891	SES147	-2.73295	12.739	15.472
spk_ver/v08/v0892	SES147	-1.62459	11.9727	13.5973
spk_ver/v08/v0893	SES270	2.63507	15.0873	12.4523
spk_ver/v08/v0894	SES029	0.328172	15.4175	15.0893
spk_ver/v08/v0895	SES147	-2.5718	11.0357	13.6075
spk_ver/v08/v0896	SES117	0.868031	14.1415	13.2735
spk_ver/v08/v0897	SES183	2.10946	13.7983	11.6888
spk_ver/v08/v0898	SES147	-5.16169	10.9282	16.0899
spk_ver/v08/v0899	SES147	-3.10596	9.93663	13.0426
spk_ver/v09/v0900	SES087	0.932121	16.2762	15.3441
spk_ver/v09/v0901	SES147	-6.2361	8.10481	14.3409
spk_ver/v09/v0902	SES147	-3.92087	10.2904	14.2112
spk_ver/v09/v0903	SES147	-1.67789	12.8241	14.502
spk_ver/v09/v0904	SES147	-3.08217	12.6062	15.6884
spk_ver/v09/v0905	SES143	0.837162	14.814	13.9768
spk_ver/v09/v0906	SES149	0.432825	17.2141	16.7813
spk_ver/v09/v0907	SES148	-1.51044	13.532	15.0424
spk_ver/v09/v0908	SES148	-1.02202	14.605	15.627
spk_ver/v09/v0909	SES106	2.91243	15.9753	13.0628
spk_ver/v09/v0910	SES148	-0.736979	12.4309	13.1678
spk_ver/v09/v0911	SES148	-3.10005	11.938	15.0381
spk_ver/v09/v0912	SES142	0.452064	15.559	15.1069
spk_ver/v09/v0913	SES148	-3.07741	10.3961	13.4735
spk_ver/v09/v0914	SES148	-3.8271	11.4079	15.235
spk_ver/v09/v0915	SES148	-2.99096	10.0941	13.0851
spk_ver/v09/v0916	SES148	-2.45332	10.9724	13.4257
spk_ver/v09/v0917	SES148	1.08438	15.7535	14.6692
spk_ver/v09/v0918	SES148	-1.12237	13.8655	14.9879
spk_ver/v09/v0919	SES270	1.93224	15.6915	13.7592
spk_ver/v09/v0920	SES148	-2.55216	13.043	15.5952
spk_ver/v09/v0921	SES148	-3.86679	11.4791	15.3459
spk_ver/v09/v0922	SES129	1.39104	17.6208	16.2297
spk_ver/v09/v0923	SES117	1.19529	16.3609	15.1656
spk_ver/v09/v0924	SES042	3.16847	19.1011	15.9327
spk_ver/v09/v0925	SES148	-4.86585	9.03824	13.9041
spk_ver/v09/v0926	SES148	-5.89758	7.07184	12.9694
spk_ver/v09/v0927	SES144	0.732712	15.9054	15.1727
spk_ver/v09/v0928	SES007	1.907	16.7708	14.8638
spk_ver/v09/v0929	SES148	-2.39112	14.8853	17.2764
spk_ver/v09/v0930	SES148	-1.49008	14.4005	15.8906
spk_ver/v09/v0931	SES148	-2.36196	11.5012	13.8631
spk_ver/v09/v0932	SES202	2.14457	17.2443	15.0998
spk_ver/v09/v0933	SES148	-0.515128	15.615	16.1301
spk_ver/v09/v0934	SES148	-3.77963	11.4698	15.2494
spk_ver/v09/v0935	SES060	1.32369	17.6278	16.3041
spk_ver/v09/v0936	SES060	1.6475	16.9081	15.2606
spk_ver/v09/v0937	SES148	-2.23914	13.764	16.0031
spk_ver/v09/v0938	SES148	-1.68315	14.5019	16.1851
spk_ver/v09/v0939	SES148	-3.69034	12.1962	15.8865
spk_ver/v09/v0940	SES148	-2.61681	13.0895	15.7063
spk_ver/v09/v0941	SES149	-3.45644	10.1569	13.6133
spk_ver/v09/v0942	SES149	-2.87037	13.4171	16.2875
spk_ver/v09/v0943	SES149	-1.48622	13.3549	14.8412
spk_ver/v09/v0944	SES149	-2.64119	11.2944	13.9356
spk_ver/v09/v0945	SES105	0.959548	15.8423	14.8827
spk_ver/v09/v0946	SES149	-3.86782	12.3271	16.195
spk_ver/v09/v0947	SES149	-2.47981	11.1042	13.584
spk_ver/v09/v0948	SES149	-4.27216	11.5317	15.8038
spk_ver/v09/v0949	SES149	-1.87162	15.0367	16.9083
spk_ver/v09/v0950	SES226	1.05416	17.4153	16.3612
spk_ver/v09/v0951	SES149	-2.5851	11.1001	13.6851
spk_ver/v09/v0952	SES149	-4.09111	9.15954	13.2506
spk_ver/v09/v0953	SES062	1.72803	17.8353	16.1073
spk_ver/v09/v0954	SES149	-3.19716	11.4438	14.641
spk_ver/v09/v0955	SES048	0.19792	16.4031	16.2052
spk_ver/v09/v0956	SES158	-2.5785	13.3081	15.8866
spk_ver/v09/v0957	SES158	-6.04663	8.39146	14.4381
spk_ver/v09/v0958	SES158	-1.573	14.9018	16.4748
spk_ver/v09/v0959	SES158	-2.84758	11.643	14.4906
spk_ver/v09/v0960	SES158	-4.35428	9.43057	13.7849
spk_ver/v09/v0961	SES147	1.5443	15.3844	13.8401
spk_ver/v09/v0962	SES158	-7.19948	7.22127	14.4207
spk_ver/v09/v0963	SES292	0.630927	16.4133	15.7824
spk_ver/v09/v0964	SES060	1.549	18.1284	16.5794
spk_ver/v09/v0965	SES002	1.40173	16.4755	15.0737
spk_ver/v09/v0966	SES149	1.71597	18.6303	16.9143
spk_ver/v09/v0967	SES158	-6.42832	8.35314	14.7815
spk_ver/v09/v0968	SES158	-3.6851	9.73905	13.4242
spk_ver/v09/v0969	SES275	-0.132134	13.6283	13.7604
spk_ver/v09/v0970	SES158	-5.34872	10.6829	16.0317
spk_ver/v09/v0971	SES158	-3.85086	10.8911	14.742
spk_ver/v09/v0972	SES002	1.17109	17.1019	15.9308
spk_ver/v09/v0973	SES158	-5.38944	9.83143	15.2209
spk_ver/v09/v0974	SES202	1.42581	15.7442	14.3184
spk_ver/v09/v0975	SES158	-6.64388	7.06095	13.7048
spk_ver/v09/v0976	SES158	-0.859731	15.0826	15.9423
spk_ver/v09/v0977	SES162	-2.25131	13.4797	15.731
spk_ver/v09/v0978	SES162	-5.80978	7.27579	13.0856
spk_ver/v09/v0979	SES162	-6.46352	8.59051	15.054
spk_ver/v09/v0980	SES162	-1.77369	12.0186	13.7923
spk_ver/v09/v0981	SES162	-3.17866	9.23273	12.4114
spk_ver/v09/v0982	SES259	2.82866	18.3672	15.5385
spk_ver/v09/v0983	SES162	-4.36294	6.50207	10.865
spk_ver/v09/v0984	SES162	-1.82304	14.7374	16.5605
spk_ver/v09/v0985	SES162	-1.40143	13.6598	15.0612
spk_ver/v09/v0986	SES062	1.41766	18.3506	16.9329
spk_ver/v09/v0987	SES162	-1.18703	13.674	14.8611
spk_ver/v09/v0988	SES162	-4.69992	10.5413	15.2412
spk_ver/v09/v0989	SES162	-5.5692	6.8906	12.4598
spk_ver/v09/v0990	SES162	-4.71629	11.5067	16.223
spk_ver/v09/v0991	SES087	1.42335	16.7784	15.3551
spk_ver/v09/v0992	SES120	0.213643	14.0701	13.8565
spk_ver/v09/v0993	SES162	-4.93971	10.9249	15.8646
spk_ver/v09/v0994	SES162	-2.38527	13.3626	15.7478
spk_ver/v09/v0995	SES162	-5.47756	11.4967	16.9743
spk_ver/v09/v0996	SES162	-3.00355	14.5925	17.5961
spk_ver/v09/v0997	SES162	-5.45144	9.5428	14.9942
spk_ver/v09/v0998	SES162	-3.29416	9.80163	13.0958
spk_ver/v09/v0999	SES162	-2.61606	15.4558	18.0718
spk_ver/v10/v1000	SES162	-6.19744	9.04403	15.2415
spk_ver/v10/v1001	SES148	1.59466	14.9572	13.3625
spk_ver/v10/v1002	SES162	-1.67579	12.029	13.7048
spk_ver/v10/v1003	SES162	-2.28045	14.0477	16.3282
spk_ver/v10/v1004	SES162	-2.31792	11.3125	13.6304
spk_ver/v10/v1005	SES162	-5.33411	8.83714	14.1712
spk_ver/v10/v1006	SES162	-4.84331	10.3989	15.2422
spk_ver/v10/v1007	SES162	-2.02044	11.9293	13.9497
spk_ver/v10/v1008	SES162	-6.34076	6.25791	12.5987
spk_ver/v10/v1009	SES162	-6.7283	8.62348	15.3518
spk_ver/v10/v1010	SES167	-2.4918	10.3876	12.8794
spk_ver/v10/v1011	SES167	-0.770619	13.4755	14.2461
spk_ver/v10/v1012	SES167	-2.35567	10.8294	13.185
spk_ver/v10/v1013	SES167	-5.59549	8.98234	14.5778
spk_ver/v10/v1014	SES167	-0.966932	15.1736	16.1406
spk_ver/v10/v1015	SES167	-1.89494	13.4077	15.3027
spk_ver/v10/v1016	SES167	-2.54484	13.7097	16.2546
spk_ver/v10/v1017	SES167	-2.06965	12.9062	14.9758
spk_ver/v10/v1018	SES167	-2.80515	12.5143	15.3195
spk_ver/v10/v1019	SES167	-2.93818	11.6117	14.5499
spk_ver/v10/v1020	SES167	-6.88906	6.57014	13.4592
spk_ver/v10/v1021	SES167	-1.97424	10.8965	12.8707
spk_ver/v10/v1022	SES167	-5.17626	9.31324	14.4895
spk_ver/v10/v1023	SES167	-2.76991	11.1882	13.9581
spk_ver/v10/v1024	SES167	-5.29343	7.79705	13.0905
spk_ver/v10/v1025	SES167	-1.59204	14.3957	15.9877
spk_ver/v10/v1026	SES167	-3.44256	11.6802	15.1228
spk_ver/v10/v1027	SES167	-2.09521	14.3263	16.4216
spk_ver/v10/v1028	SES167	-5.78328	8.29932	14.0826
spk_ver/v10/v1029	SES167	-4.85366	9.6889	14.5426
spk_ver/v10/v1030	SES167	-3.14028	12.2858	15.4261
spk_ver/v10/v1031	SES167	-5.10505	9.17852	14.2836
spk_ver/v10/v1032	SES167	-4.8294	12.086	16.9154
spk_ver/v10/v1033	SES167	-5.7266	11.2886	17.0152
spk_ver/v10/v1034	SES002	0.997406	17.5993	16.6019
spk_ver/v10/v1035	SES167	-1.38505	14.8143	16.1994
spk_ver/v10/v1036	SES083	0.79953	17.1242	16.3247
spk_ver/v10/v1037	SES167	-3.43979	10.7854	14.2251
spk_ver/v10/v1038	SES167	-2.87025	10.9877	13.8579
spk_ver/v10/v1039	SES167	-2.69656	12.1142	14.8108
spk_ver/v10/v1040	SES167	-5.81056	7.37772	13.1883
spk_ver/v10/v1041	SES167	-0.896135	13.4434	14.3395
spk_ver/v10/v1042	SES087	1.27278	16.0178	14.745
spk_ver/v10/v1043	SES029	1.65265	17.0401	15.3875
spk_ver/v10/v1044	SES206	0.750954	17.3934	16.6425
spk_ver/v10/v1045	SES172	-2.34226	11.9117	14.254
spk_ver/v10/v1046	SES172	1.01077	16.8305	15.8198
spk_ver/v10/v1047	SES172	-1.19402	14.1605	15.3546
spk_ver/v10/v1048	SES259	3.42189	19.1856	15.7637
spk_ver/v10/v1049	SES172	-4.45182	11.4736	15.9255
spk_ver/v10/v1050	SES120	1.11095	15.1921	14.0812
spk_ver/v10/v1051	SES172	-2.66389	13.0668	15.7307
spk_ver/v10/v1052	SES172	-1.91001	13.1236	15.0336
spk_ver/v10/v1053	SES172	-3.46613	12.0316	15.4977
spk_ver/v10/v1054	SES172	-2.71357	11.922	14.6355
spk_ver/v10/v1055	SES189	1.73186	14.2456	12.5137
spk_ver/v10/v1056	SES172	-3.49212	11.1862	14.6783
spk_ver/v10/v1057	SES172	-2.14545	12.4633	14.6087
spk_ver/v10/v1058	SES172	-1.11122	14.3543	15.4655
spk_ver/v10/v1059	SES172	-3.27602	12.363	15.639
spk_ver/v10/v1060	SES029	0.489143	17.1299	16.6408
spk_ver/v10/v1061	SES175	-6.74545	8.04093	14.7864
spk_ver/v10/v1062	SES187	0.546446	17.0744	16.5279
spk_ver/v10/v1063	SES019	3.03793	16.3114	13.2735
spk_ver/v10/v1064	SES175	-4.112	10.9592	15.0712
spk_ver/v10/v1065	SES175	-5.17451	9.94828	15.1228
spk_ver/v10/v1066	SES175	-6.83402	5.43597	12.27
spk_ver/v10/v1067	SES175	-2.58562	11.6911	14.2768
spk_ver/v10/v1068	SES175	-3.34156	9.89733	13.2389
spk_ver/v10/v1069	SES016	2.43813	18.4889	16.0508
spk_ver/v10/v1070	SES175	-2.59076	12.4055	14.9963
spk_ver/v10/v1071	SES175	-2.30124	14.2407	16.542
spk_ver/v10/v1072	SES175	-4.67826	10.0804	14.7586
spk_ver/v10/v1073	SES029	0.367169	16.028	15.6608
spk_ver/v10/v1074	SES175	-2.88564	12.3909	15.2765
spk_ver/v10/v1075	SES175	-1.11269	15.2257	16.3384
spk_ver/v10/v1076	SES175	-0.972164	16.1349	17.1071
spk_ver/v10/v1077	SES175	-2.98892	13.66	16.6489
spk_ver/v10/v1078	SES127	0.952408	17.979	17.0266
spk_ver/v10/v1079	SES175	-3.69381	13.2801	16.9739
spk_ver/v10/v1080	SES175	-3.1506	10.2528	13.4035
spk_ver/v10/v1081	SES175	-4.61284	9.91012	14.523
spk_ver/v10/v1082	SES175	-3.35095	13.0617	16.4126
spk_ver/v10/v1083	SES007	1.34841	15.1277	13.7792
spk_ver/v10/v1084	SES068	0.771072	17.6599	16.8888
spk_ver/v10/v1085	SES008	0.991371	17.9022	16.9108
spk_ver/v10/v1086	SES175	-1.73854	14.3628	16.1014
spk_ver/v10/v1087	SES175	-3.06583	12.4313	15.4972
spk_ver/v10/v1088	SES008	1.83516	17.514	15.6788
spk_ver/v10/v1089	SES177	-2.86266	13.959	16.8217
spk_ver/v10/v1090	SES177	-4.80969	10.2334	15.0431
spk_ver/v10/v1091	SES177	-4.33114	9.47448	13.8056
spk_ver/v10/v1092	SES177	-1.19348	13.1709	14.3643
spk_ver/v10/v1093	SES177	-4.67545	10.4271	15.1025
spk_ver/v10/v1094	SES002	1.20877	17.4814	16.2726
spk_ver/v10/v1095	SES104	1.74939	17.5583	15.8089
spk_ver/v10/v1096	SES177	-1.82607	13.5084	15.3344
spk_ver/v10/v1097	SES177	-2.87976	9.468	12.3478
spk_ver/v10/v1098	SES177	-2.65068	13.7689	16.4195
spk_ver/v10/v1099	SES177	-1.15206	13.8853	15.0374
spk_ver/v11/v1100	SES177	-3.74042	10.3226	14.0631
spk_ver/v11/v1101	SES085	0.556471	16.8553	16.2988
spk_ver/v11/v1102	SES187	1.26744	16.8204	15.5529
spk_ver/v11/v1103	SES177	-1.40798	13.0865	14.4944
spk_ver/v11/v1104	SES177	0.813343	16.8993	16.086
spk_ver/v11/v1105	SES177	-1.21512	14.0245	15.2396
spk_ver/v11/v1106	SES177	-3.16167	12.1061	15.2677
spk_ver/v11/v1107	SES177	-1.31247	14.399	15.7114
spk_ver/v11/v1108	SES177	-0.607203	15.463	16.0702
spk_ver/v11/v1109	SES125	1.34849	16.4738	15.1253
spk_ver/v11/v1110	SES177	-3.73978	11.7009	15.4406
spk_ver/v11/v1111	SES177	-1.73449	14.4979	16.2324
spk_ver/v11/v1112	SES177	-3.69132	11.5374	15.2287
spk_ver/v11/v1113	SES177	-5.36533	10.4161	15.7814
spk_ver/v11/v1114	SES177	-1.5696	12.7574	14.327
spk_ver/v11/v1115	SES177	-2.61447	10.2648	12.8792
spk_ver/v11/v1116	SES085	0.846714	18.3458	17.4991
spk_ver/v11/v1117	SES147	1.00464	15.3183	14.3137
spk_ver/v11/v1118	SES177	-1.63398	12.3477	13.9817
spk_ver/v11/v1119	SES177	-3.8702	10.1902	14.0604
spk_ver/v11/v1120	SES180	-6.59503	8.40318	14.9982
spk_ver/v11/v1121	SES189	0.456373	14.2117	13.7553
spk_ver/v11/v1122	SES117	0.963177	13.2476	12.2844
spk_ver/v11/v1123	SES129	2.18422	17.9906	15.8064
spk_ver/v11/v1124	SES180	-1.80879	13.7487	15.5575
spk_ver/v11/v1125	SES180	-1.16883	14.9394	16.1082
spk_ver/v11/v1126	SES180	-1.64215	14.5607	16.2028
spk_ver/v11/v1127	SES180	-3.35973	11.7654	15.1251
spk_ver/v11/v1128	SES016	1.30709	15.7378	14.4307
spk_ver/v11/v1129	SES158	0.702518	15.4585	14.7559
spk_ver/v11/v1130	SES180	-2.74741	12.2137	14.9611
spk_ver/v11/v1131	SES180	-4.16302	13.9467	18.1097
spk_ver/v11/v1132	SES180	-2.05365	12.6953	14.7489
spk_ver/v11/v1133	SES180	-4.28124	12.1237	16.405
spk_ver/v11/v1134	SES180	-2.45555	11.3334	13.789
spk_ver/v11/v1135	SES180	-2.52293	13.418	15.9409
spk_ver/v11/v1136	SES180	-5.40886	6.21312	11.622
spk_ver/v11/v1137	SES148	0.54239	15.6709	15.1285
spk_ver/v11/v1138	SES104	1.83708	20.0293	18.1922
spk_ver/v11/v1139	SES180	-4.65612	8.15081	12.8069
spk_ver/v11/v1140	SES083	0.81809	16.0888	15.2707
spk_ver/v11/v1141	SES180	-4.66027	10.1385	14.7987
spk_ver/v11/v1142	SES180	-3.48536	10.7701	14.2555
spk_ver/v11/v1143	SES180	-2.87494	11.1126	13.9876
spk_ver/v11/v1144	SES099	1.72078	16.0574	14.3366
spk_ver/v11/v1145	SES180	-2.1018	13.1869	15.2887
spk_ver/v11/v1146	SES183	-3.8886	11.8481	15.7367
spk_ver/v11/v1147	SES183	-1.80142	14.3515	16.1529
spk_ver/v11/v1148	SES183	-5.4206	8.07893	13.4995
spk_ver/v11/v1149	SES183	-7.65399	8.80322	16.4572
spk_ver/v11/v1150	SES183	-7.12542	7.78179	14.9072
spk_ver/v11/v1151	SES082	1.0669	16.0821	15.0152
spk_ver/v11/v1152	SES183	-2.74429	10.2357	12.98
spk_ver/v11/v1153	SES183	-1.48947	12.7927	14.2822
spk_ver/v11/v1154	SES002	1.3864	18.3892	17.0028
spk_ver/v11/v1155	SES183	-2.79527	11.8152	14.6105
spk_ver/v11/v1156	SES183	-5.30223	8.23793	13.5402
spk_ver/v11/v1157	SES183	-4.03718	12.2872	16.3243
spk_ver/v11/v1158	SES183	-1.20911	14.3373	15.5464
spk_ver/v11/v1159	SES183	-2.04541	13.2218	15.2672
spk_ver/v11/v1160	SES183	-6.29896	7.69925	13.9982
spk_ver/v11/v1161	SES183	-3.86881	7.76446	11.6333
spk_ver/v11/v1162	SES105	1.62992	16.2204	14.5905
spk_ver/v11/v1163	SES183	-4.83152	10.6178	15.4493
spk_ver/v11/v1164	SES259	2.86952	17.6774	14.8079
spk_ver/v11/v1165	SES183	-2.46508	12.309	14.774
spk_ver/v11/v1166	SES183	-6.46616	8.86952	15.3357
spk_ver/v11/v1167	SES183	-1.98152	11.657	13.6386
spk_ver/v11/v1168	SES183	-2.58212	13.7716	16.3538
spk_ver/v11/v1169	SES183	-6.38742	9.50535	15.8928
spk_ver/v11/v1170	SES183	-3.95471	12.335	16.2897
spk_ver/v11/v1171	SES183	-8.67841	4.92463	13.603
spk_ver/v11/v1172	SES187	-3.325	11.3106	14.6356
spk_ver/v11/v1173	SES019	3.55633	15.9208	12.3645
spk_ver/v11/v1174	SES187	-3.77989	8.86546	12.6453
spk_ver/v11/v1175	SES187	-3.15272	10.3711	13.5238
spk_ver/v11/v1176	SES083	0.691526	17.5144	16.8229
spk_ver/v11/v1177	SES187	-5.99817	7.77329	13.7715
spk_ver/v11/v1178	SES187	-4.94896	9.28576	14.2347
spk_ver/v11/v1179	SES187	-2.13501	12.3251	14.4601
spk_ver/v11/v1180	SES187	-1.48975	12.5264	14.0161
spk_ver/v11/v1181	SES187	-5.8011	11.1172	16.9183
spk_ver/v11/v1182	SES187	-1.76312	14.7481	16.5112
spk_ver/v11/v1183	SES187	-2.79964	10.3283	13.128
spk_ver/v11/v1184	SES187	-0.32332	14.4312	14.7545
spk_ver/v11/v1185	SES127	1.57632	17.5617	15.9853
spk_ver/v11/v1186	SES187	-1.59358	13.4085	15.0021
spk_ver/v11/v1187	SES187	-2.01509	14.3803	16.3954
spk_ver/v11/v1188	SES187	-1.8209	12.0042	13.8251
spk_ver/v11/v1189	SES042	1.7894	18.1523	16.3629
spk_ver/v11/v1190	SES187	-1.94775	12.6873	14.635
spk_ver/v11/v1191	SES187	-4.65973	8.50079	13.1605
spk_ver/v11/v1192	SES187	-4.36795	8.9191	13.2871
spk_ver/v11/v1193	SES183	1.17635	15.5364	14.3601
spk_ver/v11/v1194	SES187	-2.86547	10.9748	13.8402
spk_ver/v11/v1195	SES187	-3.62551	10.7963	14.4218
spk_ver/v11/v1196	SES146	1.57638	14.4741	12.8977
spk_ver/v11/v1197	SES189	-5.08941	11.2172	16.3066
spk_ver/v11/v1198	SES175	1.61858	16.4057	14.7871
spk_ver/v11/v1199	SES189	-4.59513	8.74785	13.343
spk_ver/v12/v1200	SES189	-2.34256	15.1549	17.4974
spk_ver/v12/v1201	SES177	1.28639	17.2123	15.9259
spk_ver/v12/v1202	SES189	-2.40527	11.6123	14.0175
spk_ver/v12/v1203	SES143	0.573445	14.982	14.4085
spk_ver/v12/v1204	SES189	-2.77525	12.6159	15.3911
spk_ver/v12/v1205	SES189	-2.13444	14.6702	16.8046
spk_ver/v12/v1206	SES189	-4.70066	8.01597	12.7166
spk_ver/v12/v1207	SES189	-3.89792	10.8649	14.7628
spk_ver/v12/v1208	SES189	-3.86816	14.1147	17.9828
spk_ver/v12/v1209	SES189	-5.74189	7.58654	13.3284
spk_ver/v12/v1210	SES189	-1.43055	13.1596	14.5901
spk_ver/v12/v1211	SES062	1.98576	18.3753	16.3895
spk_ver/v12/v1212	SES189	-2.99611	12.3059	15.302
spk_ver/v12/v1213	SES048	1.74938	17.6436	15.8942
spk_ver/v12/v1214	SES042	3.60905	19.9752	16.3662
spk_ver/v12/v1215	SES008	1.99274	17.7384	15.7456
spk_ver/v12/v1216	SES202	-5.83541	11.3811	17.2165
spk_ver/v12/v1217	SES202	-3.83239	9.92421	13.7566
spk_ver/v12/v1218	SES085	0.959448	18.3838	17.4243
spk_ver/v12/v1219	SES202	-2.78975	13.1733	15.9631
spk_ver/v12/v1220	SES202	-1.8163	14.3386	16.1549
spk_ver/v12/v1221	SES202	-1.82823	12.5516	14.3799
spk_ver/v12/v1222	SES202	-7.31922	6.94125	14.2605
spk_ver/v12/v1223	SES158	0.802966	15.8369	15.034
spk_ver/v12/v1224	SES202	-2.19564	11.6861	13.8818
spk_ver/v12/v1225	SES202	-3.63836	11.4093	15.0476
spk_ver/v12/v1226	SES202	-4.2807	11.9799	16.2606
spk_ver/v12/v1227	SES202	-3.23452	11.8681	15.1026
spk_ver/v12/v1228	SES177	0.554156	15.8182	15.264
spk_ver/v12/v1229	SES202	-4.39369	11.6308	16.0245
spk_ver/v12/v1230	SES202	-3.21001	11.7704	14.9804
spk_ver/v12/v1231	SES202	-4.07353	11.5521	15.6256
spk_ver/v12/v1232	SES202	-3.20236	9.92124	13.1236
spk_ver/v12/v1233	SES206	1.38061	18.1408	16.7602
spk_ver/v12/v1234	SES202	-5.86954	7.45081	13.3203
spk_ver/v12/v1235	SES202	-2.86898	13.1379	16.0069
spk_ver/v12/v1236	SES125	2.27863	16.6166	14.338
spk_ver/v12/v1237	SES127	1.1646	16.5056	15.341
spk_ver/v12/v1238	SES202	2.8386	16.9338	14.0953
spk_ver/v12/v1239	SES167	1.78549	17.727	15.9416
spk_ver/v12/v1240	SES206	-4.69401	9.61351	14.3075
spk_ver/v12/v1241	SES206	-5.69508	8.99056	14.6856
spk_ver/v12/v1242	SES206	-1.00499	15.2357	16.2407
spk_ver/v12/v1243	SES206	-3.52297	11.3233	14.8463
spk_ver/v12/v1244	SES259	2.5331	17.1812	14.6481
spk_ver/v12/v1245	SES206	-3.77176	12.0626	15.8343
spk_ver/v12/v1246	SES206	-3.56822	12.6606	16.2288
spk_ver/v12/v1247	SES206	-1.6485	13.6162	15.2647
spk_ver/v12/v1248	SES206	-6.23938	7.12368	13.3631
spk_ver/v12/v1249	SES270	2.84245	15.8547	13.0123
spk_ver/v12/v1250	SES206	-4.34797	9.82748	14.1755
spk_ver/v12/v1251	SES206	-3.16932	13.1818	16.3511
spk_ver/v12/v1252	SES206	-2.42722	12.6525	15.0797
spk_ver/v12/v1253	SES206	-1.56349	13.6223	15.1858
spk_ver/v12/v1254	SES206	-1.90832	11.864	13.7723
spk_ver/v12/v1255	SES125	1.68658	17.067	15.3805
spk_ver/v12/v1256	SES206	-6.77534	9.17176	15.9471
spk_ver/v12/v1257	SES206	-5.34995	10.5047	15.8546
spk_ver/v12/v1258	SES206	-2.54611	12.4868	15.0329
spk_ver/v12/v1259	SES206	-5.72665	9.37277	15.0994
spk_ver/v12/v1260	SES206	-5.8372	8.49434	14.3315
spk_ver/v12/v1261	SES206	-5.9532	9.87045	15.8236
spk_ver/v12/v1262	SES206	-6.6602	8.52391	15.1841
spk_ver/v12/v1263	SES206	-3.91473	11.8245	15.7392
spk_ver/v12/v1264	SES149	1.38022	17.6152	16.2349
spk_ver/v12/v1265	SES206	-1.19895	11.3983	12.5973
spk_ver/v12/v1266	SES206	-5.20349	9.67596	14.8794
spk_ver/v12/v1267	SES206	-1.65655	9.71209	11.3686
spk_ver/v12/v1268	SES206	-3.57479	10.2122	13.787
spk_ver/v12/v1269	SES206	-6.75283	6.9622	13.715
spk_ver/v12/v1270	SES206	-8.17344	3.70653	11.88
spk_ver/v12/v1271	SES226	-4.75604	8.51527	13.2713
spk_ver/v12/v1272	SES226	-1.28996	15.923	17.2129
spk_ver/v12/v1273	SES226	-5.1964	11.3044	16.5008
spk_ver/v12/v1274	SES226	-4.89324	9.5262	14.4194
spk_ver/v12/v1275	SES226	-1.00175	12.015	13.0168
spk_ver/v12/v1276	SES226	-5.34947	9.18213	14.5316
spk_ver/v12/v1277	SES226	-1.29613	14.87	16.1661
spk_ver/v12/v1278	SES226	-1.00098	13.3277	14.3286
spk_ver/v12/v1279	SES226	-5.07928	11.4825	16.5618
spk_ver/v12/v1280	SES226	-3.54826	12.1319	15.6801
spk_ver/v12/v1281	SES226	-1.72102	13.1921	14.9132
spk_ver/v12/v1282	SES226	-2.50783	11.8854	14.3932
spk_ver/v12/v1283	SES143	1.70895	16.0899	14.381
spk_ver/v12/v1284	SES226	-4.76367	12.1668	16.9305
spk_ver/v12/v1285	SES226	-2.31039	13.3638	15.6742
spk_ver/v12/v1286	SES226	-2.18064	11.2069	13.3876
spk_ver/v12/v1287	SES226	-2.99258	12.4183	15.4108
spk_ver/v12/v1288	SES226	-5.39468	10.1061	15.5008
spk_ver/v12/v1289	SES104	1.76725	16.8535	15.0863
spk_ver/v12/v1290	SES008	3.2935	17.1673	13.8738
spk_ver/v12/v1291	SES226	-1.71347	13.3553	15.0687
spk_ver/v12/v1292	SES259	-4.88859	9.62619	14.5148
spk_ver/v12/v1293	SES062	1.37154	17.7779	16.4063
spk_ver/v12/v1294	SES099	1.36822	14.9641	13.5959
spk_ver/v12/v1295	SES158	0.873965	14.2645	13.3905
spk_ver/v12/v1296	SES259	-4.34455	12.3492	16.6937
spk_ver/v12/v1297	SES259	-5.48418	9.61024	15.0944
spk_ver/v12/v1298	SES259	-4.14016	11.4978	15.6379
spk_ver/v12/v1299	SES259	-5.00873	9.49155	14.5003
spk_ver/v13/v1300	SES120	1.18617	14.8464	13.6603
spk_ver/v13/v1301	SES259	-6.96588	8.08134	15.0472
spk_ver/v13/v1302	SES259	-6.1948	7.8602	14.055
spk_ver/v13/v1303	SES129	1.61731	16.9486	15.3313
spk_ver/v13/v1304	SES259	-3.17224	10.8868	14.0591
spk_ver/v13/v1305	SES259	-6.41981	7.65425	14.0741
spk_ver/v13/v1306	SES106	1.10515	16.1439	15.0387
spk_ver/v13/v1307	SES259	-4.80237	10.0985	14.9009
spk_ver/v13/v1308	SES259	-3.28381	11.6962	14.98
spk_ver/v13/v1309	SES259	-5.02456	10.7345	15.759
spk_ver/v13/v1310	SES259	-5.13144	11.4192	16.5506
spk_ver/v13/v1311	SES259	-3.98108	11.6228	15.6039
spk_ver/v13/v1312	SES259	-4.4228	11.6091	16.0319
spk_ver/v13/v1313	SES144	1.05084	16.3931	15.3423
spk_ver/v13/v1314	SES259	-5.45761	9.39267	14.8503
spk_ver/v13/v1315	SES162	1.76195	16.7002	14.9382
spk_ver/v13/v1316	SES206	0.832262	16.9859	16.1537
spk_ver/v13/v1317	SES175	0.924685	15.3028	14.3782
spk_ver/v13/v1318	SES259	-5.71523	8.3256	14.0408
spk_ver/v13/v1319	SES259	-5.02909	9.91217	14.9413
spk_ver/v13/v1320	SES270	-0.864406	14.541	15.4054
spk_ver/v13/v1321	SES101	0.631796	16.2923	15.6605
spk_ver/v13/v1322	SES177	1.04185	17.5799	16.5381
spk_ver/v13/v1323	SES127	1.05742	17.8753	16.8178
spk_ver/v13/v1324	SES270	-5.00746	9.25508	14.2625
spk_ver/v13/v1325	SES062	1.19391	17.6747	16.4808
spk_ver/v13/v1326	SES270	0.325517	14.1678	13.8422
spk_ver/v13/v1327	SES120	0.353317	12.9853	12.6319
spk_ver/v13/v1328	SES270	-5.09417	8.76582	13.86
spk_ver/v13/v1329	SES270	-4.99433	11.9542	16.9485
spk_ver/v13/v1330	SES270	-0.542333	13.5713	14.1136
spk_ver/v13/v1331	SES270	-4.88798	12.2582	17.1462
spk_ver/v13/v1332	SES270	-1.35404	15.2825	16.6366
spk_ver/v13/v1333	SES270	-3.50806	11.2184	14.7264
spk_ver/v13/v1334	SES270	-3.87947	11.8027	15.6822
spk_ver/v13/v1335	SES270	-0.296184	15.1041	15.4003
spk_ver/v13/v1336	SES270	-1.69998	12.8185	14.5184
spk_ver/v13/v1337	SES016	1.80398	17.6295	15.8255
spk_ver/v13/v1338	SES270	-5.399	11.2447	16.6437
spk_ver/v13/v1339	SES002	0.966787	17.0999	16.1331
spk_ver/v13/v1340	SES105	2.23185	16.0322	13.8004
spk_ver/v13/v1341	SES275	-3.07072	11.7243	14.795
spk_ver/v13/v1342	SES187	1.13668	16.3234	15.1868
spk_ver/v13/v1343	SES275	-2.56694	11.9663	14.5333
spk_ver/v13/v1344	SES275	-3.9424	10.1849	14.1273
spk_ver/v13/v1345	SES275	-2.62681	11.6052	14.232
spk_ver/v13/v1346	SES275	-5.98494	9.50123	15.4862
spk_ver/v13/v1347	SES275	-3.06128	11.1273	14.1886
spk_ver/v13/v1348	SES180	0.713314	16.4154	15.7021
spk_ver/v13/v1349	SES275	-1.99563	10.8166	12.8122
spk_ver/v13/v1350	SES275	-1.46249	14.5751	16.0376
spk_ver/v13/v1351	SES275	-3.40809	7.16833	10.5764
spk_ver/v13/v1352	SES275	-2.07718	13.7955	15.8727
spk_ver/v13/v1353	SES275	-1.92205	9.51269	11.4347
spk_ver/v13/v1354	SES189	1.30393	13.6843	12.3803
spk_ver/v13/v1355	SES068	1.25781	17.9722	16.7143
spk_ver/v13/v1356	SES275	-3.04265	9.75738	12.8
spk_ver/v13/v1357	SES048	0.0962715	15.7645	15.6682
spk_ver/v13/v1358	SES226	2.26064	19.1606	16.9
spk_ver/v13/v1359	SES016	1.33538	17.8494	16.514
spk_ver/v13/v1360	SES275	-2.88795	11.5938	14.4817
spk_ver/v13/v1361	SES068	0.888891	17.6529	16.764
spk_ver/v13/v1362	SES275	-3.54317	10.9546	14.4978
spk_ver/v13/v1363	SES275	-3.54919	11.1956	14.7448
spk_ver/v13/v1364	SES275	-3.57597	10.6394	14.2154
spk_ver/v13/v1365	SES275	-1.50018	14.5196	16.0198
spk_ver/v13/v1366	SES187	0.831832	16.6184	15.7865
spk_ver/v13/v1367	SES275	-4.07673	9.53296	13.6097
spk_ver/v13/v1368	SES125	1.37695	16.3887	15.0118
spk_ver/v13/v1369	SES275	-2.1284	9.42286	11.5513
spk_ver/v13/v1370	SES292	-2.52161	12.474	14.9956
spk_ver/v13/v1371	SES292	-2.0778	13.2692	15.347
spk_ver/v13/v1372	SES292	-2.00878	11.1966	13.2054
spk_ver/v13/v1373	SES292	-2.76508	11.9626	14.7277
spk_ver/v13/v1374	SES101	1.51213	16.0088	14.4967
spk_ver/v13/v1375	SES292	-2.49151	13.0102	15.5017
spk_ver/v13/v1376	SES292	-2.1812	13.2492	15.4304
spk_ver/v13/v1377	SES292	-4.01676	8.91007	12.9268
spk_ver/v13/v1378	SES292	-1.3766	13.9385	15.3152
spk_ver/v13/v1379	SES292	-2.2348	11.9554	14.1902
spk_ver/v13/v1380	SES292	-2.16842	13.4323	15.6007
spk_ver/v13/v1381	SES292	-1.53104	16.5872	18.1182
spk_ver/v13/v1382	SES292	-2.0494	11.9351	13.9845
spk_ver/v13/v1383	SES292	-1.36458	12.6051	13.9697
spk_ver/v13/v1384	SES292	-1.95077	13.0648	15.0156
spk_ver/v13/v1385	SES292	-2.11083	13.4534	15.5643
spk_ver/v13/v1386	SES292	-1.5917	12.6226	14.2143
spk_ver/v13/v1387	SES158	1.65015	13.423	11.7728
spk_ver/v13/v1388	SES292	-1.35378	15.9345	17.2883
spk_ver/v13/v1389	SES292	-1.47066	17.0096	18.4803
spk_ver/v13/v1390	SES292	-1.78881	14.848	16.6369
spk_ver/v13/v1391	SES292	-2.19826	13.1881	15.3863
spk_ver/v13/v1392	SES292	-2.84791	11.82	14.6679
spk_ver/v13/v1393	SES292	-2.23495	13.2489	15.4838
spk_ver/v13/v1394	SES292	-2.02816	13.7411	15.7692
spk_ver/v13/v1395	SES292	-1.84704	13.3313	15.1783
spk_ver/v13/v1396	SES117	1.31895	14.3185	12.9996
spk_ver/v13/v1397	SES292	-3.01772	12.8943	15.912
spk_ver/v13/v1398	SES292	-2.52919	10.9372	13.4664
spk_ver/v13/v1399	SES292	-0.54108	14.7872	15.3282
