spk_ver/v00/v0000	SES146	0.810955	-43.5092	-44.3202
spk_ver/v00/v0001	SES002	-2.6856	-47.7429	-45.0573
spk_ver/v00/v0002	SES002	-1.89576	-46.6845	-44.7888
spk_ver/v00/v0003	SES002	-3.16299	-48.8979	-45.7349
spk_ver/v00/v0004	SES002	0.454807	-44.8417	-45.2965
spk_ver/v00/v0005	SES002	-0.285801	-44.0716	-43.7858
spk_ver/v00/v0006	SES002	-0.00323486	-44.5182	-44.5149
spk_ver/v00/v0007	SES002	-0.961174	-46.0263	-45.0651
spk_ver/v00/v0008	SES146	0.802307	-44.0409	-44.8432
spk_ver/v00/v0009	SES002	0.0228577	-43.779	-43.8018
spk_ver/v00/v0010	SES002	-0.48769	-44.8744	-44.3867
spk_ver/v00/v0011	SES002	-0.761002	-45.5856	-44.8246
spk_ver/v00/v0012	SES002	-1.11493	-44.0013	-42.8864
spk_ver/v00/v0013	SES002	-1.22853	-45.19	-43.9615
spk_ver/v00/v0014	SES002	-0.59869	-44.3928	-43.7941
spk_ver/v00/v0015	SES002	-0.350895	-43.9395	-43.5886
spk_ver/v00/v0016	SES275	1.39511	-44.2043	-45.5995
spk_ver/v00/v0017	SES002	0.818481	-43.5761	-44.3946
spk_ver/v00/v0018	SES002	-1.98883	-47.904	-45.9152
spk_ver/v00/v0019	SES002	-0.0351601	-43.5485	-43.5134
spk_ver/v00/v0020	SES002	-2.53135	-48.2847	-45.7534
spk_ver/v00/v0021	SES002	-1.47644	-46.1885	-44.7121
spk_ver/v00/v0022	SES002	0.346153	-44.6465	-44.9926
spk_ver/v00/v0023	SES002	-1.87361	-45.4817	-43.6081
spk_ver/v00/v0024	SES002	-1.45321	-47.8277	-46.3745
spk_ver/v00/v0025	SES002	-1.56928	-45.4331	-43.8638
spk_ver/v00/v0026	SES002	-0.7085	-44.2962	-43.5877
spk_ver/v00/v0027	SES129	1.90458	-42.3716	-44.2761
spk_ver/v00/v0028	SES007	-0.30827	-43.736	-43.4277
spk_ver/v00/v0029	SES083	1.05516	-42.764	-43.8191
spk_ver/v00/v0030	SES019	1.99368	-42.8608	-44.8545
spk_ver/v00/v0031	SES007	-0.0480576	-45.0238	-44.9757
spk_ver/v00/v0032	SES270	1.23793	-42.9201	-44.158
spk_ver/v00/v0033	SES007	0.0620651	-43.9729	-44.0349
spk_ver/v00/v0034	SES007	-0.420921	-45.737	-45.3161
spk_ver/v00/v0035	SES007	0.582092	-42.6504	-43.2325
spk_ver/v00/v0036	SES007	0.554379	-42.1208	-42.6752
spk_ver/v00/v0037	SES007	-1.0254	-44.5434	-43.518
spk_ver/v00/v0038	SES259	1.9515	-41.3386	-43.2901
spk_ver/v00/v0039	SES007	-0.336597	-44.4664	-44.1298
spk_ver/v00/v0040	SES007	-0.473442	-44.0248	-43.5513
spk_ver/v00/v0041	SES007	0.189388	-43.8636	-44.053
spk_ver/v00/v0042	SES007	0.614281	-43.0992	-43.7135
spk_ver/v00/v0043	SES007	0.712994	-43.1972	-43.9102
spk_ver/v00/v0044	SES007	-0.150547	-43.1237	-42.9732
spk_ver/v00/v0045	SES007	0.261356	-43.8637	-44.1251
spk_ver/v00/v0046	SES007	0.202866	-43.575	-43.7779
spk_ver/v00/v0047	SES172	1.05649	-43.1045	-44.161
spk_ver/v00/v0048	SES105	1.64943	-43.5104	-45.1598
spk_ver/v00/v0049	SES007	0.720913	-42.943	-43.6639
spk_ver/v00/v0050	SES292	0.838676	-43.4176	-44.2562
spk_ver/v00/v0051	SES007	0.275288	-44.0474	-44.3227
spk_ver/v00/v0052	SES068	1.87693	-42.7441	-44.621
spk_ver/v00/v0053	SES008	0.270245	-42.9137	-43.1839
spk_ver/v00/v0054	SES008	-2.54484	-47.7167	-45.1719
spk_ver/v00/v0055	SES008	-0.124577	-43.2184	-43.0938
spk_ver/v00/v0056	SES008	-1.40326	-46.1717	-44.7684
spk_ver/v00/v0057	SES008	-1.69074	-45.4688	-43.7781
spk_ver/v00/v0058	SES083	1.39034	-42.6178	-44.0081
spk_ver/v00/v0059	SES158	1.47882	-43.1087	-44.5876
spk_ver/v00/v0060	SES008	-0.281673	-44.4791	-44.1974
spk_ver/v00/v0061	SES101	1.52928	-43.6206	-45.1498
spk_ver/v00/v0062	SES008	-0.870026	-45.247	-44.377
spk_ver/v00/v0063	SES008	0.123543	-44.4483	-44.5718
spk_ver/v00/v0064	SES117	1.31791	-43.6423	-44.9602
spk_ver/v00/v0065	SES149	1.56391	-42.5134	-44.0773
spk_ver/v00/v0066	SES008	0.0429459	-42.8479	-42.8909
spk_ver/v00/v0067	SES008	-0.398735	-43.8762	-43.4774
spk_ver/v00/v0068	SES162	1.76247	-43.9781	-45.7405
spk_ver/v00/v0069	SES008	-1.37186	-45.3674	-43.9956
spk_ver/v00/v0070	SES008	1.01981	-42.4979	-43.5177
spk_ver/v00/v0071	SES008	-0.844967	-45.1038	-44.2588
spk_ver/v00/v0072	SES008	0.489914	-42.4362	-42.9261
spk_ver/v00/v0073	SES008	-0.182182	-43.0686	-42.8864
spk_ver/v00/v0074	SES008	-1.22527	-44.5255	-43.3002
spk_ver/v00/v0075	SES008	-2.09764	-47.3502	-45.2526
spk_ver/v00/v0076	SES167	1.35759	-42.1818	-43.5394
spk_ver/v00/v0077	SES008	0.208988	-42.9501	-43.1591
spk_ver/v00/v0078	SES177	1.58007	-42.6836	-44.2637
spk_ver/v00/v0079	SES008	0.76527	-43.1538	-43.9191
spk_ver/v00/v0080	SES008	-0.292171	-44.991	-44.6989
spk_ver/v00/v0081	SES008	-0.695477	-46.166	-45.4705
spk_ver/v00/v0082	SES008	-0.295742	-44.1044	-43.8087
spk_ver/v00/v0083	SES008	-1.85387	-47.3701	-45.5162
spk_ver/v00/v0084	SES144	1.18236	-43.4116	-44.594
spk_ver/v00/v0085	SES008	-0.358868	-44.0732	-43.7144
spk_ver/v00/v0086	SES008	0.858246	-42.2991	-43.1574
spk_ver/v00/v0087	SES008	-0.0073967	-45.3362	-45.3288
spk_ver/v00/v0088	SES008	-0.405109	-44.7463	-44.3412
spk_ver/v00/v0089	SES008	1.90735e-05	-43.9819	-43.9819
spk_ver/v00/v0090	SES142	1.35505	-42.602	-43.957
spk_ver/v00/v0091	SES008	-0.820984	-45.4119	-44.591
spk_ver/v00/v0092	SES158	1.18116	-43.6238	-44.805
spk_ver/v00/v0093	SES014	0.494434	-42.7075	-43.2019
spk_ver/v00/v0094	SES014	-0.820866	-45.7917	-44.9708
spk_ver/v00/v0095	SES014	0.293358	-43.2452	-43.5385
spk_ver/v00/v0096	SES014	0.164124	-44.2711	-44.4352
spk_ver/v00/v0097	SES014	0.112873	-45.426	-45.5388
spk_ver/v00/v0098	SES014	0.561733	-42.9553	-43.5171
spk_ver/v00/v0099	SES014	-2.25038	-47.0069	-44.7565
spk_ver/v01/v0100	SES127	0.832298	-43.5641	-44.3964
spk_ver/v01/v0101	SES014	-0.965519	-46.6807	-45.7152
spk_ver/v01/v0102	SES014	-1.65285	-47.6667	-46.0139
spk_ver/v01/v0103	SES014	-1.61129	-46.2072	-44.5959
spk_ver/v01/v0104	SES014	-1.7176	-47.0753	-45.3577
spk_ver/v01/v0105	SES014	-0.860271	-45.8303	-44.9701
spk_ver/v01/v0106	SES014	-0.489609	-44.8049	-44.3153
spk_ver/v01/v0107	SES014	-0.938595	-44.806	-43.8674
spk_ver/v01/v0108	SES014	-2.06006	-47.7489	-45.6888
spk_ver/v01/v0109	SES014	-2.21243	-46.9322	-44.7197
spk_ver/v01/v0110	SES014	-1.14163	-46.2272	-45.0856
spk_ver/v01/v0111	SES014	0.170395	-43.5509	-43.7213
spk_ver/v01/v0112	SES014	-0.882217	-44.5457	-43.6635
spk_ver/v01/v0113	SES104	0.953308	-43.8298	-44.7831
spk_ver/v01/v0114	SES082	1.25323	-42.6178	-43.871
spk_ver/v01/v0115	SES087	2.23172	-42.5921	-44.8238
spk_ver/v01/v0116	SES014	1.51047	-43.439	-44.9495
spk_ver/v01/v0117	SES177	1.09638	-43.6328	-44.7292
spk_ver/v01/v0118	SES014	-1.16837	-45.6858	-44.5174
spk_ver/v01/v0119	SES014	0.63509	-43.0455	-43.6806
spk_ver/v01/v0120	SES014	-2.6329	-48.4298	-45.7969
spk_ver/v01/v0121	SES146	0.502758	-43.6906	-44.1933
spk_ver/v01/v0122	SES014	1.61715	-41.4441	-43.0612
spk_ver/v01/v0123	SES014	-0.0159073	-43.5631	-43.5472
spk_ver/v01/v0124	SES014	-0.850449	-46.1624	-45.312
spk_ver/v01/v0125	SES014	-0.727077	-45.0067	-44.2796
spk_ver/v01/v0126	SES016	-0.385143	-44.2789	-43.8937
spk_ver/v01/v0127	SES016	0.0816803	-45.3652	-45.4468
spk_ver/v01/v0128	SES106	2.04718	-43.2116	-45.2588
spk_ver/v01/v0129	SES016	-1.09007	-44.7081	-43.618
spk_ver/v01/v0130	SES016	-0.0710602	-44.6137	-44.5427
spk_ver/v01/v0131	SES016	-1.04747	-45.0291	-43.9817
spk_ver/v01/v0132	SES016	-0.0605812	-43.9845	-43.9239
spk_ver/v01/v0133	SES016	-0.611725	-44.874	-44.2622
spk_ver/v01/v0134	SES016	-0.0273781	-43.0934	-43.0661
spk_ver/v01/v0135	SES016	0.236435	-46.1182	-46.3546
spk_ver/v01/v0136	SES016	0.107697	-44.4277	-44.5354
spk_ver/v01/v0137	SES007	1.62808	-43.3077	-44.9358
spk_ver/v01/v0138	SES016	0.963024	-43.2203	-44.1833
spk_ver/v01/v0139	SES016	0.599922	-43.1346	-43.7345
spk_ver/v01/v0140	SES016	1.56594	-42.8419	-44.4078
spk_ver/v01/v0141	SES016	-3.27375	-50.4689	-47.1952
spk_ver/v01/v0142	SES016	-1.15298	-45.3233	-44.1703
spk_ver/v01/v0143	SES016	-1.70428	-46.3234	-44.6192
spk_ver/v01/v0144	SES016	-0.0453873	-44.2305	-44.1851
spk_ver/v01/v0145	SES016	-0.235031	-45.2232	-44.9882
spk_ver/v01/v0146	SES016	0.502079	-43.2916	-43.7937
spk_ver/v01/v0147	SES016	0.309414	-42.9679	-43.2773
spk_ver/v01/v0148	SES127	1.24654	-42.8566	-44.1032
spk_ver/v01/v0149	SES016	-1.08776	-44.6871	-43.5994
spk_ver/v01/v0150	SES016	-0.531227	-44.1436	-43.6124
spk_ver/v01/v0151	SES147	1.62542	-44.3006	-45.926
spk_ver/v01/v0152	SES016	0.958965	-43.2335	-44.1925
spk_ver/v01/v0153	SES104	1.84528	-42.187	-44.0323
spk_ver/v01/v0154	SES016	-0.501831	-45.4033	-44.9014
spk_ver/v01/v0155	SES016	-0.425011	-44.6851	-44.26
spk_ver/v01/v0156	SES019	0.641712	-43.986	-44.6277
spk_ver/v01/v0157	SES019	-0.712662	-43.9158	-43.2031
spk_ver/v01/v0158	SES019	0.00904465	-43.8512	-43.8603
spk_ver/v01/v0159	SES007	0.887417	-43.8562	-44.7436
spk_ver/v01/v0160	SES019	0.107971	-43.6202	-43.7282
spk_ver/v01/v0161	SES019	-0.262295	-45.6494	-45.3871
spk_ver/v01/v0162	SES019	-0.956669	-45.0012	-44.0445
spk_ver/v01/v0163	SES189	2.95761	-44.5777	-47.5353
spk_ver/v01/v0164	SES019	-0.500027	-44.3484	-43.8483
spk_ver/v01/v0165	SES019	0.249634	-44.6197	-44.8693
spk_ver/v01/v0166	SES019	-1.36148	-45.5837	-44.2222
spk_ver/v01/v0167	SES019	-1.45676	-45.7124	-44.2557
spk_ver/v01/v0168	SES019	-0.319992	-44.9638	-44.6438
spk_ver/v01/v0169	SES019	-0.329762	-45.6929	-45.3631
spk_ver/v01/v0170	SES270	1.10268	-42.9823	-44.085
spk_ver/v01/v0171	SES019	-0.13747	-44.1305	-43.993
spk_ver/v01/v0172	SES019	-1.32503	-45.8049	-44.4798
spk_ver/v01/v0173	SES206	1.31599	-43.7377	-45.0537
spk_ver/v01/v0174	SES019	0.482361	-44.6527	-45.1351
spk_ver/v01/v0175	SES014	1.51009	-42.3109	-43.821
spk_ver/v01/v0176	SES019	-1.20025	-45.0892	-43.889
spk_ver/v01/v0177	SES120	1.54324	-43.4625	-45.0057
spk_ver/v01/v0178	SES019	-0.288177	-44.9738	-44.6856
spk_ver/v01/v0179	SES019	-1.60321	-44.3414	-42.7382
spk_ver/v01/v0180	SES175	1.27742	-43.1824	-44.4598
spk_ver/v01/v0181	SES019	-1.10823	-46.0825	-44.9742
spk_ver/v01/v0182	SES019	-1.24007	-44.6033	-43.3632
spk_ver/v01/v0183	SES029	-0.418343	-44.1459	-43.7275
spk_ver/v01/v0184	SES029	0.0155869	-44.3414	-44.357
spk_ver/v01/v0185	SES029	-0.221058	-44.4034	-44.1824
spk_ver/v01/v0186	SES068	2.20902	-42.202	-44.4111
spk_ver/v01/v0187	SES029	-0.900967	-44.5118	-43.6109
spk_ver/v01/v0188	SES029	-0.15202	-42.7365	-42.5845
spk_ver/v01/v0189	SES149	1.52397	-42.1004	-43.6244
spk_ver/v01/v0190	SES029	-0.537296	-44.363	-43.8257
spk_ver/v01/v0191	SES029	-0.615376	-45.2938	-44.6785
spk_ver/v01/v0192	SES183	1.88216	-42.7713	-44.6535
spk_ver/v01/v0193	SES029	0.806938	-44.1205	-44.9274
spk_ver/v01/v0194	SES016	1.55814	-42.7646	-44.3227
spk_ver/v01/v0195	SES029	-0.118839	-44.0022	-43.8833
spk_ver/v01/v0196	SES029	0.540501	-43.672	-44.2125
spk_ver/v01/v0197	SES029	-0.292355	-44.2427	-43.9503
spk_ver/v01/v0198	SES146	1.01284	-44.0439	-45.0567
spk_ver/v01/v0199	SES029	-0.353096	-45.2418	-44.8887
spk_ver/v02/v0200	SES029	-0.18227	-43.7449	-43.5627
spk_ver/v02/v0201	SES068	1.96894	-42.7478	-44.7168
spk_ver/v02/v0202	SES148	1.62297	-42.9886	-44.6116
spk_ver/v02/v0203	SES029	-0.623806	-43.6753	-43.0515
spk_ver/v02/v0204	SES029	0.0510826	-43.7814	-43.8325
spk_ver/v02/v0205	SES060	1.85611	-42.4603	-44.3164
spk_ver/v02/v0206	SES127	1.43941	-42.6298	-44.0692
spk_ver/v02/v0207	SES029	-0.117722	-44.7287	-44.611
spk_ver/v02/v0208	SES048	2.30373	-43.79	-46.0937
spk_ver/v02/v0209	SES029	-0.0882416	-43.1368	-43.0486
spk_ver/v02/v0210	SES029	-1.43034	-45.0393	-43.6089
spk_ver/v02/v0211	SES029	-0.472118	-43.9709	-43.4987
spk_ver/v02/v0212	SES042	-2.82264	-46.8586	-44.036
spk_ver/v02/v0213	SES085	1.91711	-43.695	-45.6121
spk_ver/v02/v0214	SES206	1.87634	-42.9522	-44.8285
spk_ver/v02/v0215	SES144	1.05053	-43.027	-44.0775
spk_ver/v02/v0216	SES042	-0.709404	-44.7168	-44.0074
spk_ver/v02/v0217	SES042	-1.09873	-48.0831	-46.9844
spk_ver/v02/v0218	SES042	0.541016	-43.5609	-44.1019
spk_ver/v02/v0219	SES206	0.934029	-43.0295	-43.9635
spk_ver/v02/v0220	SES019	2.80608	-42.6282	-45.4343
spk_ver/v02/v0221	SES007	0.829086	-43.3601	-44.1892
spk_ver/v02/v0222	SES042	-1.38495	-46.8964	-45.5114
spk_ver/v02/v0223	SES147	1.23771	-44.0492	-45.2869
spk_ver/v02/v0224	SES105	1.91872	-43.7044	-45.6231
spk_ver/v02/v0225	SES042	0.135914	-43.4407	-43.5766
spk_ver/v02/v0226	SES275	0.781456	-43.4592	-44.2407
spk_ver/v02/v0227	SES042	-0.555454	-44.5338	-43.9783
spk_ver/v02/v0228	SES042	-1.18563	-44.6016	-43.416
spk_ver/v02/v0229	SES042	-2.58652	-46.2549	-43.6684
spk_ver/v02/v0230	SES085	2.34526	-41.3961	-43.7413
spk_ver/v02/v0231	SES014	2.17916	-41.2515	-43.4307
spk_ver/v02/v0232	SES042	-0.376038	-43.7752	-43.3991
spk_ver/v02/v0233	SES048	-2.29211	-45.7675	-43.4754
spk_ver/v02/v0234	SES048	-1.69165	-48.0426	-46.3509
spk_ver/v02/v0235	SES029	0.936356	-43.6707	-44.6071
spk_ver/v02/v0236	SES048	-0.745178	-44.2794	-43.5342
spk_ver/v02/v0237	SES048	-1.79264	-46.3292	-44.5365
spk_ver/v02/v0238	SES048	-0.607281	-44.2305	-43.6232
spk_ver/v02/v0239	SES060	2.09805	-42.3926	-44.4906
spk_ver/v02/v0240	SES048	-1.16199	-45.7961	-44.6341
spk_ver/v02/v0241	SES048	-1.71707	-45.9344	-44.2174
spk_ver/v02/v0242	SES189	4.55956	-44.0877	-48.6472
spk_ver/v02/v0243	SES162	1.29862	-44.1497	-45.4483
spk_ver/v02/v0244	SES048	-1.48657	-44.8769	-43.3904
spk_ver/v02/v0245	SES048	-1.66503	-44.8261	-43.161
spk_ver/v02/v0246	SES048	-1.05161	-44.9376	-43.886
spk_ver/v02/v0247	SES048	-1.08223	-46.9972	-45.9149
spk_ver/v02/v0248	SES226	1.43161	-43.0307	-44.4623
spk_ver/v02/v0249	SES048	-1.03735	-45.0314	-43.994
spk_ver/v02/v0250	SES048	0.118504	-44.6486	-44.7671
spk_ver/v02/v0251	SES048	-2.37425	-46.9976	-44.6234
spk_ver/v02/v0252	SES060	-0.674805	-46.0192	-45.3444
spk_ver/v02/v0253	SES060	-2.032	-46.1725	-44.1405
spk_ver/v02/v0254	SES259	2.21017	-41.197	-43.4071
spk_ver/v02/v0255	SES060	0.391922	-45.4306	-45.8225
spk_ver/v02/v0256	SES202	1.21002	-43.7993	-45.0094
spk_ver/v02/v0257	SES148	1.35646	-42.7322	-44.0887
spk_ver/v02/v0258	SES060	-3.21212	-50.029	-46.8168
spk_ver/v02/v0259	SES060	-0.626823	-43.8208	-43.194
spk_ver/v02/v0260	SES060	0.10323	-44.5679	-44.6711
spk_ver/v02/v0261	SES099	2.30011	-42.7095	-45.0096
spk_ver/v02/v0262	SES060	0.0219498	-44.5481	-44.57
spk_ver/v02/v0263	SES060	-0.0790672	-43.8879	-43.8088
spk_ver/v02/v0264	SES292	1.19193	-43.3956	-44.5876
spk_ver/v02/v0265	SES060	0.677242	-43.2363	-43.9135
spk_ver/v02/v0266	SES060	-1.28515	-46.4436	-45.1584
spk_ver/v02/v0267	SES060	-2.15878	-47.3516	-45.1929
spk_ver/v02/v0268	SES060	-3.25205	-48.2527	-45.0007
spk_ver/v02/v0269	SES127	1.10352	-43.0194	-44.1229
spk_ver/v02/v0270	SES060	-0.360588	-45.7044	-45.3438
spk_ver/v02/v0271	SES060	0.844364	-43.1026	-43.947
spk_ver/v02/v0272	SES060	-1.58623	-46.0236	-44.4374
spk_ver/v02/v0273	SES087	1.7155	-42.6421	-44.3576
spk_ver/v02/v0274	SES146	1.10984	-43.0219	-44.1317
spk_ver/v02/v0275	SES060	-2.41677	-46.8404	-44.4236
spk_ver/v02/v0276	SES002	1.73386	-42.8831	-44.6169
spk_ver/v02/v0277	SES060	0.671192	-42.5185	-43.1897
spk_ver/v02/v0278	SES060	-0.871933	-45.5015	-44.6296
spk_ver/v02/v0279	SES060	-2.11489	-45.7404	-43.6255
spk_ver/v02/v0280	SES129	2.55278	-41.6661	-44.2189
spk_ver/v02/v0281	SES162	1.76789	-43.3324	-45.1002
spk_ver/v02/v0282	SES060	-0.714592	-44.2953	-43.5807
spk_ver/v02/v0283	SES060	0.873028	-43.5718	-44.4448
spk_ver/v02/v0284	SES062	0.183372	-44.5644	-44.7477
spk_ver/v02/v0285	SES062	-0.654934	-45.2323	-44.5773
spk_ver/v02/v0286	SES120	0.603638	-43.8021	-44.4057
spk_ver/v02/v0287	SES062	-1.59858	-45.9314	-44.3328
spk_ver/v02/v0288	SES062	-1.45659	-45.8349	-44.3783
spk_ver/v02/v0289	SES062	-1.04958	-43.9575	-42.9079
spk_ver/v02/v0290	SES062	0.213531	-43.0989	-43.3125
spk_ver/v02/v0291	SES275	1.44488	-43.0567	-44.5016
spk_ver/v02/v0292	SES062	-0.448566	-45.7549	-45.3064
spk_ver/v02/v0293	SES062	-0.663273	-44.9763	-44.313
spk_ver/v02/v0294	SES062	-0.182671	-43.6421	-43.4594
spk_ver/v02/v0295	SES062	0.216793	-44.7602	-44.977
spk_ver/v02/v0296	SES062	-0.763264	-44.4411	-43.6778
spk_ver/v02/v0297	SES062	-0.358307	-45.0073	-44.649
spk_ver/v02/v0298	SES062	-0.347878	-45.106	-44.7582
spk_ver/v02/v0299	SES062	0.113186	-44.0109	-44.124
spk_ver/v03/v0300	SES062	-1.58609	-47.0778	-45.4917
spk_ver/v03/v0301	SES062	0.106255	-42.8147	-42.921
spk_ver/v03/v0302	SES172	1.14142	-42.4595	-43.6009
spk_ver/v03/v0303	SES062	0.0327492	-43.7538	-43.7866
spk_ver/v03/v0304	SES062	0.0261765	-44.0503	-44.0765
spk_ver/v03/v0305	SES062	-0.203354	-44.6068	-44.4034
spk_ver/v03/v0306	SES062	-1.22688	-47.0827	-45.8558
spk_ver/v03/v0307	SES062	-0.967777	-44.8369	-43.8691
spk_ver/v03/v0308	SES062	-1.53165	-46.5976	-45.066
spk_ver/v03/v0309	SES062	-1.33865	-46.2497	-44.911
spk_ver/v03/v0310	SES125	1.88846	-41.2279	-43.1164
spk_ver/v03/v0311	SES062	-0.11779	-44.0881	-43.9703
spk_ver/v03/v0312	SES062	-1.08088	-46.1179	-45.037
spk_ver/v03/v0313	SES062	-0.5905	-45.3641	-44.7736
spk_ver/v03/v0314	SES068	-0.542175	-44.7449	-44.2027
spk_ver/v03/v0315	SES068	-1.02413	-44.258	-43.2339
spk_ver/v03/v0316	SES068	-0.533035	-46.3808	-45.8478
spk_ver/v03/v0317	SES068	-0.0808182	-44.5544	-44.4736
spk_ver/v03/v0318	SES068	-1.20954	-45.012	-43.8025
spk_ver/v03/v0319	SES068	-2.09959	-47.3635	-45.2639
spk_ver/v03/v0320	SES068	0.921345	-42.5734	-43.4948
spk_ver/v03/v0321	SES068	0.457943	-43.6404	-44.0984
spk_ver/v03/v0322	SES068	0.289265	-43.4837	-43.773
spk_ver/v03/v0323	SES068	0.143368	-44.2722	-44.4156
spk_ver/v03/v0324	SES144	1.46631	-43.9981	-45.4644
spk_ver/v03/v0325	SES068	0.628757	-43.7559	-44.3847
spk_ver/v03/v0326	SES068	0.921299	-41.4144	-42.3357
spk_ver/v03/v0327	SES068	-0.660755	-44.0329	-43.3721
spk_ver/v03/v0328	SES068	-0.149967	-45.5779	-45.4279
spk_ver/v03/v0329	SES068	0.305721	-43.5898	-43.8955
spk_ver/v03/v0330	SES180	1.28259	-43.9128	-45.1954
spk_ver/v03/v0331	SES068	-0.148037	-44.0521	-43.9041
spk_ver/v03/v0332	SES275	1.57253	-42.9174	-44.4899
spk_ver/v03/v0333	SES062	1.56943	-42.5285	-44.098
spk_ver/v03/v0334	SES270	1.65053	-42.9986	-44.6491
spk_ver/v03/v0335	SES068	-1.41473	-46.9125	-45.4978
spk_ver/v03/v0336	SES068	0.105038	-42.9569	-43.062
spk_ver/v03/v0337	SES068	-0.285145	-44.9431	-44.6579
spk_ver/v03/v0338	SES068	-0.322033	-44.5451	-44.223
spk_ver/v03/v0339	SES068	0.453232	-43.62	-44.0732
spk_ver/v03/v0340	SES068	-1.03022	-45.5833	-44.5531
spk_ver/v03/v0341	SES016	2.13213	-42.1273	-44.2594
spk_ver/v03/v0342	SES068	-0.972019	-45.288	-44.316
spk_ver/v03/v0343	SES068	-0.29829	-43.5969	-43.2986
spk_ver/v03/v0344	SES125	1.90236	-41.9397	-43.8421
spk_ver/v03/v0345	SES187	1.09983	-43.0235	-44.1234
spk_ver/v03/v0346	SES068	0.293217	-44.0386	-44.3318
spk_ver/v03/v0347	SES143	1.36159	-42.4809	-43.8425
spk_ver/v03/v0348	SES292	1.39476	-42.7606	-44.1554
spk_ver/v03/v0349	SES082	-0.969585	-46.0126	-45.0431
spk_ver/v03/v0350	SES101	1.91791	-42.4722	-44.3901
spk_ver/v03/v0351	SES082	0.811825	-43.8387	-44.6505
spk_ver/v03/v0352	SES082	0.776279	-44.8497	-45.626
spk_ver/v03/v0353	SES082	0.372501	-44.1799	-44.5524
spk_ver/v03/v0354	SES082	-2.57633	-47.062	-44.4856
spk_ver/v03/v0355	SES083	1.86952	-42.2685	-44.138
spk_ver/v03/v0356	SES082	-0.349449	-45.3077	-44.9582
spk_ver/v03/v0357	SES082	-1.44749	-45.5064	-44.0589
spk_ver/v03/v0358	SES082	0.688602	-43.6921	-44.3807
spk_ver/v03/v0359	SES117	1.41994	-44.4118	-45.8318
spk_ver/v03/v0360	SES082	-1.98132	-45.2473	-43.266
spk_ver/v03/v0361	SES082	0.202011	-43.7436	-43.9456
spk_ver/v03/v0362	SES007	1.28622	-43.1941	-44.4803
spk_ver/v03/v0363	SES082	-0.402439	-44.3453	-43.9429
spk_ver/v03/v0364	SES019	2.53234	-42.5164	-45.0487
spk_ver/v03/v0365	SES082	1.13771	-43.8257	-44.9634
spk_ver/v03/v0366	SES226	1.51722	-43.2301	-44.7473
spk_ver/v03/v0367	SES167	1.74177	-41.5427	-43.2845
spk_ver/v03/v0368	SES082	0.00113678	-43.6409	-43.6421
spk_ver/v03/v0369	SES042	2.48139	-41.5479	-44.0293
spk_ver/v03/v0370	SES042	1.76874	-42.6494	-44.4181
spk_ver/v03/v0371	SES082	-0.653614	-45.2453	-44.5917
spk_ver/v03/v0372	SES082	0.112839	-43.4547	-43.5675
spk_ver/v03/v0373	SES082	-1.23903	-45.1156	-43.8766
spk_ver/v03/v0374	SES083	0.361656	-42.7601	-43.1217
spk_ver/v03/v0375	SES292	1.16199	-43.0185	-44.1805
spk_ver/v03/v0376	SES083	-0.869217	-44.6741	-43.8049
spk_ver/v03/v0377	SES083	-0.659416	-45.6574	-44.998
spk_ver/v03/v0378	SES083	0.1217	-44.6968	-44.8185
spk_ver/v03/v0379	SES083	0.424995	-44.1187	-44.5437
spk_ver/v03/v0380	SES083	-0.135311	-45.0754	-44.94
spk_ver/v03/v0381	SES083	-0.535839	-43.3103	-42.7745
spk_ver/v03/v0382	SES148	1.61748	-43.7075	-45.325
spk_ver/v03/v0383	SES083	1.15586	-41.8879	-43.0438
spk_ver/v03/v0384	SES226	2.54504	-42.6451	-45.1901
spk_ver/v03/v0385	SES226	2.14186	-42.1784	-44.3203
spk_ver/v03/v0386	SES087	2.06084	-42.5167	-44.5776
spk_ver/v03/v0387	SES029	1.09525	-43.3302	-44.4255
spk_ver/v03/v0388	SES147	1.7007	-43.509	-45.2097
spk_ver/v03/v0389	SES083	-1.51839	-46.1848	-44.6665
spk_ver/v03/v0390	SES189	2.0168	-43.6796	-45.6964
spk_ver/v03/v0391	SES083	0.695683	-43.7168	-44.4125
spk_ver/v03/v0392	SES083	1.42615	-42.0644	-43.4906
spk_ver/v03/v0393	SES083	-0.358662	-43.8307	-43.4721
spk_ver/v03/v0394	SES083	-0.431217	-44.72	-44.2888
spk_ver/v03/v0395	SES083	0.501305	-42.8889	-43.3902
spk_ver/v03/v0396	SES014	2.04465	-41.1306	-43.1753
spk_ver/v03/v0397	SES085	0.751804	-42.803	-43.5548
spk_ver/v03/v0398	SES085	0.962254	-41.9525	-42.9147
spk_ver/v03/v0399	SES085	-0.641476	-44.8218	-44.1803
spk_ver/v04/v0400	SES106	2.34002	-41.9174	-44.2574
spk_ver/v04/v0401	SES085	-0.773903	-44.816	-44.0421
spk_ver/v04/v0402	SES085	-2.09815	-47.9406	-45.8425
spk_ver/v04/v0403	SES085	0.86956	-41.9654	-42.835
spk_ver/v04/v0404	SES180	1.4106	-42.2531	-43.6637
spk_ver/v04/v0405	SES129	2.20329	-41.5689	-43.7721
spk_ver/v04/v0406	SES085	-1.4844	-45.9646	-44.4802
spk_ver/v04/v0407	SES146	0.483425	-43.5851	-44.0685
spk_ver/v04/v0408	SES085	0.878815	-42.7421	-43.6209
spk_ver/v04/v0409	SES085	-0.678555	-43.8359	-43.1573
spk_ver/v04/v0410	SES085	-1.20597	-45.7219	-44.5159
spk_ver/v04/v0411	SES292	1.17833	-43.5316	-44.71
spk_ver/v04/v0412	SES085	1.10218	-42.3825	-43.4847
spk_ver/v04/v0413	SES125	1.88326	-41.6636	-43.5468
spk_ver/v04/v0414	SES085	-1.03433	-46.5952	-45.5609
spk_ver/v04/v0415	SES085	0.189003	-44.227	-44.416
spk_ver/v04/v0416	SES085	-0.0948677	-44.0551	-43.9602
spk_ver/v04/v0417	SES062	1.62119	-42.1743	-43.7955
spk_ver/v04/v0418	SES060	2.31441	-42.3753	-44.6897
spk_ver/v04/v0419	SES085	0.651814	-44.0614	-44.7132
spk_ver/v04/v0420	SES085	-1.05412	-45.1477	-44.0936
spk_ver/v04/v0421	SES085	-1.53758	-46.5446	-45.007
spk_ver/v04/v0422	SES085	-0.55777	-44.9032	-44.3454
spk_ver/v04/v0423	SES085	-0.59383	-45.0484	-44.4546
spk_ver/v04/v0424	SES085	-0.559151	-45.0841	-44.525
spk_ver/v04/v0425	SES183	1.54976	-43.6327	-45.1824
spk_ver/v04/v0426	SES085	-0.97311	-44.8347	-43.8616
spk_ver/v04/v0427	SES087	-0.5914	-45.1317	-44.5403
spk_ver/v04/v0428	SES162	1.23458	-43.6236	-44.8582
spk_ver/v04/v0429	SES087	0.492188	-43.0812	-43.5734
spk_ver/v04/v0430	SES087	-1.88967	-45.835	-43.9453
spk_ver/v04/v0431	SES087	-1.44665	-45.2858	-43.8391
spk_ver/v04/v0432	SES087	1.11203	-43.6006	-44.7126
spk_ver/v04/v0433	SES087	-1.64653	-45.0888	-43.4423
spk_ver/v04/v0434	SES142	1.76507	-41.9211	-43.6862
spk_ver/v04/v0435	SES087	-1.58579	-45.8617	-44.2759
spk_ver/v04/v0436	SES099	1.58517	-43.1054	-44.6906
spk_ver/v04/v0437	SES087	0.44088	-42.8371	-43.278
spk_ver/v04/v0438	SES087	-1.44352	-45.7145	-44.271
spk_ver/v04/v0439	SES087	0.13596	-43.2751	-43.4111
spk_ver/v04/v0440	SES087	-0.302086	-43.8151	-43.513
spk_ver/v04/v0441	SES087	-1.83906	-45.9447	-44.1056
spk_ver/v04/v0442	SES187	1.84756	-43.4407	-45.2883
spk_ver/v04/v0443	SES172	2.49362	-43.0295	-45.5231
spk_ver/v04/v0444	SES087	-0.138332	-43.3753	-43.237
spk_ver/v04/v0445	SES087	-0.121189	-43.2915	-43.1703
spk_ver/v04/v0446	SES087	0.572594	-43.0036	-43.5762
spk_ver/v04/v0447	SES087	0.616791	-43.1234	-43.7402
spk_ver/v04/v0448	SES106	1.48986	-43.2439	-44.7338
spk_ver/v04/v0449	SES146	1.04897	-43.7995	-44.8484
spk_ver/v04/v0450	SES087	-1.98124	-45.582	-43.6007
spk_ver/v04/v0451	SES087	-0.382984	-44.608	-44.225
spk_ver/v04/v0452	SES007	1.47552	-43.3099	-44.7854
spk_ver/v04/v0453	SES087	-0.270805	-44.4014	-44.1306
spk_ver/v04/v0454	SES087	-1.35747	-45.8613	-44.5038
spk_ver/v04/v0455	SES180	0.807686	-42.9198	-43.7275
spk_ver/v04/v0456	SES099	-1.15325	-45.9342	-44.781
spk_ver/v04/v0457	SES042	1.75749	-42.11	-43.8675
spk_ver/v04/v0458	SES099	0.687084	-43.7967	-44.4838
spk_ver/v04/v0459	SES099	-1.77409	-46.1163	-44.3422
spk_ver/v04/v0460	SES099	-1.95703	-46.9963	-45.0393
spk_ver/v04/v0461	SES099	0.102127	-43.5	-43.6021
spk_ver/v04/v0462	SES082	2.19642	-42.3602	-44.5566
spk_ver/v04/v0463	SES099	0.448997	-43.4339	-43.8829
spk_ver/v04/v0464	SES099	1.27358	-42.6456	-43.9192
spk_ver/v04/v0465	SES099	-1.81726	-44.9747	-43.1575
spk_ver/v04/v0466	SES099	0.733387	-43.5723	-44.3057
spk_ver/v04/v0467	SES099	0.732376	-43.6065	-44.3389
spk_ver/v04/v0468	SES129	1.80265	-42.5035	-44.3061
spk_ver/v04/v0469	SES101	1.79422	-43.6387	-45.4329
spk_ver/v04/v0470	SES099	-1.41686	-47.1361	-45.7193
spk_ver/v04/v0471	SES172	1.91445	-43.172	-45.0865
spk_ver/v04/v0472	SES099	1.0249	-43.4111	-44.436
spk_ver/v04/v0473	SES270	1.85311	-42.5469	-44.4
spk_ver/v04/v0474	SES099	-0.99741	-43.8781	-42.8807
spk_ver/v04/v0475	SES099	-0.313084	-43.7701	-43.457
spk_ver/v04/v0476	SES099	-1.22182	-46.6058	-45.384
spk_ver/v04/v0477	SES002	1.45077	-42.6646	-44.1154
spk_ver/v04/v0478	SES099	0.919098	-43.1441	-44.0632
spk_ver/v04/v0479	SES007	0.701038	-44.6937	-45.3947
spk_ver/v04/v0480	SES101	-0.257748	-44.3246	-44.0669
spk_ver/v04/v0481	SES101	-0.885838	-46.8567	-45.9709
spk_ver/v04/v0482	SES175	0.798595	-43.3797	-44.1783
spk_ver/v04/v0483	SES101	0.034771	-43.321	-43.3557
spk_ver/v04/v0484	SES101	-0.974823	-43.8285	-42.8537
spk_ver/v04/v0485	SES101	-0.030529	-45.4593	-45.4287
spk_ver/v04/v0486	SES101	0.655689	-45.6827	-46.3384
spk_ver/v04/v0487	SES101	-0.373669	-45.5715	-45.1978
spk_ver/v04/v0488	SES101	-1.44218	-46.2206	-44.7785
spk_ver/v04/v0489	SES147	1.17497	-43.4384	-44.6134
spk_ver/v04/v0490	SES085	1.58544	-43.9579	-45.5433
spk_ver/v04/v0491	SES101	0.323883	-45.0934	-45.4173
spk_ver/v04/v0492	SES101	-2.12515	-47.5805	-45.4554
spk_ver/v04/v0493	SES101	-0.667328	-44.202	-43.5346
spk_ver/v04/v0494	SES101	-0.343834	-44.9925	-44.6487
spk_ver/v04/v0495	SES101	0.58392	-42.632	-43.2159
spk_ver/v04/v0496	SES101	-0.238548	-44.5261	-44.2875
spk_ver/v04/v0497	SES014	1.89146	-41.3325	-43.224
spk_ver/v04/v0498	SES101	-1.00837	-44.9336	-43.9252
spk_ver/v04/v0499	SES101	0.0070343	-43.2849	-43.2919
spk_ver/v05/v0500	SES085	1.69484	-42.6798	-44.3746
spk_ver/v05/v0501	SES101	-0.397785	-45.0269	-44.6292
spk_ver/v05/v0502	SES275	1.1409	-42.9983	-44.1393
spk_ver/v05/v0503	SES117	1.44781	-43.4981	-44.9459
spk_ver/v05/v0504	SES101	-1.22832	-44.8048	-43.5764
spk_ver/v05/v0505	SES101	-0.339767	-43.7581	-43.4183
spk_ver/v05/v0506	SES101	0.365868	-43.5971	-43.963
spk_ver/v05/v0507	SES048	1.42585	-42.7389	-44.1648
spk_ver/v05/v0508	SES117	1.62882	-43.9345	-45.5633
spk_ver/v05/v0509	SES202	1.93664	-42.4406	-44.3772
spk_ver/v05/v0510	SES104	-0.494938	-45.2432	-44.7483
spk_ver/v05/v0511	SES008	0.370407	-45.0751	-45.4455
spk_ver/v05/v0512	SES104	0.619911	-43.9039	-44.5238
spk_ver/v05/v0513	SES104	-0.0251465	-43.3974	-43.3722
spk_ver/v05/v0514	SES104	-1.15612	-44.1727	-43.0166
spk_ver/v05/v0515	SES104	-2.31709	-47.5689	-45.2519
spk_ver/v05/v0516	SES104	0.194263	-44.5828	-44.777
spk_ver/v05/v0517	SES060	2.47867	-41.5863	-44.0649
spk_ver/v05/v0518	SES104	-2.45897	-48.823	-46.364
spk_ver/v05/v0519	SES104	-2.29914	-47.4866	-45.1875
spk_ver/v05/v0520	SES104	0.953362	-42.5669	-43.5203
spk_ver/v05/v0521	SES008	1.41751	-41.9497	-43.3672
spk_ver/v05/v0522	SES068	1.7243	-42.7944	-44.5187
spk_ver/v05/v0523	SES087	2.06412	-41.9137	-43.9778
spk_ver/v05/v0524	SES104	0.332291	-44.3761	-44.7084
spk_ver/v05/v0525	SES104	-0.133564	-44.4997	-44.3661
spk_ver/v05/v0526	SES104	0.389317	-43.2128	-43.6021
spk_ver/v05/v0527	SES083	1.84123	-42.2606	-44.1018
spk_ver/v05/v0528	SES148	2.082	-42.8146	-44.8966
spk_ver/v05/v0529	SES104	-0.713573	-45.0375	-44.3239
spk_ver/v05/v0530	SES104	-1.59461	-45.7309	-44.1362
spk_ver/v05/v0531	SES125	2.14777	-41.995	-44.1427
spk_ver/v05/v0532	SES104	-1.9525	-45.9433	-43.9907
spk_ver/v05/v0533	SES149	1.59607	-41.9795	-43.5756
spk_ver/v05/v0534	SES104	-0.913738	-44.7736	-43.8599
spk_ver/v05/v0535	SES187	0.609104	-44.3999	-45.009
spk_ver/v05/v0536	SES104	-0.00960541	-43.3904	-43.3807
spk_ver/v05/v0537	SES104	-0.0954475	-43.7484	-43.653
spk_ver/v05/v0538	SES167	1.66443	-42.5397	-44.2042
spk_ver/v05/v0539	SES104	-0.371677	-45.2823	-44.9106
spk_ver/v05/v0540	SES104	-1.74679	-44.6428	-42.896
spk_ver/v05/v0541	SES183	2.34118	-44.1694	-46.5106
spk_ver/v05/v0542	SES104	1.77185	-43.5203	-45.2922
spk_ver/v05/v0543	SES104	-1.69115	-45.1776	-43.4865
spk_ver/v05/v0544	SES105	-0.182407	-44.1018	-43.9194
spk_ver/v05/v0545	SES105	-0.426716	-44.7894	-44.3627
spk_ver/v05/v0546	SES105	-0.539421	-45.1045	-44.5651
spk_ver/v05/v0547	SES105	-0.741817	-45.1331	-44.3912
spk_ver/v05/v0548	SES019	2.33524	-42.6743	-45.0096
spk_ver/v05/v0549	SES105	0.155483	-43.9225	-44.0779
spk_ver/v05/v0550	SES105	-1.52742	-46.1378	-44.6104
spk_ver/v05/v0551	SES202	1.56984	-43.7001	-45.2699
spk_ver/v05/v0552	SES105	-0.465088	-44.661	-44.1959
spk_ver/v05/v0553	SES105	0.547806	-43.648	-44.1959
spk_ver/v05/v0554	SES105	0.811356	-42.4415	-43.2529
spk_ver/v05/v0555	SES105	-0.189816	-43.9404	-43.7506
spk_ver/v05/v0556	SES082	1.50428	-43.4844	-44.9887
spk_ver/v05/v0557	SES105	-1.14935	-44.8319	-43.6825
spk_ver/v05/v0558	SES014	1.41622	-41.7299	-43.1462
spk_ver/v05/v0559	SES105	0.591061	-43.4337	-44.0247
spk_ver/v05/v0560	SES177	1.12579	-43.6662	-44.792
spk_ver/v05/v0561	SES189	7.38649	-46.7577	-54.1442
spk_ver/v05/v0562	SES105	-0.855145	-45.1019	-44.2468
spk_ver/v05/v0563	SES099	1.58565	-43.7961	-45.3818
spk_ver/v05/v0564	SES105	-0.0760307	-43.7212	-43.6451
spk_ver/v05/v0565	SES105	-0.637192	-45.0852	-44.4481
spk_ver/v05/v0566	SES105	-1.64499	-45.3813	-43.7363
spk_ver/v05/v0567	SES142	1.39136	-43.1623	-44.5537
spk_ver/v05/v0568	SES048	1.94368	-42.3369	-44.2806
spk_ver/v05/v0569	SES105	-1.29613	-45.5928	-44.2967
spk_ver/v05/v0570	SES105	0.453438	-43.7355	-44.1889
spk_ver/v05/v0571	SES105	-0.144176	-44.6777	-44.5335
spk_ver/v05/v0572	SES105	-1.46411	-46.0916	-44.6275
spk_ver/v05/v0573	SES105	-1.15973	-45.8542	-44.6944
spk_ver/v05/v0574	SES105	0.63681	-44.328	-44.9648
spk_ver/v05/v0575	SES105	0.364277	-44.7223	-45.0866
spk_ver/v05/v0576	SES106	-0.928894	-46.0809	-45.1521
spk_ver/v05/v0577	SES106	-1.48491	-45.1882	-43.7033
spk_ver/v05/v0578	SES106	-0.817291	-45.9531	-45.1358
spk_ver/v05/v0579	SES106	-0.974327	-44.6272	-43.6529
spk_ver/v05/v0580	SES106	0.0833359	-43.163	-43.2463
spk_ver/v05/v0581	SES106	-0.80912	-46.3565	-45.5474
spk_ver/v05/v0582	SES106	0.936577	-44.9318	-45.8684
spk_ver/v05/v0583	SES106	1.23077	-43.3047	-44.5354
spk_ver/v05/v0584	SES106	-0.64455	-45.105	-44.4604
spk_ver/v05/v0585	SES106	0.739216	-45.3501	-46.0893
spk_ver/v05/v0586	SES106	-0.849606	-45.224	-44.3744
spk_ver/v05/v0587	SES106	-0.573692	-44.9444	-44.3707
spk_ver/v05/v0588	SES106	-0.781857	-44.7059	-43.924
spk_ver/v05/v0589	SES106	-1.13728	-45.2018	-44.0645
spk_ver/v05/v0590	SES082	1.24882	-43.4827	-44.7315
spk_ver/v05/v0591	SES180	0.995609	-43.6374	-44.633
spk_ver/v05/v0592	SES106	0.163689	-44.8432	-45.0069
spk_ver/v05/v0593	SES106	-1.84806	-47.4171	-45.569
spk_ver/v05/v0594	SES292	1.28668	-42.8192	-44.1058
spk_ver/v05/v0595	SES106	0.501953	-43.2933	-43.7952
spk_ver/v05/v0596	SES106	-1.29578	-46.7263	-45.4305
spk_ver/v05/v0597	SES106	-0.673069	-44.5021	-43.829
spk_ver/v05/v0598	SES042	2.31117	-42.3294	-44.6406
spk_ver/v05/v0599	SES106	-0.881252	-45.1269	-44.2457
spk_ver/v06/v0600	SES106	1.39181	-43.718	-45.1098
spk_ver/v06/v0601	SES106	0.489929	-44.1876	-44.6775
spk_ver/v06/v0602	SES106	-0.380779	-43.6837	-43.3029
spk_ver/v06/v0603	SES106	-0.655823	-44.6583	-44.0025
spk_ver/v06/v0604	SES106	-0.562389	-44.0423	-43.4799
spk_ver/v06/v0605	SES106	-1.04397	-45.9094	-44.8655
spk_ver/v06/v0606	SES048	2.18356	-41.8759	-44.0594
spk_ver/v06/v0607	SES167	2.01035	-41.8538	-43.8642
spk_ver/v06/v0608	SES106	-0.123444	-45.2531	-45.1297
spk_ver/v06/v0609	SES143	0.858727	-43.6482	-44.5069
spk_ver/v06/v0610	SES106	-0.990852	-47.9346	-46.9437
spk_ver/v06/v0611	SES106	-0.85598	-44.9277	-44.0717
spk_ver/v06/v0612	SES106	-0.910442	-46.058	-45.1476
spk_ver/v06/v0613	SES117	0.486744	-44.1036	-44.5903
spk_ver/v06/v0614	SES117	-1.12571	-44.8733	-43.7476
spk_ver/v06/v0615	SES117	-0.11134	-44.3628	-44.2515
spk_ver/v06/v0616	SES106	1.80725	-41.8721	-43.6793
spk_ver/v06/v0617	SES142	1.23205	-43.2462	-44.4783
spk_ver/v06/v0618	SES048	2.11118	-41.8191	-43.9303
spk_ver/v06/v0619	SES175	1.38371	-43.3363	-44.72
spk_ver/v06/v0620	SES180	0.844749	-42.4321	-43.2768
spk_ver/v06/v0621	SES117	0.997032	-44.5936	-45.5907
spk_ver/v06/v0622	SES029	1.38947	-43.3972	-44.7867
spk_ver/v06/v0623	SES117	0.567673	-43.2348	-43.8025
spk_ver/v06/v0624	SES117	-0.86272	-45.0955	-44.2328
spk_ver/v06/v0625	SES117	0.352329	-45.941	-46.2933
spk_ver/v06/v0626	SES106	1.66144	-42.6781	-44.3395
spk_ver/v06/v0627	SES226	1.59835	-42.2353	-43.8337
spk_ver/v06/v0628	SES117	1.18625	-43.4246	-44.6109
spk_ver/v06/v0629	SES117	-0.101059	-41.6263	-41.5252
spk_ver/v06/v0630	SES117	-0.449429	-44.0804	-43.6309
spk_ver/v06/v0631	SES117	-1.23413	-46.3856	-45.1515
spk_ver/v06/v0632	SES117	0.674797	-43.0178	-43.6926
spk_ver/v06/v0633	SES099	2.1691	-42.8335	-45.0026
spk_ver/v06/v0634	SES105	1.95784	-43.6616	-45.6194
spk_ver/v06/v0635	SES167	1.36389	-43.1244	-44.4883
spk_ver/v06/v0636	SES117	0.37426	-42.5951	-42.9694
spk_ver/v06/v0637	SES202	1.59419	-43.5608	-45.155
spk_ver/v06/v0638	SES117	-0.468307	-44.2332	-43.7649
spk_ver/v06/v0639	SES167	1.7905	-42.1047	-43.8952
spk_ver/v06/v0640	SES117	0.0976067	-43.8953	-43.9929
spk_ver/v06/v0641	SES117	-0.304394	-43.5211	-43.2168
spk_ver/v06/v0642	SES101	2.07368	-42.2557	-44.3293
spk_ver/v06/v0643	SES068	1.86151	-42.9684	-44.8299
spk_ver/v06/v0644	SES120	-0.941483	-45.7491	-44.8076
spk_ver/v06/v0645	SES120	0.134785	-44.7453	-44.8801
spk_ver/v06/v0646	SES172	1.75974	-43.4579	-45.2176
spk_ver/v06/v0647	SES120	-0.0194283	-44.1862	-44.1668
spk_ver/v06/v0648	SES120	1.07225	-42.3817	-43.454
spk_ver/v06/v0649	SES120	0.829086	-44.9672	-45.7963
spk_ver/v06/v0650	SES087	1.99162	-42.9133	-44.9049
spk_ver/v06/v0651	SES120	0.996983	-43.7582	-44.7552
spk_ver/v06/v0652	SES104	1.27705	-43.9162	-45.1933
spk_ver/v06/v0653	SES129	1.7731	-42.0513	-43.8244
spk_ver/v06/v0654	SES120	-0.0648689	-45.1831	-45.1183
spk_ver/v06/v0655	SES120	0.297657	-44.7977	-45.0953
spk_ver/v06/v0656	SES120	-0.047924	-43.1537	-43.1058
spk_ver/v06/v0657	SES147	1.05583	-43.9553	-45.0111
spk_ver/v06/v0658	SES120	0.795586	-44.2702	-45.0657
spk_ver/v06/v0659	SES120	0.499393	-42.8152	-43.3146
spk_ver/v06/v0660	SES120	0.693619	-42.7069	-43.4005
spk_ver/v06/v0661	SES120	-0.193321	-44.4874	-44.2941
spk_ver/v06/v0662	SES120	-0.506588	-43.3534	-42.8468
spk_ver/v06/v0663	SES120	-0.562744	-46.0136	-45.4509
spk_ver/v06/v0664	SES147	1.03163	-43.8333	-44.865
spk_ver/v06/v0665	SES162	1.7729	-43.3982	-45.1711
spk_ver/v06/v0666	SES120	0.267334	-43.2547	-43.522
spk_ver/v06/v0667	SES120	-0.0515671	-44.0762	-44.0247
spk_ver/v06/v0668	SES120	1.46398	-42.4964	-43.9604
spk_ver/v06/v0669	SES142	2.15484	-42.0094	-44.1643
spk_ver/v06/v0670	SES106	1.69321	-42.7017	-44.3949
spk_ver/v06/v0671	SES183	2.63301	-42.5592	-45.1922
spk_ver/v06/v0672	SES120	0.183273	-45.1825	-45.3658
spk_ver/v06/v0673	SES029	1.24254	-43.7731	-45.0156
spk_ver/v06/v0674	SES120	-0.533718	-43.8666	-43.3329
spk_ver/v06/v0675	SES008	1.68409	-43.0059	-44.69
spk_ver/v06/v0676	SES125	-1.86482	-47.7937	-45.9289
spk_ver/v06/v0677	SES143	1.13746	-43.2147	-44.3522
spk_ver/v06/v0678	SES125	-2.83034	-47.7773	-44.947
spk_ver/v06/v0679	SES162	1.26162	-43.103	-44.3646
spk_ver/v06/v0680	SES125	-0.6315	-43.4287	-42.7972
spk_ver/v06/v0681	SES125	0.0418625	-44.3965	-44.4384
spk_ver/v06/v0682	SES125	-1.06341	-44.1261	-43.0626
spk_ver/v06/v0683	SES226	1.79744	-43.0908	-44.8882
spk_ver/v06/v0684	SES125	-1.45354	-45.6627	-44.2092
spk_ver/v06/v0685	SES125	-2.19783	-46.2034	-44.0056
spk_ver/v06/v0686	SES120	1.55998	-42.6039	-44.1638
spk_ver/v06/v0687	SES125	-1.59988	-47.3239	-45.724
spk_ver/v06/v0688	SES158	1.42389	-43.3145	-44.7384
spk_ver/v06/v0689	SES125	-2.14643	-45.8419	-43.6954
spk_ver/v06/v0690	SES105	1.99853	-43.4172	-45.4158
spk_ver/v06/v0691	SES125	0.303467	-44.7208	-45.0243
spk_ver/v06/v0692	SES125	-0.484692	-44.0467	-43.562
spk_ver/v06/v0693	SES180	1.40956	-42.3544	-43.764
spk_ver/v06/v0694	SES125	-3.62685	-49.8609	-46.234
spk_ver/v06/v0695	SES125	-0.674358	-44.4308	-43.7565
spk_ver/v06/v0696	SES125	-2.8815	-46.7996	-43.9181
spk_ver/v06/v0697	SES125	-2.74444	-48.1998	-45.4554
spk_ver/v06/v0698	SES083	1.64941	-43.0434	-44.6928
spk_ver/v06/v0699	SES125	-1.74384	-45.9567	-44.2128
spk_ver/v07/v0700	SES014	0.786461	-42.9893	-43.7757
spk_ver/v07/v0701	SES125	-0.946827	-43.483	-42.5361
spk_ver/v07/v0702	SES127	0.3162	-43.4544	-43.7706
spk_ver/v07/v0703	SES127	0.2477	-44.5047	-44.7524
spk_ver/v07/v0704	SES206	1.77327	-43.201	-44.9743
spk_ver/v07/v0705	SES127	0.343887	-44.5546	-44.8985
spk_ver/v07/v0706	SES127	0.482368	-44.2656	-44.7479
spk_ver/v07/v0707	SES127	-0.914307	-44.7373	-43.823
spk_ver/v07/v0708	SES275	1.03605	-43.4014	-44.4374
spk_ver/v07/v0709	SES127	-0.445267	-43.8958	-43.4506
spk_ver/v07/v0710	SES105	1.3758	-43.5715	-44.9473
spk_ver/v07/v0711	SES127	-0.546795	-45.0488	-44.502
spk_ver/v07/v0712	SES127	0.314083	-44.3313	-44.6454
spk_ver/v07/v0713	SES127	-0.490322	-44.557	-44.0667
spk_ver/v07/v0714	SES019	2.61528	-43.1841	-45.7993
spk_ver/v07/v0715	SES127	-0.62392	-46.6911	-46.0671
spk_ver/v07/v0716	SES148	1.68536	-42.9501	-44.6355
spk_ver/v07/v0717	SES162	1.35143	-43.1037	-44.4552
spk_ver/v07/v0718	SES189	2.13815	-45.2351	-47.3732
spk_ver/v07/v0719	SES149	1.19205	-42.1757	-43.3677
spk_ver/v07/v0720	SES175	1.86947	-43.0593	-44.9288
spk_ver/v07/v0721	SES127	-1.30854	-45.3013	-43.9928
spk_ver/v07/v0722	SES127	0.294338	-43.6391	-43.9334
spk_ver/v07/v0723	SES127	-0.488159	-45.0364	-44.5483
spk_ver/v07/v0724	SES127	-0.085762	-45.8447	-45.7589
spk_ver/v07/v0725	SES127	0.208076	-44.9254	-45.1335
spk_ver/v07/v0726	SES259	1.67102	-41.5405	-43.2115
spk_ver/v07/v0727	SES127	-0.600613	-44.8211	-44.2205
spk_ver/v07/v0728	SES127	0.695545	-42.0412	-42.7367
spk_ver/v07/v0729	SES127	-1.09586	-45.8295	-44.7337
spk_ver/v07/v0730	SES127	-0.457611	-45.2133	-44.7557
spk_ver/v07/v0731	SES129	0.10664	-42.8231	-42.9297
spk_ver/v07/v0732	SES129	-0.111423	-44.5165	-44.4051
spk_ver/v07/v0733	SES129	-2.28171	-48.1967	-45.915
spk_ver/v07/v0734	SES129	-4.39277	-52.2946	-47.9018
spk_ver/v07/v0735	SES183	2.15594	-42.7871	-44.9431
spk_ver/v07/v0736	SES129	-1.34798	-45.7145	-44.3665
spk_ver/v07/v0737	SES129	-1.63639	-45.4163	-43.7799
spk_ver/v07/v0738	SES129	-2.49416	-47.5898	-45.0957
spk_ver/v07/v0739	SES129	-2.08892	-46.6216	-44.5327
spk_ver/v07/v0740	SES167	0.79723	-42.748	-43.5453
spk_ver/v07/v0741	SES129	-0.253296	-45.0451	-44.7918
spk_ver/v07/v0742	SES129	-1.48928	-44.1995	-42.7102
spk_ver/v07/v0743	SES129	-0.540051	-43.8001	-43.2601
spk_ver/v07/v0744	SES129	-3.91579	-49.5587	-45.6429
spk_ver/v07/v0745	SES180	1.19704	-42.8367	-44.0338
spk_ver/v07/v0746	SES129	-0.202118	-44.0099	-43.8077
spk_ver/v07/v0747	SES292	0.808292	-43.1666	-43.9749
spk_ver/v07/v0748	SES202	1.95872	-42.6932	-44.6519
spk_ver/v07/v0749	SES270	0.460182	-43.5361	-43.9963
spk_ver/v07/v0750	SES129	-0.909927	-43.9034	-42.9935
spk_ver/v07/v0751	SES129	-1.58084	-44.9427	-43.3618
spk_ver/v07/v0752	SES060	1.85846	-43.2406	-45.0991
spk_ver/v07/v0753	SES129	-2.31337	-47.209	-44.8956
spk_ver/v07/v0754	SES129	-5.67896	-53.7386	-48.0596
spk_ver/v07/v0755	SES129	-1.00243	-45.2315	-44.229
spk_ver/v07/v0756	SES175	1.23437	-43.4121	-44.6464
spk_ver/v07/v0757	SES129	-2.19724	-46.5639	-44.3666
spk_ver/v07/v0758	SES129	-2.73977	-47.569	-44.8292
spk_ver/v07/v0759	SES129	-0.996399	-44.6332	-43.6368
spk_ver/v07/v0760	SES129	-0.0975113	-43.6947	-43.5972
spk_ver/v07/v0761	SES129	-1.24472	-44.1209	-42.8762
spk_ver/v07/v0762	SES172	0.991451	-43.9636	-44.955
spk_ver/v07/v0763	SES129	-2.29012	-46.9594	-44.6693
spk_ver/v07/v0764	SES129	-1.0231	-45.1791	-44.156
spk_ver/v07/v0765	SES175	1.52573	-43.8679	-45.3936
spk_ver/v07/v0766	SES129	-1.66639	-45.7028	-44.0364
spk_ver/v07/v0767	SES129	-0.564419	-44.8156	-44.2512
spk_ver/v07/v0768	SES042	1.96731	-42.0411	-44.0084
spk_ver/v07/v0769	SES099	2.01987	-43.2067	-45.2266
spk_ver/v07/v0770	SES142	-0.9813	-45.4293	-44.448
spk_ver/v07/v0771	SES142	-0.135075	-43.5939	-43.4588
spk_ver/v07/v0772	SES101	1.81711	-42.9242	-44.7413
spk_ver/v07/v0773	SES142	-1.81781	-47.4579	-45.6401
spk_ver/v07/v0774	SES142	-0.711735	-46.0245	-45.3128
spk_ver/v07/v0775	SES142	-0.123001	-43.8489	-43.7259
spk_ver/v07/v0776	SES142	0.0621223	-43.1996	-43.2617
spk_ver/v07/v0777	SES142	0.571735	-44.264	-44.8358
spk_ver/v07/v0778	SES142	0.176529	-44.801	-44.9775
spk_ver/v07/v0779	SES142	-2.57348	-47.3537	-44.7802
spk_ver/v07/v0780	SES142	-0.375156	-44.8382	-44.463
spk_ver/v07/v0781	SES142	-0.964958	-45.8313	-44.8663
spk_ver/v07/v0782	SES101	2.05897	-43.1332	-45.1921
spk_ver/v07/v0783	SES142	-1.06637	-44.1672	-43.1009
spk_ver/v07/v0784	SES187	1.60405	-43.3473	-44.9513
spk_ver/v07/v0785	SES143	0.937386	-43.0155	-43.9529
spk_ver/v07/v0786	SES142	0.308201	-45.529	-45.8372
spk_ver/v07/v0787	SES144	1.07063	-43.2042	-44.2748
spk_ver/v07/v0788	SES275	1.01113	-43.2093	-44.2204
spk_ver/v07/v0789	SES142	-0.333996	-44.236	-43.902
spk_ver/v07/v0790	SES099	1.98256	-42.1982	-44.1808
spk_ver/v07/v0791	SES142	-1.23492	-46.3155	-45.0805
spk_ver/v07/v0792	SES142	-0.0995903	-43.1732	-43.0736
spk_ver/v07/v0793	SES142	-1.48623	-46.2914	-44.8052
spk_ver/v07/v0794	SES014	1.57128	-41.7311	-43.3024
spk_ver/v07/v0795	SES142	-1.58352	-45.8689	-44.2853
spk_ver/v07/v0796	SES142	-0.145676	-44.594	-44.4483
spk_ver/v07/v0797	SES143	0.633373	-42.2788	-42.9122
spk_ver/v07/v0798	SES206	1.00793	-43.153	-44.1609
spk_ver/v07/v0799	SES143	-0.68259	-45.3561	-44.6735
spk_ver/v08/v0800	SES143	0.234455	-44.1779	-44.4123
spk_ver/v08/v0801	SES143	0.599102	-42.7955	-43.3946
spk_ver/v08/v0802	SES143	-0.221992	-43.5749	-43.3529
spk_ver/v08/v0803	SES143	-0.23151	-44.1922	-43.9607
spk_ver/v08/v0804	SES143	-0.62289	-44.7421	-44.1192
spk_ver/v08/v0805	SES143	-0.330002	-44.2	-43.87
spk_ver/v08/v0806	SES143	-0.156239	-44.9781	-44.8219
spk_ver/v08/v0807	SES177	1.3436	-43.2017	-44.5453
spk_ver/v08/v0808	SES149	1.28433	-42.0935	-43.3778
spk_ver/v08/v0809	SES143	-1.70325	-45.7952	-44.0919
spk_ver/v08/v0810	SES158	1.60823	-43.7804	-45.3886
spk_ver/v08/v0811	SES143	-0.0444946	-45.2445	-45.2
spk_ver/v08/v0812	SES062	1.27984	-42.4075	-43.6874
spk_ver/v08/v0813	SES259	1.20795	-42.383	-43.591
spk_ver/v08/v0814	SES143	-1.09042	-44.9269	-43.8365
spk_ver/v08/v0815	SES143	-0.827534	-44.9003	-44.0728
spk_ver/v08/v0816	SES143	0.426754	-43.5378	-43.9645
spk_ver/v08/v0817	SES144	0.751019	-43.9396	-44.6906
spk_ver/v08/v0818	SES143	1.20068	-43.8305	-45.0312
spk_ver/v08/v0819	SES143	0.116592	-44.2493	-44.3659
spk_ver/v08/v0820	SES143	0.454479	-42.654	-43.1085
spk_ver/v08/v0821	SES143	0.980534	-44.4815	-45.4621
spk_ver/v08/v0822	SES143	-0.413857	-44.1374	-43.7236
spk_ver/v08/v0823	SES104	1.97728	-42.234	-44.2112
spk_ver/v08/v0824	SES143	0.341183	-45.2074	-45.5486
spk_ver/v08/v0825	SES143	-0.510616	-44.6483	-44.1377
spk_ver/v08/v0826	SES144	-0.874836	-44.7799	-43.9051
spk_ver/v08/v0827	SES144	0.458229	-43.5699	-44.0281
spk_ver/v08/v0828	SES144	0.677601	-42.983	-43.6606
spk_ver/v08/v0829	SES172	1.40142	-43.7408	-45.1422
spk_ver/v08/v0830	SES144	0.879875	-43.4872	-44.367
spk_ver/v08/v0831	SES183	2.39232	-43.8944	-46.2867
spk_ver/v08/v0832	SES144	-0.932892	-45.7498	-44.8169
spk_ver/v08/v0833	SES144	-0.982841	-45.3342	-44.3514
spk_ver/v08/v0834	SES144	0.145363	-43.5488	-43.6941
spk_ver/v08/v0835	SES144	-0.0542831	-45.5326	-45.4783
spk_ver/v08/v0836	SES144	-0.0595436	-43.8576	-43.798
spk_ver/v08/v0837	SES144	-0.233109	-43.4662	-43.2331
spk_ver/v08/v0838	SES144	-1.07781	-45.7061	-44.6283
spk_ver/v08/v0839	SES085	1.9559	-42.4931	-44.449
spk_ver/v08/v0840	SES144	1.46796	-43.815	-45.283
spk_ver/v08/v0841	SES144	-1.50566	-47.1041	-45.5984
spk_ver/v08/v0842	SES144	-0.0536804	-44.718	-44.6643
spk_ver/v08/v0843	SES144	0.58667	-43.1421	-43.7287
spk_ver/v08/v0844	SES144	-0.490173	-44.1195	-43.6294
spk_ver/v08/v0845	SES144	-0.912334	-43.9641	-43.0518
spk_ver/v08/v0846	SES104	1.52508	-43.2218	-44.7469
spk_ver/v08/v0847	SES144	0.8689	-44.36	-45.2289
spk_ver/v08/v0848	SES144	0.619053	-45.706	-46.325
spk_ver/v08/v0849	SES144	-1.28394	-45.8723	-44.5884
spk_ver/v08/v0850	SES144	-0.846451	-44.4232	-43.5768
spk_ver/v08/v0851	SES144	-0.663715	-44.073	-43.4093
spk_ver/v08/v0852	SES144	0.589695	-42.6763	-43.266
spk_ver/v08/v0853	SES144	-0.822456	-45.3975	-44.575
spk_ver/v08/v0854	SES144	0.362488	-43.8647	-44.2272
spk_ver/v08/v0855	SES144	0.749821	-42.1876	-42.9375
spk_ver/v08/v0856	SES082	0.905621	-45.0582	-45.9638
spk_ver/v08/v0857	SES142	2.15373	-41.8984	-44.0521
spk_ver/v08/v0858	SES144	0.96899	-44.5722	-45.5412
spk_ver/v08/v0859	SES144	0.529171	-44.4109	-44.9401
spk_ver/v08/v0860	SES146	-0.938999	-45.6987	-44.7597
spk_ver/v08/v0861	SES146	-0.225864	-45.0863	-44.8604
spk_ver/v08/v0862	SES146	-1.32499	-45.6354	-44.3104
spk_ver/v08/v0863	SES146	-0.230328	-45.6408	-45.4104
spk_ver/v08/v0864	SES146	-0.539833	-44.2934	-43.7536
spk_ver/v08/v0865	SES008	2.12534	-41.7095	-43.8348
spk_ver/v08/v0866	SES142	1.0317	-42.5035	-43.5352
spk_ver/v08/v0867	SES146	-0.90802	-43.7441	-42.836
spk_ver/v08/v0868	SES082	2.0346	-42.0275	-44.0621
spk_ver/v08/v0869	SES146	0.115883	-43.4649	-43.5808
spk_ver/v08/v0870	SES146	-0.940674	-45.3407	-44.4
spk_ver/v08/v0871	SES146	-0.434795	-45.444	-45.0092
spk_ver/v08/v0872	SES146	-1.38573	-46.3895	-45.0038
spk_ver/v08/v0873	SES082	1.69502	-42.0686	-43.7636
spk_ver/v08/v0874	SES146	-0.561241	-44.4165	-43.8553
spk_ver/v08/v0875	SES144	0.822323	-43.8667	-44.6891
spk_ver/v08/v0876	SES146	-0.468182	-42.285	-41.8168
spk_ver/v08/v0877	SES146	-0.326649	-44.4297	-44.1031
spk_ver/v08/v0878	SES146	-0.397499	-44.102	-43.7045
spk_ver/v08/v0879	SES146	-0.345695	-44.5854	-44.2397
spk_ver/v08/v0880	SES146	-0.342197	-44.4194	-44.0772
spk_ver/v08/v0881	SES143	0.608368	-43.2794	-43.8878
spk_ver/v08/v0882	SES146	-0.180714	-43.82	-43.6392
spk_ver/v08/v0883	SES147	0.131481	-43.7557	-43.8871
spk_ver/v08/v0884	SES147	0.486221	-43.5419	-44.0281
spk_ver/v08/v0885	SES016	1.61798	-42.8917	-44.5097
spk_ver/v08/v0886	SES147	0.30072	-44.579	-44.8797
spk_ver/v08/v0887	SES147	0.205502	-44.2842	-44.4897
spk_ver/v08/v0888	SES147	-0.485348	-44.5608	-44.0755
spk_ver/v08/v0889	SES019	1.74797	-43.0328	-44.7808
spk_ver/v08/v0890	SES147	0.373436	-45.1681	-45.5415
spk_ver/v08/v0891	SES147	0.439941	-43.672	-44.112
spk_ver/v08/v0892	SES147	0.513115	-44.211	-44.7241
spk_ver/v08/v0893	SES270	1.75566	-43.9065	-45.6622
spk_ver/v08/v0894	SES029	1.53241	-43.652	-45.1844
spk_ver/v08/v0895	SES147	-0.00640106	-45.8808	-45.8744
spk_ver/v08/v0896	SES117	0.945004	-44.1003	-45.0453
spk_ver/v08/v0897	SES183	2.09376	-44.1303	-46.224
spk_ver/v08/v0898	SES147	-1.07953	-44.662	-43.5824
spk_ver/v08/v0899	SES147	0.365162	-45.4498	-45.8149
spk_ver/v09/v0900	SES087	1.66468	-42.7925	-44.4572
spk_ver/v09/v0901	SES147	-1.31862	-46.4318	-45.1132
spk_ver/v09/v0902	SES147	-1.02483	-44.8658	-43.841
spk_ver/v09/v0903	SES147	0.41106	-43.8554	-44.2665
spk_ver/v09/v0904	SES147	-0.708878	-44.0559	-43.347
spk_ver/v09/v0905	SES143	1.19598	-43.6972	-44.8932
spk_ver/v09/v0906	SES149	0.977032	-42.4789	-43.4559
spk_ver/v09/v0907	SES148	0.105904	-43.0448	-43.1507
spk_ver/v09/v0908	SES148	1.45821	-42.6499	-44.1081
spk_ver/v09/v0909	SES106	2.05662	-43.0866	-45.1432
spk_ver/v09/v0910	SES148	1.36538	-44.7225	-46.0879
spk_ver/v09/v0911	SES148	-0.744995	-45.1438	-44.3988
spk_ver/v09/v0912	SES142	1.12519	-43.4175	-44.5427
spk_ver/v09/v0913	SES148	-1.78231	-46.4808	-44.6985
spk_ver/v09/v0914	SES148	-0.671719	-44.8019	-44.1301
spk_ver/v09/v0915	SES148	0.269024	-46.0349	-46.304
spk_ver/v09/v0916	SES148	-0.124916	-45.1052	-44.9802
spk_ver/v09/v0917	SES148	1.82339	-43.446	-45.2694
spk_ver/v09/v0918	SES148	0.752293	-41.9008	-42.6531
spk_ver/v09/v0919	SES270	1.5271	-43.6129	-45.14
spk_ver/v09/v0920	SES148	-0.191792	-42.8975	-42.7057
spk_ver/v09/v0921	SES148	-0.984962	-44.566	-43.5811
spk_ver/v09/v0922	SES129	1.96973	-41.2996	-43.2693
spk_ver/v09/v0923	SES117	0.63958	-43.0198	-43.6594
spk_ver/v09/v0924	SES042	2.49959	-41.7447	-44.2443
spk_ver/v09/v0925	SES148	-1.96919	-46.7486	-44.7794
spk_ver/v09/v0926	SES148	-1.03629	-47.4767	-46.4404
spk_ver/v09/v0927	SES144	1.22628	-43.4289	-44.6552
spk_ver/v09/v0928	SES007	1.30046	-44.0847	-45.3852
spk_ver/v09/v0929	SES148	-0.0595512	-43.5989	-43.5393
spk_ver/v09/v0930	SES148	0.331665	-43.4929	-43.8246
spk_ver/v09/v0931	SES148	-0.292488	-44.4423	-44.1498
spk_ver/v09/v0932	SES202	0.966877	-43.1612	-44.1281
spk_ver/v09/v0933	SES148	1.16209	-42.7689	-43.931
spk_ver/v09/v0934	SES148	-1.34167	-44.9273	-43.5856
spk_ver/v09/v0935	SES060	2.15696	-42.0538	-44.2107
spk_ver/v09/v0936	SES060	2.55334	-42.4381	-44.9914
spk_ver/v09/v0937	SES148	0.771603	-43.588	-44.3596
spk_ver/v09/v0938	SES148	0.138615	-43.313	-43.4516
spk_ver/v09/v0939	SES148	-0.310787	-43.495	-43.1842
spk_ver/v09/v0940	SES148	-0.370461	-43.5182	-43.1478
spk_ver/v09/v0941	SES149	-0.795509	-44.9773	-44.1818
spk_ver/v09/v0942	SES149	-0.732021	-44.9343	-44.2023
spk_ver/v09/v0943	SES149	-0.300667	-44.9742	-44.6735
spk_ver/v09/v0944	SES149	-0.395016	-44.2045	-43.8095
spk_ver/v09/v0945	SES105	1.69973	-42.8446	-44.5443
spk_ver/v09/v0946	SES149	-1.05233	-45.2531	-44.2007
spk_ver/v09/v0947	SES149	-1.00431	-46.6134	-45.6091
spk_ver/v09/v0948	SES149	-0.996113	-45.1704	-44.1743
spk_ver/v09/v0949	SES149	0.111134	-42.549	-42.6601
spk_ver/v09/v0950	SES226	1.75951	-42.4449	-44.2044
spk_ver/v09/v0951	SES149	-0.35585	-45.311	-44.9551
spk_ver/v09/v0952	SES149	-1.19361	-45.815	-44.6214
spk_ver/v09/v0953	SES062	1.63535	-42.4525	-44.0879
spk_ver/v09/v0954	SES149	-1.18171	-45.3391	-44.1574
spk_ver/v09/v0955	SES048	1.28543	-42.6043	-43.8898
spk_ver/v09/v0956	SES158	0.843891	-42.927	-43.7709
spk_ver/v09/v0957	SES158	-1.05438	-45.567	-44.5126
spk_ver/v09/v0958	SES158	0.427776	-42.8394	-43.2672
spk_ver/v09/v0959	SES158	0.252899	-43.3552	-43.6081
spk_ver/v09/v0960	SES158	-0.85178	-45.5864	-44.7346
spk_ver/v09/v0961	SES147	2.41953	-43.3105	-45.73
spk_ver/v09/v0962	SES158	-1.46609	-47.461	-45.9949
spk_ver/v09/v0963	SES292	1.34662	-43.0304	-44.377
spk_ver/v09/v0964	SES060	2.20362	-41.8301	-44.0337
spk_ver/v09/v0965	SES002	1.27579	-43.5298	-44.8056
spk_ver/v09/v0966	SES149	1.59301	-41.8657	-43.4587
spk_ver/v09/v0967	SES158	-0.842098	-47.3452	-46.5031
spk_ver/v09/v0968	SES158	-0.408482	-44.0322	-43.6238
spk_ver/v09/v0969	SES275	0.916206	-44.9875	-45.9037
spk_ver/v09/v0970	SES158	-1.37648	-45.1726	-43.7961
spk_ver/v09/v0971	SES158	-0.650482	-44.7816	-44.1311
spk_ver/v09/v0972	SES002	1.74233	-42.2999	-44.0422
spk_ver/v09/v0973	SES158	-0.806175	-45.2376	-44.4314
spk_ver/v09/v0974	SES202	1.1822	-43.1222	-44.3044
spk_ver/v09/v0975	SES158	-1.43509	-46.2847	-44.8496
spk_ver/v09/v0976	SES158	0.431087	-42.6059	-43.037
spk_ver/v09/v0977	SES162	0.236908	-44.3482	-44.5851
spk_ver/v09/v0978	SES162	-1.95195	-47.3325	-45.3805
spk_ver/v09/v0979	SES162	-1.81102	-45.8474	-44.0364
spk_ver/v09/v0980	SES162	0.520588	-45.1858	-45.7064
spk_ver/v09/v0981	SES162	-0.426632	-44.3479	-43.9212
spk_ver/v09/v0982	SES259	2.05937	-41.6939	-43.7533
spk_ver/v09/v0983	SES162	-1.39827	-47.7325	-46.3343
spk_ver/v09/v0984	SES162	0.47448	-43.287	-43.7615
spk_ver/v09/v0985	SES162	0.839348	-43.1352	-43.9746
spk_ver/v09/v0986	SES062	1.54775	-42.498	-44.0457
spk_ver/v09/v0987	SES162	0.506451	-44.4815	-44.988
spk_ver/v09/v0988	SES162	-1.33509	-45.181	-43.8459
spk_ver/v09/v0989	SES162	-1.49507	-46.7487	-45.2537
spk_ver/v09/v0990	SES162	-1.18417	-43.7008	-42.5166
spk_ver/v09/v0991	SES087	1.66443	-42.9859	-44.6503
spk_ver/v09/v0992	SES120	0.959476	-43.5869	-44.5464
spk_ver/v09/v0993	SES162	-1.08919	-44.5886	-43.4994
spk_ver/v09/v0994	SES162	0.331066	-43.2062	-43.5372
spk_ver/v09/v0995	SES162	-1.05069	-44.245	-43.1943
spk_ver/v09/v0996	SES162	0.0245857	-43.0083	-43.0329
spk_ver/v09/v0997	SES162	-1.46009	-45.7725	-44.3124
spk_ver/v09/v0998	SES162	0.135803	-45.7049	-45.8407
spk_ver/v09/v0999	SES162	0.523087	-42.6774	-43.2005
spk_ver/v10/v1000	SES162	-1.08349	-44.7035	-43.62
spk_ver/v10/v1001	SES148	2.60501	-43.2249	-45.8299
spk_ver/v10/v1002	SES162	0.981018	-43.6237	-44.6047
spk_ver/v10/v1003	SES162	-0.0426559	-45.0278	-44.9851
spk_ver/v10/v1004	SES162	0.259003	-44.7136	-44.9726
spk_ver/v10/v1005	SES162	-1.65845	-46.5256	-44.8672
spk_ver/v10/v1006	SES162	-1.00647	-44.0088	-43.0023
spk_ver/v10/v1007	SES162	0.873722	-44.5308	-45.4046
spk_ver/v10/v1008	SES162	-1.50982	-47.1918	-45.682
spk_ver/v10/v1009	SES162	-1.55227	-45.8123	-44.26
spk_ver/v10/v1010	SES167	-1.06063	-44.5941	-43.5335
spk_ver/v10/v1011	SES167	0.63644	-42.7444	-43.3808
spk_ver/v10/v1012	SES167	-0.00393677	-44.7112	-44.7073
spk_ver/v10/v1013	SES167	-2.1226	-46.9727	-44.8501
spk_ver/v10/v1014	SES167	0.268597	-42.9175	-43.1861
spk_ver/v10/v1015	SES167	0.103218	-43.763	-43.8662
spk_ver/v10/v1016	SES167	0.790951	-44.1238	-44.9148
spk_ver/v10/v1017	SES167	0.0179367	-44.0343	-44.0522
spk_ver/v10/v1018	SES167	-0.193344	-44.0944	-43.9011
spk_ver/v10/v1019	SES167	-0.610817	-44.5066	-43.8958
spk_ver/v10/v1020	SES167	-1.94933	-46.7134	-44.7641
spk_ver/v10/v1021	SES167	0.638943	-45.8404	-46.4793
spk_ver/v10/v1022	SES167	-1.21892	-45.8592	-44.6403
spk_ver/v10/v1023	SES167	-0.880367	-44.8414	-43.961
spk_ver/v10/v1024	SES167	-1.38927	-47.1716	-45.7823
spk_ver/v10/v1025	SES167	0.659477	-43.1447	-43.8042
spk_ver/v10/v1026	SES167	-0.0666733	-44.5668	-44.5002
spk_ver/v10/v1027	SES167	0.538219	-43.0153	-43.5535
spk_ver/v10/v1028	SES167	-1.03313	-44.9532	-43.9201
spk_ver/v10/v1029	SES167	-0.96677	-46.0441	-45.0774
spk_ver/v10/v1030	SES167	-0.727036	-44.0418	-43.3147
spk_ver/v10/v1031	SES167	-2.15426	-46.214	-44.0597
spk_ver/v10/v1032	SES167	-1.43581	-44.681	-43.2452
spk_ver/v10/v1033	SES167	-1.66657	-45.1384	-43.4718
spk_ver/v10/v1034	SES002	1.8553	-41.6323	-43.4876
spk_ver/v10/v1035	SES167	0.2062	-43.9801	-44.1863
spk_ver/v10/v1036	SES083	1.97646	-42.3354	-44.3119
spk_ver/v10/v1037	SES167	0.0712471	-44.7201	-44.7913
spk_ver/v10/v1038	SES167	0.244164	-47.1093	-47.3534
spk_ver/v10/v1039	SES167	0.237816	-44.7503	-44.9882
spk_ver/v10/v1040	SES167	-1.22914	-45.1914	-43.9623
spk_ver/v10/v1041	SES167	0.479706	-44.3397	-44.8194
spk_ver/v10/v1042	SES087	1.74831	-42.9379	-44.6862
spk_ver/v10/v1043	SES029	1.64106	-43.535	-45.1761
spk_ver/v10/v1044	SES206	1.03606	-43.1109	-44.1469
spk_ver/v10/v1045	SES172	-0.717754	-45.7779	-45.0601
spk_ver/v10/v1046	SES172	1.70603	-42.8813	-44.5874
spk_ver/v10/v1047	SES172	1.08278	-42.9864	-44.0692
spk_ver/v10/v1048	SES259	1.7487	-41.904	-43.6527
spk_ver/v10/v1049	SES172	-0.795166	-44.5011	-43.706
spk_ver/v10/v1050	SES120	1.07343	-44.0264	-45.0998
spk_ver/v10/v1051	SES172	0.464474	-43.1858	-43.6503
spk_ver/v10/v1052	SES172	0.148418	-44.7353	-44.8837
spk_ver/v10/v1053	SES172	-0.57328	-44.4666	-43.8933
spk_ver/v10/v1054	SES172	-0.0295029	-44.1525	-44.123
spk_ver/v10/v1055	SES189	3.6035	-45.4174	-49.0209
spk_ver/v10/v1056	SES172	-0.530746	-44.411	-43.8802
spk_ver/v10/v1057	SES172	0.259869	-44.1358	-44.3957
spk_ver/v10/v1058	SES172	0.417419	-44.3252	-44.7426
spk_ver/v10/v1059	SES172	-0.151882	-44.4021	-44.2502
spk_ver/v10/v1060	SES029	1.35145	-42.8226	-44.1741
spk_ver/v10/v1061	SES175	-1.32496	-46.8415	-45.5166
spk_ver/v10/v1062	SES187	0.891712	-42.9673	-43.859
spk_ver/v10/v1063	SES019	2.5423	-43.328	-45.8703
spk_ver/v10/v1064	SES175	-0.875317	-44.9081	-44.0328
spk_ver/v10/v1065	SES175	-1.24866	-46.5826	-45.3339
spk_ver/v10/v1066	SES175	-2.53805	-47.9871	-45.449
spk_ver/v10/v1067	SES175	0.816471	-44.2409	-45.0574
spk_ver/v10/v1068	SES175	0.170959	-43.9684	-44.1394
spk_ver/v10/v1069	SES016	2.06375	-42.1454	-44.2091
spk_ver/v10/v1070	SES175	0.191902	-45.3176	-45.5095
spk_ver/v10/v1071	SES175	0.418404	-42.5772	-42.9956
spk_ver/v10/v1072	SES175	-1.44483	-45.3452	-43.9004
spk_ver/v10/v1073	SES029	1.38844	-43.4144	-44.8028
spk_ver/v10/v1074	SES175	-0.65263	-44.27	-43.6174
spk_ver/v10/v1075	SES175	0.230202	-42.7352	-42.9654
spk_ver/v10/v1076	SES175	0.676025	-42.5968	-43.2728
spk_ver/v10/v1077	SES175	-0.47599	-44.4213	-43.9453
spk_ver/v10/v1078	SES127	1.43629	-42.1454	-43.5817
spk_ver/v10/v1079	SES175	-0.439629	-43.8709	-43.4313
spk_ver/v10/v1080	SES175	0.284317	-44.3619	-44.6462
spk_ver/v10/v1081	SES175	-0.688766	-45.5242	-44.8354
spk_ver/v10/v1082	SES175	-0.419579	-43.5115	-43.0919
spk_ver/v10/v1083	SES007	1.49849	-43.6497	-45.1482
spk_ver/v10/v1084	SES068	2.37198	-42.2088	-44.5808
spk_ver/v10/v1085	SES008	0.990086	-42.7661	-43.7562
spk_ver/v10/v1086	SES175	0.927696	-41.9323	-42.86
spk_ver/v10/v1087	SES175	-0.416573	-44.073	-43.6564
spk_ver/v10/v1088	SES008	1.64376	-42.8535	-44.4972
spk_ver/v10/v1089	SES177	0.66029	-42.7236	-43.3839
spk_ver/v10/v1090	SES177	-0.242641	-43.8278	-43.5851
spk_ver/v10/v1091	SES177	-1.18191	-46.6878	-45.5059
spk_ver/v10/v1092	SES177	0.895195	-43.7299	-44.6251
spk_ver/v10/v1093	SES177	-0.664684	-44.8825	-44.2178
spk_ver/v10/v1094	SES002	1.74477	-42.4611	-44.2059
spk_ver/v10/v1095	SES104	1.5947	-42.8363	-44.431
spk_ver/v10/v1096	SES177	0.947838	-43.3705	-44.3183
spk_ver/v10/v1097	SES177	-0.0459557	-44.7195	-44.6736
spk_ver/v10/v1098	SES177	0.0221863	-42.4411	-42.4633
spk_ver/v10/v1099	SES177	0.947388	-42.5293	-43.4767
spk_ver/v11/v1100	SES177	0.185211	-44.3343	-44.5195
spk_ver/v11/v1101	SES085	1.55689	-43.4028	-44.9597
spk_ver/v11/v1102	SES187	1.21127	-43.7776	-44.9889
spk_ver/v11/v1103	SES177	0.251373	-44.673	-44.9244
spk_ver/v11/v1104	SES177	1.35974	-42.9815	-44.3412
spk_ver/v11/v1105	SES177	0.895901	-42.1906	-43.0865
spk_ver/v11/v1106	SES177	-0.0669861	-43.4367	-43.3697
spk_ver/v11/v1107	SES177	0.750698	-42.9919	-43.7426
spk_ver/v11/v1108	SES177	0.892342	-43.4482	-44.3405
spk_ver/v11/v1109	SES125	1.69505	-42.2179	-43.9129
spk_ver/v11/v1110	SES177	-0.50967	-44.1469	-43.6372
spk_ver/v11/v1111	SES177	0.390293	-43.758	-44.1483
spk_ver/v11/v1112	SES177	-0.0953255	-44.0833	-43.9879
spk_ver/v11/v1113	SES177	-0.760788	-44.9363	-44.1755
spk_ver/v11/v1114	SES177	0.337334	-44.9321	-45.2694
spk_ver/v11/v1115	SES177	-0.149918	-45.1701	-45.0201
spk_ver/v11/v1116	SES085	1.86888	-42.1455	-44.0144
spk_ver/v11/v1117	SES147	1.30173	-43.2573	-44.559
spk_ver/v11/v1118	SES177	-0.0620575	-43.599	-43.537
spk_ver/v11/v1119	SES177	-0.522869	-43.6547	-43.1318
spk_ver/v11/v1120	SES180	-1.81356	-46.5223	-44.7088
spk_ver/v11/v1121	SES189	2.98121	-44.9367	-47.9179
spk_ver/v11/v1122	SES117	2.26748	-45.1571	-47.4246
spk_ver/v11/v1123	SES129	2.32396	-41.4502	-43.7741
spk_ver/v11/v1124	SES180	0.381676	-44.1966	-44.5783
spk_ver/v11/v1125	SES180	0.992489	-42.781	-43.7735
spk_ver/v11/v1126	SES180	0.241554	-43.7997	-44.0412
spk_ver/v11/v1127	SES180	0.268749	-44.2521	-44.5208
spk_ver/v11/v1128	SES016	0.915089	-43.8667	-44.7818
spk_ver/v11/v1129	SES158	1.80633	-42.8175	-44.6238
spk_ver/v11/v1130	SES180	-0.121056	-44.3878	-44.2667
spk_ver/v11/v1131	SES180	-1.03454	-44.397	-43.3624
spk_ver/v11/v1132	SES180	0.024437	-43.9419	-43.9663
spk_ver/v11/v1133	SES180	-0.733902	-44.1554	-43.4215
spk_ver/v11/v1134	SES180	-0.708584	-44.7201	-44.0115
spk_ver/v11/v1135	SES180	0.569096	-42.9718	-43.5409
spk_ver/v11/v1136	SES180	-2.55284	-48.5884	-46.0356
spk_ver/v11/v1137	SES148	1.17739	-43.0336	-44.211
spk_ver/v11/v1138	SES104	1.81566	-41.4365	-43.2522
spk_ver/v11/v1139	SES180	-0.425201	-44.7327	-44.3075
spk_ver/v11/v1140	SES083	1.48238	-42.7478	-44.2302
spk_ver/v11/v1141	SES180	-1.22706	-45.2794	-44.0523
spk_ver/v11/v1142	SES180	-0.0298157	-44.4079	-44.378
spk_ver/v11/v1143	SES180	-0.0864601	-45.72	-45.6335
spk_ver/v11/v1144	SES099	1.56212	-43.8732	-45.4353
spk_ver/v11/v1145	SES180	0.435741	-44.0693	-44.505
spk_ver/v11/v1146	SES183	-0.691608	-44.451	-43.7594
spk_ver/v11/v1147	SES183	0.704372	-43.5263	-44.2307
spk_ver/v11/v1148	SES183	-2.35215	-47.7729	-45.4207
spk_ver/v11/v1149	SES183	-2.09664	-46.6156	-44.5189
spk_ver/v11/v1150	SES183	-2.032	-46.8029	-44.7709
spk_ver/v11/v1151	SES082	1.87851	-42.7234	-44.6019
spk_ver/v11/v1152	SES183	0.347481	-45.5364	-45.8839
spk_ver/v11/v1153	SES183	-0.165298	-43.5586	-43.3933
spk_ver/v11/v1154	SES002	1.53269	-41.9323	-43.465
spk_ver/v11/v1155	SES183	-0.330162	-44.2674	-43.9373
spk_ver/v11/v1156	SES183	-2.56969	-47.0482	-44.4785
spk_ver/v11/v1157	SES183	-0.73912	-42.7543	-42.0152
spk_ver/v11/v1158	SES183	0.874714	-42.9688	-43.8435
spk_ver/v11/v1159	SES183	-0.700336	-44.322	-43.6216
spk_ver/v11/v1160	SES183	-0.892712	-45.323	-44.4303
spk_ver/v11/v1161	SES183	-1.59833	-46.06	-44.4617
spk_ver/v11/v1162	SES105	1.88571	-42.9138	-44.7995
spk_ver/v11/v1163	SES183	-1.77673	-45.8424	-44.0656
spk_ver/v11/v1164	SES259	1.89268	-41.9022	-43.7949
spk_ver/v11/v1165	SES183	-0.782928	-44.1754	-43.3925
spk_ver/v11/v1166	SES183	-1.45577	-45.6154	-44.1596
spk_ver/v11/v1167	SES183	-0.386616	-43.6159	-43.2292
spk_ver/v11/v1168	SES183	-0.0661278	-43.1166	-43.0504
spk_ver/v11/v1169	SES183	-2.36226	-46.2438	-43.8815
spk_ver/v11/v1170	SES183	-0.489674	-44.4006	-43.9109
spk_ver/v11/v1171	SES183	-2.66889	-48.7833	-46.1144
spk_ver/v11/v1172	SES187	-0.0822678	-44.2661	-44.1838
spk_ver/v11/v1173	SES019	2.65576	-43.5845	-46.2403
spk_ver/v11/v1174	SES187	-0.943222	-46.6243	-45.6811
spk_ver/v11/v1175	SES187	0.297108	-45.6715	-45.9686
spk_ver/v11/v1176	SES083	1.88428	-41.9801	-43.8644
spk_ver/v11/v1177	SES187	-2.36674	-47.9233	-45.5565
spk_ver/v11/v1178	SES187	-0.728767	-44.617	-43.8883
spk_ver/v11/v1179	SES187	0.0166817	-44.7798	-44.7965
spk_ver/v11/v1180	SES187	0.80658	-43.5466	-44.3532
spk_ver/v11/v1181	SES187	-1.2005	-45.5419	-44.3414
spk_ver/v11/v1182	SES187	0.554825	-43.0251	-43.5799
spk_ver/v11/v1183	SES187	-0.136486	-44.4827	-44.3462
spk_ver/v11/v1184	SES187	0.975517	-42.516	-43.4915
spk_ver/v11/v1185	SES127	1.33715	-42.8391	-44.1763
spk_ver/v11/v1186	SES187	0.897003	-42.3264	-43.2234
spk_ver/v11/v1187	SES187	0.416191	-42.9639	-43.3801
spk_ver/v11/v1188	SES187	0.195816	-45.2689	-45.4648
spk_ver/v11/v1189	SES042	1.38547	-42.3146	-43.7
spk_ver/v11/v1190	SES187	0.749554	-43.3219	-44.0715
spk_ver/v11/v1191	SES187	-1.31283	-46.5516	-45.2387
spk_ver/v11/v1192	SES187	-0.902767	-45.6908	-44.788
spk_ver/v11/v1193	SES183	2.08942	-43.6957	-45.7851
spk_ver/v11/v1194	SES187	0.518253	-44.7685	-45.2868
spk_ver/v11/v1195	SES187	-0.826111	-45.4553	-44.6292
spk_ver/v11/v1196	SES146	1.25936	-43.832	-45.0914
spk_ver/v11/v1197	SES189	-0.931267	-43.9116	-42.9803
spk_ver/v11/v1198	SES175	1.34926	-43.896	-45.2453
spk_ver/v11/v1199	SES189	-0.995983	-45.4943	-44.4983
spk_ver/v12/v1200	SES189	-0.149277	-43.6445	-43.4952
spk_ver/v12/v1201	SES177	1.52133	-42.9533	-44.4746
spk_ver/v12/v1202	SES189	-0.388508	-44.4695	-44.081
spk_ver/v12/v1203	SES143	1.26979	-43.5588	-44.8286
spk_ver/v12/v1204	SES189	-0.588642	-43.737	-43.1484
spk_ver/v12/v1205	SES189	-0.269287	-43.8823	-43.613
spk_ver/v12/v1206	SES189	-0.848217	-46.5796	-45.7314
spk_ver/v12/v1207	SES189	-1.25134	-44.1282	-42.8769
spk_ver/v12/v1208	SES189	-0.862675	-44.2899	-43.4273
spk_ver/v12/v1209	SES189	-1.07116	-46.0739	-45.0027
spk_ver/v12/v1210	SES189	1.41698	-44.0898	-45.5068
spk_ver/v12/v1211	SES062	1.60516	-41.9984	-43.6035
spk_ver/v12/v1212	SES189	-0.00256348	-43.9536	-43.951
spk_ver/v12/v1213	SES048	2.25559	-42.2631	-44.5187
spk_ver/v12/v1214	SES042	1.94146	-41.5384	-43.4799
spk_ver/v12/v1215	SES008	2.06032	-41.7186	-43.7789
spk_ver/v12/v1216	SES202	-0.928497	-44.5816	-43.6531
spk_ver/v12/v1217	SES202	-0.137859	-44.7452	-44.6073
spk_ver/v12/v1218	SES085	2.48845	-41.0511	-43.5395
spk_ver/v12/v1219	SES202	0.594822	-42.7439	-43.3388
spk_ver/v12/v1220	SES202	0.1558	-42.5554	-42.7112
spk_ver/v12/v1221	SES202	1.20805	-44.0794	-45.2874
spk_ver/v12/v1222	SES202	-2.26302	-47.6907	-45.4276
spk_ver/v12/v1223	SES158	1.42327	-42.9279	-44.3512
spk_ver/v12/v1224	SES202	0.190536	-44.567	-44.7576
spk_ver/v12/v1225	SES202	-1.05618	-45.4203	-44.3641
spk_ver/v12/v1226	SES202	-0.93993	-43.8981	-42.9582
spk_ver/v12/v1227	SES202	-0.670444	-44.9923	-44.3218
spk_ver/v12/v1228	SES177	1.56075	-43.2832	-44.8439
spk_ver/v12/v1229	SES202	-0.616707	-44.2235	-43.6068
spk_ver/v12/v1230	SES202	0.829762	-43.1457	-43.9754
spk_ver/v12/v1231	SES202	-0.724628	-45.0997	-44.3751
spk_ver/v12/v1232	SES202	1.20514	-45.9486	-47.1537
spk_ver/v12/v1233	SES206	1.29063	-42.281	-43.5716
spk_ver/v12/v1234	SES202	-1.20303	-46.3481	-45.1451
spk_ver/v12/v1235	SES202	0.192486	-43.4443	-43.6368
spk_ver/v12/v1236	SES125	2.09797	-42.348	-44.446
spk_ver/v12/v1237	SES127	0.925564	-42.704	-43.6296
spk_ver/v12/v1238	SES202	2.19696	-42.3583	-44.5553
spk_ver/v12/v1239	SES167	1.61373	-41.8217	-43.4355
spk_ver/v12/v1240	SES206	-2.1757	-48.6496	-46.4739
spk_ver/v12/v1241	SES206	-2.09199	-47.0051	-44.9131
spk_ver/v12/v1242	SES206	0.152225	-43.267	-43.4192
spk_ver/v12/v1243	SES206	-0.365227	-45.1785	-44.8132
spk_ver/v12/v1244	SES259	1.44298	-42.8718	-44.3148
spk_ver/v12/v1245	SES206	-0.51886	-44.146	-43.6271
spk_ver/v12/v1246	SES206	-0.367096	-44.3778	-44.0107
spk_ver/v12/v1247	SES206	1.21653	-43.0321	-44.2486
spk_ver/v12/v1248	SES206	-2.29404	-48.0895	-45.7955
spk_ver/v12/v1249	SES270	1.35236	-43.5594	-44.9117
spk_ver/v12/v1250	SES206	-1.54528	-46.1887	-44.6435
spk_ver/v12/v1251	SES206	-1.0087	-43.7775	-42.7688
spk_ver/v12/v1252	SES206	-0.114838	-43.63	-43.5151
spk_ver/v12/v1253	SES206	0.495693	-43.3197	-43.8154
spk_ver/v12/v1254	SES206	0.942554	-43.4946	-44.4372
spk_ver/v12/v1255	SES125	1.85985	-41.95	-43.8099
spk_ver/v12/v1256	SES206	-2.16798	-46.5139	-44.3459
spk_ver/v12/v1257	SES206	-1.65747	-44.4855	-42.828
spk_ver/v12/v1258	SES206	-0.134605	-44.7506	-44.616
spk_ver/v12/v1259	SES206	-1.56674	-45.6639	-44.0971
spk_ver/v12/v1260	SES206	-2.60712	-48.4671	-45.86
spk_ver/v12/v1261	SES206	-1.80371	-45.1452	-43.3415
spk_ver/v12/v1262	SES206	-1.73688	-46.3097	-44.5728
spk_ver/v12/v1263	SES206	-0.490921	-44.3332	-43.8423
spk_ver/v12/v1264	SES149	1.28432	-42.9569	-44.2412
spk_ver/v12/v1265	SES206	0.36478	-44.8616	-45.2264
spk_ver/v12/v1266	SES206	-2.40693	-48.6558	-46.2488
spk_ver/v12/v1267	SES206	0.569672	-45.0598	-45.6295
spk_ver/v12/v1268	SES206	-0.932934	-45.6017	-44.6687
spk_ver/v12/v1269	SES206	-3.44408	-51.2982	-47.8541
spk_ver/v12/v1270	SES206	-2.7893	-49.7949	-47.0056
spk_ver/v12/v1271	SES226	-1.27979	-47.5152	-46.2355
spk_ver/v12/v1272	SES226	1.4617	-42.2604	-43.7221
spk_ver/v12/v1273	SES226	-1.07756	-44.6136	-43.536
spk_ver/v12/v1274	SES226	-1.52866	-45.4581	-43.9294
spk_ver/v12/v1275	SES226	0.782654	-43.4931	-44.2758
spk_ver/v12/v1276	SES226	-1.32162	-45.7352	-44.4136
spk_ver/v12/v1277	SES226	1.06944	-43.2256	-44.2951
spk_ver/v12/v1278	SES226	0.75111	-43.8678	-44.6189
spk_ver/v12/v1279	SES226	-0.761848	-44.0383	-43.2764
spk_ver/v12/v1280	SES226	0.185459	-43.6244	-43.8099
spk_ver/v12/v1281	SES226	-0.172646	-44.4751	-44.3025
spk_ver/v12/v1282	SES226	-0.577908	-44.4605	-43.8826
spk_ver/v12/v1283	SES143	1.50639	-43.2145	-44.7209
spk_ver/v12/v1284	SES226	0.402935	-43.4569	-43.8599
spk_ver/v12/v1285	SES226	0.642872	-43.7901	-44.4329
spk_ver/v12/v1286	SES226	0.272087	-43.9339	-44.206
spk_ver/v12/v1287	SES226	0.029377	-43.8453	-43.8746
spk_ver/v12/v1288	SES226	-0.901794	-44.3394	-43.4376
spk_ver/v12/v1289	SES104	1.87262	-42.582	-44.4546
spk_ver/v12/v1290	SES008	1.90067	-43.1692	-45.0699
spk_ver/v12/v1291	SES226	0.390228	-43.4316	-43.8218
spk_ver/v12/v1292	SES259	-1.39935	-46.982	-45.5827
spk_ver/v12/v1293	SES062	1.44666	-42.4923	-43.939
spk_ver/v12/v1294	SES099	1.21339	-44.174	-45.3874
spk_ver/v12/v1295	SES158	1.27102	-44.139	-45.41
spk_ver/v12/v1296	SES259	-0.75161	-44.1224	-43.3708
spk_ver/v12/v1297	SES259	-1.53011	-44.6821	-43.152
spk_ver/v12/v1298	SES259	-0.645657	-45.1539	-44.5083
spk_ver/v12/v1299	SES259	-0.757168	-46.0035	-45.2463
spk_ver/v13/v1300	SES120	1.54106	-43.3179	-44.859
spk_ver/v13/v1301	SES259	-1.12989	-45.3935	-44.2636
spk_ver/v13/v1302	SES259	-2.026	-47.0046	-44.9786
spk_ver/v13/v1303	SES129	1.81696	-42.4025	-44.2195
spk_ver/v13/v1304	SES259	-0.389889	-44.2902	-43.9003
spk_ver/v13/v1305	SES259	-2.62081	-46.8377	-44.2169
spk_ver/v13/v1306	SES106	0.88092	-43.0316	-43.9125
spk_ver/v13/v1307	SES259	-0.791321	-45.0864	-44.2951
spk_ver/v13/v1308	SES259	0.338867	-44.0326	-44.3715
spk_ver/v13/v1309	SES259	-2.0113	-45.704	-43.6927
spk_ver/v13/v1310	SES259	-1.16525	-44.6129	-43.4477
spk_ver/v13/v1311	SES259	-1.24984	-45.6728	-44.423
spk_ver/v13/v1312	SES259	0.181221	-42.9933	-43.1746
spk_ver/v13/v1313	SES144	1.01414	-42.4909	-43.505
spk_ver/v13/v1314	SES259	-1.17228	-45.4153	-44.243
spk_ver/v13/v1315	SES162	1.85625	-43.314	-45.1703
spk_ver/v13/v1316	SES206	1.41582	-42.8615	-44.2774
spk_ver/v13/v1317	SES175	1.28894	-43.5889	-44.8778
spk_ver/v13/v1318	SES259	-2.18696	-47.2741	-45.0872
spk_ver/v13/v1319	SES259	-1.53348	-46.5767	-45.0433
spk_ver/v13/v1320	SES270	0.847103	-43.5727	-44.4198
spk_ver/v13/v1321	SES101	1.96788	-42.8123	-44.7802
spk_ver/v13/v1322	SES177	1.42779	-42.8811	-44.3089
spk_ver/v13/v1323	SES127	0.917374	-42.4044	-43.3217
spk_ver/v13/v1324	SES270	-0.814331	-45.3181	-44.5038
spk_ver/v13/v1325	SES062	1.62722	-42.5619	-44.1891
spk_ver/v13/v1326	SES270	1.06964	-43.872	-44.9416
spk_ver/v13/v1327	SES120	0.699455	-44.257	-44.9564
spk_ver/v13/v1328	SES270	-1.60352	-45.7837	-44.1802
spk_ver/v13/v1329	SES270	-1.15097	-43.8218	-42.6709
spk_ver/v13/v1330	SES270	0.763985	-44.2883	-45.0523
spk_ver/v13/v1331	SES270	-1.31741	-44.4487	-43.1312
spk_ver/v13/v1332	SES270	0.946903	-42.7792	-43.7261
spk_ver/v13/v1333	SES270	-0.548298	-44.4926	-43.9443
spk_ver/v13/v1334	SES270	-0.518852	-44.3859	-43.8671
spk_ver/v13/v1335	SES270	0.978249	-42.9654	-43.9436
spk_ver/v13/v1336	SES270	0.469524	-43.5863	-44.0559
spk_ver/v13/v1337	SES016	1.75101	-43.1241	-44.8751
spk_ver/v13/v1338	SES270	-1.48431	-45.1847	-43.7003
spk_ver/v13/v1339	SES002	1.71152	-42.1255	-43.837
spk_ver/v13/v1340	SES105	2.35134	-43.2488	-45.6002
spk_ver/v13/v1341	SES275	-0.246513	-44.9061	-44.6596
spk_ver/v13/v1342	SES187	1.62376	-44.2659	-45.8896
spk_ver/v13/v1343	SES275	0.496487	-44.5575	-45.054
spk_ver/v13/v1344	SES275	-0.680912	-45.1296	-44.4487
spk_ver/v13/v1345	SES275	-0.243191	-44.5747	-44.3315
spk_ver/v13/v1346	SES275	-0.890083	-45.4267	-44.5366
spk_ver/v13/v1347	SES275	-0.458778	-44.7218	-44.263
spk_ver/v13/v1348	SES180	0.802917	-42.5784	-43.3814
spk_ver/v13/v1349	SES275	0.0420341	-46.0508	-46.0928
spk_ver/v13/v1350	SES275	0.193649	-41.9346	-42.1282
spk_ver/v13/v1351	SES275	0.0713081	-47.7099	-47.7812
spk_ver/v13/v1352	SES275	-0.428967	-43.3906	-42.9617
spk_ver/v13/v1353	SES275	-0.214878	-45.3084	-45.0935
spk_ver/v13/v1354	SES189	3.69899	-44.6391	-48.3381
spk_ver/v13/v1355	SES068	1.6239	-42.2335	-43.8574
spk_ver/v13/v1356	SES275	0.204552	-45.6143	-45.8188
spk_ver/v13/v1357	SES048	2.05049	-42.7057	-44.7562
spk_ver/v13/v1358	SES226	1.42763	-42.4542	-43.8818
spk_ver/v13/v1359	SES016	0.998959	-42.8585	-43.8575
spk_ver/v13/v1360	SES275	0.241711	-44.6642	-44.906
spk_ver/v13/v1361	SES068	2.41406	-41.571	-43.9851
spk_ver/v13/v1362	SES275	-0.85078	-45.0767	-44.2259
spk_ver/v13/v1363	SES275	-1.13962	-44.7482	-43.6086
spk_ver/v13/v1364	SES275	-0.532837	-46.2932	-45.7604
spk_ver/v13/v1365	SES275	0.938328	-43.8311	-44.7694
spk_ver/v13/v1366	SES187	1.20578	-43.2928	-44.4986
spk_ver/v13/v1367	SES275	-0.619041	-46.423	-45.804
spk_ver/v13/v1368	SES125	1.81602	-42.055	-43.8711
spk_ver/v13/v1369	SES275	-0.272648	-44.1399	-43.8673
spk_ver/v13/v1370	SES292	0.00653839	-43.6451	-43.6516
spk_ver/v13/v1371	SES292	0.196724	-43.8701	-44.0668
spk_ver/v13/v1372	SES292	0.853313	-44.7826	-45.6359
spk_ver/v13/v1373	SES292	-0.168381	-43.5936	-43.4252
spk_ver/v13/v1374	SES101	1.69299	-43.3741	-45.0671
spk_ver/v13/v1375	SES292	0.485752	-45.2518	-45.7375
spk_ver/v13/v1376	SES292	-0.0156403	-43.1682	-43.1526
spk_ver/v13/v1377	SES292	-0.846066	-47.5327	-46.6866
spk_ver/v13/v1378	SES292	0.475708	-43.5825	-44.0582
spk_ver/v13/v1379	SES292	0.313156	-42.9451	-43.2583
spk_ver/v13/v1380	SES292	0.23542	-43.5366	-43.772
spk_ver/v13/v1381	SES292	0.255192	-42.5922	-42.8474
spk_ver/v13/v1382	SES292	-0.494308	-44.7173	-44.223
spk_ver/v13/v1383	SES292	-0.315472	-43.97	-43.6545
spk_ver/v13/v1384	SES292	-0.133858	-43.7692	-43.6353
spk_ver/v13/v1385	SES292	0.218346	-43.5546	-43.773
spk_ver/v13/v1386	SES292	0.708878	-43.7398	-44.4487
spk_ver/v13/v1387	SES158	1.39449	-44.314	-45.7085
spk_ver/v13/v1388	SES292	0.414295	-42.9656	-43.3799
spk_ver/v13/v1389	SES292	0.894695	-42.2206	-43.1153
spk_ver/v13/v1390	SES292	0.173439	-43.6075	-43.7809
spk_ver/v13/v1391	SES292	0.18483	-44.6842	-44.869
spk_ver/v13/v1392	SES292	-0.848942	-45.2556	-44.4067
spk_ver/v13/v1393	SES292	0.471027	-43.7227	-44.1937
spk_ver/v13/v1394	SES292	-0.586868	-46.8681	-46.2812
spk_ver/v13/v1395	SES292	0.301113	-43.0707	-43.3718
spk_ver/v13/v1396	SES117	1.57525	-43.8596	-45.4348
spk_ver/v13/v1397	SES292	-0.277546	-43.5111	-43.2335
spk_ver/v13/v1398	SES292	-0.329323	-45.4887	-45.1594
spk_ver/v13/v1399	SES292	-0.0151978	-42.5752	-42.56
