BLOCK00/SES002/SA002S12	SES002	2.23647	24.1985	21.962
BLOCK00/SES002/SA002S13	SES002	2.11117	23.9378	21.8266
BLOCK00/SES002/SA002S23	SES002	1.15331	23.7435	22.5902
BLOCK00/SES002/SA002S26	SES002	2.25456	25.6256	23.371
BLOCK00/SES002/SA002S28	SES002	0.744583	21.9186	21.174
BLOCK00/SES007/SA007S14	SES007	1.86356	24.4974	22.6339
BLOCK00/SES007/SA007S15	SES007	0.714476	21.8175	21.103
BLOCK00/SES007/SA007S24	SES007	1.33271	22.0194	20.6867
BLOCK00/SES007/SA007S27	SES007	1.00693	21.2088	20.2018
BLOCK00/SES007/SA007S29	SES007	0.589586	22.3663	21.7767
BLOCK00/SES008/SA008S11	SES008	1.65585	22.3735	20.7176
BLOCK00/SES008/SA008S12	SES008	0.84985	21.466	20.6162
BLOCK00/SES008/SA008S19	SES008	2.40688	23.888	21.4811
BLOCK00/SES008/SA008S22	SES008	0.941177	20.9567	20.0155
BLOCK00/SES008/SA008S29	SES008	2.01851	23.9242	21.9057
BLOCK01/SES014/SA014S10	SES014	3.2802	24.0677	20.7875
BLOCK01/SES014/SA014S12	SES014	4.51476	27.7629	23.2482
BLOCK01/SES014/SA014S24	SES014	2.39099	25.3405	22.9495
BLOCK01/SES014/SA014S26	SES014	3.13501	28.446	25.311
BLOCK01/SES014/SA014S28	SES014	4.99509	29.106	24.1109
BLOCK01/SES016/SA016S12	SES016	1.77795	21.1096	19.3316
BLOCK01/SES016/SA016S13	SES016	1.40303	22.7513	21.3483
BLOCK01/SES016/SA016S22	SES016	1.47355	22.6752	21.2017
BLOCK01/SES016/SA016S25	SES016	1.77273	24.5756	22.8028
BLOCK01/SES016/SA016S27	SES016	2.34527	25.6409	23.2956
BLOCK01/SES019/SA019S13	SES019	3.12338	22.4064	19.283
BLOCK01/SES019/SA019S14	SES019	2.47206	22.7472	20.2751
BLOCK01/SES019/SA019S22	SES019	2.94181	22.4483	19.5065
BLOCK01/SES019/SA019S25	SES019	3.12637	23.3681	20.2417
BLOCK01/SES019/SA019S29	SES019	3.30853	23.8361	20.5275
BLOCK02/SES029/SA029S11	SES029	1.63914	22.3898	20.7507
BLOCK02/SES029/SA029S12	SES029	0.514351	22.3877	21.8733
BLOCK02/SES029/SA029S20	SES029	1.61499	22.3513	20.7363
BLOCK02/SES029/SA029S25	SES029	1.13171	23.4307	22.299
BLOCK02/SES029/SA029S28	SES029	0.117609	21.829	21.7113
BLOCK04/SES042/SA042S12	SES042	2.12664	23.9236	21.7969
BLOCK04/SES042/SA042S15	SES042	2.26856	23.6145	21.3459
BLOCK04/SES042/SA042S22	SES042	3.49353	27.3804	23.8869
BLOCK04/SES042/SA042S25	SES042	2.50009	23.6495	21.1494
BLOCK04/SES042/SA042S27	SES042	1.71686	24.5143	22.7974
BLOCK04/SES048/SA048S11	SES048	1.69943	23.2966	21.5972
BLOCK04/SES048/SA048S12	SES048	0.870953	23.272	22.4011
BLOCK04/SES048/SA048S20	SES048	0.729961	22.573	21.843
BLOCK04/SES048/SA048S23	SES048	1.76618	22.318	20.5519
BLOCK04/SES048/SA048S27	SES048	1.45317	24.6517	23.1985
BLOCK06/SES060/SA060S11	SES060	1.71331	23.5501	21.8368
BLOCK06/SES060/SA060S12	SES060	-0.619688	19.1932	19.8129
BLOCK06/SES060/SA060S22	SES060	0.132242	20.0649	19.9326
BLOCK06/SES060/SA060S24	SES060	1.34744	22.821	21.4736
BLOCK06/SES060/SA060S28	SES060	1.01814	24.886	23.8679
BLOCK06/SES062/SA062S10	SES062	1.14674	23.0609	21.9142
BLOCK06/SES062/SA062S11	SES062	1.50708	23.3366	21.8295
BLOCK06/SES062/SA062S21	SES062	2.34284	26.6995	24.3567
BLOCK06/SES062/SA062S26	SES062	1.15717	24.1944	23.0372
BLOCK06/SES062/SA062S29	SES062	1.94849	25.8652	23.9167
BLOCK06/SES068/SA068S14	SES068	0.593283	23.3449	22.7516
BLOCK06/SES068/SA068S15	SES068	1.85569	25.0631	23.2074
BLOCK06/SES068/SA068S23	SES068	0.80731	22.0282	21.2209
BLOCK06/SES068/SA068S27	SES068	2.53271	25.976	23.4433
BLOCK06/SES068/SA068S29	SES068	0.731617	22.9325	22.2009
BLOCK08/SES082/SA082S12	SES082	0.886511	21.8513	20.9648
BLOCK08/SES082/SA082S14	SES082	0.607929	20.8724	20.2645
BLOCK08/SES082/SA082S21	SES082	0.161118	21.102	20.9409
BLOCK08/SES082/SA082S24	SES082	0.826601	23.8165	22.9899
BLOCK08/SES082/SA082S28	SES082	0.839722	22.341	21.5012
BLOCK08/SES083/SA083S14	SES083	-0.0835133	21.863	21.9465
BLOCK08/SES083/SA083S15	SES083	0.914085	23.5609	22.6468
BLOCK08/SES083/SA083S24	SES083	0.969955	23.1906	22.2206
BLOCK08/SES083/SA083S26	SES083	0.679148	22.076	21.3968
BLOCK08/SES083/SA083S29	SES083	0.479599	23.2016	22.722
BLOCK08/SES085/SA085S10	SES085	0.547398	22.7414	22.194
BLOCK08/SES085/SA085S13	SES085	0.462944	22.1707	21.7078
BLOCK08/SES085/SA085S22	SES085	-1.11014	22.3817	23.4918
BLOCK08/SES085/SA085S26	SES085	-0.29484	23.0302	23.325
BLOCK08/SES085/SA085S28	SES085	1.37679	23.3137	21.9369
BLOCK08/SES087/SA087S15	SES087	1.58846	23.0718	21.4833
BLOCK08/SES087/SA087S16	SES087	1.60484	23.2658	21.661
BLOCK08/SES087/SA087S24	SES087	1.91646	23.1249	21.2084
BLOCK08/SES087/SA087S26	SES087	1.24526	24.015	22.7698
BLOCK08/SES087/SA087S29	SES087	2.24629	23.1195	20.8732
BLOCK09/SES099/SA099S15	SES099	2.50528	23.3907	20.8854
BLOCK09/SES099/SA099S16	SES099	2.26006	23.2902	21.0301
BLOCK09/SES099/SA099S24	SES099	1.56755	23.2115	21.6439
BLOCK09/SES099/SA099S26	SES099	2.48362	23.79	21.3063
BLOCK09/SES099/SA099S29	SES099	2.56321	24.6423	22.0791
BLOCK10/SES101/SA101S11	SES101	0.524109	22.2062	21.6821
BLOCK10/SES101/SA101S13	SES101	1.86471	24.7708	22.9061
BLOCK10/SES101/SA101S22	SES101	1.56339	22.8097	21.2463
BLOCK10/SES101/SA101S24	SES101	1.22908	22.7294	21.5003
BLOCK10/SES101/SA101S28	SES101	0.0967102	21.3353	21.2386
BLOCK10/SES104/SA104S11	SES104	1.93613	25.655	23.7189
BLOCK10/SES104/SA104S12	SES104	1.93766	23.8553	21.9177
BLOCK10/SES104/SA104S21	SES104	1.92464	23.5177	21.5931
BLOCK10/SES104/SA104S24	SES104	1.59513	23.7983	22.2031
BLOCK10/SES104/SA104S28	SES104	1.87409	24.6007	22.7267
BLOCK10/SES105/SA105S12	SES105	0.92572	20.8863	19.9606
BLOCK10/SES105/SA105S13	SES105	0.708025	20.5988	19.8907
BLOCK10/SES105/SA105S22	SES105	0.62192	19.8941	19.2722
BLOCK10/SES105/SA105S26	SES105	1.3422	20.9981	19.6559
BLOCK10/SES105/SA105S29	SES105	1.28197	21.9292	20.6473
BLOCK10/SES106/SA106S09	SES106	1.47333	21.783	20.3097
BLOCK10/SES106/SA106S11	SES106	2.14207	23.9078	21.7657
BLOCK10/SES106/SA106S22	SES106	3.95979	25.2969	21.3371
BLOCK10/SES106/SA106S27	SES106	1.49899	22.3411	20.8421
BLOCK10/SES106/SA106S29	SES106	1.7483	22.9648	21.2165
BLOCK11/SES117/SA117S12	SES117	0.521774	21.8586	21.3368
BLOCK11/SES117/SA117S13	SES117	0.55954	22.1394	21.5799
BLOCK11/SES117/SA117S23	SES117	2.05939	20.401	18.3417
BLOCK11/SES117/SA117S25	SES117	1.12738	20.8666	19.7392
BLOCK11/SES117/SA117S28	SES117	1.30978	20.5873	19.2775
BLOCK12/SES120/SA120S08	SES120	0.826664	19.018	18.1914
BLOCK12/SES120/SA120S11	SES120	1.36954	18.1034	16.7339
BLOCK12/SES120/SA120S22	SES120	0.698898	21.5999	20.901
BLOCK12/SES120/SA120S24	SES120	1.47597	20.8003	19.3243
BLOCK12/SES120/SA120S28	SES120	0.641058	17.9319	17.2908
BLOCK12/SES125/SA125S13	SES125	2.41125	23.8657	21.4544
BLOCK12/SES125/SA125S14	SES125	1.13564	22.3164	21.1808
BLOCK12/SES125/SA125S25	SES125	2.13988	24.4683	22.3284
BLOCK12/SES125/SA125S27	SES125	2.55628	25.5051	22.9489
BLOCK12/SES125/SA125S29	SES125	2.11071	23.5761	21.4653
BLOCK12/SES127/SA127S11	SES127	1.27336	22.1007	20.8274
BLOCK12/SES127/SA127S12	SES127	0.463116	21.9544	21.4913
BLOCK12/SES127/SA127S23	SES127	0.808588	22.4521	21.6435
BLOCK12/SES127/SA127S25	SES127	0.200813	21.0867	20.8859
BLOCK12/SES127/SA127S27	SES127	1.15874	22.7604	21.6016
BLOCK12/SES129/SA129S11	SES129	1.96118	24.1597	22.1986
BLOCK12/SES129/SA129S12	SES129	2.06622	23.9855	21.9192
BLOCK12/SES129/SA129S22	SES129	1.472	22.7075	21.2355
BLOCK12/SES129/SA129S27	SES129	1.72908	23.3959	21.6668
BLOCK12/SES129/SA129S29	SES129	1.84055	23.9495	22.1089
BLOCK14/SES142/SA142S11	SES142	2.60704	22.7098	20.1027
BLOCK14/SES142/SA142S12	SES142	0.520977	20.1493	19.6283
BLOCK14/SES142/SA142S24	SES142	2.05321	22.0196	19.9664
BLOCK14/SES142/SA142S27	SES142	1.84295	22.3605	20.5175
BLOCK14/SES142/SA142S29	SES142	2.83809	22.9921	20.154
BLOCK14/SES143/SA143S12	SES143	1.11174	21.0784	19.9666
BLOCK14/SES143/SA143S13	SES143	0.76263	20.7068	19.9441
BLOCK14/SES143/SA143S23	SES143	1.48479	20.8383	19.3535
BLOCK14/SES143/SA143S25	SES143	0.995699	20.8963	19.9006
BLOCK14/SES143/SA143S28	SES143	1.19536	21.1194	19.924
BLOCK14/SES144/SA144S09	SES144	1.27601	23.0517	21.7757
BLOCK14/SES144/SA144S11	SES144	1.6431	21.827	20.1839
BLOCK14/SES144/SA144S21	SES144	0.34256	21.399	21.0564
BLOCK14/SES144/SA144S25	SES144	0.593779	20.1305	19.5367
BLOCK14/SES144/SA144S29	SES144	0.40188	22.0991	21.6972
BLOCK14/SES146/SA146S14	SES146	0.571842	20.192	19.6202
BLOCK14/SES146/SA146S15	SES146	0.806723	20.519	19.7123
BLOCK14/SES146/SA146S24	SES146	0.922606	20.3532	19.4306
BLOCK14/SES146/SA146S26	SES146	1.40741	20.9264	19.519
BLOCK14/SES146/SA146S29	SES146	0.858313	20.2533	19.395
BLOCK14/SES147/SA147S11	SES147	2.0807	21.6591	19.5784
BLOCK14/SES147/SA147S13	SES147	2.34281	22.1592	19.8164
BLOCK14/SES147/SA147S23	SES147	0.414804	20.5355	20.1207
BLOCK14/SES147/SA147S26	SES147	1.39651	21.3389	19.9424
BLOCK14/SES147/SA147S28	SES147	2.13723	22.1034	19.9661
BLOCK14/SES148/SA148S10	SES148	1.60246	20.9965	19.3941
BLOCK14/SES148/SA148S12	SES148	1.46853	20.5729	19.1044
BLOCK14/SES148/SA148S22	SES148	1.91039	22.623	20.7126
BLOCK14/SES148/SA148S26	SES148	-0.0525723	21.431	21.4836
BLOCK14/SES148/SA148S29	SES148	0.611097	20.9657	20.3546
BLOCK14/SES149/SA149S13	SES149	0.195494	21.5708	21.3753
BLOCK14/SES149/SA149S14	SES149	0.748905	22.6628	21.9139
BLOCK14/SES149/SA149S24	SES149	1.83402	23.6944	21.8604
BLOCK14/SES149/SA149S26	SES149	2.33556	24.8707	22.5351
BLOCK14/SES149/SA149S28	SES149	2.7172	25.9848	23.2676
BLOCK15/SES158/SA158S13	SES158	1.93828	21.4825	19.5442
BLOCK15/SES158/SA158S14	SES158	3.02947	22.3015	19.272
BLOCK15/SES158/SA158S23	SES158	1.97062	22.2158	20.2452
BLOCK15/SES158/SA158S26	SES158	2.69617	22.2696	19.5734
BLOCK15/SES158/SA158S28	SES158	1.23136	21.1728	19.9414
BLOCK16/SES162/SA162S10	SES162	0.461462	19.7443	19.2828
BLOCK16/SES162/SA162S11	SES162	0.797525	22.5442	21.7467
BLOCK16/SES162/SA162S21	SES162	1.71559	22.5001	20.7845
BLOCK16/SES162/SA162S24	SES162	1.19245	21.8547	20.6623
BLOCK16/SES162/SA162S27	SES162	1.5822	21.5974	20.0152
BLOCK16/SES167/SA167S14	SES167	1.09906	23.7484	22.6494
BLOCK16/SES167/SA167S15	SES167	1.37342	22.1272	20.7538
BLOCK16/SES167/SA167S21	SES167	2.24604	23.6253	21.3793
BLOCK16/SES167/SA167S25	SES167	2.11739	22.3973	20.2799
BLOCK16/SES167/SA167S29	SES167	2.16736	24.179	22.0117
BLOCK17/SES172/SA172S12	SES172	1.47738	23.1307	21.6534
BLOCK17/SES172/SA172S13	SES172	2.1237	22.8483	20.7246
BLOCK17/SES172/SA172S23	SES172	0.779425	23.8512	23.0717
BLOCK17/SES172/SA172S27	SES172	1.16219	22.8399	21.6778
BLOCK17/SES172/SA172S29	SES172	1.85772	23.7336	21.8758
BLOCK17/SES175/SA175S11	SES175	0.903477	21.9622	21.0587
BLOCK17/SES175/SA175S13	SES175	1.72026	22.8049	21.0846
BLOCK17/SES175/SA175S23	SES175	1.67545	22.8759	21.2004
BLOCK17/SES175/SA175S25	SES175	0.718925	20.3196	19.6007
BLOCK17/SES175/SA175S28	SES175	1.13418	23.2759	22.1418
BLOCK17/SES177/SA177S15	SES177	-0.155514	21.3917	21.5472
BLOCK17/SES177/SA177S17	SES177	0.446775	22.465	22.0183
BLOCK17/SES177/SA177S23	SES177	-0.113356	21.2735	21.3868
BLOCK17/SES177/SA177S26	SES177	0.966951	24.3454	23.3785
BLOCK17/SES177/SA177S28	SES177	1.23296	23.1952	21.9622
BLOCK18/SES180/SA180S13	SES180	-0.0165749	21.0956	21.1122
BLOCK18/SES180/SA180S15	SES180	0.980532	21.433	20.4525
BLOCK18/SES180/SA180S24	SES180	0.809341	23.1289	22.3196
BLOCK18/SES180/SA180S26	SES180	0.249331	22.2446	21.9952
BLOCK18/SES180/SA180S29	SES180	1.44733	22.3956	20.9482
BLOCK18/SES183/SA183S13	SES183	1.46109	20.4394	18.9783
BLOCK18/SES183/SA183S14	SES183	-0.246155	19.7139	19.96
BLOCK18/SES183/SA183S24	SES183	1.44971	19.4904	18.0407
BLOCK18/SES183/SA183S27	SES183	1.61746	20.9118	19.2944
BLOCK18/SES183/SA183S29	SES183	1.18171	21.8363	20.6545
BLOCK18/SES187/SA187S13	SES187	0.959419	22.0799	21.1205
BLOCK18/SES187/SA187S14	SES187	1.20658	21.5324	20.3259
BLOCK18/SES187/SA187S24	SES187	1.62009	22.5344	20.9144
BLOCK18/SES187/SA187S27	SES187	1.17316	22.0916	20.9184
BLOCK18/SES187/SA187S29	SES187	1.87462	23.293	21.4184
BLOCK18/SES189/SA189S10	SES189	2.41731	20.5065	18.0891
BLOCK18/SES189/SA189S13	SES189	2.45666	19.6369	17.1802
BLOCK18/SES189/SA189S24	SES189	3.31075	20.7502	17.4395
BLOCK18/SES189/SA189S26	SES189	1.66647	20.6099	18.9434
BLOCK18/SES189/SA189S29	SES189	2.9198	21.2993	18.3795
BLOCK20/SES202/SA202S12	SES202	1.74044	18.9141	17.1736
BLOCK20/SES202/SA202S14	SES202	2.63534	22.1469	19.5115
BLOCK20/SES202/SA202S24	SES202	1.46259	21.4602	19.9976
BLOCK20/SES202/SA202S27	SES202	1.80119	23.0271	21.2259
BLOCK20/SES202/SA202S29	SES202	2.59242	22.714	20.1216
BLOCK20/SES206/SA206S15	SES206	0.0308342	22.2975	22.2667
BLOCK20/SES206/SA206S17	SES206	2.46085	25.5664	23.1055
BLOCK20/SES206/SA206S24	SES206	2.58578	25.5109	22.9251
BLOCK20/SES206/SA206S27	SES206	2.62997	24.6465	22.0165
BLOCK20/SES206/SA206S29	SES206	1.92055	25.9798	24.0592
BLOCK22/SES226/SA226S12	SES226	1.24432	22.8756	21.6313
BLOCK22/SES226/SA226S13	SES226	-0.281403	20.4579	20.7393
BLOCK22/SES226/SA226S20	SES226	1.38108	22.6349	21.2538
BLOCK22/SES226/SA226S23	SES226	1.25483	22.6508	21.396
BLOCK22/SES226/SA226S28	SES226	2.1329	23.8458	21.7129
BLOCK25/SES259/SA259S13	SES259	4.39057	25.8563	21.4657
BLOCK25/SES259/SA259S14	SES259	3.02889	23.5797	20.5508
BLOCK25/SES259/SA259S22	SES259	2.27465	23.3477	21.0731
BLOCK25/SES259/SA259S24	SES259	2.50238	25.5217	23.0194
BLOCK25/SES259/SA259S28	SES259	2.57383	24.3016	21.7278
BLOCK27/SES270/SA270S14	SES270	2.81877	22.7395	19.9208
BLOCK27/SES270/SA270S16	SES270	1.05085	21.719	20.6681
BLOCK27/SES270/SA270S22	SES270	3.34105	23.7885	20.4475
BLOCK27/SES270/SA270S26	SES270	2.00017	21.1654	19.1653
BLOCK27/SES270/SA270S28	SES270	1.63286	22.6111	20.9782
BLOCK27/SES275/SA275S17	SES275	1.54524	21.5295	19.9842
BLOCK27/SES275/SA275S18	SES275	0.843328	21.8138	20.9704
BLOCK27/SES275/SA275S24	SES275	0.792412	20.4124	19.62
BLOCK27/SES275/SA275S26	SES275	1.44719	22.2006	20.7534
BLOCK27/SES275/SA275S28	SES275	0.66626	21.5786	20.9123
BLOCK29/SES292/SA292S10	SES292	-0.00797462	20.4434	20.4514
BLOCK29/SES292/SA292S12	SES292	0.234154	21.167	20.9329
BLOCK29/SES292/SA292S22	SES292	0.774015	22.9534	22.1794
BLOCK29/SES292/SA292S24	SES292	0.432467	22.3526	21.9202
BLOCK29/SES292/SA292S27	SES292	0.587801	22.6006	22.0128
BLOCK00/SES001/SA001S14	SES062	-2.62307	16.003	18.6261
BLOCK00/SES001/SA001S14	SES082	-3.07746	15.5487	18.6261
BLOCK00/SES001/SA001S14	SES106	-2.95663	15.6695	18.6261
BLOCK00/SES001/SA001S14	SES206	-2.28852	16.3376	18.6261
BLOCK00/SES001/SA001S15	SES062	-2.54087	18.3466	20.8875
BLOCK00/SES001/SA001S15	SES104	-3.02922	17.8583	20.8875
BLOCK00/SES001/SA001S15	SES106	-3.05523	17.8323	20.8875
BLOCK00/SES001/SA001S15	SES206	-2.12837	18.7591	20.8875
BLOCK00/SES001/SA001S24	SES062	-3.21683	15.3095	18.5264
BLOCK00/SES001/SA001S24	SES082	-3.57806	14.9483	18.5264
BLOCK00/SES001/SA001S24	SES087	-2.73607	15.7903	18.5264
BLOCK00/SES001/SA001S24	SES206	-2.44179	16.0846	18.5264
BLOCK00/SES001/SA001S27	SES062	-2.08382	18.8841	20.968
BLOCK00/SES001/SA001S27	SES082	-2.38876	18.5792	20.968
BLOCK00/SES001/SA001S27	SES087	-1.56262	19.4053	20.968
BLOCK00/SES001/SA001S27	SES206	-2.10234	18.8656	20.968
BLOCK00/SES001/SA001S29	SES062	-3.47433	15.9794	19.4537
BLOCK00/SES001/SA001S29	SES082	-2.17278	17.2809	19.4537
BLOCK00/SES001/SA001S29	SES158	-1.54751	17.9062	19.4537
BLOCK00/SES001/SA001S29	SES206	-2.85047	16.6033	19.4537
BLOCK00/SES003/SA003S11	SES002	-0.839451	20.307	21.1465
BLOCK00/SES003/SA003S11	SES019	-1.98895	19.1575	21.1465
BLOCK00/SES003/SA003S11	SES082	-0.637562	20.5089	21.1465
BLOCK00/SES003/SA003S11	SES125	-2.08971	19.0568	21.1465
BLOCK00/SES003/SA003S15	SES016	-2.88527	19.8661	22.7513
BLOCK00/SES003/SA003S15	SES019	-2.55077	20.2006	22.7513
BLOCK00/SES003/SA003S15	SES062	-2.88795	19.8634	22.7513
BLOCK00/SES003/SA003S15	SES206	-2.36497	20.3864	22.7513
BLOCK00/SES003/SA003S22	SES002	-1.72479	19.646	21.3708
BLOCK00/SES003/SA003S22	SES062	-1.70712	19.6637	21.3708
BLOCK00/SES003/SA003S22	SES082	-2.08546	19.2853	21.3708
BLOCK00/SES003/SA003S22	SES087	-2.41801	18.9528	21.3708
BLOCK00/SES003/SA003S25	SES062	-3.62381	17.1292	20.753
BLOCK00/SES003/SA003S25	SES082	-1.96353	18.7895	20.753
BLOCK00/SES003/SA003S25	SES087	-2.50768	18.2453	20.753
BLOCK00/SES003/SA003S25	SES206	-3.14485	17.6082	20.753
BLOCK00/SES003/SA003S29	SES002	-1.80197	18.4225	20.2245
BLOCK00/SES003/SA003S29	SES062	-3.0839	17.1406	20.2245
BLOCK00/SES003/SA003S29	SES082	-1.24257	18.9819	20.2245
BLOCK00/SES003/SA003S29	SES087	-2.40434	17.8201	20.2245
BLOCK00/SES004/SA004S12	SES083	-2.7027	16.9545	19.6572
BLOCK00/SES004/SA004S12	SES148	-2.03434	17.6229	19.6572
BLOCK00/SES004/SA004S12	SES172	-1.49883	18.1584	19.6572
BLOCK00/SES004/SA004S12	SES292	-2.21058	17.4466	19.6572
BLOCK00/SES004/SA004S17	SES083	-2.66761	16.6366	19.3042
BLOCK00/SES004/SA004S17	SES162	-2.13356	17.1706	19.3042
BLOCK00/SES004/SA004S17	SES172	-1.68639	17.6178	19.3042
BLOCK00/SES004/SA004S17	SES292	-2.30894	16.9952	19.3042
BLOCK00/SES004/SA004S24	SES083	-2.53562	17.4523	19.9879
BLOCK00/SES004/SA004S24	SES148	-2.54046	17.4475	19.9879
BLOCK00/SES004/SA004S24	SES172	-1.46292	18.525	19.9879
BLOCK00/SES004/SA004S24	SES292	-1.57884	18.4091	19.9879
BLOCK00/SES004/SA004S26	SES083	-2.81746	16.3499	19.1673
BLOCK00/SES004/SA004S26	SES127	-2.5001	16.6672	19.1673
BLOCK00/SES004/SA004S26	SES148	-3.47457	15.6928	19.1673
BLOCK00/SES004/SA004S26	SES292	-3.07603	16.0913	19.1673
BLOCK00/SES004/SA004S28	SES083	-1.92488	19.7278	21.6526
BLOCK00/SES004/SA004S28	SES127	-2.04823	19.6044	21.6526
BLOCK00/SES004/SA004S28	SES187	-1.74202	19.9106	21.6526
BLOCK00/SES004/SA004S28	SES292	-3.06255	18.5901	21.6526
BLOCK00/SES006/SA006S10	SES014	-5.3788	12.091	17.4698
BLOCK00/SES006/SA006S10	SES158	-3.12133	14.3485	17.4698
BLOCK00/SES006/SA006S10	SES226	-4.94214	12.5277	17.4698
BLOCK00/SES006/SA006S10	SES270	-2.08938	15.3805	17.4698
BLOCK00/SES006/SA006S11	SES158	-2.35327	15.1805	17.5338
BLOCK00/SES006/SA006S11	SES226	-3.52163	14.0122	17.5338
BLOCK00/SES006/SA006S11	SES270	-2.34192	15.1919	17.5338
BLOCK00/SES006/SA006S11	SES275	-2.91224	14.6216	17.5338
BLOCK00/SES006/SA006S23	SES062	-2.81388	16.8726	19.6865
BLOCK00/SES006/SA006S23	SES105	-3.9481	15.7384	19.6865
BLOCK00/SES006/SA006S23	SES158	-2.35114	17.3353	19.6865
BLOCK00/SES006/SA006S23	SES275	-2.9528	16.7337	19.6865
BLOCK00/SES006/SA006S26	SES104	-4.46154	14.6357	19.0972
BLOCK00/SES006/SA006S26	SES158	-2.19881	16.8984	19.0972
BLOCK00/SES006/SA006S26	SES270	-1.60898	17.4882	19.0972
BLOCK00/SES006/SA006S26	SES275	-2.69952	16.3977	19.0972
BLOCK00/SES006/SA006S28	SES007	-3.01745	14.4009	17.4183
BLOCK00/SES006/SA006S28	SES105	-3.18484	14.2335	17.4183
BLOCK00/SES006/SA006S28	SES158	-2.09493	15.3234	17.4183
BLOCK00/SES006/SA006S28	SES275	-3.35179	14.0665	17.4183
BLOCK00/SES009/SA009S12	SES083	-3.17211	18.4376	21.6097
BLOCK00/SES009/SA009S12	SES148	-2.78194	18.8278	21.6097
BLOCK00/SES009/SA009S12	SES177	-1.51347	20.0962	21.6097
BLOCK00/SES009/SA009S12	SES292	-1.68479	19.9249	21.6097
BLOCK00/SES009/SA009S15	SES007	-0.301954	22.2185	22.5204
BLOCK00/SES009/SA009S15	SES099	-4.3188	18.2016	22.5204
BLOCK00/SES009/SA009S15	SES148	-2.27914	20.2413	22.5204
BLOCK00/SES009/SA009S15	SES172	-1.97269	20.5478	22.5204
BLOCK00/SES009/SA009S24	SES146	-1.6305	20.9213	22.5518
BLOCK00/SES009/SA009S24	SES148	-2.9646	19.5872	22.5518
BLOCK00/SES009/SA009S24	SES177	-1.26535	21.2864	22.5518
BLOCK00/SES009/SA009S24	SES292	-1.38393	21.1679	22.5518
BLOCK00/SES009/SA009S26	SES083	-3.43748	18.0198	21.4573
BLOCK00/SES009/SA009S26	SES101	-3.06207	18.3953	21.4573
BLOCK00/SES009/SA009S26	SES120	-2.17826	19.2791	21.4573
BLOCK00/SES009/SA009S26	SES177	-1.64176	19.8156	21.4573
BLOCK00/SES009/SA009S29	SES083	-2.67011	19.6556	22.3257
BLOCK00/SES009/SA009S29	SES101	-2.52951	19.7962	22.3257
BLOCK00/SES009/SA009S29	SES177	-1.41536	20.9104	22.3257
BLOCK00/SES009/SA009S29	SES292	-1.65632	20.6694	22.3257
BLOCK01/SES011/SA011S10	SES019	-1.83863	19.935	21.7736
BLOCK01/SES011/SA011S10	SES042	-1.10552	20.6681	21.7736
BLOCK01/SES011/SA011S10	SES082	-2.54545	19.2281	21.7736
BLOCK01/SES011/SA011S10	SES206	-1.9144	19.8592	21.7736
BLOCK01/SES011/SA011S11	SES019	-2.25772	17.8719	20.1296
BLOCK01/SES011/SA011S11	SES042	-1.76788	18.3617	20.1296
BLOCK01/SES011/SA011S11	SES082	-2.40716	17.7224	20.1296
BLOCK01/SES011/SA011S11	SES206	-1.92993	18.1997	20.1296
BLOCK01/SES011/SA011S22	SES019	-1.16819	19.1989	20.3671
BLOCK01/SES011/SA011S22	SES042	-0.761656	19.6054	20.3671
BLOCK01/SES011/SA011S22	SES082	-1.83588	18.5312	20.3671
BLOCK01/SES011/SA011S22	SES206	-2.37561	17.9915	20.3671
BLOCK01/SES011/SA011S24	SES019	-2.44416	19.0604	21.5046
BLOCK01/SES011/SA011S24	SES042	-0.890594	20.614	21.5046
BLOCK01/SES011/SA011S24	SES104	-2.486	19.0186	21.5046
BLOCK01/SES011/SA011S24	SES206	-2.00235	19.5022	21.5046
BLOCK01/SES011/SA011S27	SES082	-0.947577	19.6964	20.6439
BLOCK01/SES011/SA011S27	SES087	-2.36396	18.28	20.6439
BLOCK01/SES011/SA011S27	SES125	-2.10206	18.5419	20.6439
BLOCK01/SES011/SA011S27	SES206	-2.13461	18.5093	20.6439
BLOCK01/SES012/SA012S11	SES007	-1.2585	22.0322	23.2907
BLOCK01/SES012/SA012S11	SES082	-2.28399	21.0067	23.2907
BLOCK01/SES012/SA012S11	SES083	-2.46473	20.826	23.2907
BLOCK01/SES012/SA012S11	SES206	-1.94406	21.3467	23.2907
BLOCK01/SES012/SA012S14	SES082	-1.11799	21.8561	22.9741
BLOCK01/SES012/SA012S14	SES087	-2.74126	20.2328	22.9741
BLOCK01/SES012/SA012S14	SES206	-1.30533	21.6687	22.9741
BLOCK01/SES012/SA012S14	SES292	-2.21046	20.7636	22.9741
BLOCK01/SES012/SA012S24	SES082	-0.852194	20.9961	21.8483
BLOCK01/SES012/SA012S24	SES087	-2.20814	19.6402	21.8483
BLOCK01/SES012/SA012S24	SES120	-2.68711	19.1612	21.8483
BLOCK01/SES012/SA012S24	SES206	-1.32186	20.5264	21.8483
BLOCK01/SES012/SA012S26	SES019	-4.51805	18.9338	23.4519
BLOCK01/SES012/SA012S26	SES082	-2.72964	20.7222	23.4519
BLOCK01/SES012/SA012S26	SES206	-1.0754	22.3765	23.4519
BLOCK01/SES012/SA012S26	SES292	-1.73269	21.7192	23.4519
BLOCK01/SES012/SA012S29	SES062	-1.88669	21.4207	23.3074
BLOCK01/SES012/SA012S29	SES082	-1.59937	21.708	23.3074
BLOCK01/SES012/SA012S29	SES083	-2.88124	20.4261	23.3074
BLOCK01/SES012/SA012S29	SES206	-1.50973	21.7976	23.3074
BLOCK01/SES013/SA013S16	SES062	-3.46729	17.9563	21.4235
BLOCK01/SES013/SA013S16	SES106	-2.12744	19.2961	21.4235
BLOCK01/SES013/SA013S16	SES206	-2.03965	19.3839	21.4235
BLOCK01/SES013/SA013S16	SES226	-1.28748	20.1361	21.4235
BLOCK01/SES013/SA013S17	SES062	-2.96085	20.0806	23.0415
BLOCK01/SES013/SA013S17	SES106	-2.66607	20.3754	23.0415
BLOCK01/SES013/SA013S17	SES206	-1.42272	21.6187	23.0415
BLOCK01/SES013/SA013S17	SES226	-1.51167	21.5298	23.0415
BLOCK01/SES013/SA013S23	SES104	-2.05666	20.5666	22.6233
BLOCK01/SES013/SA013S23	SES106	-1.56293	21.0604	22.6233
BLOCK01/SES013/SA013S23	SES206	-1.54804	21.0753	22.6233
BLOCK01/SES013/SA013S23	SES270	-1.69649	20.9268	22.6233
BLOCK01/SES013/SA013S25	SES042	-3.01454	20.8169	23.8315
BLOCK01/SES013/SA013S25	SES104	-1.7074	22.1241	23.8315
BLOCK01/SES013/SA013S25	SES106	-1.73034	22.1011	23.8315
BLOCK01/SES013/SA013S25	SES206	-1.38284	22.4486	23.8315
BLOCK01/SES013/SA013S29	SES062	-4.466	18.7602	23.2262
BLOCK01/SES013/SA013S29	SES104	-3.05322	20.1729	23.2262
BLOCK01/SES013/SA013S29	SES106	-2.25614	20.97	23.2262
BLOCK01/SES013/SA013S29	SES206	-2.2257	21.0005	23.2262
BLOCK02/SES021/SA021S13	SES016	-3.61837	19.7615	23.3799
BLOCK02/SES021/SA021S13	SES029	-1.71353	21.6663	23.3799
BLOCK02/SES021/SA021S13	SES087	-1.83043	21.5494	23.3799
BLOCK02/SES021/SA021S13	SES206	-1.94736	21.4325	23.3799
BLOCK02/SES021/SA021S15	SES087	-1.62044	22.9521	24.5725
BLOCK02/SES021/SA021S15	SES125	-1.79018	22.7824	24.5725
BLOCK02/SES021/SA021S15	SES206	-1.75171	22.8208	24.5725
BLOCK02/SES021/SA021S15	SES226	-2.88519	21.6874	24.5725
BLOCK02/SES021/SA021S23	SES062	-3.1532	18.0869	21.2401
BLOCK02/SES021/SA021S23	SES087	-1.53341	19.7067	21.2401
BLOCK02/SES021/SA021S23	SES206	-1.92134	19.3188	21.2401
BLOCK02/SES021/SA021S23	SES226	-1.81437	19.4258	21.2401
BLOCK02/SES021/SA021S27	SES002	-1.52535	20.9673	22.4926
BLOCK02/SES021/SA021S27	SES016	-4.98804	17.5046	22.4926
BLOCK02/SES021/SA021S27	SES019	-2.15918	20.3334	22.4926
BLOCK02/SES021/SA021S27	SES062	-1.92029	20.5723	22.4926
BLOCK02/SES021/SA021S29	SES087	-2.17884	21.3859	23.5647
BLOCK02/SES021/SA021S29	SES125	-1.7347	21.83	23.5647
BLOCK02/SES021/SA021S29	SES206	-1.7422	21.8225	23.5647
BLOCK02/SES021/SA021S29	SES226	-3.10129	20.4634	23.5647
BLOCK04/SES043/SA043S09	SES083	-2.64352	16.7336	19.3771
BLOCK04/SES043/SA043S09	SES101	-3.18064	16.1965	19.3771
BLOCK04/SES043/SA043S09	SES144	-1.48013	17.897	19.3771
BLOCK04/SES043/SA043S09	SES172	-3.07939	16.2977	19.3771
BLOCK04/SES043/SA043S11	SES083	-1.0617	20.2637	21.3254
BLOCK04/SES043/SA043S11	SES101	-2.20683	19.1185	21.3254
BLOCK04/SES043/SA043S11	SES144	-1.22669	20.0987	21.3254
BLOCK04/SES043/SA043S11	SES172	-1.70905	19.6163	21.3254
BLOCK04/SES043/SA043S23	SES083	-1.64264	18.7424	20.3851
BLOCK04/SES043/SA043S23	SES144	-0.392323	19.9928	20.3851
BLOCK04/SES043/SA043S23	SES177	-3.20594	17.1791	20.3851
BLOCK04/SES043/SA043S23	SES275	-1.28798	19.0971	20.3851
BLOCK04/SES043/SA043S26	SES083	-1.64889	18.3332	19.9821
BLOCK04/SES043/SA043S26	SES101	-2.08381	17.8983	19.9821
BLOCK04/SES043/SA043S26	SES144	-0.715273	19.2668	19.9821
BLOCK04/SES043/SA043S26	SES177	-2.34043	17.6416	19.9821
BLOCK04/SES043/SA043S28	SES016	-2.43762	19.1796	21.6172
BLOCK04/SES043/SA043S28	SES083	-1.29939	20.3178	21.6172
BLOCK04/SES043/SA043S28	SES101	-1.43358	20.1836	21.6172
BLOCK04/SES043/SA043S28	SES144	-1.37133	20.2459	21.6172
BLOCK04/SES044/SA044S10	SES127	-2.83887	14.5871	17.426
BLOCK04/SES044/SA044S10	SES144	-1.52839	15.8976	17.426
BLOCK04/SES044/SA044S10	SES147	-3.33301	14.093	17.426
BLOCK04/SES044/SA044S10	SES148	-2.69087	14.7351	17.426
BLOCK04/SES044/SA044S11	SES101	-2.03255	17.024	19.0565
BLOCK04/SES044/SA044S11	SES144	-0.590595	18.4659	19.0565
BLOCK04/SES044/SA044S11	SES147	-2.61336	16.4432	19.0565
BLOCK04/SES044/SA044S11	SES177	-2.88871	16.1678	19.0565
BLOCK04/SES044/SA044S24	SES007	-3.48771	16.1987	19.6865
BLOCK04/SES044/SA044S24	SES101	-2.15413	17.5323	19.6865
BLOCK04/SES044/SA044S24	SES147	-3.48444	16.202	19.6865
BLOCK04/SES044/SA044S24	SES177	-2.28144	17.405	19.6865
BLOCK04/SES044/SA044S26	SES007	-2.74259	17.6479	20.3905
BLOCK04/SES044/SA044S26	SES016	-1.82565	18.5649	20.3905
BLOCK04/SES044/SA044S26	SES101	-2.52246	17.8681	20.3905
BLOCK04/SES044/SA044S26	SES147	-1.93112	18.4594	20.3905
BLOCK04/SES044/SA044S29	SES007	-2.9734	17.6409	20.6143
BLOCK04/SES044/SA044S29	SES101	-0.765812	19.8485	20.6143
BLOCK04/SES044/SA044S29	SES147	-2.54195	18.0724	20.6143
BLOCK04/SES044/SA044S29	SES177	-2.70201	17.9123	20.6143
BLOCK04/SES046/SA046S13	SES101	-2.87928	16.6873	19.5666
BLOCK04/SES046/SA046S13	SES144	-1.39911	18.1675	19.5666
BLOCK04/SES046/SA046S13	SES147	-2.90651	16.6601	19.5666
BLOCK04/SES046/SA046S13	SES177	-2.11195	17.4547	19.5666
BLOCK04/SES046/SA046S15	SES048	-1.73468	20.1178	21.8525
BLOCK04/SES046/SA046S15	SES083	-1.28098	20.5715	21.8525
BLOCK04/SES046/SA046S15	SES120	-3.32884	18.5237	21.8525
BLOCK04/SES046/SA046S15	SES148	-2.37675	19.4758	21.8525
BLOCK04/SES046/SA046S22	SES101	-1.88885	18.6256	20.5145
BLOCK04/SES046/SA046S22	SES144	-1.2364	19.2781	20.5145
BLOCK04/SES046/SA046S22	SES147	-2.73918	17.7753	20.5145
BLOCK04/SES046/SA046S22	SES172	-2.06354	18.4509	20.5145
BLOCK04/SES046/SA046S25	SES083	-1.51057	18.3606	19.8712
BLOCK04/SES046/SA046S25	SES127	-1.99842	17.8728	19.8712
BLOCK04/SES046/SA046S25	SES144	-2.48043	17.3908	19.8712
BLOCK04/SES046/SA046S25	SES148	-2.18624	17.685	19.8712
BLOCK04/SES046/SA046S28	SES007	-3.84463	15.7117	19.5564
BLOCK04/SES046/SA046S28	SES105	-2.4664	17.09	19.5564
BLOCK04/SES046/SA046S28	SES147	-2.91237	16.644	19.5564
BLOCK04/SES046/SA046S28	SES148	-1.62082	17.9355	19.5564
BLOCK04/SES049/SA049S16	SES104	-2.55522	17.6648	20.22
BLOCK04/SES049/SA049S16	SES106	-1.76203	18.458	20.22
BLOCK04/SES049/SA049S16	SES120	-3.10916	17.1108	20.22
BLOCK04/SES049/SA049S16	SES206	-2.07056	18.1494	20.22
BLOCK04/SES049/SA049S18	SES099	-1.54947	18.4251	19.9746
BLOCK04/SES049/SA049S18	SES104	-2.85347	17.1211	19.9746
BLOCK04/SES049/SA049S18	SES125	-2.8661	17.1085	19.9746
BLOCK04/SES049/SA049S18	SES206	-2.25051	17.7241	19.9746
BLOCK04/SES049/SA049S25	SES087	-1.47823	19.9456	21.4238
BLOCK04/SES049/SA049S25	SES104	-1.50913	19.9147	21.4238
BLOCK04/SES049/SA049S25	SES125	-2.13262	19.2912	21.4238
BLOCK04/SES049/SA049S25	SES206	-0.70298	20.7208	21.4238
BLOCK04/SES049/SA049S27	SES099	-1.18434	19.4758	20.6602
BLOCK04/SES049/SA049S27	SES104	-1.39732	19.2628	20.6602
BLOCK04/SES049/SA049S27	SES125	-2.19747	18.4627	20.6602
BLOCK04/SES049/SA049S27	SES206	-2.09683	18.5633	20.6602
BLOCK04/SES049/SA049S29	SES099	-0.923855	21.3498	22.2737
BLOCK04/SES049/SA049S29	SES104	-0.673248	21.6004	22.2737
BLOCK04/SES049/SA049S29	SES125	-1.44472	20.8289	22.2737
BLOCK04/SES049/SA049S29	SES206	-0.874443	21.3992	22.2737
BLOCK06/SES063/SA063S09	SES068	-2.24273	19.7482	21.991
BLOCK06/SES063/SA063S09	SES083	-1.57974	20.4112	21.991
BLOCK06/SES063/SA063S09	SES177	-1.50991	20.4811	21.991
BLOCK06/SES063/SA063S09	SES187	-1.75444	20.2365	21.991
BLOCK06/SES063/SA063S10	SES068	-2.54025	18.8507	21.3909
BLOCK06/SES063/SA063S10	SES083	-1.61696	19.774	21.3909
BLOCK06/SES063/SA063S10	SES172	-1.443	19.9479	21.3909
BLOCK06/SES063/SA063S10	SES187	-1.85434	19.5366	21.3909
BLOCK06/SES063/SA063S20	SES068	-2.64855	18.2053	20.8539
BLOCK06/SES063/SA063S20	SES083	-1.09722	19.7566	20.8539
BLOCK06/SES063/SA063S20	SES172	-1.00751	19.8463	20.8539
BLOCK06/SES063/SA063S20	SES187	-1.25191	19.6019	20.8539
BLOCK06/SES063/SA063S24	SES029	-2.31095	19.4821	21.793
BLOCK06/SES063/SA063S24	SES083	-0.875237	20.9178	21.793
BLOCK06/SES063/SA063S24	SES177	-1.56096	20.2321	21.793
BLOCK06/SES063/SA063S24	SES189	-1.23059	20.5624	21.793
BLOCK06/SES063/SA063S27	SES083	-0.552393	20.0228	20.5752
BLOCK06/SES063/SA063S27	SES172	-1.03772	19.5374	20.5752
BLOCK06/SES063/SA063S27	SES187	-1.64673	18.9284	20.5752
BLOCK06/SES063/SA063S27	SES292	-2.52781	18.0474	20.5752
BLOCK06/SES067/SA067S12	SES083	-2.18385	19.0805	21.2643
BLOCK06/SES067/SA067S12	SES172	-2.55552	18.7088	21.2643
BLOCK06/SES067/SA067S12	SES202	-1.32086	19.9435	21.2643
BLOCK06/SES067/SA067S12	SES292	-1.91378	19.3506	21.2643
BLOCK06/SES067/SA067S14	SES085	-2.40858	19.6918	22.1004
BLOCK06/SES067/SA067S14	SES177	-2.47145	19.6289	22.1004
BLOCK06/SES067/SA067S14	SES183	-1.86488	20.2355	22.1004
BLOCK06/SES067/SA067S14	SES202	-1.4447	20.6557	22.1004
BLOCK06/SES067/SA067S21	SES144	-1.18872	19.3003	20.489
BLOCK06/SES067/SA067S21	SES177	-1.20336	19.2857	20.489
BLOCK06/SES067/SA067S21	SES183	-2.73324	17.7558	20.489
BLOCK06/SES067/SA067S21	SES189	-0.915298	19.5737	20.489
BLOCK06/SES067/SA067S25	SES085	-1.14307	20.2907	21.4338
BLOCK06/SES067/SA067S25	SES177	-1.37758	20.0562	21.4338
BLOCK06/SES067/SA067S25	SES183	-2.01294	19.4209	21.4338
BLOCK06/SES067/SA067S25	SES202	-1.88754	19.5463	21.4338
BLOCK06/SES067/SA067S29	SES085	-2.04633	20.0467	22.093
BLOCK06/SES067/SA067S29	SES177	-1.77728	20.3158	22.093
BLOCK06/SES067/SA067S29	SES183	-1.72928	20.3638	22.093
BLOCK06/SES067/SA067S29	SES202	-1.31473	20.7783	22.093
BLOCK06/SES069/SA069S12	SES029	-3.13883	19.4789	22.6178
BLOCK06/SES069/SA069S12	SES082	-0.716736	21.901	22.6178
BLOCK06/SES069/SA069S12	SES087	-1.94673	20.671	22.6178
BLOCK06/SES069/SA069S12	SES206	-0.869547	21.7482	22.6178
BLOCK06/SES069/SA069S13	SES029	-3.474	19.1271	22.6011
BLOCK06/SES069/SA069S13	SES087	-1.68053	20.9206	22.6011
BLOCK06/SES069/SA069S13	SES206	-1.31153	21.2896	22.6011
BLOCK06/SES069/SA069S13	SES226	-0.869993	21.7311	22.6011
BLOCK06/SES069/SA069S23	SES029	-1.39537	23.0583	24.4537
BLOCK06/SES069/SA069S23	SES087	-1.05184	23.4019	24.4537
BLOCK06/SES069/SA069S23	SES206	-1.29934	23.1544	24.4537
BLOCK06/SES069/SA069S23	SES226	-0.721016	23.7327	24.4537
BLOCK06/SES069/SA069S25	SES087	-1.33134	21.686	23.0174
BLOCK06/SES069/SA069S25	SES206	-2.7969	20.2205	23.0174
BLOCK06/SES069/SA069S25	SES226	-1.08651	21.9308	23.0174
BLOCK06/SES069/SA069S25	SES270	-2.08723	20.9301	23.0174
BLOCK06/SES069/SA069S27	SES087	-2.46804	20.8853	23.3534
BLOCK06/SES069/SA069S27	SES206	-0.993717	22.3596	23.3534
BLOCK06/SES069/SA069S27	SES226	-0.520443	22.8329	23.3534
BLOCK06/SES069/SA069S27	SES270	-1.73507	21.6183	23.3534
BLOCK08/SES081/SA081S11	SES060	-2.90768	17.4718	20.3794
BLOCK08/SES081/SA081S11	SES062	-2.74174	17.6377	20.3794
BLOCK08/SES081/SA081S11	SES117	-2.81604	17.5634	20.3794
BLOCK08/SES081/SA081S11	SES162	-2.7596	17.6198	20.3794
BLOCK08/SES081/SA081S13	SES016	-1.78198	20.296	22.078
BLOCK08/SES081/SA081S13	SES060	-0.754265	21.3237	22.078
BLOCK08/SES081/SA081S13	SES068	-1.3833	20.6947	22.078
BLOCK08/SES081/SA081S13	SES129	-2.92078	19.1572	22.078
BLOCK08/SES081/SA081S24	SES060	-2.15139	18.4716	20.623
BLOCK08/SES081/SA081S24	SES068	-1.84994	18.773	20.623
BLOCK08/SES081/SA081S24	SES117	-2.57686	18.0461	20.623
BLOCK08/SES081/SA081S24	SES275	-2.65411	17.9689	20.623
BLOCK08/SES081/SA081S27	SES007	-1.75712	18.6327	20.3899
BLOCK08/SES081/SA081S27	SES060	-2.64306	17.7468	20.3899
BLOCK08/SES081/SA081S27	SES117	-1.24791	19.1419	20.3899
BLOCK08/SES081/SA081S27	SES275	-2.02454	18.3653	20.3899
BLOCK08/SES081/SA081S29	SES007	-1.77407	19.8203	21.5944
BLOCK08/SES081/SA081S29	SES060	-1.65928	19.9351	21.5944
BLOCK08/SES081/SA081S29	SES117	-2.04776	19.5467	21.5944
BLOCK08/SES081/SA081S29	SES275	-2.46216	19.1323	21.5944
BLOCK08/SES086/SA086S11	SES029	-4.19159	15.6735	19.8651
BLOCK08/SES086/SA086S11	SES082	-2.08087	17.7842	19.8651
BLOCK08/SES086/SA086S11	SES087	-0.823101	19.042	19.8651
BLOCK08/SES086/SA086S11	SES206	-2.54398	17.3211	19.8651
BLOCK08/SES086/SA086S12	SES029	-3.24268	18.235	21.4777
BLOCK08/SES086/SA086S12	SES082	-2.27303	19.2046	21.4777
BLOCK08/SES086/SA086S12	SES087	-0.208704	21.269	21.4777
BLOCK08/SES086/SA086S12	SES206	-1.7003	19.7774	21.4777
BLOCK08/SES086/SA086S20	SES029	-3.75319	18.8048	22.558
BLOCK08/SES086/SA086S20	SES082	-2.66497	19.893	22.558
BLOCK08/SES086/SA086S20	SES087	0.165869	22.7239	22.558
BLOCK08/SES086/SA086S20	SES206	-1.13666	21.4213	22.558
BLOCK08/SES086/SA086S24	SES087	-0.259291	21.1526	21.4119
BLOCK08/SES086/SA086S24	SES104	-2.2822	19.1297	21.4119
BLOCK08/SES086/SA086S24	SES120	-3.08074	18.3312	21.4119
BLOCK08/SES086/SA086S24	SES206	-0.394196	21.0177	21.4119
BLOCK08/SES086/SA086S28	SES029	-2.91298	18.6554	21.5684
BLOCK08/SES086/SA086S28	SES082	-2.02652	19.5419	21.5684
BLOCK08/SES086/SA086S28	SES087	-0.583277	20.9851	21.5684
BLOCK08/SES086/SA086S28	SES206	-1.19575	20.3726	21.5684
BLOCK08/SES089/SA089S13	SES087	-2.00803	18.8103	20.8183
BLOCK08/SES089/SA089S13	SES206	-2.20214	18.6162	20.8183
BLOCK08/SES089/SA089S13	SES226	-1.26239	19.5559	20.8183
BLOCK08/SES089/SA089S13	SES270	-3.06116	17.7572	20.8183
BLOCK08/SES089/SA089S14	SES062	-3.3179	17.6731	20.991
BLOCK08/SES089/SA089S14	SES087	-1.20181	19.7892	20.991
BLOCK08/SES089/SA089S14	SES206	-2.17271	18.8183	20.991
BLOCK08/SES089/SA089S14	SES226	-1.94787	19.0432	20.991
BLOCK08/SES089/SA089S23	SES087	-1.43806	17.8329	19.271
BLOCK08/SES089/SA089S23	SES206	-1.94448	17.3265	19.271
BLOCK08/SES089/SA089S23	SES226	-1.24764	18.0233	19.271
BLOCK08/SES089/SA089S23	SES270	-2.64212	16.6289	19.271
BLOCK08/SES089/SA089S25	SES062	-3.28959	18.2657	21.5553
BLOCK08/SES089/SA089S25	SES087	-1.1234	20.4319	21.5553
BLOCK08/SES089/SA089S25	SES206	-2.51912	19.0362	21.5553
BLOCK08/SES089/SA089S25	SES226	-1.55058	20.0047	21.5553
BLOCK08/SES089/SA089S28	SES062	-1.74271	19.3893	21.1321
BLOCK08/SES089/SA089S28	SES087	-0.588089	20.544	21.1321
BLOCK08/SES089/SA089S28	SES206	-1.25918	19.8729	21.1321
BLOCK08/SES089/SA089S28	SES226	-0.787395	20.3447	21.1321
BLOCK09/SES097/SA097S11	SES099	-0.214853	20.7657	20.9806
BLOCK09/SES097/SA097S11	SES125	-2.50546	18.4751	20.9806
BLOCK09/SES097/SA097S11	SES206	-1.33484	19.6457	20.9806
BLOCK09/SES097/SA097S11	SES226	-0.342058	20.6385	20.9806
BLOCK09/SES097/SA097S14	SES062	-2.12361	18.1863	20.3099
BLOCK09/SES097/SA097S14	SES099	-1.43672	18.8732	20.3099
BLOCK09/SES097/SA097S14	SES104	-2.57974	17.7302	20.3099
BLOCK09/SES097/SA097S14	SES206	-2.6367	17.6732	20.3099
BLOCK09/SES097/SA097S22	SES099	0.367708	21.5452	21.1775
BLOCK09/SES097/SA097S22	SES206	-1.1416	20.0359	21.1775
BLOCK09/SES097/SA097S22	SES226	-1.53904	19.6385	21.1775
BLOCK09/SES097/SA097S22	SES270	-0.79777	20.3798	21.1775
BLOCK09/SES097/SA097S26	SES099	-1.29997	21.3336	22.6336
BLOCK09/SES097/SA097S26	SES120	-3.27192	19.3617	22.6336
BLOCK09/SES097/SA097S26	SES206	-2.53477	20.0988	22.6336
BLOCK09/SES097/SA097S26	SES226	-3.18163	19.452	22.6336
BLOCK09/SES097/SA097S28	SES099	-0.864782	20.2531	21.1179
BLOCK09/SES097/SA097S28	SES120	-2.27993	18.838	21.1179
BLOCK09/SES097/SA097S28	SES206	-2.19715	18.9208	21.1179
BLOCK09/SES097/SA097S28	SES226	-3.00856	18.1094	21.1179
BLOCK09/SES098/SA098S11	SES127	-3.38458	15.7583	19.1429
BLOCK09/SES098/SA098S11	SES144	-2.40915	16.7337	19.1429
BLOCK09/SES098/SA098S11	SES147	-1.53896	17.6039	19.1429
BLOCK09/SES098/SA098S11	SES148	-4.17774	14.9651	19.1429
BLOCK09/SES098/SA098S12	SES127	-5.97082	12.5144	18.4852
BLOCK09/SES098/SA098S12	SES144	-3.44676	15.0384	18.4852
BLOCK09/SES098/SA098S12	SES147	-2.25876	16.2264	18.4852
BLOCK09/SES098/SA098S12	SES189	-1.12777	17.3574	18.4852
BLOCK09/SES098/SA098S20	SES127	-4.8152	14.4499	19.2651
BLOCK09/SES098/SA098S20	SES147	-2.73203	16.5331	19.2651
BLOCK09/SES098/SA098S20	SES148	-5.24974	14.0154	19.2651
BLOCK09/SES098/SA098S20	SES292	-4.57791	14.6872	19.2651
BLOCK09/SES098/SA098S23	SES127	-2.68454	17.7277	20.4123
BLOCK09/SES098/SA098S23	SES147	-1.60214	18.8101	20.4123
BLOCK09/SES098/SA098S23	SES187	-1.30043	19.1118	20.4123
BLOCK09/SES098/SA098S23	SES292	-2.18594	18.2263	20.4123
BLOCK09/SES098/SA098S27	SES127	-4.36496	14.6013	18.9663
BLOCK09/SES098/SA098S27	SES147	-3.2251	15.7412	18.9663
BLOCK09/SES098/SA098S27	SES148	-3.8451	15.1212	18.9663
BLOCK09/SES098/SA098S27	SES292	-2.81857	16.1477	18.9663
BLOCK10/SES102/SA102S13	SES101	-0.618351	18.3427	18.9611
BLOCK10/SES102/SA102S13	SES105	-1.33498	17.6261	18.9611
BLOCK10/SES102/SA102S13	SES120	-2.69209	16.269	18.9611
BLOCK10/SES102/SA102S13	SES158	-3.27478	15.6863	18.9611
BLOCK10/SES102/SA102S14	SES007	-0.97261	20.6371	21.6097
BLOCK10/SES102/SA102S14	SES101	-0.147831	21.4619	21.6097
BLOCK10/SES102/SA102S14	SES105	-0.40333	21.2064	21.6097
BLOCK10/SES102/SA102S14	SES147	-3.28779	18.3219	21.6097
BLOCK10/SES102/SA102S22	SES007	-1.79966	18.8667	20.6663
BLOCK10/SES102/SA102S22	SES101	-0.324017	20.3423	20.6663
BLOCK10/SES102/SA102S22	SES105	-0.631908	20.0344	20.6663
BLOCK10/SES102/SA102S22	SES158	-2.89698	17.7694	20.6663
BLOCK10/SES102/SA102S25	SES007	-1.32358	20.4447	21.7683
BLOCK10/SES102/SA102S25	SES101	-0.346973	21.4213	21.7683
BLOCK10/SES102/SA102S25	SES105	-1.33247	20.4358	21.7683
BLOCK10/SES102/SA102S25	SES147	-3.96678	17.8015	21.7683
BLOCK10/SES102/SA102S27	SES007	-1.96157	18.7866	20.7481
BLOCK10/SES102/SA102S27	SES101	-0.435112	20.313	20.7481
BLOCK10/SES102/SA102S27	SES105	-1.31897	19.4292	20.7481
BLOCK10/SES102/SA102S27	SES147	-3.12653	17.6216	20.7481
BLOCK10/SES103/SA103S14	SES105	-2.93828	16.6415	19.5797
BLOCK10/SES103/SA103S14	SES106	-1.60439	17.9753	19.5797
BLOCK10/SES103/SA103S14	SES120	-3.49653	16.0832	19.5797
BLOCK10/SES103/SA103S14	SES206	-2.55748	17.0223	19.5797
BLOCK10/SES103/SA103S15	SES099	-2.32257	16.0398	18.3623
BLOCK10/SES103/SA103S15	SES101	-5.10193	13.2604	18.3623
BLOCK10/SES103/SA103S15	SES104	-2.38091	15.9814	18.3623
BLOCK10/SES103/SA103S15	SES125	-2.41386	15.9485	18.3623
BLOCK10/SES103/SA103S24	SES104	-2.37014	18.8907	21.2609
BLOCK10/SES103/SA103S24	SES125	-2.63997	18.6209	21.2609
BLOCK10/SES103/SA103S24	SES148	-3.87579	17.3851	21.2609
BLOCK10/SES103/SA103S24	SES158	-1.9795	19.2814	21.2609
BLOCK10/SES103/SA103S26	SES104	-2.88592	15.5279	18.4138
BLOCK10/SES103/SA103S26	SES106	-1.81707	16.5967	18.4138
BLOCK10/SES103/SA103S26	SES125	-3.08292	15.3309	18.4138
BLOCK10/SES103/SA103S26	SES148	-4.95988	13.4539	18.4138
BLOCK10/SES103/SA103S28	SES104	-3.34677	14.8376	18.1844
BLOCK10/SES103/SA103S28	SES106	-1.99138	16.193	18.1844
BLOCK10/SES103/SA103S28	SES125	-3.48386	14.7005	18.1844
BLOCK10/SES103/SA103S28	SES206	-3.89838	14.286	18.1844
BLOCK12/SES121/SA121S12	SES042	-3.11909	12.9881	16.1071
BLOCK12/SES121/SA121S12	SES087	-2.50152	13.6056	16.1071
BLOCK12/SES121/SA121S12	SES105	-1.01416	15.093	16.1071
BLOCK12/SES121/SA121S12	SES206	-2.31097	13.7962	16.1071
BLOCK12/SES121/SA121S14	SES007	-2.63366	14.3146	16.9483
BLOCK12/SES121/SA121S14	SES105	-2.12018	14.8281	16.9483
BLOCK12/SES121/SA121S14	SES106	-2.4117	14.5366	16.9483
BLOCK12/SES121/SA121S14	SES206	-2.57784	14.3704	16.9483
BLOCK12/SES121/SA121S23	SES105	-2.01101	14.1171	16.1282
BLOCK12/SES121/SA121S23	SES106	-2.11117	14.017	16.1282
BLOCK12/SES121/SA121S23	SES120	-2.48639	13.6418	16.1282
BLOCK12/SES121/SA121S23	SES206	-2.32373	13.8044	16.1282
BLOCK12/SES121/SA121S25	SES007	-1.99338	12.9565	14.9499
BLOCK12/SES121/SA121S25	SES105	-2.28488	12.665	14.9499
BLOCK12/SES121/SA121S25	SES106	-1.99487	12.955	14.9499
BLOCK12/SES121/SA121S25	SES206	-3.20082	11.749	14.9499
BLOCK12/SES121/SA121S27	SES087	-1.22594	15.6898	16.9157
BLOCK12/SES121/SA121S27	SES105	-3.05604	13.8597	16.9157
BLOCK12/SES121/SA121S27	SES120	-1.3198	15.5959	16.9157
BLOCK12/SES121/SA121S27	SES206	-2.68908	14.2266	16.9157
BLOCK12/SES124/SA124S16	SES042	-0.81435	18.891	19.7054
BLOCK12/SES124/SA124S16	SES082	-2.23874	17.4666	19.7054
BLOCK12/SES124/SA124S16	SES183	-2.68399	17.0214	19.7054
BLOCK12/SES124/SA124S16	SES206	-2.87095	16.8344	19.7054
BLOCK12/SES124/SA124S17	SES105	-2.3934	15.5713	17.9647
BLOCK12/SES124/SA124S17	SES149	-3.86697	14.0977	17.9647
BLOCK12/SES124/SA124S17	SES158	-3.54929	14.4154	17.9647
BLOCK12/SES124/SA124S17	SES275	-1.86634	16.0983	17.9647
BLOCK12/SES124/SA124S23	SES105	-2.61602	19.1354	21.7514
BLOCK12/SES124/SA124S23	SES125	-0.52317	21.2283	21.7514
BLOCK12/SES124/SA124S23	SES129	-3.15347	18.598	21.7514
BLOCK12/SES124/SA124S23	SES158	-1.5127	20.2387	21.7514
BLOCK12/SES124/SA124S26	SES105	-3.20991	18.4004	21.6103
BLOCK12/SES124/SA124S26	SES125	-1.70728	19.903	21.6103
BLOCK12/SES124/SA124S26	SES129	-3.55849	18.0518	21.6103
BLOCK12/SES124/SA124S26	SES158	-2.39529	19.215	21.6103
BLOCK12/SES124/SA124S28	SES104	-1.71123	19.3386	21.0498
BLOCK12/SES124/SA124S28	SES106	-1.60713	19.4427	21.0498
BLOCK12/SES124/SA124S28	SES125	-0.889265	20.1606	21.0498
BLOCK12/SES124/SA124S28	SES275	-2.96538	18.0844	21.0498
BLOCK12/SES126/SA126S13	SES007	-2.25109	16.5877	18.8388
BLOCK12/SES126/SA126S13	SES162	-2.27157	16.5672	18.8388
BLOCK12/SES126/SA126S13	SES177	-1.43441	17.4044	18.8388
BLOCK12/SES126/SA126S13	SES180	-2.20594	16.6328	18.8388
BLOCK12/SES126/SA126S14	SES144	-1.31666	20.4517	21.7684
BLOCK12/SES126/SA126S14	SES148	-1.98505	19.7834	21.7684
BLOCK12/SES126/SA126S14	SES177	-0.879536	20.8889	21.7684
BLOCK12/SES126/SA126S14	SES180	-2.15031	19.6181	21.7684
BLOCK12/SES126/SA126S20	SES007	-3.91991	15.3327	19.2526
BLOCK12/SES126/SA126S20	SES162	-3.9362	15.3164	19.2526
BLOCK12/SES126/SA126S20	SES172	-5.67278	13.5798	19.2526
BLOCK12/SES126/SA126S20	SES180	-3.71836	15.5343	19.2526
BLOCK12/SES126/SA126S24	SES120	-1.99385	19.7405	21.7343
BLOCK12/SES126/SA126S24	SES162	-2.27318	19.4612	21.7343
BLOCK12/SES126/SA126S24	SES177	-1.27907	20.4553	21.7343
BLOCK12/SES126/SA126S24	SES180	-1.31783	20.4165	21.7343
BLOCK12/SES126/SA126S26	SES120	-0.942822	20.0167	20.9595
BLOCK12/SES126/SA126S26	SES177	-1.31028	19.6492	20.9595
BLOCK12/SES126/SA126S26	SES180	-1.81656	19.1429	20.9595
BLOCK12/SES126/SA126S26	SES202	-1.82886	19.1306	20.9595
BLOCK12/SES128/SA128S10	SES087	-2.64675	18.9549	21.6017
BLOCK12/SES128/SA128S10	SES206	-1.65214	19.9495	21.6017
BLOCK12/SES128/SA128S10	SES226	-1.17873	20.4229	21.6017
BLOCK12/SES128/SA128S10	SES270	-1.374	20.2277	21.6017
BLOCK12/SES128/SA128S12	SES120	-2.22221	18.6176	20.8398
BLOCK12/SES128/SA128S12	SES158	-2.83662	18.0031	20.8398
BLOCK12/SES128/SA128S12	SES206	-1.9152	18.9246	20.8398
BLOCK12/SES128/SA128S12	SES226	-1.93393	18.9058	20.8398
BLOCK12/SES128/SA128S21	SES106	-3.89199	15.6525	19.5445
BLOCK12/SES128/SA128S21	SES120	-2.88246	16.662	19.5445
BLOCK12/SES128/SA128S21	SES206	-2.92746	16.617	19.5445
BLOCK12/SES128/SA128S21	SES226	-1.5464	17.9981	19.5445
BLOCK12/SES128/SA128S24	SES087	-2.34543	17.8674	20.2128
BLOCK12/SES128/SA128S24	SES120	-2.08642	18.1264	20.2128
BLOCK12/SES128/SA128S24	SES206	-2.21223	18.0006	20.2128
BLOCK12/SES128/SA128S24	SES226	-1.98876	18.224	20.2128
BLOCK12/SES128/SA128S27	SES099	-1.55478	20.1375	21.6923
BLOCK12/SES128/SA128S27	SES120	-1.87372	19.8186	21.6923
BLOCK12/SES128/SA128S27	SES206	-2.13383	19.5585	21.6923
BLOCK12/SES128/SA128S27	SES226	-1.61138	20.0809	21.6923
BLOCK13/SES130/SA130S13	SES143	-2.09507	17.7577	19.8528
BLOCK13/SES130/SA130S13	SES144	-0.834158	19.0187	19.8528
BLOCK13/SES130/SA130S13	SES146	-1.88325	17.9696	19.8528
BLOCK13/SES130/SA130S13	SES275	-3.14272	16.7101	19.8528
BLOCK13/SES130/SA130S15	SES143	-2.4683	19.1698	21.6381
BLOCK13/SES130/SA130S15	SES144	-1.06251	20.5756	21.6381
BLOCK13/SES130/SA130S15	SES146	-1.2731	20.365	21.6381
BLOCK13/SES130/SA130S15	SES275	-2.24601	19.3921	21.6381
BLOCK13/SES130/SA130S23	SES127	-2.202	17.2201	19.4221
BLOCK13/SES130/SA130S23	SES144	-2.04641	17.3757	19.4221
BLOCK13/SES130/SA130S23	SES146	-1.11495	18.3072	19.4221
BLOCK13/SES130/SA130S23	SES162	-1.79213	17.63	19.4221
BLOCK13/SES130/SA130S25	SES127	-1.45255	19.9592	21.4118
BLOCK13/SES130/SA130S25	SES144	-1.42902	19.9828	21.4118
BLOCK13/SES130/SA130S25	SES146	-0.982761	20.429	21.4118
BLOCK13/SES130/SA130S25	SES275	-1.14285	20.2689	21.4118
BLOCK13/SES130/SA130S28	SES127	-1.55617	19.0907	20.6469
BLOCK13/SES130/SA130S28	SES144	-1.72565	18.9213	20.6469
BLOCK13/SES130/SA130S28	SES146	-1.1841	19.4628	20.6469
BLOCK13/SES130/SA130S28	SES275	-1.36804	19.2789	20.6469
BLOCK13/SES131/SA131S13	SES002	-2.21739	15.5266	17.744
BLOCK13/SES131/SA131S13	SES007	-2.73839	15.0056	17.744
BLOCK13/SES131/SA131S13	SES099	-2.57675	15.1673	17.744
BLOCK13/SES131/SA131S13	SES105	-2.15266	15.5914	17.744
BLOCK13/SES131/SA131S14	SES104	-0.866539	18.0221	18.8886
BLOCK13/SES131/SA131S14	SES106	-1.73129	17.1573	18.8886
BLOCK13/SES131/SA131S14	SES125	-2.08976	16.7989	18.8886
BLOCK13/SES131/SA131S14	SES148	-1.766	17.1226	18.8886
BLOCK13/SES131/SA131S20	SES104	-3.28335	14.4051	17.6885
BLOCK13/SES131/SA131S20	SES106	-2.87096	14.8175	17.6885
BLOCK13/SES131/SA131S20	SES125	-3.30206	14.3864	17.6885
BLOCK13/SES131/SA131S20	SES148	-2.2487	15.4398	17.6885
BLOCK13/SES131/SA131S22	SES099	-2.92071	16.4361	19.3568
BLOCK13/SES131/SA131S22	SES104	-2.53959	16.8172	19.3568
BLOCK13/SES131/SA131S22	SES125	-2.79251	16.5643	19.3568
BLOCK13/SES131/SA131S22	SES206	-3.09157	16.2652	19.3568
BLOCK13/SES131/SA131S29	SES087	-2.37028	15.67	18.0403
BLOCK13/SES131/SA131S29	SES104	-3.25985	14.7804	18.0403
BLOCK13/SES131/SA131S29	SES125	-3.41662	14.6237	18.0403
BLOCK13/SES131/SA131S29	SES206	-3.31602	14.7243	18.0403
BLOCK13/SES132/SA132S11	SES083	-2.29964	19.4558	21.7555
BLOCK13/SES132/SA132S11	SES120	-0.847748	20.9077	21.7555
BLOCK13/SES132/SA132S11	SES127	-1.8531	19.9024	21.7555
BLOCK13/SES132/SA132S11	SES275	-1.85062	19.9049	21.7555
BLOCK13/SES132/SA132S12	SES083	-2.95253	18.1877	21.1403
BLOCK13/SES132/SA132S12	SES143	-1.97451	19.1657	21.1403
BLOCK13/SES132/SA132S12	SES144	-1.79571	19.3445	21.1403
BLOCK13/SES132/SA132S12	SES148	-1.38774	19.7525	21.1403
BLOCK13/SES132/SA132S22	SES062	-1.5097	19.9949	21.5046
BLOCK13/SES132/SA132S22	SES083	-1.67287	19.8318	21.5046
BLOCK13/SES132/SA132S22	SES127	-1.42951	20.0751	21.5046
BLOCK13/SES132/SA132S22	SES275	-1.52427	19.9804	21.5046
BLOCK13/SES132/SA132S24	SES007	-1.46569	20.6095	22.0752
BLOCK13/SES132/SA132S24	SES083	-2.36028	19.715	22.0752
BLOCK13/SES132/SA132S24	SES127	-2.1628	19.9124	22.0752
BLOCK13/SES132/SA132S24	SES275	-1.63724	20.438	22.0752
BLOCK13/SES132/SA132S27	SES083	-2.55298	18.3896	20.9426
BLOCK13/SES132/SA132S27	SES120	-0.386675	20.5559	20.9426
BLOCK13/SES132/SA132S27	SES127	-2.29831	18.6443	20.9426
BLOCK13/SES132/SA132S27	SES275	-2.04747	18.8951	20.9426
BLOCK14/SES141/SA141S09	SES143	-1.1444	19.9358	21.0802
BLOCK14/SES141/SA141S09	SES144	-0.919802	20.1604	21.0802
BLOCK14/SES141/SA141S09	SES162	-1.85527	19.2249	21.0802
BLOCK14/SES141/SA141S09	SES180	-1.38746	19.6928	21.0802
BLOCK14/SES141/SA141S15	SES127	-1.58183	19.0775	20.6593
BLOCK14/SES141/SA141S15	SES144	-1.56634	19.093	20.6593
BLOCK14/SES141/SA141S15	SES162	-1.99946	18.6598	20.6593
BLOCK14/SES141/SA141S15	SES180	-1.41388	19.2454	20.6593
BLOCK14/SES141/SA141S24	SES127	-1.25231	20.1191	21.3714
BLOCK14/SES141/SA141S24	SES144	-2.10204	19.2694	21.3714
BLOCK14/SES141/SA141S24	SES162	-1.6439	19.7275	21.3714
BLOCK14/SES141/SA141S24	SES183	-1.98094	19.3905	21.3714
BLOCK14/SES141/SA141S26	SES142	-1.44878	19.7082	21.157
BLOCK14/SES141/SA141S26	SES144	-1.73917	19.4178	21.157
BLOCK14/SES141/SA141S26	SES172	-0.859797	20.2972	21.157
BLOCK14/SES141/SA141S26	SES180	-1.31116	19.8458	21.157
BLOCK14/SES141/SA141S29	SES127	-0.859871	20.4743	21.3342
BLOCK14/SES141/SA141S29	SES142	-0.703684	20.6305	21.3342
BLOCK14/SES141/SA141S29	SES144	-1.70484	19.6294	21.3342
BLOCK14/SES141/SA141S29	SES180	-1.06348	20.2707	21.3342
BLOCK15/SES157/SA157S08	SES083	-2.46836	18.5039	20.9723
BLOCK15/SES157/SA157S08	SES127	-1.53218	19.4401	20.9723
BLOCK15/SES157/SA157S08	SES148	-1.89843	19.0739	20.9723
BLOCK15/SES157/SA157S08	SES292	-2.25268	18.7196	20.9723
BLOCK15/SES157/SA157S11	SES083	-3.00936	18.0154	21.0247
BLOCK15/SES157/SA157S11	SES127	-2.59752	18.4272	21.0247
BLOCK15/SES157/SA157S11	SES148	-2.47554	18.5492	21.0247
BLOCK15/SES157/SA157S11	SES292	-3.44208	17.5826	21.0247
BLOCK15/SES157/SA157S21	SES127	-1.62409	20.3818	22.0059
BLOCK15/SES157/SA157S21	SES148	-0.841536	21.1644	22.0059
BLOCK15/SES157/SA157S21	SES158	-5.31571	16.6902	22.0059
BLOCK15/SES157/SA157S21	SES292	-2.0874	19.9185	22.0059
BLOCK15/SES157/SA157S24	SES127	-1.40003	20.6558	22.0559
BLOCK15/SES157/SA157S24	SES148	-1.70916	20.3467	22.0559
BLOCK15/SES157/SA157S24	SES183	-2.37337	19.6825	22.0559
BLOCK15/SES157/SA157S24	SES292	-2.44632	19.6095	22.0559
BLOCK15/SES157/SA157S26	SES007	-1.42751	19.6858	21.1133
BLOCK15/SES157/SA157S26	SES127	-1.38907	19.7242	21.1133
BLOCK15/SES157/SA157S26	SES147	-2.63705	18.4762	21.1133
BLOCK15/SES157/SA157S26	SES148	-1.38391	19.7294	21.1133
BLOCK16/SES161/SA161S10	SES007	-2.16384	16.3544	18.5182
BLOCK16/SES161/SA161S10	SES105	-1.88855	16.6296	18.5182
BLOCK16/SES161/SA161S10	SES158	-1.94972	16.5685	18.5182
BLOCK16/SES161/SA161S10	SES275	-1.76597	16.7522	18.5182
BLOCK16/SES161/SA161S12	SES007	-2.57318	16.1601	18.7333
BLOCK16/SES161/SA161S12	SES105	-3.20156	15.5317	18.7333
BLOCK16/SES161/SA161S12	SES158	-1.91319	16.8201	18.7333
BLOCK16/SES161/SA161S12	SES275	-1.92884	16.8045	18.7333
BLOCK16/SES161/SA161S20	SES007	-2.40247	15.5519	17.9544
BLOCK16/SES161/SA161S20	SES105	-2.59733	15.357	17.9544
BLOCK16/SES161/SA161S20	SES158	-1.46817	16.4862	17.9544
BLOCK16/SES161/SA161S20	SES275	-2.1811	15.7732	17.9544
BLOCK16/SES161/SA161S23	SES007	-2.80309	15.8707	18.6738
BLOCK16/SES161/SA161S23	SES105	-2.05743	16.6163	18.6738
BLOCK16/SES161/SA161S23	SES148	-2.23723	16.4365	18.6738
BLOCK16/SES161/SA161S23	SES158	-2.14906	16.5247	18.6738
BLOCK16/SES161/SA161S28	SES007	-3.1055	16.7483	19.8538
BLOCK16/SES161/SA161S28	SES105	-3.21882	16.635	19.8538
BLOCK16/SES161/SA161S28	SES158	-1.63938	18.2144	19.8538
BLOCK16/SES161/SA161S28	SES206	-2.14011	17.7137	19.8538
BLOCK16/SES164/SA164S11	SES104	-2.60146	19.663	22.2645
BLOCK16/SES164/SA164S11	SES125	-1.99489	20.2696	22.2645
BLOCK16/SES164/SA164S11	SES158	-1.58773	20.6767	22.2645
BLOCK16/SES164/SA164S11	SES206	-2.22858	20.0359	22.2645
BLOCK16/SES164/SA164S13	SES099	-1.45402	19.4126	20.8667
BLOCK16/SES164/SA164S13	SES104	-2.4597	18.407	20.8667
BLOCK16/SES164/SA164S13	SES125	-2.9572	17.9095	20.8667
BLOCK16/SES164/SA164S13	SES206	-1.80084	19.0658	20.8667
BLOCK16/SES164/SA164S24	SES002	-0.974522	20.6241	21.5986
BLOCK16/SES164/SA164S24	SES099	-1.84181	19.7568	21.5986
BLOCK16/SES164/SA164S24	SES125	-3.40397	18.1947	21.5986
BLOCK16/SES164/SA164S24	SES226	-0.717634	20.881	21.5986
BLOCK16/SES164/SA164S27	SES087	-2.07209	19.2395	21.3116
BLOCK16/SES164/SA164S27	SES125	-2.46866	18.843	21.3116
BLOCK16/SES164/SA164S27	SES206	-1.88904	19.4226	21.3116
BLOCK16/SES164/SA164S27	SES226	-1.72359	19.5881	21.3116
BLOCK16/SES164/SA164S29	SES002	-0.00242043	20.7108	20.7132
BLOCK16/SES164/SA164S29	SES019	-1.96036	18.7528	20.7132
BLOCK16/SES164/SA164S29	SES125	-1.78902	18.9242	20.7132
BLOCK16/SES164/SA164S29	SES226	-2.11037	18.6028	20.7132
BLOCK16/SES169/SA169S13	SES117	-1.96912	18.329	20.2981
BLOCK16/SES169/SA169S13	SES144	-1.79708	18.501	20.2981
BLOCK16/SES169/SA169S13	SES146	-1.34343	18.9546	20.2981
BLOCK16/SES169/SA169S13	SES162	-1.57781	18.7203	20.2981
BLOCK16/SES169/SA169S14	SES144	-2.18407	19.1172	21.3013
BLOCK16/SES169/SA169S14	SES148	-1.68291	19.6184	21.3013
BLOCK16/SES169/SA169S14	SES177	-1.65057	19.6507	21.3013
BLOCK16/SES169/SA169S14	SES180	-2.14136	19.1599	21.3013
BLOCK16/SES169/SA169S24	SES117	-1.98279	17.1858	19.1686
BLOCK16/SES169/SA169S24	SES144	-1.24883	17.9198	19.1686
BLOCK16/SES169/SA169S24	SES146	-0.987513	18.1811	19.1686
BLOCK16/SES169/SA169S24	SES162	-1.59668	17.5719	19.1686
BLOCK16/SES169/SA169S27	SES127	-1.30889	18.8082	20.1171
BLOCK16/SES169/SA169S27	SES129	-1.26772	18.8494	20.1171
BLOCK16/SES169/SA169S27	SES144	-2.0302	18.0869	20.1171
BLOCK16/SES169/SA169S27	SES146	-0.586441	19.5306	20.1171
BLOCK16/SES169/SA169S29	SES144	-1.32956	19.5498	20.8794
BLOCK16/SES169/SA169S29	SES162	-0.972387	19.907	20.8794
BLOCK16/SES169/SA169S29	SES177	-2.19023	18.6891	20.8794
BLOCK16/SES169/SA169S29	SES180	-1.42622	19.4531	20.8794
BLOCK17/SES171/SA171S12	SES083	-1.84544	18.2473	20.0928
BLOCK17/SES171/SA171S12	SES148	-2.52281	17.57	20.0928
BLOCK17/SES171/SA171S12	SES172	-2.23402	17.8588	20.0928
BLOCK17/SES171/SA171S12	SES292	-2.52824	17.5645	20.0928
BLOCK17/SES171/SA171S15	SES148	-2.22771	16.4866	18.7143
BLOCK17/SES171/SA171S15	SES177	-1.82166	16.8926	18.7143
BLOCK17/SES171/SA171S15	SES180	-4.81683	13.8974	18.7143
BLOCK17/SES171/SA171S15	SES292	-4.70989	14.0044	18.7143
BLOCK17/SES171/SA171S22	SES007	-1.93581	19.0337	20.9695
BLOCK17/SES171/SA171S22	SES148	-1.89064	19.0788	20.9695
BLOCK17/SES171/SA171S22	SES177	-0.958199	20.0113	20.9695
BLOCK17/SES171/SA171S22	SES180	-2.91463	18.0548	20.9695
BLOCK17/SES171/SA171S25	SES101	-3.77105	16.1551	19.9262
BLOCK17/SES171/SA171S25	SES120	-4.9697	14.9565	19.9262
BLOCK17/SES171/SA171S25	SES177	-2.38004	17.5462	19.9262
BLOCK17/SES171/SA171S25	SES180	-3.93185	15.9943	19.9262
BLOCK17/SES171/SA171S27	SES177	-1.32979	18.9289	20.2587
BLOCK17/SES171/SA171S27	SES180	-3.27753	16.9811	20.2587
BLOCK17/SES171/SA171S27	SES189	-1.56337	18.6953	20.2587
BLOCK17/SES171/SA171S27	SES292	-2.77563	17.483	20.2587
BLOCK17/SES173/SA173S13	SES162	-4.00142	15.3201	19.3215
BLOCK17/SES173/SA173S13	SES177	-2.06518	17.2563	19.3215
BLOCK17/SES173/SA173S13	SES180	-3.17127	16.1502	19.3215
BLOCK17/SES173/SA173S13	SES292	-2.24564	17.0758	19.3215
BLOCK17/SES173/SA173S14	SES007	-2.65616	15.532	18.1881
BLOCK17/SES173/SA173S14	SES162	-3.50301	14.6851	18.1881
BLOCK17/SES173/SA173S14	SES177	-1.93551	16.2526	18.1881
BLOCK17/SES173/SA173S14	SES180	-3.17123	15.0169	18.1881
BLOCK17/SES173/SA173S24	SES144	-2.25588	15.8002	18.0561
BLOCK17/SES173/SA173S24	SES162	-3.21283	14.8432	18.0561
BLOCK17/SES173/SA173S24	SES177	-1.72842	16.3277	18.0561
BLOCK17/SES173/SA173S24	SES180	-3.13358	14.9225	18.0561
BLOCK17/SES173/SA173S27	SES162	-4.28628	15.4289	19.7152
BLOCK17/SES173/SA173S27	SES177	-2.21916	17.496	19.7152
BLOCK17/SES173/SA173S27	SES180	-3.72408	15.9911	19.7152
BLOCK17/SES173/SA173S27	SES292	-2.36225	17.3529	19.7152
BLOCK17/SES173/SA173S29	SES162	-3.58066	15.4197	19.0003
BLOCK17/SES173/SA173S29	SES175	-2.18007	16.8202	19.0003
BLOCK17/SES173/SA173S29	SES177	-2.01964	16.9807	19.0003
BLOCK17/SES173/SA173S29	SES292	-4.3027	14.6976	19.0003
BLOCK18/SES182/SA182S10	SES144	-1.87123	18.3026	20.1738
BLOCK18/SES182/SA182S10	SES177	-1.92974	18.2441	20.1738
BLOCK18/SES182/SA182S10	SES180	-2.74063	17.4332	20.1738
BLOCK18/SES182/SA182S10	SES275	-0.909227	19.2646	20.1738
BLOCK18/SES182/SA182S12	SES144	-1.48637	18.4554	19.9418
BLOCK18/SES182/SA182S12	SES177	-1.43131	18.5105	19.9418
BLOCK18/SES182/SA182S12	SES180	-1.79646	18.1453	19.9418
BLOCK18/SES182/SA182S12	SES275	-0.827549	19.1143	19.9418
BLOCK18/SES182/SA182S21	SES117	-1.28519	17.8499	19.1351
BLOCK18/SES182/SA182S21	SES144	-1.56721	17.5679	19.1351
BLOCK18/SES182/SA182S21	SES162	-0.808891	18.3262	19.1351
BLOCK18/SES182/SA182S21	SES180	-2.16291	16.9722	19.1351
BLOCK18/SES182/SA182S23	SES117	-1.25659	18.6414	19.898
BLOCK18/SES182/SA182S23	SES144	-2.20142	17.6966	19.898
BLOCK18/SES182/SA182S23	SES180	-2.68689	17.2111	19.898
BLOCK18/SES182/SA182S23	SES275	-1.22231	18.6757	19.898
BLOCK18/SES182/SA182S25	SES007	-0.70376	19.2312	19.935
BLOCK18/SES182/SA182S25	SES162	-1.18402	18.7509	19.935
BLOCK18/SES182/SA182S25	SES177	-1.33597	18.599	19.935
BLOCK18/SES182/SA182S25	SES180	-1.92539	18.0096	19.935
BLOCK18/SES184/SA184S12	SES177	-2.35084	19.0702	21.421
BLOCK18/SES184/SA184S12	SES180	-2.21847	19.2025	21.421
BLOCK18/SES184/SA184S12	SES189	-3.00539	18.4156	21.421
BLOCK18/SES184/SA184S12	SES292	-2.16741	19.2536	21.421
BLOCK18/SES184/SA184S13	SES101	-2.27468	18.7603	21.035
BLOCK18/SES184/SA184S13	SES177	-1.96389	19.0711	21.035
BLOCK18/SES184/SA184S13	SES180	-1.9406	19.0944	21.035
BLOCK18/SES184/SA184S13	SES292	-2.53363	18.5013	21.035
BLOCK18/SES184/SA184S22	SES177	-2.1702	20.4204	22.5906
BLOCK18/SES184/SA184S22	SES180	-2.10285	20.4878	22.5906
BLOCK18/SES184/SA184S22	SES189	-3.28044	19.3102	22.5906
BLOCK18/SES184/SA184S22	SES292	-2.108	20.4826	22.5906
BLOCK18/SES184/SA184S25	SES101	-1.52307	21.359	22.8821
BLOCK18/SES184/SA184S25	SES177	-2.3578	20.5243	22.8821
BLOCK18/SES184/SA184S25	SES180	-1.50889	21.3732	22.8821
BLOCK18/SES184/SA184S25	SES292	-1.37173	21.5103	22.8821
BLOCK18/SES184/SA184S27	SES083	-1.56743	19.0768	20.6442
BLOCK18/SES184/SA184S27	SES177	-1.25538	19.3888	20.6442
BLOCK18/SES184/SA184S27	SES202	-1.61592	19.0283	20.6442
BLOCK18/SES184/SA184S27	SES292	-1.75234	18.8919	20.6442
BLOCK20/SES204/SA204S12	SES062	-1.63751	20.2833	21.9208
BLOCK20/SES204/SA204S12	SES083	-3.03484	18.8859	21.9208
BLOCK20/SES204/SA204S12	SES206	-1.82672	20.0941	21.9208
BLOCK20/SES204/SA204S12	SES226	-3.07527	18.8455	21.9208
BLOCK20/SES204/SA204S14	SES068	-1.99902	21.208	23.207
BLOCK20/SES204/SA204S14	SES087	-0.806499	22.4005	23.207
BLOCK20/SES204/SA204S14	SES206	-2.7474	20.4596	23.207
BLOCK20/SES204/SA204S14	SES226	-2.96687	20.2401	23.207
BLOCK20/SES204/SA204S22	SES068	-2.56516	19.592	22.1571
BLOCK20/SES204/SA204S22	SES082	-3.77916	18.378	22.1571
BLOCK20/SES204/SA204S22	SES083	-4.19106	17.9661	22.1571
BLOCK20/SES204/SA204S22	SES206	-2.58978	19.5673	22.1571
BLOCK20/SES204/SA204S25	SES062	-2.55482	19.6467	22.2015
BLOCK20/SES204/SA204S25	SES083	-3.3469	18.8546	22.2015
BLOCK20/SES204/SA204S25	SES206	-1.92186	20.2796	22.2015
BLOCK20/SES204/SA204S25	SES226	-2.67741	19.5241	22.2015
BLOCK20/SES204/SA204S27	SES068	-2.14051	19.3423	21.4828
BLOCK20/SES204/SA204S27	SES082	-3.39631	18.0865	21.4828
BLOCK20/SES204/SA204S27	SES087	-1.1985	20.2843	21.4828
BLOCK20/SES204/SA204S27	SES206	-1.92009	19.5628	21.4828
BLOCK20/SES207/SA207S10	SES127	-1.40534	18.368	19.7734
BLOCK20/SES207/SA207S10	SES183	-1.90563	17.8677	19.7734
BLOCK20/SES207/SA207S10	SES189	-1.95221	17.8212	19.7734
BLOCK20/SES207/SA207S10	SES292	-1.80356	17.9698	19.7734
BLOCK20/SES207/SA207S11	SES127	-2.59714	16.9559	19.553
BLOCK20/SES207/SA207S11	SES183	-1.90524	17.6478	19.553
BLOCK20/SES207/SA207S11	SES187	-2.0543	17.4987	19.553
BLOCK20/SES207/SA207S11	SES292	-1.68216	17.8709	19.553
BLOCK20/SES207/SA207S25	SES068	-2.50652	17.7286	20.2351
BLOCK20/SES207/SA207S25	SES083	-2.31153	17.9236	20.2351
BLOCK20/SES207/SA207S25	SES127	-1.28821	18.9469	20.2351
BLOCK20/SES207/SA207S25	SES187	-1.43324	18.8019	20.2351
BLOCK20/SES207/SA207S27	SES127	-2.23032	16.4244	18.6547
BLOCK20/SES207/SA207S27	SES183	-1.64392	17.0108	18.6547
BLOCK20/SES207/SA207S27	SES187	-2.30019	16.3545	18.6547
BLOCK20/SES207/SA207S27	SES292	-2.48664	16.1681	18.6547
BLOCK20/SES207/SA207S29	SES083	-2.46483	17.8659	20.3307
BLOCK20/SES207/SA207S29	SES085	-1.334	18.9967	20.3307
BLOCK20/SES207/SA207S29	SES172	-1.53796	18.7927	20.3307
BLOCK20/SES207/SA207S29	SES189	-2.40077	17.9299	20.3307
BLOCK22/SES221/SA221S12	SES068	-2.09489	19.3104	21.4053
BLOCK22/SES221/SA221S12	SES143	-2.184	19.2213	21.4053
BLOCK22/SES221/SA221S12	SES175	-1.40805	19.9972	21.4053
BLOCK22/SES221/SA221S12	SES202	-1.97019	19.4351	21.4053
BLOCK22/SES221/SA221S15	SES085	-3.09827	16.6539	19.7522
BLOCK22/SES221/SA221S15	SES143	-3.07621	16.676	19.7522
BLOCK22/SES221/SA221S15	SES175	-1.78763	17.9645	19.7522
BLOCK22/SES221/SA221S15	SES187	-3.01538	16.7368	19.7522
BLOCK22/SES221/SA221S23	SES068	-2.7655	18.3009	21.0664
BLOCK22/SES221/SA221S23	SES143	-3.02374	18.0427	21.0664
BLOCK22/SES221/SA221S23	SES175	-1.72037	19.3461	21.0664
BLOCK22/SES221/SA221S23	SES189	-0.588526	20.4779	21.0664
BLOCK22/SES221/SA221S27	SES085	-3.54814	17.4479	20.9961
BLOCK22/SES221/SA221S27	SES143	-2.68644	18.3096	20.9961
BLOCK22/SES221/SA221S27	SES175	-1.80718	19.1889	20.9961
BLOCK22/SES221/SA221S27	SES189	-0.475248	20.5208	20.9961
BLOCK22/SES221/SA221S29	SES085	-4.83632	14.9424	19.7787
BLOCK22/SES221/SA221S29	SES143	-3.99472	15.784	19.7787
BLOCK22/SES221/SA221S29	SES175	-1.90448	17.8742	19.7787
BLOCK22/SES221/SA221S29	SES187	-2.04809	17.7306	19.7787
BLOCK22/SES223/SA223S11	SES143	-1.70215	17.6581	19.3602
BLOCK22/SES223/SA223S11	SES144	-2.89962	16.4606	19.3602
BLOCK22/SES223/SA223S11	SES175	-0.924854	18.4354	19.3602
BLOCK22/SES223/SA223S11	SES187	-2.46225	16.898	19.3602
BLOCK22/SES223/SA223S13	SES068	-2.56937	15.8008	18.3702
BLOCK22/SES223/SA223S13	SES143	-2.95205	15.4182	18.3702
BLOCK22/SES223/SA223S13	SES146	-3.09781	15.2724	18.3702
BLOCK22/SES223/SA223S13	SES202	-2.3577	16.0125	18.3702
BLOCK22/SES223/SA223S22	SES143	-1.89218	18.0131	19.9053
BLOCK22/SES223/SA223S22	SES144	-3.05698	16.8483	19.9053
BLOCK22/SES223/SA223S22	SES175	-2.46094	17.4444	19.9053
BLOCK22/SES223/SA223S22	SES187	-2.13597	17.7693	19.9053
BLOCK22/SES223/SA223S25	SES068	-2.2699	18.5066	20.7765
BLOCK22/SES223/SA223S25	SES143	-2.51939	18.2571	20.7765
BLOCK22/SES223/SA223S25	SES175	-1.5312	19.2453	20.7765
BLOCK22/SES223/SA223S25	SES187	-2.24111	18.5354	20.7765
BLOCK22/SES223/SA223S27	SES143	-2.4877	16.5958	19.0835
BLOCK22/SES223/SA223S27	SES146	-2.33484	16.7486	19.0835
BLOCK22/SES223/SA223S27	SES187	-2.35335	16.7301	19.0835
BLOCK22/SES223/SA223S27	SES292	-4.46348	14.62	19.0835
BLOCK27/SES273/SA273S12	SES099	-0.765644	23.574	24.3397
BLOCK27/SES273/SA273S12	SES104	-1.43442	22.9052	24.3397
BLOCK27/SES273/SA273S12	SES125	-1.98857	22.3511	24.3397
BLOCK27/SES273/SA273S12	SES206	-0.740425	23.5992	24.3397
BLOCK27/SES273/SA273S13	SES099	-1.01626	23.8097	24.8259
BLOCK27/SES273/SA273S13	SES104	-1.74435	23.0816	24.8259
BLOCK27/SES273/SA273S13	SES206	-1.07694	23.749	24.8259
BLOCK27/SES273/SA273S13	SES292	-2.44838	22.3775	24.8259
BLOCK27/SES273/SA273S21	SES099	-0.402428	23.7408	24.1432
BLOCK27/SES273/SA273S21	SES148	-3.51878	20.6244	24.1432
BLOCK27/SES273/SA273S21	SES149	-1.93156	22.2116	24.1432
BLOCK27/SES273/SA273S21	SES177	-2.67691	21.4663	24.1432
BLOCK27/SES273/SA273S25	SES104	-1.8032	21.6726	23.4758
BLOCK27/SES273/SA273S25	SES125	-2.17028	21.3055	23.4758
BLOCK27/SES273/SA273S25	SES158	-0.759886	22.7159	23.4758
BLOCK27/SES273/SA273S25	SES206	-0.0601521	23.4157	23.4758
BLOCK27/SES273/SA273S27	SES099	-0.659393	22.0667	22.7261
BLOCK27/SES273/SA273S27	SES104	-1.70337	21.0227	22.7261
BLOCK27/SES273/SA273S27	SES149	-1.62218	21.1039	22.7261
BLOCK27/SES273/SA273S27	SES275	-2.224	20.5021	22.7261
BLOCK27/SES274/SA274S10	SES105	-2.47442	19.4652	21.9396
BLOCK27/SES274/SA274S10	SES125	-3.32774	18.6119	21.9396
BLOCK27/SES274/SA274S10	SES129	-0.997372	20.9422	21.9396
BLOCK27/SES274/SA274S10	SES158	-4.31401	17.6256	21.9396
BLOCK27/SES274/SA274S11	SES105	-1.85614	19.9114	21.7675
BLOCK27/SES274/SA274S11	SES149	-2.81808	18.9494	21.7675
BLOCK27/SES274/SA274S11	SES158	-3.09344	18.6741	21.7675
BLOCK27/SES274/SA274S11	SES275	-0.879404	20.8881	21.7675
BLOCK27/SES274/SA274S21	SES105	-2.72994	19.4432	22.1732
BLOCK27/SES274/SA274S21	SES129	-1.17114	21.002	22.1732
BLOCK27/SES274/SA274S21	SES149	-2.74386	19.4293	22.1732
BLOCK27/SES274/SA274S21	SES158	-5.41868	16.7545	22.1732
BLOCK27/SES274/SA274S24	SES105	-2.17116	20.9977	23.1689
BLOCK27/SES274/SA274S24	SES129	-0.774019	22.3949	23.1689
BLOCK27/SES274/SA274S24	SES149	-3.12344	20.0455	23.1689
BLOCK27/SES274/SA274S24	SES158	-4.65634	18.5126	23.1689
BLOCK27/SES274/SA274S29	SES105	-2.33978	18.7407	21.0804
BLOCK27/SES274/SA274S29	SES106	-4.25228	16.8282	21.0804
BLOCK27/SES274/SA274S29	SES120	-1.87027	19.2102	21.0804
BLOCK27/SES274/SA274S29	SES275	-1.62308	19.4574	21.0804
BLOCK27/SES276/SA276S16	SES148	-2.22018	18.8662	21.0864
BLOCK27/SES276/SA276S16	SES172	-1.76777	19.3186	21.0864
BLOCK27/SES276/SA276S16	SES180	-2.8472	18.2392	21.0864
BLOCK27/SES276/SA276S16	SES292	-2.05032	19.036	21.0864
BLOCK27/SES276/SA276S17	SES101	-2.38375	18.7211	21.1048
BLOCK27/SES276/SA276S17	SES177	-2.42222	18.6826	21.1048
BLOCK27/SES276/SA276S17	SES180	-2.14473	18.9601	21.1048
BLOCK27/SES276/SA276S17	SES292	-2.44492	18.6599	21.1048
BLOCK27/SES276/SA276S24	SES101	-1.20951	20.7198	21.9294
BLOCK27/SES276/SA276S24	SES177	-1.65647	20.2729	21.9294
BLOCK27/SES276/SA276S24	SES180	-2.37121	19.5581	21.9294
BLOCK27/SES276/SA276S24	SES292	-3.18806	18.7413	21.9294
BLOCK27/SES276/SA276S26	SES101	-2.59217	19.984	22.5762
BLOCK27/SES276/SA276S26	SES177	-1.70772	20.8685	22.5762
BLOCK27/SES276/SA276S26	SES180	-0.928165	21.648	22.5762
BLOCK27/SES276/SA276S26	SES292	-1.64201	20.9342	22.5762
BLOCK27/SES276/SA276S28	SES101	-2.39616	19.3938	21.7899
BLOCK27/SES276/SA276S28	SES177	-2.62833	19.1616	21.7899
BLOCK27/SES276/SA276S28	SES180	-0.863747	20.9262	21.7899
BLOCK27/SES276/SA276S28	SES292	-2.30072	19.4892	21.7899
BLOCK27/SES277/SA277S12	SES101	-1.70807	17.5098	19.2179
BLOCK27/SES277/SA277S12	SES177	-2.3685	16.8494	19.2179
BLOCK27/SES277/SA277S12	SES180	-3.03609	16.1818	19.2179
BLOCK27/SES277/SA277S12	SES292	-3.01316	16.2047	19.2179
BLOCK27/SES277/SA277S14	SES177	-1.69354	17.2566	18.9502
BLOCK27/SES277/SA277S14	SES180	-2.79262	16.1576	18.9502
BLOCK27/SES277/SA277S14	SES189	-0.829569	18.1206	18.9502
BLOCK27/SES277/SA277S14	SES292	-3.36312	15.587	18.9502
BLOCK27/SES277/SA277S21	SES177	-0.984165	19.018	20.0022
BLOCK27/SES277/SA277S21	SES180	-2.82978	17.1724	20.0022
BLOCK27/SES277/SA277S21	SES189	-0.803396	19.1988	20.0022
BLOCK27/SES277/SA277S21	SES292	-3.69492	16.3073	20.0022
BLOCK27/SES277/SA277S24	SES144	-2.33708	16.3532	18.6903
BLOCK27/SES277/SA277S24	SES177	-2.30847	16.3818	18.6903
BLOCK27/SES277/SA277S24	SES180	-3.64496	15.0453	18.6903
BLOCK27/SES277/SA277S24	SES189	-1.25251	17.4378	18.6903
BLOCK27/SES277/SA277S29	SES177	-1.39313	20.264	21.6571
BLOCK27/SES277/SA277S29	SES180	-2.37123	19.2859	21.6571
BLOCK27/SES277/SA277S29	SES202	-1.76756	19.8896	21.6571
BLOCK27/SES277/SA277S29	SES292	-2.50375	19.1534	21.6571
BLOCK27/SES279/SA279S09	SES120	-2.71082	18.9389	21.6497
BLOCK27/SES279/SA279S09	SES146	-2.95731	18.6924	21.6497
BLOCK27/SES279/SA279S09	SES206	-2.37051	19.2792	21.6497
BLOCK27/SES279/SA279S09	SES226	-3.64913	18.0006	21.6497
BLOCK27/SES279/SA279S10	SES099	-1.10315	20.8587	21.9619
BLOCK27/SES279/SA279S10	SES206	-1.21073	20.7511	21.9619
BLOCK27/SES279/SA279S10	SES226	-2.42567	19.5362	21.9619
BLOCK27/SES279/SA279S10	SES292	-1.12059	20.8413	21.9619
BLOCK27/SES279/SA279S20	SES099	-2.39598	19.5385	21.9345
BLOCK27/SES279/SA279S20	SES206	-1.2907	20.6438	21.9345
BLOCK27/SES279/SA279S20	SES226	-2.88818	19.0463	21.9345
BLOCK27/SES279/SA279S20	SES292	-0.933056	21.0014	21.9345
BLOCK27/SES279/SA279S26	SES099	-1.54433	20.2626	21.8069
BLOCK27/SES279/SA279S26	SES206	-0.513229	21.2937	21.8069
BLOCK27/SES279/SA279S26	SES226	-2.54373	19.2632	21.8069
BLOCK27/SES279/SA279S26	SES292	-1.24021	20.5667	21.8069
BLOCK27/SES279/SA279S28	SES099	-1.68505	21.4778	23.1629
BLOCK27/SES279/SA279S28	SES120	-1.82139	21.3415	23.1629
BLOCK27/SES279/SA279S28	SES177	-2.72277	20.4401	23.1629
BLOCK27/SES279/SA279S28	SES206	-1.50511	21.6577	23.1629
BLOCK29/SES290/SA290S12	SES162	-2.55186	17.3484	19.9003
BLOCK29/SES290/SA290S12	SES177	-2.33711	17.5631	19.9003
BLOCK29/SES290/SA290S12	SES180	-3.11904	16.7812	19.9003
BLOCK29/SES290/SA290S12	SES292	-3.89721	16.003	19.9003
BLOCK29/SES290/SA290S13	SES007	-2.27674	18.1917	20.4685
BLOCK29/SES290/SA290S13	SES162	-2.99757	17.4709	20.4685
BLOCK29/SES290/SA290S13	SES177	-1.46867	18.9998	20.4685
BLOCK29/SES290/SA290S13	SES180	-2.12842	18.3401	20.4685
BLOCK29/SES290/SA290S22	SES177	-1.95475	17.9423	19.8971
BLOCK29/SES290/SA290S22	SES180	-2.42431	17.4728	19.8971
BLOCK29/SES290/SA290S22	SES202	-2.02898	17.8681	19.8971
BLOCK29/SES290/SA290S22	SES292	-2.64248	17.2546	19.8971
BLOCK29/SES290/SA290S25	SES162	-2.69519	17.8828	20.578
BLOCK29/SES290/SA290S25	SES177	-2.1284	18.4496	20.578
BLOCK29/SES290/SA290S25	SES180	-2.26963	18.3084	20.578
BLOCK29/SES290/SA290S25	SES292	-2.66291	17.9151	20.578
BLOCK29/SES290/SA290S29	SES177	-1.08326	19.4869	20.5702
BLOCK29/SES290/SA290S29	SES180	-1.31796	19.2522	20.5702
BLOCK29/SES290/SA290S29	SES275	-1.89192	18.6782	20.5702
BLOCK29/SES290/SA290S29	SES292	-1.63486	18.9353	20.5702
BLOCK29/SES291/SA291S11	SES105	-3.0384	17.1577	20.1961
BLOCK29/SES291/SA291S11	SES125	-1.52705	18.6691	20.1961
BLOCK29/SES291/SA291S11	SES158	-1.48675	18.7094	20.1961
BLOCK29/SES291/SA291S11	SES275	-2.93974	17.2564	20.1961
BLOCK29/SES291/SA291S12	SES158	0.300213	21.2797	20.9795
BLOCK29/SES291/SA291S12	SES226	-2.58419	18.3953	20.9795
BLOCK29/SES291/SA291S12	SES270	-0.0745487	20.905	20.9795
BLOCK29/SES291/SA291S12	SES275	-4.50839	16.4711	20.9795
BLOCK29/SES291/SA291S22	SES082	-2.04682	19.4796	21.5265
BLOCK29/SES291/SA291S22	SES158	-1.48456	20.0419	21.5265
BLOCK29/SES291/SA291S22	SES259	-2.61492	18.9115	21.5265
BLOCK29/SES291/SA291S22	SES275	-3.43813	18.0883	21.5265
BLOCK29/SES291/SA291S24	SES104	-0.335201	22.4929	22.8281
BLOCK29/SES291/SA291S24	SES125	-1.70025	21.1278	22.8281
BLOCK29/SES291/SA291S24	SES158	-0.848339	21.9797	22.8281
BLOCK29/SES291/SA291S24	SES275	-3.4651	19.363	22.8281
BLOCK29/SES291/SA291S27	SES158	-0.27858	22.006	22.2845
BLOCK29/SES291/SA291S27	SES172	-4.63802	17.6465	22.2845
BLOCK29/SES291/SA291S27	SES275	-4.17747	18.1071	22.2845
BLOCK29/SES291/SA291S27	SES292	-2.64948	19.6351	22.2845
Threshold search:
THR	-5.97083096591	9	0(0)	1(1000)
THR	-5.8611717562509	8.991	0(0)	0.999(999)
THR	-5.7515125465918	8.991	0(0)	0.999(999)
THR	-5.6418533369327	8.982	0(0)	0.998(998)
THR	-5.5321941272736	8.982	0(0)	0.998(998)
THR	-5.4225349176145	8.982	0(0)	0.998(998)
THR	-5.3128757079554	8.955	0(0)	0.995(995)
THR	-5.2032164982963	8.946	0(0)	0.994(994)
THR	-5.0935572886372	8.937	0(0)	0.993(993)
THR	-4.9838980789781	8.928	0(0)	0.992(992)
THR	-4.874238869319	8.901	0(0)	0.989(989)
THR	-4.7645796596599	8.874	0(0)	0.986(986)
THR	-4.6549204500008	8.856	0(0)	0.984(984)
THR	-4.5452612403417	8.838	0(0)	0.982(982)
THR	-4.43560203068261	8.793	0(0)	0.977(977)
THR	-4.32594282102351	8.784	0(0)	0.976(976)
THR	-4.21628361136441	8.739	0(0)	0.971(971)
THR	-4.10662440170531	8.703	0(0)	0.967(967)
THR	-3.99696519204621	8.694	0(0)	0.966(966)
THR	-3.88730598238711	8.613	0(0)	0.957(957)
THR	-3.77764677272801	8.568	0(0)	0.952(952)
THR	-3.66798756306891	8.523	0(0)	0.947(947)
THR	-3.55832835340981	8.46	0(0)	0.94(940)
THR	-3.44866914375071	8.334	0(0)	0.926(926)
THR	-3.33900993409161	8.226	0(0)	0.914(914)
THR	-3.22935072443251	8.091	0(0)	0.899(899)
THR	-3.11969151477341	7.875	0(0)	0.875(875)
THR	-3.01003230511431	7.578	0(0)	0.842(842)
THR	-2.90037309545521	7.344	0(0)	0.816(816)
THR	-2.79071388579611	7.083	0(0)	0.787(787)
THR	-2.68105467613701	6.804	0(0)	0.756(756)
THR	-2.57139546647791	6.471	0(0)	0.719(719)
THR	-2.46173625681881	6.021	0(0)	0.669(669)
THR	-2.35207704715971	5.616	0(0)	0.624(624)
THR	-2.24241783750061	5.211	0(0)	0.579(579)
THR	-2.13275862784151	4.68	0(0)	0.52(520)
THR	-2.02309941818241	4.221	0(0)	0.469(469)
THR	-1.91344020852331	3.735	0(0)	0.415(415)
THR	-1.80378099886421	3.384	0(0)	0.376(376)
THR	-1.69412178920511	2.871	0(0)	0.319(319)
THR	-1.58446257954601	2.511	0(0)	0.279(279)
THR	-1.47480336988691	2.097	0(0)	0.233(233)
THR	-1.36514416022781	1.71	0(0)	0.19(190)
THR	-1.25548495056871	1.341	0(0)	0.149(149)
THR	-1.14582574090961	1.098	0(0)	0.122(122)
THR	-1.03616653125051	0.904	0.004(1)	0.1(100)
THR	-0.926507321591405	0.76	0.004(1)	0.084(84)
THR	-0.816848111932305	0.517	0.004(1)	0.057(57)
THR	-0.707188902273205	0.364	0.004(1)	0.04(40)
THR	-0.597529692614105	0.296	0.008(2)	0.032(32)
THR	-0.487870482955005	0.215	0.008(2)	0.023(23)
THR	-0.378211273295905	0.152	0.008(2)	0.016(16)
THR	-0.268552063636805	0.106	0.016(4)	0.01(10)
THR	-0.158892853977705	0.083	0.02(5)	0.007(7)
THR	-0.0492336443186055	0.072	0.036(9)	0.004(4)
THR	0.0604255653404945	0.075	0.048(12)	0.003(3)
THR	0.170084774999595	0.082	0.064(16)	0.002(2)
THR	0.279743984658694	0.098	0.08(20)	0.002(2)
THR	0.389403194317794	0.084	0.084(21)	0(0)
THR	0.499062403976894	0.116	0.116(29)	0(0)
THR	0.608721613635994	0.164	0.164(41)	0(0)
THR	0.718380823295094	0.196	0.196(49)	0(0)
THR	0.828040032954194	0.26	0.26(65)	0(0)
THR	0.937699242613295	0.3	0.3(75)	0(0)
THR	1.04735845227239	0.332	0.332(83)	0(0)
THR	1.15701766193149	0.368	0.368(92)	0(0)
THR	1.26667687159059	0.424	0.424(106)	0(0)
THR	1.37633608124969	0.46	0.46(115)	0(0)
THR	1.48599529090879	0.532	0.532(133)	0(0)
THR	1.59565450056789	0.564	0.564(141)	0(0)
THR	1.70531371022699	0.612	0.612(153)	0(0)
THR	1.81497291988609	0.656	0.656(164)	0(0)
THR	1.92463212954519	0.704	0.704(176)	0(0)
THR	2.03429133920429	0.74	0.74(185)	0(0)
THR	2.14395054886339	0.792	0.792(198)	0(0)
THR	2.25360975852249	0.808	0.808(202)	0(0)
THR	2.36326896818159	0.84	0.84(210)	0(0)
THR	2.47292817784069	0.868	0.868(217)	0(0)
THR	2.58258738749979	0.9	0.9(225)	0(0)
THR	2.69224659715889	0.92	0.92(230)	0(0)
THR	2.80190580681799	0.928	0.928(232)	0(0)
THR	2.91156501647709	0.936	0.936(234)	0(0)
THR	3.02122422613619	0.944	0.944(236)	0(0)
THR	3.13088343579529	0.96	0.96(240)	0(0)
THR	3.24054264545439	0.964	0.964(241)	0(0)
THR	3.35020185511349	0.98	0.98(245)	0(0)
THR	3.45986106477259	0.98	0.98(245)	0(0)
THR	3.56952027443169	0.984	0.984(246)	0(0)
THR	3.67917948409079	0.984	0.984(246)	0(0)
THR	3.7888386937499	0.984	0.984(246)	0(0)
THR	3.898497903409	0.984	0.984(246)	0(0)
THR	4.0081571130681	0.988	0.988(247)	0(0)
THR	4.11781632272719	0.988	0.988(247)	0(0)
THR	4.22747553238629	0.988	0.988(247)	0(0)
THR	4.33713474204539	0.988	0.988(247)	0(0)
THR	4.44679395170449	0.992	0.992(248)	0(0)
THR	4.55645316136359	0.996	0.996(249)	0(0)
THR	4.66611237102269	0.996	0.996(249)	0(0)
THR	4.77577158068179	0.996	0.996(249)	0(0)
THR	4.88543079034089	0.996	0.996(249)	0(0)
THR	4.99508999999999	0.996	0.996(249)	0(0)
THR	5.10474920965909	1	1(250)	0(0)


==============================================
THR: -0.0492336443186055
Missed:     9/250=0.0360
FalseAlarm: 4/1000=0.0040
----------------------------------------------
==> CostDetection: 7.2
==============================================
