BLOCK00/SES002/SA002S12	SES002	0.883742	-4.28028	-5.16402
BLOCK00/SES002/SA002S13	SES002	1.13905	-5.09664	-6.23568
BLOCK00/SES002/SA002S23	SES002	0.160162	-5.18208	-5.34224
BLOCK00/SES002/SA002S26	SES002	0.0948277	-8.63776	-8.73258
BLOCK00/SES002/SA002S28	SES002	-0.631507	-7.60625	-6.97474
BLOCK00/SES007/SA007S14	SES007	0.484365	-4.35585	-4.84022
BLOCK00/SES007/SA007S15	SES007	0.185817	-5.28838	-5.4742
BLOCK00/SES007/SA007S24	SES007	0.472497	-4.26124	-4.73374
BLOCK00/SES007/SA007S27	SES007	-0.146839	-7.42005	-7.27321
BLOCK00/SES007/SA007S29	SES007	-0.364199	-4.07557	-3.71137
BLOCK00/SES008/SA008S11	SES008	1.56772	-1.45472	-3.02244
BLOCK00/SES008/SA008S12	SES008	0.54399	-2.52848	-3.07247
BLOCK00/SES008/SA008S19	SES008	1.85146	-2.09185	-3.94331
BLOCK00/SES008/SA008S22	SES008	0.457689	-4.06051	-4.5182
BLOCK00/SES008/SA008S29	SES008	1.47796	-1.22369	-2.70165
BLOCK01/SES014/SA014S10	SES014	0.124105	-4.38733	-4.51143
BLOCK01/SES014/SA014S12	SES014	1.62417	-3.04163	-4.6658
BLOCK01/SES014/SA014S24	SES014	1.51817	-3.51296	-5.03113
BLOCK01/SES014/SA014S26	SES014	1.86186	-4.65842	-6.52028
BLOCK01/SES014/SA014S28	SES014	3.34272	-0.362021	-3.70474
BLOCK01/SES016/SA016S12	SES016	0.575188	-6.81696	-7.39215
BLOCK01/SES016/SA016S13	SES016	0.982298	-5.3592	-6.3415
BLOCK01/SES016/SA016S22	SES016	0.708798	-5.59992	-6.30872
BLOCK01/SES016/SA016S25	SES016	0.96071	-3.68483	-4.64554
BLOCK01/SES016/SA016S27	SES016	0.607814	-7.21052	-7.81834
BLOCK01/SES019/SA019S13	SES019	2.26058	-4.88665	-7.14722
BLOCK01/SES019/SA019S14	SES019	1.38488	-4.88046	-6.26533
BLOCK01/SES019/SA019S22	SES019	1.85922	-3.44327	-5.30249
BLOCK01/SES019/SA019S25	SES019	1.40281	-5.93424	-7.33705
BLOCK01/SES019/SA019S29	SES019	2.73881	-5.69628	-8.43508
BLOCK02/SES029/SA029S11	SES029	1.07759	-3.23329	-4.31088
BLOCK02/SES029/SA029S12	SES029	-0.112205	-5.26275	-5.15055
BLOCK02/SES029/SA029S20	SES029	0.844954	-2.75601	-3.60096
BLOCK02/SES029/SA029S25	SES029	0.377071	-4.82569	-5.20276
BLOCK02/SES029/SA029S28	SES029	0.117352	-4.70144	-4.81879
BLOCK04/SES042/SA042S12	SES042	1.68137	-4.33012	-6.01149
BLOCK04/SES042/SA042S15	SES042	1.25694	-5.35909	-6.61603
BLOCK04/SES042/SA042S22	SES042	2.86427	-9.41121	-12.2755
BLOCK04/SES042/SA042S25	SES042	1.58034	-7.67858	-9.25892
BLOCK04/SES042/SA042S27	SES042	2.02294	-7.82565	-9.84859
BLOCK04/SES048/SA048S11	SES048	1.12907	-2.7502	-3.87928
BLOCK04/SES048/SA048S12	SES048	0.0595546	-5.74408	-5.80364
BLOCK04/SES048/SA048S20	SES048	0.810505	-4.3257	-5.13621
BLOCK04/SES048/SA048S23	SES048	1.33777	-2.56109	-3.89887
BLOCK04/SES048/SA048S27	SES048	-0.0920029	-5.01231	-4.9203
BLOCK06/SES060/SA060S11	SES060	0.861459	-5.58891	-6.45037
BLOCK06/SES060/SA060S12	SES060	-0.15005	-8.21557	-8.06552
BLOCK06/SES060/SA060S22	SES060	-0.972561	-7.37738	-6.40482
BLOCK06/SES060/SA060S24	SES060	1.03373	-2.22704	-3.26077
BLOCK06/SES060/SA060S28	SES060	1.13192	-1.85869	-2.99062
BLOCK06/SES062/SA062S10	SES062	-0.260457	-5.19063	-4.93018
BLOCK06/SES062/SA062S11	SES062	0.252486	-6.47173	-6.72421
BLOCK06/SES062/SA062S21	SES062	0.837647	-0.720075	-1.55772
BLOCK06/SES062/SA062S26	SES062	0.145269	-4.3431	-4.48837
BLOCK06/SES062/SA062S29	SES062	1.08116	-2.31859	-3.39976
BLOCK06/SES068/SA068S14	SES068	0.187829	-4.0855	-4.27333
BLOCK06/SES068/SA068S15	SES068	1.04015	-4.40706	-5.44722
BLOCK06/SES068/SA068S23	SES068	-0.0898104	-5.66935	-5.57954
BLOCK06/SES068/SA068S27	SES068	1.22878	-3.95361	-5.18239
BLOCK06/SES068/SA068S29	SES068	-0.0741677	-5.64136	-5.56719
BLOCK08/SES082/SA082S12	SES082	-1.06815	-5.59168	-4.52353
BLOCK08/SES082/SA082S14	SES082	0.401486	-4.04155	-4.44303
BLOCK08/SES082/SA082S21	SES082	0.0577054	-3.49663	-3.55433
BLOCK08/SES082/SA082S24	SES082	-0.00484514	-5.78592	-5.78108
BLOCK08/SES082/SA082S28	SES082	-0.0191293	-5.95964	-5.94051
BLOCK08/SES083/SA083S14	SES083	0.395683	-3.48554	-3.88122
BLOCK08/SES083/SA083S15	SES083	0.636816	-5.43765	-6.07447
BLOCK08/SES083/SA083S24	SES083	0.236442	-4.61333	-4.84977
BLOCK08/SES083/SA083S26	SES083	-0.187905	-7.23544	-7.04753
BLOCK08/SES083/SA083S29	SES083	0.373828	-5.34396	-5.71779
BLOCK08/SES085/SA085S10	SES085	0.581471	-3.24383	-3.82531
BLOCK08/SES085/SA085S13	SES085	-0.402373	-6.88605	-6.48368
BLOCK08/SES085/SA085S22	SES085	0.828752	-2.87933	-3.70809
BLOCK08/SES085/SA085S26	SES085	-0.884251	-8.12836	-7.24411
BLOCK08/SES085/SA085S28	SES085	0.886596	-3.18268	-4.06927
BLOCK08/SES087/SA087S15	SES087	0.665747	-4.9731	-5.63884
BLOCK08/SES087/SA087S16	SES087	1.66459	-3.55619	-5.22079
BLOCK08/SES087/SA087S24	SES087	0.168082	-8.58846	-8.75655
BLOCK08/SES087/SA087S26	SES087	0.221141	-4.83969	-5.06083
BLOCK08/SES087/SA087S29	SES087	1.47072	-2.6762	-4.14692
BLOCK09/SES099/SA099S15	SES099	1.32099	-5.0862	-6.40719
BLOCK09/SES099/SA099S16	SES099	1.31566	-1.84518	-3.16085
BLOCK09/SES099/SA099S24	SES099	0.908145	-3.96548	-4.87362
BLOCK09/SES099/SA099S26	SES099	1.11716	-4.76761	-5.88477
BLOCK09/SES099/SA099S29	SES099	1.37927	-5.09989	-6.47916
BLOCK10/SES101/SA101S11	SES101	0.227831	-4.67202	-4.89985
BLOCK10/SES101/SA101S13	SES101	0.984846	-0.366741	-1.35159
BLOCK10/SES101/SA101S22	SES101	1.02708	-4.35583	-5.38291
BLOCK10/SES101/SA101S24	SES101	-0.0022583	-4.55639	-4.55413
BLOCK10/SES101/SA101S28	SES101	0.520381	-4.47132	-4.99171
BLOCK10/SES104/SA104S11	SES104	1.32334	-2.84626	-4.1696
BLOCK10/SES104/SA104S12	SES104	0.305321	-4.69301	-4.99833
BLOCK10/SES104/SA104S21	SES104	0.791394	-4.23639	-5.02778
BLOCK10/SES104/SA104S24	SES104	-0.806964	-7.69046	-6.8835
BLOCK10/SES104/SA104S28	SES104	0.639661	-6.5285	-7.16816
BLOCK10/SES105/SA105S12	SES105	0.985799	-5.83084	-6.81664
BLOCK10/SES105/SA105S13	SES105	-0.392481	-6.71591	-6.32343
BLOCK10/SES105/SA105S22	SES105	-0.0169635	-6.31668	-6.29972
BLOCK10/SES105/SA105S26	SES105	0.865179	-6.41447	-7.27965
BLOCK10/SES105/SA105S29	SES105	1.18986	-3.27772	-4.46758
BLOCK10/SES106/SA106S09	SES106	-0.154829	-8.50262	-8.34779
BLOCK10/SES106/SA106S11	SES106	1.53289	-3.78768	-5.32057
BLOCK10/SES106/SA106S22	SES106	1.70962	-7.79412	-9.50374
BLOCK10/SES106/SA106S27	SES106	0.925154	-4.23129	-5.15644
BLOCK10/SES106/SA106S29	SES106	0.929882	-4.8127	-5.74258
BLOCK11/SES117/SA117S12	SES117	-0.254739	-6.47533	-6.22059
BLOCK11/SES117/SA117S13	SES117	-0.479328	-4.83487	-4.35554
BLOCK11/SES117/SA117S23	SES117	0.968146	-8.02235	-8.9905
BLOCK11/SES117/SA117S25	SES117	0.790404	-4.92708	-5.71749
BLOCK11/SES117/SA117S28	SES117	0.55996	-8.02559	-8.58555
BLOCK12/SES120/SA120S08	SES120	0.618827	-7.70974	-8.32857
BLOCK12/SES120/SA120S11	SES120	0.496381	-12.1734	-12.6698
BLOCK12/SES120/SA120S22	SES120	0.710771	-4.92218	-5.63295
BLOCK12/SES120/SA120S24	SES120	-0.520868	-10.1856	-9.66469
BLOCK12/SES120/SA120S28	SES120	-0.217494	-8.55114	-8.33365
BLOCK12/SES125/SA125S13	SES125	0.804053	-7.65761	-8.46167
BLOCK12/SES125/SA125S14	SES125	0.642949	-8.50042	-9.14337
BLOCK12/SES125/SA125S25	SES125	1.54048	-5.7498	-7.29028
BLOCK12/SES125/SA125S27	SES125	1.37902	-5.8296	-7.20862
BLOCK12/SES125/SA125S29	SES125	0.787085	-4.65173	-5.43881
BLOCK12/SES127/SA127S11	SES127	1.14463	-3.70987	-4.8545
BLOCK12/SES127/SA127S12	SES127	0.641804	-0.853709	-1.49551
BLOCK12/SES127/SA127S23	SES127	0.283309	-2.91715	-3.20046
BLOCK12/SES127/SA127S25	SES127	-0.352872	-2.70503	-2.35216
BLOCK12/SES127/SA127S27	SES127	0.816285	-2.84946	-3.66575
BLOCK12/SES129/SA129S11	SES129	1.04447	-2.36127	-3.40574
BLOCK12/SES129/SA129S12	SES129	1.05126	-1.90535	-2.9566
BLOCK12/SES129/SA129S22	SES129	1.41403	-2.06045	-3.47448
BLOCK12/SES129/SA129S27	SES129	1.09044	-2.74103	-3.83148
BLOCK12/SES129/SA129S29	SES129	0.104567	-7.47961	-7.58418
BLOCK14/SES142/SA142S11	SES142	1.20835	-3.41272	-4.62108
BLOCK14/SES142/SA142S12	SES142	0.787374	-7.9026	-8.68998
BLOCK14/SES142/SA142S24	SES142	0.791136	-6.41321	-7.20435
BLOCK14/SES142/SA142S27	SES142	0.372324	-6.2992	-6.67153
BLOCK14/SES142/SA142S29	SES142	-0.0697169	-6.59536	-6.52565
BLOCK14/SES143/SA143S12	SES143	0.792882	-4.1671	-4.95999
BLOCK14/SES143/SA143S13	SES143	1.10613	-3.95154	-5.05767
BLOCK14/SES143/SA143S23	SES143	0.419242	-4.33824	-4.75749
BLOCK14/SES143/SA143S25	SES143	0.187427	-7.19502	-7.38245
BLOCK14/SES143/SA143S28	SES143	0.834317	-6.17221	-7.00653
BLOCK14/SES144/SA144S09	SES144	0.339331	-3.98007	-4.3194
BLOCK14/SES144/SA144S11	SES144	0.141047	-4.12551	-4.26656
BLOCK14/SES144/SA144S21	SES144	-0.411574	-3.99651	-3.58493
BLOCK14/SES144/SA144S25	SES144	0.713167	-4.28887	-5.00204
BLOCK14/SES144/SA144S29	SES144	-0.460766	-6.41281	-5.95204
BLOCK14/SES146/SA146S14	SES146	0.0982795	-5.28623	-5.38451
BLOCK14/SES146/SA146S15	SES146	0.227222	-5.72688	-5.95411
BLOCK14/SES146/SA146S24	SES146	0.0504217	-6.3343	-6.38472
BLOCK14/SES146/SA146S26	SES146	0.438684	-5.44812	-5.88681
BLOCK14/SES146/SA146S29	SES146	0.100281	-6.72327	-6.82355
BLOCK14/SES147/SA147S11	SES147	0.426266	-5.79232	-6.21858
BLOCK14/SES147/SA147S13	SES147	0.667475	-2.60986	-3.27733
BLOCK14/SES147/SA147S23	SES147	0.779226	-3.02114	-3.80036
BLOCK14/SES147/SA147S26	SES147	1.00177	-2.95599	-3.95776
BLOCK14/SES147/SA147S28	SES147	1.94259	-0.926699	-2.86929
BLOCK14/SES148/SA148S10	SES148	0.67629	-2.3807	-3.05699
BLOCK14/SES148/SA148S12	SES148	0.189741	-4.44363	-4.63337
BLOCK14/SES148/SA148S22	SES148	0.591657	-2.17376	-2.76542
BLOCK14/SES148/SA148S26	SES148	0.527107	-1.61412	-2.14123
BLOCK14/SES148/SA148S29	SES148	-0.421925	-5.29871	-4.87678
BLOCK14/SES149/SA149S13	SES149	-0.0209141	-4.65786	-4.63694
BLOCK14/SES149/SA149S14	SES149	0.438061	-2.47453	-2.91259
BLOCK14/SES149/SA149S24	SES149	0.670804	-3.50187	-4.17267
BLOCK14/SES149/SA149S26	SES149	0.959899	-4.14185	-5.10175
BLOCK14/SES149/SA149S28	SES149	1.5868	0.684502	-0.902301
BLOCK15/SES158/SA158S13	SES158	1.26065	-7.8163	-9.07695
BLOCK15/SES158/SA158S14	SES158	2.11304	-7.5478	-9.66084
BLOCK15/SES158/SA158S23	SES158	1.03872	-5.83184	-6.87056
BLOCK15/SES158/SA158S26	SES158	1.56243	-7.64287	-9.2053
BLOCK15/SES158/SA158S28	SES158	0.565409	-7.04372	-7.60913
BLOCK16/SES162/SA162S10	SES162	-0.48633	-7.32187	-6.83554
BLOCK16/SES162/SA162S11	SES162	0.668029	-3.04443	-3.71246
BLOCK16/SES162/SA162S21	SES162	0.727752	-3.50603	-4.23378
BLOCK16/SES162/SA162S24	SES162	1.42966	-2.91633	-4.34598
BLOCK16/SES162/SA162S27	SES162	1.02545	-6.92053	-7.94598
BLOCK16/SES167/SA167S14	SES167	1.28803	-1.42595	-2.71398
BLOCK16/SES167/SA167S15	SES167	1.6566	-0.766728	-2.42333
BLOCK16/SES167/SA167S21	SES167	1.73334	0.0970387	-1.6363
BLOCK16/SES167/SA167S25	SES167	2.67377	-1.89938	-4.57315
BLOCK16/SES167/SA167S29	SES167	2.32363	0.656066	-1.66757
BLOCK17/SES172/SA172S12	SES172	0.768842	-5.14561	-5.91445
BLOCK17/SES172/SA172S13	SES172	0.714764	-5.48026	-6.19502
BLOCK17/SES172/SA172S23	SES172	1.03812	-2.56261	-3.60073
BLOCK17/SES172/SA172S27	SES172	0.316605	-6.4914	-6.808
BLOCK17/SES172/SA172S29	SES172	1.38612	-3.04258	-4.4287
BLOCK17/SES175/SA175S11	SES175	0.130892	-6.57921	-6.7101
BLOCK17/SES175/SA175S13	SES175	1.2714	-0.718113	-1.98952
BLOCK17/SES175/SA175S23	SES175	0.69937	-2.44013	-3.1395
BLOCK17/SES175/SA175S25	SES175	0.337904	-5.47872	-5.81662
BLOCK17/SES175/SA175S28	SES175	0.618869	-4.54743	-5.1663
BLOCK17/SES177/SA177S15	SES177	0.341107	-5.5826	-5.92371
BLOCK17/SES177/SA177S17	SES177	0.424795	-5.04359	-5.46838
BLOCK17/SES177/SA177S23	SES177	-0.207274	-4.94702	-4.73975
BLOCK17/SES177/SA177S26	SES177	0.759789	-1.65563	-2.41542
BLOCK17/SES177/SA177S28	SES177	-0.116168	-6.97582	-6.85965
BLOCK18/SES180/SA180S13	SES180	0.266906	-7.94033	-8.20723
BLOCK18/SES180/SA180S15	SES180	0.132639	-3.35244	-3.48508
BLOCK18/SES180/SA180S24	SES180	0.550372	-2.92579	-3.47616
BLOCK18/SES180/SA180S26	SES180	0.0143766	-4.73481	-4.74919
BLOCK18/SES180/SA180S29	SES180	-0.444323	-7.36653	-6.9222
BLOCK18/SES183/SA183S13	SES183	0.613676	-4.7819	-5.39557
BLOCK18/SES183/SA183S14	SES183	-0.53621	-5.34444	-4.80823
BLOCK18/SES183/SA183S24	SES183	0.758304	-6.34176	-7.10006
BLOCK18/SES183/SA183S27	SES183	0.900416	-5.20576	-6.10617
BLOCK18/SES183/SA183S29	SES183	1.49039	-3.25144	-4.74182
BLOCK18/SES187/SA187S13	SES187	0.311867	-6.78015	-7.09202
BLOCK18/SES187/SA187S14	SES187	-0.588811	-7.58594	-6.99713
BLOCK18/SES187/SA187S24	SES187	0.983698	-4.84528	-5.82898
BLOCK18/SES187/SA187S27	SES187	0.677082	-3.90758	-4.58467
BLOCK18/SES187/SA187S29	SES187	0.861454	-8.13518	-8.99664
BLOCK18/SES189/SA189S10	SES189	1.00021	-6.16419	-7.1644
BLOCK18/SES189/SA189S13	SES189	1.16722	-9.83107	-10.9983
BLOCK18/SES189/SA189S24	SES189	0.849463	-5.99514	-6.84461
BLOCK18/SES189/SA189S26	SES189	0.741466	-5.81703	-6.55849
BLOCK18/SES189/SA189S29	SES189	1.3861	-5.31334	-6.69943
BLOCK20/SES202/SA202S12	SES202	0.878781	-8.74218	-9.62096
BLOCK20/SES202/SA202S14	SES202	1.2414	-6.39649	-7.6379
BLOCK20/SES202/SA202S24	SES202	0.108821	-7.87303	-7.98185
BLOCK20/SES202/SA202S27	SES202	1.0419	-4.30553	-5.34743
BLOCK20/SES202/SA202S29	SES202	0.671426	-5.77603	-6.44746
BLOCK20/SES206/SA206S15	SES206	-0.597569	-3.53723	-2.93966
BLOCK20/SES206/SA206S17	SES206	0.695792	-5.71275	-6.40855
BLOCK20/SES206/SA206S24	SES206	0.968587	-3.35166	-4.32025
BLOCK20/SES206/SA206S27	SES206	1.5956	-6.25268	-7.84827
BLOCK20/SES206/SA206S29	SES206	1.65387	-6.47885	-8.13272
BLOCK22/SES226/SA226S12	SES226	1.08998	-4.03049	-5.12047
BLOCK22/SES226/SA226S13	SES226	-0.992269	-5.33469	-4.34242
BLOCK22/SES226/SA226S20	SES226	0.455391	-4.22071	-4.6761
BLOCK22/SES226/SA226S23	SES226	0.388096	-3.51442	-3.90252
BLOCK22/SES226/SA226S28	SES226	1.21599	-3.07248	-4.28848
BLOCK25/SES259/SA259S13	SES259	2.11139	-4.66787	-6.77926
BLOCK25/SES259/SA259S14	SES259	1.91574	-4.18813	-6.10387
BLOCK25/SES259/SA259S22	SES259	0.964765	-4.49886	-5.46363
BLOCK25/SES259/SA259S24	SES259	1.14914	-5.5029	-6.65204
BLOCK25/SES259/SA259S28	SES259	1.36551	-4.42877	-5.79429
BLOCK27/SES270/SA270S14	SES270	1.56292	-3.91318	-5.47611
BLOCK27/SES270/SA270S16	SES270	0.460571	-3.47429	-3.93487
BLOCK27/SES270/SA270S22	SES270	1.76163	-3.13443	-4.89605
BLOCK27/SES270/SA270S26	SES270	2.14123	-4.44999	-6.59121
BLOCK27/SES270/SA270S28	SES270	2.11669	-1.49725	-3.61395
BLOCK27/SES275/SA275S17	SES275	0.139267	-4.52323	-4.6625
BLOCK27/SES275/SA275S18	SES275	-0.401298	-5.60401	-5.20272
BLOCK27/SES275/SA275S24	SES275	0.140096	-5.35587	-5.49596
BLOCK27/SES275/SA275S26	SES275	0.672421	-4.21859	-4.89102
BLOCK27/SES275/SA275S28	SES275	0.107067	-4.77146	-4.87852
BLOCK29/SES292/SA292S10	SES292	-0.276543	-4.33237	-4.05582
BLOCK29/SES292/SA292S12	SES292	1.14441	-5.30314	-6.44755
BLOCK29/SES292/SA292S22	SES292	0.118443	-5.13369	-5.25214
BLOCK29/SES292/SA292S24	SES292	0.830314	-2.47867	-3.30899
BLOCK29/SES292/SA292S27	SES292	-0.0721581	-3.90762	-3.83547
BLOCK00/SES001/SA001S14	SES062	-2.59589	-10.1334	-7.53754
BLOCK00/SES001/SA001S14	SES082	-0.850901	-8.38844	-7.53754
BLOCK00/SES001/SA001S14	SES106	-1.03387	-8.57141	-7.53754
BLOCK00/SES001/SA001S14	SES206	-1.51259	-9.05013	-7.53754
BLOCK00/SES001/SA001S15	SES062	-1.96447	-7.78302	-5.81855
BLOCK00/SES001/SA001S15	SES104	-0.883051	-6.7016	-5.81855
BLOCK00/SES001/SA001S15	SES106	-0.714338	-6.53289	-5.81855
BLOCK00/SES001/SA001S15	SES206	-1.99999	-7.81854	-5.81855
BLOCK00/SES001/SA001S24	SES062	-2.98712	-10.9424	-7.95525
BLOCK00/SES001/SA001S24	SES082	-1.91939	-9.87464	-7.95525
BLOCK00/SES001/SA001S24	SES087	-4.89345	-12.8487	-7.95525
BLOCK00/SES001/SA001S24	SES206	-1.70578	-9.66104	-7.95525
BLOCK00/SES001/SA001S27	SES062	-1.16582	-4.06646	-2.90065
BLOCK00/SES001/SA001S27	SES082	-1.07425	-3.97489	-2.90065
BLOCK00/SES001/SA001S27	SES087	-1.33532	-4.23596	-2.90065
BLOCK00/SES001/SA001S27	SES206	-1.81962	-4.72027	-2.90065
BLOCK00/SES001/SA001S29	SES062	-2.18508	-9.03016	-6.84508
BLOCK00/SES001/SA001S29	SES082	-0.849713	-7.69479	-6.84508
BLOCK00/SES001/SA001S29	SES158	-0.748946	-7.59402	-6.84508
BLOCK00/SES001/SA001S29	SES206	-2.02773	-8.8728	-6.84508
BLOCK00/SES003/SA003S11	SES002	0.284662	-3.12034	-3.405
BLOCK00/SES003/SA003S11	SES019	-1.37953	-4.78453	-3.405
BLOCK00/SES003/SA003S11	SES082	-0.694577	-4.09958	-3.405
BLOCK00/SES003/SA003S11	SES125	-1.16862	-4.57362	-3.405
BLOCK00/SES003/SA003S15	SES016	-0.913431	-6.16408	-5.25065
BLOCK00/SES003/SA003S15	SES019	-2.43946	-7.69011	-5.25065
BLOCK00/SES003/SA003S15	SES062	0.366759	-4.88389	-5.25065
BLOCK00/SES003/SA003S15	SES206	-0.903008	-6.15366	-5.25065
BLOCK00/SES003/SA003S22	SES002	-1.21613	-5.74249	-4.52636
BLOCK00/SES003/SA003S22	SES062	-0.504006	-5.03037	-4.52636
BLOCK00/SES003/SA003S22	SES082	-0.966872	-5.49323	-4.52636
BLOCK00/SES003/SA003S22	SES087	-1.61467	-6.14103	-4.52636
BLOCK00/SES003/SA003S25	SES062	-2.247	-7.96603	-5.71902
BLOCK00/SES003/SA003S25	SES082	-1.73711	-7.45613	-5.71902
BLOCK00/SES003/SA003S25	SES087	-0.62374	-6.34276	-5.71902
BLOCK00/SES003/SA003S25	SES206	-2.09971	-7.81873	-5.71902
BLOCK00/SES003/SA003S29	SES002	-0.959274	-5.104	-4.14473
BLOCK00/SES003/SA003S29	SES062	-1.9131	-6.05782	-4.14473
BLOCK00/SES003/SA003S29	SES082	-1.57155	-5.71627	-4.14473
BLOCK00/SES003/SA003S29	SES087	-0.98513	-5.12986	-4.14473
BLOCK00/SES004/SA004S12	SES083	-0.859388	-3.84445	-2.98506
BLOCK00/SES004/SA004S12	SES148	-1.57354	-4.55859	-2.98506
BLOCK00/SES004/SA004S12	SES172	0.110846	-2.87421	-2.98506
BLOCK00/SES004/SA004S12	SES292	-1.37748	-4.36254	-2.98506
BLOCK00/SES004/SA004S17	SES083	-0.920606	-4.82069	-3.90009
BLOCK00/SES004/SA004S17	SES162	-0.26278	-4.16287	-3.90009
BLOCK00/SES004/SA004S17	SES172	0.119291	-3.78079	-3.90009
BLOCK00/SES004/SA004S17	SES292	-1.26572	-5.16581	-3.90009
BLOCK00/SES004/SA004S24	SES083	-0.873333	-5.35845	-4.48512
BLOCK00/SES004/SA004S24	SES148	-2.61028	-7.0954	-4.48512
BLOCK00/SES004/SA004S24	SES172	0.0504618	-4.43466	-4.48512
BLOCK00/SES004/SA004S24	SES292	-1.38295	-5.86807	-4.48512
BLOCK00/SES004/SA004S26	SES083	-1.05777	-6.39522	-5.33745
BLOCK00/SES004/SA004S26	SES127	-1.72883	-7.06628	-5.33745
BLOCK00/SES004/SA004S26	SES148	-2.95228	-8.28973	-5.33745
BLOCK00/SES004/SA004S26	SES292	-2.07501	-7.41246	-5.33745
BLOCK00/SES004/SA004S28	SES083	-0.581535	-1.76169	-1.18015
BLOCK00/SES004/SA004S28	SES127	0.242363	-0.937791	-1.18015
BLOCK00/SES004/SA004S28	SES187	0.0393522	-1.1408	-1.18015
BLOCK00/SES004/SA004S28	SES292	-0.466547	-1.6467	-1.18015
BLOCK00/SES006/SA006S10	SES014	-4.49153	-13.8571	-9.36558
BLOCK00/SES006/SA006S10	SES158	-4.88142	-14.247	-9.36558
BLOCK00/SES006/SA006S10	SES226	-5.21174	-14.5773	-9.36558
BLOCK00/SES006/SA006S10	SES270	-3.03356	-12.3991	-9.36558
BLOCK00/SES006/SA006S11	SES158	-3.6971	-11.6446	-7.94752
BLOCK00/SES006/SA006S11	SES226	-3.67549	-11.623	-7.94752
BLOCK00/SES006/SA006S11	SES270	-2.37376	-10.3213	-7.94752
BLOCK00/SES006/SA006S11	SES275	-1.57591	-9.52343	-7.94752
BLOCK00/SES006/SA006S23	SES062	-4.13413	-11.4606	-7.32643
BLOCK00/SES006/SA006S23	SES105	-3.0412	-10.3676	-7.32643
BLOCK00/SES006/SA006S23	SES158	-4.00187	-11.3283	-7.32643
BLOCK00/SES006/SA006S23	SES275	-2.05371	-9.38013	-7.32643
BLOCK00/SES006/SA006S26	SES104	-5.35648	-13.7196	-8.36316
BLOCK00/SES006/SA006S26	SES158	-3.87459	-12.2378	-8.36316
BLOCK00/SES006/SA006S26	SES270	-2.26112	-10.6243	-8.36316
BLOCK00/SES006/SA006S26	SES275	-1.53573	-9.89889	-8.36316
BLOCK00/SES006/SA006S28	SES007	-2.16312	-10.3733	-8.21017
BLOCK00/SES006/SA006S28	SES105	-2.89273	-11.1029	-8.21017
BLOCK00/SES006/SA006S28	SES158	-2.09405	-10.3042	-8.21017
BLOCK00/SES006/SA006S28	SES275	-1.67689	-9.88706	-8.21017
BLOCK00/SES009/SA009S12	SES083	-2.39229	-8.97158	-6.57929
BLOCK00/SES009/SA009S12	SES148	-3.32856	-9.90784	-6.57929
BLOCK00/SES009/SA009S12	SES177	-0.811961	-7.39125	-6.57929
BLOCK00/SES009/SA009S12	SES292	-1.7213	-8.30058	-6.57929
BLOCK00/SES009/SA009S15	SES007	-1.3175	-7.3288	-6.0113
BLOCK00/SES009/SA009S15	SES099	-3.82174	-9.83304	-6.0113
BLOCK00/SES009/SA009S15	SES148	-3.08807	-9.09937	-6.0113
BLOCK00/SES009/SA009S15	SES172	-0.604133	-6.61543	-6.0113
BLOCK00/SES009/SA009S24	SES146	-1.13727	-8.26741	-7.13015
BLOCK00/SES009/SA009S24	SES148	-3.85104	-10.9812	-7.13015
BLOCK00/SES009/SA009S24	SES177	-0.618838	-7.74899	-7.13015
BLOCK00/SES009/SA009S24	SES292	-1.24283	-8.37298	-7.13015
BLOCK00/SES009/SA009S26	SES083	-1.88176	-7.17739	-5.29563
BLOCK00/SES009/SA009S26	SES101	-2.33389	-7.62952	-5.29563
BLOCK00/SES009/SA009S26	SES120	-1.40565	-6.70128	-5.29563
BLOCK00/SES009/SA009S26	SES177	-0.905653	-6.20128	-5.29563
BLOCK00/SES009/SA009S29	SES083	-1.7142	-7.19613	-5.48193
BLOCK00/SES009/SA009S29	SES101	-1.9325	-7.41443	-5.48193
BLOCK00/SES009/SA009S29	SES177	-0.702403	-6.18433	-5.48193
BLOCK00/SES009/SA009S29	SES292	-1.27894	-6.76087	-5.48193
BLOCK01/SES011/SA011S10	SES019	-3.64229	-13.1296	-9.48731
BLOCK01/SES011/SA011S10	SES042	-0.784361	-10.2717	-9.48731
BLOCK01/SES011/SA011S10	SES082	-2.11606	-11.6034	-9.48731
BLOCK01/SES011/SA011S10	SES206	-1.11859	-10.6059	-9.48731
BLOCK01/SES011/SA011S11	SES019	-2.28359	-10.1379	-7.8543
BLOCK01/SES011/SA011S11	SES042	-1.01406	-8.86836	-7.8543
BLOCK01/SES011/SA011S11	SES082	-1.92067	-9.77497	-7.8543
BLOCK01/SES011/SA011S11	SES206	-2.70244	-10.5567	-7.8543
BLOCK01/SES011/SA011S22	SES019	-1.74127	-10.7836	-9.0423
BLOCK01/SES011/SA011S22	SES042	0.808234	-8.23407	-9.0423
BLOCK01/SES011/SA011S22	SES082	-0.669923	-9.71223	-9.0423
BLOCK01/SES011/SA011S22	SES206	-1.30681	-10.3491	-9.0423
BLOCK01/SES011/SA011S24	SES019	-2.92588	-10.6888	-7.76292
BLOCK01/SES011/SA011S24	SES042	0.331636	-7.43128	-7.76292
BLOCK01/SES011/SA011S24	SES104	-1.19982	-8.96274	-7.76292
BLOCK01/SES011/SA011S24	SES206	-0.5882	-8.35112	-7.76292
BLOCK01/SES011/SA011S27	SES082	-0.826782	-7.75127	-6.92449
BLOCK01/SES011/SA011S27	SES087	-4.43569	-11.3602	-6.92449
BLOCK01/SES011/SA011S27	SES125	-1.96254	-8.88702	-6.92449
BLOCK01/SES011/SA011S27	SES206	-1.73837	-8.66286	-6.92449
BLOCK01/SES012/SA012S11	SES007	-0.703996	-4.83932	-4.13533
BLOCK01/SES012/SA012S11	SES082	-0.368851	-4.50418	-4.13533
BLOCK01/SES012/SA012S11	SES083	-1.15357	-5.2889	-4.13533
BLOCK01/SES012/SA012S11	SES206	-0.480757	-4.61609	-4.13533
BLOCK01/SES012/SA012S14	SES082	-0.268417	-7.14097	-6.87255
BLOCK01/SES012/SA012S14	SES087	-2.15045	-9.023	-6.87255
BLOCK01/SES012/SA012S14	SES206	-0.318813	-7.19137	-6.87255
BLOCK01/SES012/SA012S14	SES292	-1.59699	-8.46954	-6.87255
BLOCK01/SES012/SA012S24	SES082	-0.884468	-9.35645	-8.47198
BLOCK01/SES012/SA012S24	SES087	-1.64675	-10.1187	-8.47198
BLOCK01/SES012/SA012S24	SES120	-1.86384	-10.3358	-8.47198
BLOCK01/SES012/SA012S24	SES206	-1.50926	-9.98125	-8.47198
BLOCK01/SES012/SA012S26	SES019	-6.25379	-15.2786	-9.02484
BLOCK01/SES012/SA012S26	SES082	-0.927679	-9.95252	-9.02484
BLOCK01/SES012/SA012S26	SES206	0.244204	-8.78064	-9.02484
BLOCK01/SES012/SA012S26	SES292	-0.587262	-9.61211	-9.02484
BLOCK01/SES012/SA012S29	SES062	-1.19495	-3.62583	-2.43088
BLOCK01/SES012/SA012S29	SES082	-0.404407	-2.83529	-2.43088
BLOCK01/SES012/SA012S29	SES083	-1.17069	-3.60157	-2.43088
BLOCK01/SES012/SA012S29	SES206	-0.00286222	-2.43374	-2.43088
BLOCK01/SES013/SA013S16	SES062	-3.35415	-11.1038	-7.74962
BLOCK01/SES013/SA013S16	SES106	-2.52615	-10.2758	-7.74962
BLOCK01/SES013/SA013S16	SES206	-2.24134	-9.99096	-7.74962
BLOCK01/SES013/SA013S16	SES226	-2.81389	-10.5635	-7.74962
BLOCK01/SES013/SA013S17	SES062	-1.6368	-6.74517	-5.10837
BLOCK01/SES013/SA013S17	SES106	-2.15886	-7.26723	-5.10837
BLOCK01/SES013/SA013S17	SES206	-0.878633	-5.987	-5.10837
BLOCK01/SES013/SA013S17	SES226	-1.12239	-6.23076	-5.10837
BLOCK01/SES013/SA013S23	SES104	-0.874324	-6.6844	-5.81008
BLOCK01/SES013/SA013S23	SES106	-1.67667	-7.48675	-5.81008
BLOCK01/SES013/SA013S23	SES206	-1.85947	-7.66955	-5.81008
BLOCK01/SES013/SA013S23	SES270	-2.19328	-8.00336	-5.81008
BLOCK01/SES013/SA013S25	SES042	-3.5284	-9.58242	-6.05402
BLOCK01/SES013/SA013S25	SES104	0.157938	-5.89608	-6.05402
BLOCK01/SES013/SA013S25	SES106	-0.409729	-6.46375	-6.05402
BLOCK01/SES013/SA013S25	SES206	-1.09783	-7.15185	-6.05402
BLOCK01/SES013/SA013S29	SES062	-3.22379	-9.90858	-6.6848
BLOCK01/SES013/SA013S29	SES104	-0.900984	-7.58578	-6.6848
BLOCK01/SES013/SA013S29	SES106	-1.42849	-8.11329	-6.6848
BLOCK01/SES013/SA013S29	SES206	-2.10987	-8.79467	-6.6848
BLOCK02/SES021/SA021S13	SES016	-2.2524	-7.66882	-5.41642
BLOCK02/SES021/SA021S13	SES029	-1.35861	-6.77502	-5.41642
BLOCK02/SES021/SA021S13	SES087	-3.04791	-8.46432	-5.41642
BLOCK02/SES021/SA021S13	SES206	-1.33256	-6.74898	-5.41642
BLOCK02/SES021/SA021S15	SES087	-1.84044	-6.57948	-4.73904
BLOCK02/SES021/SA021S15	SES125	-1.64515	-6.38419	-4.73904
BLOCK02/SES021/SA021S15	SES206	-2.01229	-6.75134	-4.73904
BLOCK02/SES021/SA021S15	SES226	-1.69768	-6.43672	-4.73904
BLOCK02/SES021/SA021S23	SES062	-2.44389	-8.40892	-5.96503
BLOCK02/SES021/SA021S23	SES087	-0.527325	-6.49235	-5.96503
BLOCK02/SES021/SA021S23	SES206	-1.41236	-7.37739	-5.96503
BLOCK02/SES021/SA021S23	SES226	-0.494294	-6.45932	-5.96503
BLOCK02/SES021/SA021S27	SES002	-2.46337	-5.98451	-3.52114
BLOCK02/SES021/SA021S27	SES016	-3.82289	-7.34403	-3.52114
BLOCK02/SES021/SA021S27	SES019	-1.67318	-5.19432	-3.52114
BLOCK02/SES021/SA021S27	SES062	-0.991296	-4.51243	-3.52114
BLOCK02/SES021/SA021S29	SES087	-1.21999	-6.19514	-4.97516
BLOCK02/SES021/SA021S29	SES125	-1.33602	-6.31118	-4.97516
BLOCK02/SES021/SA021S29	SES206	-0.713382	-5.68854	-4.97516
BLOCK02/SES021/SA021S29	SES226	-1.54117	-6.51632	-4.97516
BLOCK04/SES043/SA043S09	SES083	-0.0658269	-7.08402	-7.01819
BLOCK04/SES043/SA043S09	SES101	-0.591655	-7.60984	-7.01819
BLOCK04/SES043/SA043S09	SES144	-0.314162	-7.33235	-7.01819
BLOCK04/SES043/SA043S09	SES172	-0.801109	-7.8193	-7.01819
BLOCK04/SES043/SA043S11	SES083	-0.38537	-3.77597	-3.3906
BLOCK04/SES043/SA043S11	SES101	-0.588948	-3.97955	-3.3906
BLOCK04/SES043/SA043S11	SES144	0.112981	-3.27762	-3.3906
BLOCK04/SES043/SA043S11	SES172	-1.3926	-4.7832	-3.3906
BLOCK04/SES043/SA043S23	SES083	-0.547632	-4.88829	-4.34066
BLOCK04/SES043/SA043S23	SES144	0.320859	-4.0198	-4.34066
BLOCK04/SES043/SA043S23	SES177	-1.02749	-5.36815	-4.34066
BLOCK04/SES043/SA043S23	SES275	-0.914979	-5.25564	-4.34066
BLOCK04/SES043/SA043S26	SES083	-0.49592	-9.62482	-9.1289
BLOCK04/SES043/SA043S26	SES101	-0.989998	-10.1189	-9.1289
BLOCK04/SES043/SA043S26	SES144	-0.238071	-9.36697	-9.1289
BLOCK04/SES043/SA043S26	SES177	-1.93225	-11.0611	-9.1289
BLOCK04/SES043/SA043S28	SES016	-1.80609	-6.93535	-5.12926
BLOCK04/SES043/SA043S28	SES083	-0.864601	-5.99386	-5.12926
BLOCK04/SES043/SA043S28	SES101	-0.862995	-5.99225	-5.12926
BLOCK04/SES043/SA043S28	SES144	-1.55932	-6.68857	-5.12926
BLOCK04/SES044/SA044S10	SES127	-4.31131	-13.7935	-9.48223
BLOCK04/SES044/SA044S10	SES144	-1.45961	-10.9418	-9.48223
BLOCK04/SES044/SA044S10	SES147	-3.74801	-13.2302	-9.48223
BLOCK04/SES044/SA044S10	SES148	-3.5181	-13.0003	-9.48223
BLOCK04/SES044/SA044S11	SES101	-1.30701	-8.62128	-7.31427
BLOCK04/SES044/SA044S11	SES144	-0.458912	-7.77318	-7.31427
BLOCK04/SES044/SA044S11	SES147	-2.04545	-9.35972	-7.31427
BLOCK04/SES044/SA044S11	SES177	-1.98054	-9.29481	-7.31427
BLOCK04/SES044/SA044S24	SES007	-2.26765	-8.96372	-6.69607
BLOCK04/SES044/SA044S24	SES101	-0.728755	-7.42482	-6.69607
BLOCK04/SES044/SA044S24	SES147	-1.9442	-8.64027	-6.69607
BLOCK04/SES044/SA044S24	SES177	-1.55834	-8.25441	-6.69607
BLOCK04/SES044/SA044S26	SES007	-1.3211	-5.52886	-4.20776
BLOCK04/SES044/SA044S26	SES016	-0.961626	-5.16939	-4.20776
BLOCK04/SES044/SA044S26	SES101	-1.49738	-5.70514	-4.20776
BLOCK04/SES044/SA044S26	SES147	-1.17858	-5.38634	-4.20776
BLOCK04/SES044/SA044S29	SES007	-1.99561	-6.93602	-4.9404
BLOCK04/SES044/SA044S29	SES101	-1.77805	-6.71845	-4.9404
BLOCK04/SES044/SA044S29	SES147	-1.71498	-6.65538	-4.9404
BLOCK04/SES044/SA044S29	SES177	-2.57791	-7.51831	-4.9404
BLOCK04/SES046/SA046S13	SES101	-0.902366	-7.82478	-6.92241
BLOCK04/SES046/SA046S13	SES144	-0.826515	-7.74892	-6.92241
BLOCK04/SES046/SA046S13	SES147	-1.39411	-8.31652	-6.92241
BLOCK04/SES046/SA046S13	SES177	-1.26807	-8.19048	-6.92241
BLOCK04/SES046/SA046S15	SES048	-0.0614023	-3.17875	-3.11735
BLOCK04/SES046/SA046S15	SES083	-1.03398	-4.15132	-3.11735
BLOCK04/SES046/SA046S15	SES120	-2.33077	-5.44811	-3.11735
BLOCK04/SES046/SA046S15	SES148	-1.66607	-4.78342	-3.11735
BLOCK04/SES046/SA046S22	SES101	-1.41476	-7.43737	-6.02261
BLOCK04/SES046/SA046S22	SES144	-0.119362	-6.14197	-6.02261
BLOCK04/SES046/SA046S22	SES147	-0.852221	-6.87483	-6.02261
BLOCK04/SES046/SA046S22	SES172	-0.345578	-6.36819	-6.02261
BLOCK04/SES046/SA046S25	SES083	-1.10745	-4.74232	-3.63487
BLOCK04/SES046/SA046S25	SES127	-1.18665	-4.82152	-3.63487
BLOCK04/SES046/SA046S25	SES144	-0.690946	-4.32581	-3.63487
BLOCK04/SES046/SA046S25	SES148	-0.773537	-4.40841	-3.63487
BLOCK04/SES046/SA046S28	SES007	-1.30383	-6.5705	-5.26667
BLOCK04/SES046/SA046S28	SES105	-1.3726	-6.63927	-5.26667
BLOCK04/SES046/SA046S28	SES147	-1.09739	-6.36406	-5.26667
BLOCK04/SES046/SA046S28	SES148	-1.59942	-6.86609	-5.26667
BLOCK04/SES049/SA049S16	SES104	-0.972972	-8.27554	-7.30257
BLOCK04/SES049/SA049S16	SES106	-2.62208	-9.92464	-7.30257
BLOCK04/SES049/SA049S16	SES120	-1.99044	-9.293	-7.30257
BLOCK04/SES049/SA049S16	SES206	-1.79537	-9.09794	-7.30257
BLOCK04/SES049/SA049S18	SES099	-0.461687	-7.11322	-6.65154
BLOCK04/SES049/SA049S18	SES104	-1.16703	-7.81857	-6.65154
BLOCK04/SES049/SA049S18	SES125	-2.0992	-8.75074	-6.65154
BLOCK04/SES049/SA049S18	SES206	-1.59417	-8.24571	-6.65154
BLOCK04/SES049/SA049S25	SES087	-1.72728	-8.16731	-6.44002
BLOCK04/SES049/SA049S25	SES104	-0.481271	-6.92129	-6.44002
BLOCK04/SES049/SA049S25	SES125	-1.30117	-7.7412	-6.44002
BLOCK04/SES049/SA049S25	SES206	-1.32354	-7.76357	-6.44002
BLOCK04/SES049/SA049S27	SES099	-1.21631	-3.19261	-1.9763
BLOCK04/SES049/SA049S27	SES104	0.084433	-1.89187	-1.9763
BLOCK04/SES049/SA049S27	SES125	-1.47307	-3.44937	-1.9763
BLOCK04/SES049/SA049S27	SES206	-1.50532	-3.48162	-1.9763
BLOCK04/SES049/SA049S29	SES099	0.144671	-2.8652	-3.00987
BLOCK04/SES049/SA049S29	SES104	0.746165	-2.2637	-3.00987
BLOCK04/SES049/SA049S29	SES125	-0.283421	-3.29329	-3.00987
BLOCK04/SES049/SA049S29	SES206	-1.1585	-4.16837	-3.00987
BLOCK06/SES063/SA063S09	SES068	-2.10594	-9.40754	-7.30161
BLOCK06/SES063/SA063S09	SES083	-1.27383	-8.57544	-7.30161
BLOCK06/SES063/SA063S09	SES177	-1.55287	-8.85448	-7.30161
BLOCK06/SES063/SA063S09	SES187	-2.15712	-9.45873	-7.30161
BLOCK06/SES063/SA063S10	SES068	-1.90713	-8.41913	-6.512
BLOCK06/SES063/SA063S10	SES083	-1.84476	-8.35676	-6.512
BLOCK06/SES063/SA063S10	SES172	-1.55161	-8.06362	-6.512
BLOCK06/SES063/SA063S10	SES187	-1.72155	-8.23355	-6.512
BLOCK06/SES063/SA063S20	SES068	-2.45926	-10.0739	-7.61461
BLOCK06/SES063/SA063S20	SES083	-1.18456	-8.79916	-7.61461
BLOCK06/SES063/SA063S20	SES172	-1.1747	-8.78931	-7.61461
BLOCK06/SES063/SA063S20	SES187	-1.28857	-8.90318	-7.61461
BLOCK06/SES063/SA063S24	SES029	-1.63903	-9.01335	-7.37432
BLOCK06/SES063/SA063S24	SES083	-0.152046	-7.52636	-7.37432
BLOCK06/SES063/SA063S24	SES177	-1.53551	-8.90982	-7.37432
BLOCK06/SES063/SA063S24	SES189	-1.49149	-8.86581	-7.37432
BLOCK06/SES063/SA063S27	SES083	-0.584073	-8.47459	-7.89052
BLOCK06/SES063/SA063S27	SES172	-1.71548	-9.606	-7.89052
BLOCK06/SES063/SA063S27	SES187	-1.89317	-9.7837	-7.89052
BLOCK06/SES063/SA063S27	SES292	-1.51844	-9.40897	-7.89052
BLOCK06/SES067/SA067S12	SES083	-1.70553	-6.0325	-4.32696
BLOCK06/SES067/SA067S12	SES172	-1.90746	-6.23442	-4.32696
BLOCK06/SES067/SA067S12	SES202	-1.41066	-5.73763	-4.32696
BLOCK06/SES067/SA067S12	SES292	-1.8816	-6.20856	-4.32696
BLOCK06/SES067/SA067S14	SES085	-0.841118	-3.09753	-2.25641
BLOCK06/SES067/SA067S14	SES177	-1.32964	-3.58605	-2.25641
BLOCK06/SES067/SA067S14	SES183	0.330821	-1.92559	-2.25641
BLOCK06/SES067/SA067S14	SES202	-0.995219	-3.25163	-2.25641
BLOCK06/SES067/SA067S21	SES144	-1.39456	-6.43317	-5.03861
BLOCK06/SES067/SA067S21	SES177	-1.58802	-6.62663	-5.03861
BLOCK06/SES067/SA067S21	SES183	-0.452868	-5.49148	-5.03861
BLOCK06/SES067/SA067S21	SES189	-1.51458	-6.55318	-5.03861
BLOCK06/SES067/SA067S25	SES085	-2.57377	-8.28426	-5.71049
BLOCK06/SES067/SA067S25	SES177	-1.32053	-7.03102	-5.71049
BLOCK06/SES067/SA067S25	SES183	-1.29932	-7.0098	-5.71049
BLOCK06/SES067/SA067S25	SES202	-2.26382	-7.97431	-5.71049
BLOCK06/SES067/SA067S29	SES085	-2.77813	-9.3313	-6.55317
BLOCK06/SES067/SA067S29	SES177	-3.10067	-9.65384	-6.55317
BLOCK06/SES067/SA067S29	SES183	-0.410615	-6.96378	-6.55317
BLOCK06/SES067/SA067S29	SES202	-2.49223	-9.0454	-6.55317
BLOCK06/SES069/SA069S12	SES029	-2.15268	-5.7546	-3.60192
BLOCK06/SES069/SA069S12	SES082	-0.711844	-4.31377	-3.60192
BLOCK06/SES069/SA069S12	SES087	-1.61305	-5.21497	-3.60192
BLOCK06/SES069/SA069S12	SES206	-0.691403	-4.29333	-3.60192
BLOCK06/SES069/SA069S13	SES029	-1.61049	-4.44092	-2.83043
BLOCK06/SES069/SA069S13	SES087	-0.344121	-3.17455	-2.83043
BLOCK06/SES069/SA069S13	SES206	-1.20352	-4.03394	-2.83043
BLOCK06/SES069/SA069S13	SES226	0.00661063	-2.82381	-2.83043
BLOCK06/SES069/SA069S23	SES029	-0.162296	-1.63601	-1.47371
BLOCK06/SES069/SA069S23	SES087	0.92387	-0.549843	-1.47371
BLOCK06/SES069/SA069S23	SES206	0.242836	-1.23088	-1.47371
BLOCK06/SES069/SA069S23	SES226	0.752916	-0.720796	-1.47371
BLOCK06/SES069/SA069S25	SES087	-0.684057	-4.17749	-3.49343
BLOCK06/SES069/SA069S25	SES206	-2.28474	-5.77817	-3.49343
BLOCK06/SES069/SA069S25	SES226	-0.881838	-4.37527	-3.49343
BLOCK06/SES069/SA069S25	SES270	-1.94859	-5.44202	-3.49343
BLOCK06/SES069/SA069S27	SES087	-1.49764	-6.09584	-4.5982
BLOCK06/SES069/SA069S27	SES206	-0.84655	-5.44475	-4.5982
BLOCK06/SES069/SA069S27	SES226	-0.347571	-4.94577	-4.5982
BLOCK06/SES069/SA069S27	SES270	-1.63066	-6.22886	-4.5982
BLOCK08/SES081/SA081S11	SES060	-2.23188	-9.5571	-7.32522
BLOCK08/SES081/SA081S11	SES062	-1.75006	-9.07528	-7.32522
BLOCK08/SES081/SA081S11	SES117	-2.26977	-9.59499	-7.32522
BLOCK08/SES081/SA081S11	SES162	-2.32865	-9.65387	-7.32522
BLOCK08/SES081/SA081S13	SES016	-1.89179	-7.1833	-5.29151
BLOCK08/SES081/SA081S13	SES060	-0.524923	-5.81643	-5.29151
BLOCK08/SES081/SA081S13	SES068	-0.850844	-6.14236	-5.29151
BLOCK08/SES081/SA081S13	SES129	-2.7951	-8.08661	-5.29151
BLOCK08/SES081/SA081S24	SES060	-0.698951	-6.14782	-5.44887
BLOCK08/SES081/SA081S24	SES068	-1.21116	-6.66003	-5.44887
BLOCK08/SES081/SA081S24	SES117	-1.68172	-7.13059	-5.44887
BLOCK08/SES081/SA081S24	SES275	-2.03824	-7.48711	-5.44887
BLOCK08/SES081/SA081S27	SES007	-1.26501	-11.7065	-10.4415
BLOCK08/SES081/SA081S27	SES060	-1.18883	-11.6304	-10.4415
BLOCK08/SES081/SA081S27	SES117	-1.44965	-11.8912	-10.4415
BLOCK08/SES081/SA081S27	SES275	-2.55727	-12.9988	-10.4415
BLOCK08/SES081/SA081S29	SES007	-0.714854	-10.2502	-9.53537
BLOCK08/SES081/SA081S29	SES060	-1.00966	-10.545	-9.53537
BLOCK08/SES081/SA081S29	SES117	-1.18985	-10.7252	-9.53537
BLOCK08/SES081/SA081S29	SES275	-2.61749	-12.1529	-9.53537
BLOCK08/SES086/SA086S11	SES029	-3.67437	-12.5083	-8.83388
BLOCK08/SES086/SA086S11	SES082	-1.50474	-10.3386	-8.83388
BLOCK08/SES086/SA086S11	SES087	-0.694941	-9.52882	-8.83388
BLOCK08/SES086/SA086S11	SES206	-1.47396	-10.3078	-8.83388
BLOCK08/SES086/SA086S12	SES029	-2.3037	-9.34726	-7.04356
BLOCK08/SES086/SA086S12	SES082	-1.62154	-8.6651	-7.04356
BLOCK08/SES086/SA086S12	SES087	-0.104201	-7.14776	-7.04356
BLOCK08/SES086/SA086S12	SES206	-1.22578	-8.26933	-7.04356
BLOCK08/SES086/SA086S20	SES029	-1.55095	-8.37838	-6.82743
BLOCK08/SES086/SA086S20	SES082	-1.27742	-8.10485	-6.82743
BLOCK08/SES086/SA086S20	SES087	0.15014	-6.67729	-6.82743
BLOCK08/SES086/SA086S20	SES206	-0.72016	-7.54759	-6.82743
BLOCK08/SES086/SA086S24	SES087	-0.816953	-8.29567	-7.47872
BLOCK08/SES086/SA086S24	SES104	-0.716209	-8.19493	-7.47872
BLOCK08/SES086/SA086S24	SES120	-0.68742	-8.16614	-7.47872
BLOCK08/SES086/SA086S24	SES206	-0.0865111	-7.56523	-7.47872
BLOCK08/SES086/SA086S28	SES029	-2.59695	-7.22976	-4.63281
BLOCK08/SES086/SA086S28	SES082	-1.16103	-5.79384	-4.63281
BLOCK08/SES086/SA086S28	SES087	-0.240905	-4.87372	-4.63281
BLOCK08/SES086/SA086S28	SES206	-0.943048	-5.57586	-4.63281
BLOCK08/SES089/SA089S13	SES087	-1.43987	-8.41522	-6.97535
BLOCK08/SES089/SA089S13	SES206	-2.21134	-9.18669	-6.97535
BLOCK08/SES089/SA089S13	SES226	-0.943003	-7.91835	-6.97535
BLOCK08/SES089/SA089S13	SES270	-1.31886	-8.29422	-6.97535
BLOCK08/SES089/SA089S14	SES062	-1.45014	-7.64817	-6.19803
BLOCK08/SES089/SA089S14	SES087	-0.0389404	-6.23697	-6.19803
BLOCK08/SES089/SA089S14	SES206	-1.36999	-7.56802	-6.19803
BLOCK08/SES089/SA089S14	SES226	-0.78312	-6.98115	-6.19803
BLOCK08/SES089/SA089S23	SES087	-1.00566	-10.4577	-9.45205
BLOCK08/SES089/SA089S23	SES206	-1.41173	-10.8638	-9.45205
BLOCK08/SES089/SA089S23	SES226	-1.38616	-10.8382	-9.45205
BLOCK08/SES089/SA089S23	SES270	-2.63653	-12.0886	-9.45205
BLOCK08/SES089/SA089S25	SES062	-1.77062	-8.28382	-6.51319
BLOCK08/SES089/SA089S25	SES087	-0.646399	-7.15959	-6.51319
BLOCK08/SES089/SA089S25	SES206	-1.67974	-8.19294	-6.51319
BLOCK08/SES089/SA089S25	SES226	-1.04885	-7.56204	-6.51319
BLOCK08/SES089/SA089S28	SES062	-1.66618	-7.20764	-5.54145
BLOCK08/SES089/SA089S28	SES087	-0.225169	-5.76662	-5.54145
BLOCK08/SES089/SA089S28	SES206	-1.298	-6.83945	-5.54145
BLOCK08/SES089/SA089S28	SES226	-0.537867	-6.07932	-5.54145
BLOCK09/SES097/SA097S11	SES099	-0.636503	-5.40935	-4.77284
BLOCK09/SES097/SA097S11	SES125	-0.787432	-5.56028	-4.77284
BLOCK09/SES097/SA097S11	SES206	-1.57018	-6.34303	-4.77284
BLOCK09/SES097/SA097S11	SES226	-0.181603	-4.95445	-4.77284
BLOCK09/SES097/SA097S14	SES062	-2.40006	-6.48177	-4.08171
BLOCK09/SES097/SA097S14	SES099	-0.864293	-4.946	-4.08171
BLOCK09/SES097/SA097S14	SES104	-1.73472	-5.81643	-4.08171
BLOCK09/SES097/SA097S14	SES206	-1.86055	-5.94226	-4.08171
BLOCK09/SES097/SA097S22	SES099	0.159805	-4.8012	-4.961
BLOCK09/SES097/SA097S22	SES206	-1.7903	-6.75131	-4.961
BLOCK09/SES097/SA097S22	SES226	-1.32108	-6.28208	-4.961
BLOCK09/SES097/SA097S22	SES270	-2.32937	-7.29037	-4.961
BLOCK09/SES097/SA097S26	SES099	-0.114273	-6.11752	-6.00325
BLOCK09/SES097/SA097S26	SES120	-2.22637	-8.22962	-6.00325
BLOCK09/SES097/SA097S26	SES206	-2.50806	-8.5113	-6.00325
BLOCK09/SES097/SA097S26	SES226	-1.17922	-7.18247	-6.00325
BLOCK09/SES097/SA097S28	SES099	0.484973	-4.46292	-4.9479
BLOCK09/SES097/SA097S28	SES120	-1.16107	-6.10896	-4.9479
BLOCK09/SES097/SA097S28	SES206	-1.35175	-6.29965	-4.9479
BLOCK09/SES097/SA097S28	SES226	-1.47483	-6.42272	-4.9479
BLOCK09/SES098/SA098S11	SES127	-1.86045	-7.54676	-5.68632
BLOCK09/SES098/SA098S11	SES144	-1.13985	-6.82617	-5.68632
BLOCK09/SES098/SA098S11	SES147	-0.754253	-6.44057	-5.68632
BLOCK09/SES098/SA098S11	SES148	-2.70574	-8.39205	-5.68632
BLOCK09/SES098/SA098S12	SES127	-2.86853	-10.7947	-7.92617
BLOCK09/SES098/SA098S12	SES144	-1.77882	-9.70499	-7.92617
BLOCK09/SES098/SA098S12	SES147	-1.18547	-9.11164	-7.92617
BLOCK09/SES098/SA098S12	SES189	-1.7562	-9.68237	-7.92617
BLOCK09/SES098/SA098S20	SES127	-3.82552	-13.1794	-9.3539
BLOCK09/SES098/SA098S20	SES147	-3.1786	-12.5325	-9.3539
BLOCK09/SES098/SA098S20	SES148	-4.46589	-13.8198	-9.3539
BLOCK09/SES098/SA098S20	SES292	-1.49127	-10.8452	-9.3539
BLOCK09/SES098/SA098S23	SES127	-1.96426	-8.9399	-6.97564
BLOCK09/SES098/SA098S23	SES147	-1.80425	-8.77989	-6.97564
BLOCK09/SES098/SA098S23	SES187	-0.863307	-7.83895	-6.97564
BLOCK09/SES098/SA098S23	SES292	-1.40671	-8.38235	-6.97564
BLOCK09/SES098/SA098S27	SES127	-3.68811	-10.9032	-7.2151
BLOCK09/SES098/SA098S27	SES147	-2.46743	-9.68253	-7.2151
BLOCK09/SES098/SA098S27	SES148	-3.63418	-10.8493	-7.2151
BLOCK09/SES098/SA098S27	SES292	-1.79661	-9.01171	-7.2151
BLOCK10/SES102/SA102S13	SES101	-0.914932	-9.57225	-8.65732
BLOCK10/SES102/SA102S13	SES105	-1.02246	-9.67978	-8.65732
BLOCK10/SES102/SA102S13	SES120	-1.79023	-10.4475	-8.65732
BLOCK10/SES102/SA102S13	SES158	-0.374875	-9.0322	-8.65732
BLOCK10/SES102/SA102S14	SES007	0.452907	-4.25401	-4.70692
BLOCK10/SES102/SA102S14	SES101	-0.325628	-5.03255	-4.70692
BLOCK10/SES102/SA102S14	SES105	-0.755223	-5.46214	-4.70692
BLOCK10/SES102/SA102S14	SES147	-2.14709	-6.85401	-4.70692
BLOCK10/SES102/SA102S22	SES007	-1.17995	-6.53669	-5.35674
BLOCK10/SES102/SA102S22	SES101	-0.609061	-5.96581	-5.35674
BLOCK10/SES102/SA102S22	SES105	-0.94992	-6.30666	-5.35674
BLOCK10/SES102/SA102S22	SES158	-1.2961	-6.65285	-5.35674
BLOCK10/SES102/SA102S25	SES007	-0.548804	-5.55737	-5.00856
BLOCK10/SES102/SA102S25	SES101	-0.678855	-5.68742	-5.00856
BLOCK10/SES102/SA102S25	SES105	-1.40512	-6.41369	-5.00856
BLOCK10/SES102/SA102S25	SES147	-2.38863	-7.3972	-5.00856
BLOCK10/SES102/SA102S27	SES007	-0.206	-4.67199	-4.46599
BLOCK10/SES102/SA102S27	SES101	0.0101342	-4.45586	-4.46599
BLOCK10/SES102/SA102S27	SES105	-1.55053	-6.01652	-4.46599
BLOCK10/SES102/SA102S27	SES147	-1.69986	-6.16585	-4.46599
BLOCK10/SES103/SA103S14	SES105	-1.74921	-11.6837	-9.93445
BLOCK10/SES103/SA103S14	SES106	-2.92598	-12.8604	-9.93445
BLOCK10/SES103/SA103S14	SES120	-2.30664	-12.2411	-9.93445
BLOCK10/SES103/SA103S14	SES206	-2.0911	-12.0255	-9.93445
BLOCK10/SES103/SA103S15	SES099	-3.20839	-13.2148	-10.0064
BLOCK10/SES103/SA103S15	SES101	-3.02569	-13.0321	-10.0064
BLOCK10/SES103/SA103S15	SES104	-1.89466	-11.9011	-10.0064
BLOCK10/SES103/SA103S15	SES125	-4.42991	-14.4363	-10.0064
BLOCK10/SES103/SA103S24	SES104	-1.60654	-7.32708	-5.72054
BLOCK10/SES103/SA103S24	SES125	-4.34212	-10.0627	-5.72054
BLOCK10/SES103/SA103S24	SES148	-2.8488	-8.56934	-5.72054
BLOCK10/SES103/SA103S24	SES158	-2.06003	-7.78056	-5.72054
BLOCK10/SES103/SA103S26	SES104	-1.09794	-9.65242	-8.55447
BLOCK10/SES103/SA103S26	SES106	-1.05403	-9.6085	-8.55447
BLOCK10/SES103/SA103S26	SES125	-2.00791	-10.5624	-8.55447
BLOCK10/SES103/SA103S26	SES148	-4.02222	-12.5767	-8.55447
BLOCK10/SES103/SA103S28	SES104	-1.97604	-11.895	-9.91891
BLOCK10/SES103/SA103S28	SES106	-3.26125	-13.1802	-9.91891
BLOCK10/SES103/SA103S28	SES125	-3.98353	-13.9024	-9.91891
BLOCK10/SES103/SA103S28	SES206	-2.99274	-12.9117	-9.91891
BLOCK12/SES121/SA121S12	SES042	-1.74234	-8.73632	-6.99398
BLOCK12/SES121/SA121S12	SES087	-1.74433	-8.73831	-6.99398
BLOCK12/SES121/SA121S12	SES105	-0.269699	-7.26368	-6.99398
BLOCK12/SES121/SA121S12	SES206	-0.311594	-7.30557	-6.99398
BLOCK12/SES121/SA121S14	SES007	-2.27583	-13.363	-11.0872
BLOCK12/SES121/SA121S14	SES105	-2.34536	-13.4326	-11.0872
BLOCK12/SES121/SA121S14	SES106	-2.20865	-13.2958	-11.0872
BLOCK12/SES121/SA121S14	SES206	-1.53839	-12.6256	-11.0872
BLOCK12/SES121/SA121S23	SES105	-1.72307	-10.9327	-9.2096
BLOCK12/SES121/SA121S23	SES106	-2.62999	-11.8396	-9.2096
BLOCK12/SES121/SA121S23	SES120	-2.37421	-11.5838	-9.2096
BLOCK12/SES121/SA121S23	SES206	0.351203	-8.8584	-9.2096
BLOCK12/SES121/SA121S25	SES007	-1.40245	-12.9258	-11.5233
BLOCK12/SES121/SA121S25	SES105	-1.96051	-13.4839	-11.5233
BLOCK12/SES121/SA121S25	SES106	-1.08709	-12.6104	-11.5233
BLOCK12/SES121/SA121S25	SES206	-0.908835	-12.4322	-11.5233
BLOCK12/SES121/SA121S27	SES087	-0.643301	-11.6325	-10.9892
BLOCK12/SES121/SA121S27	SES105	-3.53563	-14.5249	-10.9892
BLOCK12/SES121/SA121S27	SES120	-0.417773	-11.407	-10.9892
BLOCK12/SES121/SA121S27	SES206	-1.0947	-12.0839	-10.9892
BLOCK12/SES124/SA124S16	SES042	-0.662971	-5.60062	-4.93764
BLOCK12/SES124/SA124S16	SES082	-1.36877	-6.30642	-4.93764
BLOCK12/SES124/SA124S16	SES183	-1.09016	-6.02781	-4.93764
BLOCK12/SES124/SA124S16	SES206	-1.77441	-6.71205	-4.93764
BLOCK12/SES124/SA124S17	SES105	-1.94851	-9.35074	-7.40223
BLOCK12/SES124/SA124S17	SES149	-1.4784	-8.88063	-7.40223
BLOCK12/SES124/SA124S17	SES158	-2.5974	-9.99963	-7.40223
BLOCK12/SES124/SA124S17	SES275	-2.31262	-9.71486	-7.40223
BLOCK12/SES124/SA124S23	SES105	-1.76698	-5.65718	-3.89021
BLOCK12/SES124/SA124S23	SES125	1.61593	-2.27427	-3.89021
BLOCK12/SES124/SA124S23	SES129	-1.03209	-4.92229	-3.89021
BLOCK12/SES124/SA124S23	SES158	-0.87572	-4.76593	-3.89021
BLOCK12/SES124/SA124S26	SES105	-2.46479	-8.73513	-6.27034
BLOCK12/SES124/SA124S26	SES125	-0.530935	-6.80128	-6.27034
BLOCK12/SES124/SA124S26	SES129	-2.05575	-8.3261	-6.27034
BLOCK12/SES124/SA124S26	SES158	-1.30781	-7.57815	-6.27034
BLOCK12/SES124/SA124S28	SES104	-0.268432	-5.14229	-4.87386
BLOCK12/SES124/SA124S28	SES106	-1.09991	-5.97377	-4.87386
BLOCK12/SES124/SA124S28	SES125	0.723508	-4.15035	-4.87386
BLOCK12/SES124/SA124S28	SES275	-2.12245	-6.99631	-4.87386
BLOCK12/SES126/SA126S13	SES007	-1.62893	-8.99969	-7.37076
BLOCK12/SES126/SA126S13	SES162	-1.84909	-9.21986	-7.37076
BLOCK12/SES126/SA126S13	SES177	-1.54154	-8.9123	-7.37076
BLOCK12/SES126/SA126S13	SES180	-1.54111	-8.91188	-7.37076
BLOCK12/SES126/SA126S14	SES144	-1.20263	-6.57082	-5.36819
BLOCK12/SES126/SA126S14	SES148	-1.95378	-7.32197	-5.36819
BLOCK12/SES126/SA126S14	SES177	-1.23209	-6.60028	-5.36819
BLOCK12/SES126/SA126S14	SES180	-0.837957	-6.20615	-5.36819
BLOCK12/SES126/SA126S20	SES007	-1.24066	-4.46437	-3.22371
BLOCK12/SES126/SA126S20	SES162	-0.913315	-4.13702	-3.22371
BLOCK12/SES126/SA126S20	SES172	-0.981338	-4.20505	-3.22371
BLOCK12/SES126/SA126S20	SES180	-0.52106	-3.74477	-3.22371
BLOCK12/SES126/SA126S24	SES120	-0.618459	-5.55023	-4.93177
BLOCK12/SES126/SA126S24	SES162	-1.01306	-5.94482	-4.93177
BLOCK12/SES126/SA126S24	SES177	-0.218818	-5.15058	-4.93177
BLOCK12/SES126/SA126S24	SES180	-0.615174	-5.54694	-4.93177
BLOCK12/SES126/SA126S26	SES120	-0.216624	-4.82602	-4.6094
BLOCK12/SES126/SA126S26	SES177	-1.04504	-5.65443	-4.6094
BLOCK12/SES126/SA126S26	SES180	-0.358018	-4.96741	-4.6094
BLOCK12/SES126/SA126S26	SES202	-1.03226	-5.64166	-4.6094
BLOCK12/SES128/SA128S10	SES087	-1.73064	-6.98627	-5.25563
BLOCK12/SES128/SA128S10	SES206	-1.00725	-6.26288	-5.25563
BLOCK12/SES128/SA128S10	SES226	-0.621544	-5.87718	-5.25563
BLOCK12/SES128/SA128S10	SES270	-1.76035	-7.01599	-5.25563
BLOCK12/SES128/SA128S12	SES120	-0.631185	-7.79449	-7.16331
BLOCK12/SES128/SA128S12	SES158	-2.38204	-9.54534	-7.16331
BLOCK12/SES128/SA128S12	SES206	-0.967044	-8.13035	-7.16331
BLOCK12/SES128/SA128S12	SES226	-2.19637	-9.35968	-7.16331
BLOCK12/SES128/SA128S21	SES106	-3.89293	-9.41666	-5.52372
BLOCK12/SES128/SA128S21	SES120	-0.895889	-6.41961	-5.52372
BLOCK12/SES128/SA128S21	SES206	-1.25835	-6.78208	-5.52372
BLOCK12/SES128/SA128S21	SES226	-1.56444	-7.08816	-5.52372
BLOCK12/SES128/SA128S24	SES087	-1.06815	-8.52681	-7.45867
BLOCK12/SES128/SA128S24	SES120	-0.695033	-8.1537	-7.45867
BLOCK12/SES128/SA128S24	SES206	-1.04885	-8.50752	-7.45867
BLOCK12/SES128/SA128S24	SES226	-1.95801	-9.41668	-7.45867
BLOCK12/SES128/SA128S27	SES099	-1.21363	-6.95788	-5.74426
BLOCK12/SES128/SA128S27	SES120	-0.87622	-6.62048	-5.74426
BLOCK12/SES128/SA128S27	SES206	-1.42965	-7.17391	-5.74426
BLOCK12/SES128/SA128S27	SES226	-1.10335	-6.8476	-5.74426
BLOCK13/SES130/SA130S13	SES143	-0.674082	-7.04816	-6.37408
BLOCK13/SES130/SA130S13	SES144	0.524171	-5.8499	-6.37408
BLOCK13/SES130/SA130S13	SES146	-1.89713	-8.2712	-6.37408
BLOCK13/SES130/SA130S13	SES275	-2.24482	-8.61889	-6.37408
BLOCK13/SES130/SA130S15	SES143	-0.432096	-4.795	-4.36291
BLOCK13/SES130/SA130S15	SES144	0.131797	-4.23111	-4.36291
BLOCK13/SES130/SA130S15	SES146	-0.569684	-4.93259	-4.36291
BLOCK13/SES130/SA130S15	SES275	-1.41015	-5.77306	-4.36291
BLOCK13/SES130/SA130S23	SES127	-0.656602	-4.86423	-4.20763
BLOCK13/SES130/SA130S23	SES144	0.3773	-3.83033	-4.20763
BLOCK13/SES130/SA130S23	SES146	-0.647259	-4.85489	-4.20763
BLOCK13/SES130/SA130S23	SES162	-0.372075	-4.57971	-4.20763
BLOCK13/SES130/SA130S25	SES127	-0.897496	-2.82073	-1.92323
BLOCK13/SES130/SA130S25	SES144	0.0399783	-1.88325	-1.92323
BLOCK13/SES130/SA130S25	SES146	-0.324192	-2.24742	-1.92323
BLOCK13/SES130/SA130S25	SES275	-1.38531	-3.30854	-1.92323
BLOCK13/SES130/SA130S28	SES127	-0.736627	-5.34478	-4.60815
BLOCK13/SES130/SA130S28	SES144	-1.40939	-6.01754	-4.60815
BLOCK13/SES130/SA130S28	SES146	-0.989982	-5.59813	-4.60815
BLOCK13/SES130/SA130S28	SES275	-1.06075	-5.6689	-4.60815
BLOCK13/SES131/SA131S13	SES002	-2.22854	-8.11972	-5.89118
BLOCK13/SES131/SA131S13	SES007	-2.07989	-7.97107	-5.89118
BLOCK13/SES131/SA131S13	SES099	-1.08907	-6.98025	-5.89118
BLOCK13/SES131/SA131S13	SES105	-1.11692	-7.00811	-5.89118
BLOCK13/SES131/SA131S14	SES104	-0.871558	-2.60365	-1.73209
BLOCK13/SES131/SA131S14	SES106	-2.65064	-4.38273	-1.73209
BLOCK13/SES131/SA131S14	SES125	-1.66685	-3.39894	-1.73209
BLOCK13/SES131/SA131S14	SES148	0.0634863	-1.66861	-1.73209
BLOCK13/SES131/SA131S20	SES104	-3.1111	-10.6855	-7.57441
BLOCK13/SES131/SA131S20	SES106	-2.63218	-10.2066	-7.57441
BLOCK13/SES131/SA131S20	SES125	-2.56457	-10.139	-7.57441
BLOCK13/SES131/SA131S20	SES148	-2.13835	-9.71276	-7.57441
BLOCK13/SES131/SA131S22	SES099	-1.99409	-6.75783	-4.76374
BLOCK13/SES131/SA131S22	SES104	-1.02443	-5.78817	-4.76374
BLOCK13/SES131/SA131S22	SES125	-1.12387	-5.88761	-4.76374
BLOCK13/SES131/SA131S22	SES206	-1.93709	-6.70083	-4.76374
BLOCK13/SES131/SA131S29	SES087	-2.13594	-8.76791	-6.63196
BLOCK13/SES131/SA131S29	SES104	-3.87869	-10.5107	-6.63196
BLOCK13/SES131/SA131S29	SES125	-5.0641	-11.6961	-6.63196
BLOCK13/SES131/SA131S29	SES206	-3.20995	-9.84191	-6.63196
BLOCK13/SES132/SA132S11	SES083	-1.63616	-9.42622	-7.79006
BLOCK13/SES132/SA132S11	SES120	-0.0149364	-7.805	-7.79006
BLOCK13/SES132/SA132S11	SES127	-3.19327	-10.9833	-7.79006
BLOCK13/SES132/SA132S11	SES275	-1.72802	-9.51808	-7.79006
BLOCK13/SES132/SA132S12	SES083	-1.77746	-6.38619	-4.60873
BLOCK13/SES132/SA132S12	SES143	-1.77743	-6.38616	-4.60873
BLOCK13/SES132/SA132S12	SES144	-1.35736	-5.96609	-4.60873
BLOCK13/SES132/SA132S12	SES148	-1.11374	-5.72247	-4.60873
BLOCK13/SES132/SA132S22	SES062	-1.22453	-7.64718	-6.42265
BLOCK13/SES132/SA132S22	SES083	-1.58205	-8.0047	-6.42265
BLOCK13/SES132/SA132S22	SES127	-2.01929	-8.44194	-6.42265
BLOCK13/SES132/SA132S22	SES275	-1.62435	-8.047	-6.42265
BLOCK13/SES132/SA132S24	SES007	-1.0364	-6.01813	-4.98173
BLOCK13/SES132/SA132S24	SES083	-1.58378	-6.56551	-4.98173
BLOCK13/SES132/SA132S24	SES127	-2.22402	-7.20575	-4.98173
BLOCK13/SES132/SA132S24	SES275	-1.36866	-6.35039	-4.98173
BLOCK13/SES132/SA132S27	SES083	-2.31477	-10.0877	-7.77294
BLOCK13/SES132/SA132S27	SES120	0.452114	-7.32082	-7.77294
BLOCK13/SES132/SA132S27	SES127	-4.84626	-12.6192	-7.77294
BLOCK13/SES132/SA132S27	SES275	-2.70512	-10.4781	-7.77294
BLOCK14/SES141/SA141S09	SES143	-1.10272	-5.32753	-4.22481
BLOCK14/SES141/SA141S09	SES144	-0.247676	-4.47248	-4.22481
BLOCK14/SES141/SA141S09	SES162	-0.875705	-5.10051	-4.22481
BLOCK14/SES141/SA141S09	SES180	-0.534802	-4.75961	-4.22481
BLOCK14/SES141/SA141S15	SES127	-0.996245	-6.61215	-5.61591
BLOCK14/SES141/SA141S15	SES144	-1.17696	-6.79287	-5.61591
BLOCK14/SES141/SA141S15	SES162	-1.83746	-7.45336	-5.61591
BLOCK14/SES141/SA141S15	SES180	-0.965476	-6.58138	-5.61591
BLOCK14/SES141/SA141S24	SES127	-1.83475	-7.96531	-6.13056
BLOCK14/SES141/SA141S24	SES144	-2.16233	-8.2929	-6.13056
BLOCK14/SES141/SA141S24	SES162	-1.25528	-7.38584	-6.13056
BLOCK14/SES141/SA141S24	SES183	-1.87717	-8.00773	-6.13056
BLOCK14/SES141/SA141S26	SES142	-0.603433	-6.72441	-6.12098
BLOCK14/SES141/SA141S26	SES144	-1.40991	-7.53089	-6.12098
BLOCK14/SES141/SA141S26	SES172	-0.952837	-7.07382	-6.12098
BLOCK14/SES141/SA141S26	SES180	-1.07554	-7.19652	-6.12098
BLOCK14/SES141/SA141S29	SES127	-0.346463	-4.72498	-4.37852
BLOCK14/SES141/SA141S29	SES142	0.102074	-4.27644	-4.37852
BLOCK14/SES141/SA141S29	SES144	-0.72188	-5.1004	-4.37852
BLOCK14/SES141/SA141S29	SES180	-0.382873	-4.76139	-4.37852
BLOCK15/SES157/SA157S08	SES083	-1.27628	-5.317	-4.04073
BLOCK15/SES157/SA157S08	SES127	-1.28989	-5.33062	-4.04073
BLOCK15/SES157/SA157S08	SES148	-1.00868	-5.0494	-4.04073
BLOCK15/SES157/SA157S08	SES292	-1.68608	-5.72681	-4.04073
BLOCK15/SES157/SA157S11	SES083	-1.42678	-5.84792	-4.42114
BLOCK15/SES157/SA157S11	SES127	-1.8829	-6.30405	-4.42114
BLOCK15/SES157/SA157S11	SES148	-2.19358	-6.61472	-4.42114
BLOCK15/SES157/SA157S11	SES292	-1.24894	-5.67009	-4.42114
BLOCK15/SES157/SA157S21	SES127	-0.00980043	-2.44055	-2.43075
BLOCK15/SES157/SA157S21	SES148	-0.113262	-2.54402	-2.43075
BLOCK15/SES157/SA157S21	SES158	-4.72093	-7.15169	-2.43075
BLOCK15/SES157/SA157S21	SES292	-0.795178	-3.22593	-2.43075
BLOCK15/SES157/SA157S24	SES127	-1.31888	-6.93217	-5.61329
BLOCK15/SES157/SA157S24	SES148	-1.11201	-6.7253	-5.61329
BLOCK15/SES157/SA157S24	SES183	-1.54888	-7.16217	-5.61329
BLOCK15/SES157/SA157S24	SES292	-1.96463	-7.57792	-5.61329
BLOCK15/SES157/SA157S26	SES007	-1.19685	-5.14969	-3.95283
BLOCK15/SES157/SA157S26	SES127	-0.0782068	-4.03104	-3.95283
BLOCK15/SES157/SA157S26	SES147	-1.08921	-5.04204	-3.95283
BLOCK15/SES157/SA157S26	SES148	-1.45566	-5.4085	-3.95283
BLOCK16/SES161/SA161S10	SES007	-1.18037	-7.36261	-6.18224
BLOCK16/SES161/SA161S10	SES105	-0.986338	-7.16858	-6.18224
BLOCK16/SES161/SA161S10	SES158	-1.46693	-7.64917	-6.18224
BLOCK16/SES161/SA161S10	SES275	-1.30048	-7.48272	-6.18224
BLOCK16/SES161/SA161S12	SES007	-2.50524	-11.9785	-9.47322
BLOCK16/SES161/SA161S12	SES105	-2.37854	-11.8518	-9.47322
BLOCK16/SES161/SA161S12	SES158	-2.36424	-11.8375	-9.47322
BLOCK16/SES161/SA161S12	SES275	-1.87444	-11.3477	-9.47322
BLOCK16/SES161/SA161S20	SES007	-1.7805	-11.6714	-9.89086
BLOCK16/SES161/SA161S20	SES105	-1.81155	-11.7024	-9.89086
BLOCK16/SES161/SA161S20	SES158	-0.772091	-10.663	-9.89086
BLOCK16/SES161/SA161S20	SES275	-3.05718	-12.948	-9.89086
BLOCK16/SES161/SA161S23	SES007	-3.98944	-14.2849	-10.2955
BLOCK16/SES161/SA161S23	SES105	-1.65543	-11.9509	-10.2955
BLOCK16/SES161/SA161S23	SES148	-1.27134	-11.5668	-10.2955
BLOCK16/SES161/SA161S23	SES158	-3.45287	-13.7484	-10.2955
BLOCK16/SES161/SA161S28	SES007	-1.14339	-10.7519	-9.60855
BLOCK16/SES161/SA161S28	SES105	-2.16292	-11.7715	-9.60855
BLOCK16/SES161/SA161S28	SES158	-0.508452	-10.117	-9.60855
BLOCK16/SES161/SA161S28	SES206	-0.817738	-10.4263	-9.60855
BLOCK16/SES164/SA164S11	SES104	-0.944682	-4.54589	-3.6012
BLOCK16/SES164/SA164S11	SES125	-1.24094	-4.84214	-3.6012
BLOCK16/SES164/SA164S11	SES158	-3.90777	-7.50897	-3.6012
BLOCK16/SES164/SA164S11	SES206	-1.4125	-5.0137	-3.6012
BLOCK16/SES164/SA164S13	SES099	-2.79318	-7.50321	-4.71004
BLOCK16/SES164/SA164S13	SES104	-2.08478	-6.79482	-4.71004
BLOCK16/SES164/SA164S13	SES125	-2.82892	-7.53896	-4.71004
BLOCK16/SES164/SA164S13	SES206	-3.005	-7.71504	-4.71004
BLOCK16/SES164/SA164S24	SES002	-0.368161	-4.18432	-3.81616
BLOCK16/SES164/SA164S24	SES099	-1.71194	-5.5281	-3.81616
BLOCK16/SES164/SA164S24	SES125	-1.60037	-5.41654	-3.81616
BLOCK16/SES164/SA164S24	SES226	-0.645644	-4.4618	-3.81616
BLOCK16/SES164/SA164S27	SES087	-1.40673	-6.26138	-4.85465
BLOCK16/SES164/SA164S27	SES125	-2.77139	-7.62604	-4.85465
BLOCK16/SES164/SA164S27	SES206	-2.44587	-7.30052	-4.85465
BLOCK16/SES164/SA164S27	SES226	-2.02571	-6.88036	-4.85465
BLOCK16/SES164/SA164S29	SES002	-1.51557	-5.04322	-3.52765
BLOCK16/SES164/SA164S29	SES019	-3.10783	-6.63548	-3.52765
BLOCK16/SES164/SA164S29	SES125	-2.15456	-5.68221	-3.52765
BLOCK16/SES164/SA164S29	SES226	-1.7986	-5.32625	-3.52765
BLOCK16/SES169/SA169S13	SES117	-1.71503	-7.95161	-6.23658
BLOCK16/SES169/SA169S13	SES144	-1.61781	-7.85439	-6.23658
BLOCK16/SES169/SA169S13	SES146	-1.25356	-7.49014	-6.23658
BLOCK16/SES169/SA169S13	SES162	-1.39704	-7.63362	-6.23658
BLOCK16/SES169/SA169S14	SES144	-1.23174	-4.25658	-3.02485
BLOCK16/SES169/SA169S14	SES148	-1.0501	-4.07495	-3.02485
BLOCK16/SES169/SA169S14	SES177	-0.617797	-3.64264	-3.02485
BLOCK16/SES169/SA169S14	SES180	-1.23847	-4.26331	-3.02485
BLOCK16/SES169/SA169S24	SES117	-0.473262	-6.17947	-5.70621
BLOCK16/SES169/SA169S24	SES144	-0.890898	-6.59711	-5.70621
BLOCK16/SES169/SA169S24	SES146	-0.454016	-6.16023	-5.70621
BLOCK16/SES169/SA169S24	SES162	-0.295938	-6.00215	-5.70621
BLOCK16/SES169/SA169S27	SES127	-0.74029	-6.61653	-5.87624
BLOCK16/SES169/SA169S27	SES129	-0.788137	-6.66438	-5.87624
BLOCK16/SES169/SA169S27	SES144	-1.0366	-6.91284	-5.87624
BLOCK16/SES169/SA169S27	SES146	-0.681201	-6.55744	-5.87624
BLOCK16/SES169/SA169S29	SES144	-0.756155	-3.61566	-2.85951
BLOCK16/SES169/SA169S29	SES162	-0.559452	-3.41896	-2.85951
BLOCK16/SES169/SA169S29	SES177	-1.22877	-4.08828	-2.85951
BLOCK16/SES169/SA169S29	SES180	-1.43672	-4.29623	-2.85951
BLOCK17/SES171/SA171S12	SES083	-1.74811	-6.98669	-5.23859
BLOCK17/SES171/SA171S12	SES148	-1.72916	-6.96774	-5.23859
BLOCK17/SES171/SA171S12	SES172	-1.6603	-6.89889	-5.23859
BLOCK17/SES171/SA171S12	SES292	-2.87819	-8.11678	-5.23859
BLOCK17/SES171/SA171S15	SES148	-2.4782	-7.96233	-5.48413
BLOCK17/SES171/SA171S15	SES177	-1.82865	-7.31278	-5.48413
BLOCK17/SES171/SA171S15	SES180	-4.04048	-9.52462	-5.48413
BLOCK17/SES171/SA171S15	SES292	-2.50556	-7.98969	-5.48413
BLOCK17/SES171/SA171S22	SES007	-0.652046	-2.91873	-2.26668
BLOCK17/SES171/SA171S22	SES148	-0.511053	-2.77773	-2.26668
BLOCK17/SES171/SA171S22	SES177	0.00544071	-2.26124	-2.26668
BLOCK17/SES171/SA171S22	SES180	-2.20253	-4.46921	-2.26668
BLOCK17/SES171/SA171S25	SES101	-2.18074	-8.70559	-6.52485
BLOCK17/SES171/SA171S25	SES120	-3.15202	-9.67687	-6.52485
BLOCK17/SES171/SA171S25	SES177	-0.96149	-7.48634	-6.52485
BLOCK17/SES171/SA171S25	SES180	-1.5939	-8.11874	-6.52485
BLOCK17/SES171/SA171S27	SES177	-1.46454	-7.70163	-6.23709
BLOCK17/SES171/SA171S27	SES180	-2.41196	-8.64904	-6.23709
BLOCK17/SES171/SA171S27	SES189	-1.05162	-7.28871	-6.23709
BLOCK17/SES171/SA171S27	SES292	-1.67637	-7.91346	-6.23709
BLOCK17/SES173/SA173S13	SES162	-3.29843	-9.36549	-6.06706
BLOCK17/SES173/SA173S13	SES177	-1.24869	-7.31574	-6.06706
BLOCK17/SES173/SA173S13	SES180	-1.41669	-7.48374	-6.06706
BLOCK17/SES173/SA173S13	SES292	0.218441	-5.84862	-6.06706
BLOCK17/SES173/SA173S14	SES007	-2.06601	-7.24881	-5.1828
BLOCK17/SES173/SA173S14	SES162	-2.17241	-7.3552	-5.1828
BLOCK17/SES173/SA173S14	SES177	-1.00977	-6.19257	-5.1828
BLOCK17/SES173/SA173S14	SES180	-1.72455	-6.90735	-5.1828
BLOCK17/SES173/SA173S24	SES144	-2.20441	-8.25968	-6.05527
BLOCK17/SES173/SA173S24	SES162	-2.2759	-8.33116	-6.05527
BLOCK17/SES173/SA173S24	SES177	-0.213806	-6.26907	-6.05527
BLOCK17/SES173/SA173S24	SES180	-2.14454	-8.19981	-6.05527
BLOCK17/SES173/SA173S27	SES162	-3.2037	-9.71686	-6.51316
BLOCK17/SES173/SA173S27	SES177	-1.75588	-8.26904	-6.51316
BLOCK17/SES173/SA173S27	SES180	-2.34338	-8.85655	-6.51316
BLOCK17/SES173/SA173S27	SES292	-1.34785	-7.86101	-6.51316
BLOCK17/SES173/SA173S29	SES162	-1.76863	-5.49775	-3.72912
BLOCK17/SES173/SA173S29	SES175	-0.966164	-4.69529	-3.72912
BLOCK17/SES173/SA173S29	SES177	-0.29656	-4.02568	-3.72912
BLOCK17/SES173/SA173S29	SES292	-0.822392	-4.55151	-3.72912
BLOCK18/SES182/SA182S10	SES144	-1.48475	-7.24869	-5.76394
BLOCK18/SES182/SA182S10	SES177	-0.929518	-6.69346	-5.76394
BLOCK18/SES182/SA182S10	SES180	-2.19449	-7.95842	-5.76394
BLOCK18/SES182/SA182S10	SES275	-1.08579	-6.84973	-5.76394
BLOCK18/SES182/SA182S12	SES144	-1.7692	-7.50638	-5.73718
BLOCK18/SES182/SA182S12	SES177	-1.15146	-6.88864	-5.73718
BLOCK18/SES182/SA182S12	SES180	-2.73059	-8.46777	-5.73718
BLOCK18/SES182/SA182S12	SES275	-1.27681	-7.01399	-5.73718
BLOCK18/SES182/SA182S21	SES117	-0.971394	-8.82272	-7.85132
BLOCK18/SES182/SA182S21	SES144	-1.4396	-9.29092	-7.85132
BLOCK18/SES182/SA182S21	SES162	-1.17983	-9.03115	-7.85132
BLOCK18/SES182/SA182S21	SES180	-2.37711	-10.2284	-7.85132
BLOCK18/SES182/SA182S23	SES117	-2.50351	-12.0286	-9.52512
BLOCK18/SES182/SA182S23	SES144	-3.60927	-13.1344	-9.52512
BLOCK18/SES182/SA182S23	SES180	-5.57671	-15.1018	-9.52512
BLOCK18/SES182/SA182S23	SES275	-3.03294	-12.5581	-9.52512
BLOCK18/SES182/SA182S25	SES007	-0.0096364	-6.48246	-6.47283
BLOCK18/SES182/SA182S25	SES162	-1.03172	-7.50454	-6.47283
BLOCK18/SES182/SA182S25	SES177	-0.859781	-7.33261	-6.47283
BLOCK18/SES182/SA182S25	SES180	-2.71136	-9.18419	-6.47283
BLOCK18/SES184/SA184S12	SES177	-0.582004	-4.86978	-4.28777
BLOCK18/SES184/SA184S12	SES180	-0.470068	-4.75784	-4.28777
BLOCK18/SES184/SA184S12	SES189	-2.6352	-6.92298	-4.28777
BLOCK18/SES184/SA184S12	SES292	-0.790699	-5.07847	-4.28777
BLOCK18/SES184/SA184S13	SES101	-1.33709	-6.30536	-4.96827
BLOCK18/SES184/SA184S13	SES177	-1.34704	-6.3153	-4.96827
BLOCK18/SES184/SA184S13	SES180	-1.04068	-6.00894	-4.96827
BLOCK18/SES184/SA184S13	SES292	-1.41091	-6.37918	-4.96827
BLOCK18/SES184/SA184S22	SES177	-1.02533	-5.41583	-4.3905
BLOCK18/SES184/SA184S22	SES180	-0.599356	-4.98986	-4.3905
BLOCK18/SES184/SA184S22	SES189	-1.76758	-6.15808	-4.3905
BLOCK18/SES184/SA184S22	SES292	-1.68563	-6.07613	-4.3905
BLOCK18/SES184/SA184S25	SES101	-0.874345	-4.39572	-3.52137
BLOCK18/SES184/SA184S25	SES177	-1.40038	-4.92176	-3.52137
BLOCK18/SES184/SA184S25	SES180	-0.913592	-4.43496	-3.52137
BLOCK18/SES184/SA184S25	SES292	-0.814372	-4.33574	-3.52137
BLOCK18/SES184/SA184S27	SES083	-1.50544	-5.45772	-3.95227
BLOCK18/SES184/SA184S27	SES177	-1.13744	-5.08972	-3.95227
BLOCK18/SES184/SA184S27	SES202	-1.29475	-5.24702	-3.95227
BLOCK18/SES184/SA184S27	SES292	-1.58412	-5.5364	-3.95227
BLOCK20/SES204/SA204S12	SES062	-0.879961	-5.79425	-4.91429
BLOCK20/SES204/SA204S12	SES083	-1.83576	-6.75004	-4.91429
BLOCK20/SES204/SA204S12	SES206	-1.21192	-6.1262	-4.91429
BLOCK20/SES204/SA204S12	SES226	-1.71326	-6.62755	-4.91429
BLOCK20/SES204/SA204S14	SES068	-0.0145748	-3.51862	-3.50405
BLOCK20/SES204/SA204S14	SES087	-0.1101	-3.61415	-3.50405
BLOCK20/SES204/SA204S14	SES206	-1.05361	-4.55765	-3.50405
BLOCK20/SES204/SA204S14	SES226	-1.13063	-4.63468	-3.50405
BLOCK20/SES204/SA204S22	SES068	-0.73558	-5.64959	-4.91401
BLOCK20/SES204/SA204S22	SES082	-1.58481	-6.49882	-4.91401
BLOCK20/SES204/SA204S22	SES083	-2.37461	-7.28862	-4.91401
BLOCK20/SES204/SA204S22	SES206	-0.80582	-5.71983	-4.91401
BLOCK20/SES204/SA204S25	SES062	-0.725943	-6.0212	-5.29526
BLOCK20/SES204/SA204S25	SES083	-2.42691	-7.72217	-5.29526
BLOCK20/SES204/SA204S25	SES206	-0.998021	-6.29328	-5.29526
BLOCK20/SES204/SA204S25	SES226	-0.942691	-6.23795	-5.29526
BLOCK20/SES204/SA204S27	SES068	-1.00599	-6.88939	-5.8834
BLOCK20/SES204/SA204S27	SES082	-1.60385	-7.48725	-5.8834
BLOCK20/SES204/SA204S27	SES087	0.18795	-5.69545	-5.8834
BLOCK20/SES204/SA204S27	SES206	-1.69064	-7.57404	-5.8834
BLOCK20/SES207/SA207S10	SES127	-1.97017	-6.27859	-4.30842
BLOCK20/SES207/SA207S10	SES183	-1.05278	-5.3612	-4.30842
BLOCK20/SES207/SA207S10	SES189	-0.980413	-5.28883	-4.30842
BLOCK20/SES207/SA207S10	SES292	-1.41928	-5.7277	-4.30842
BLOCK20/SES207/SA207S11	SES127	-1.2397	-5.75638	-4.51668
BLOCK20/SES207/SA207S11	SES183	-0.69915	-5.21583	-4.51668
BLOCK20/SES207/SA207S11	SES187	-0.904887	-5.42156	-4.51668
BLOCK20/SES207/SA207S11	SES292	-0.693319	-5.21	-4.51668
BLOCK20/SES207/SA207S25	SES068	-0.888688	-7.04855	-6.15986
BLOCK20/SES207/SA207S25	SES083	-1.36355	-7.52342	-6.15986
BLOCK20/SES207/SA207S25	SES127	-0.40384	-6.5637	-6.15986
BLOCK20/SES207/SA207S25	SES187	-1.00758	-7.16745	-6.15986
BLOCK20/SES207/SA207S27	SES127	-1.65449	-8.57739	-6.92291
BLOCK20/SES207/SA207S27	SES183	-1.4046	-8.32751	-6.92291
BLOCK20/SES207/SA207S27	SES187	-1.72476	-8.64766	-6.92291
BLOCK20/SES207/SA207S27	SES292	-1.82935	-8.75225	-6.92291
BLOCK20/SES207/SA207S29	SES083	-1.91771	-5.46808	-3.55037
BLOCK20/SES207/SA207S29	SES085	-1.31004	-4.86041	-3.55037
BLOCK20/SES207/SA207S29	SES172	0.0376558	-3.51271	-3.55037
BLOCK20/SES207/SA207S29	SES189	-3.70763	-7.25799	-3.55037
BLOCK22/SES221/SA221S12	SES068	-0.459048	-5.01616	-4.55711
BLOCK22/SES221/SA221S12	SES143	-1.26271	-5.81982	-4.55711
BLOCK22/SES221/SA221S12	SES175	-0.994213	-5.55132	-4.55711
BLOCK22/SES221/SA221S12	SES202	-0.412139	-4.96925	-4.55711
BLOCK22/SES221/SA221S15	SES085	-0.648096	-5.75404	-5.10594
BLOCK22/SES221/SA221S15	SES143	-1.19775	-6.30369	-5.10594
BLOCK22/SES221/SA221S15	SES175	-1.12119	-6.22713	-5.10594
BLOCK22/SES221/SA221S15	SES187	-1.80557	-6.91151	-5.10594
BLOCK22/SES221/SA221S23	SES068	0.100291	-5.3521	-5.45239
BLOCK22/SES221/SA221S23	SES143	-1.49481	-6.94721	-5.45239
BLOCK22/SES221/SA221S23	SES175	-0.90589	-6.35828	-5.45239
BLOCK22/SES221/SA221S23	SES189	-1.94848	-7.40088	-5.45239
BLOCK22/SES221/SA221S27	SES085	0.430556	-5.19522	-5.62578
BLOCK22/SES221/SA221S27	SES143	-0.800963	-6.42674	-5.62578
BLOCK22/SES221/SA221S27	SES175	-0.932302	-6.55808	-5.62578
BLOCK22/SES221/SA221S27	SES189	-2.2685	-7.89428	-5.62578
BLOCK22/SES221/SA221S29	SES085	-0.304901	-8.52172	-8.21682
BLOCK22/SES221/SA221S29	SES143	-1.65861	-9.87543	-8.21682
BLOCK22/SES221/SA221S29	SES175	-0.98331	-9.20013	-8.21682
BLOCK22/SES221/SA221S29	SES187	-1.43868	-9.6555	-8.21682
BLOCK22/SES223/SA223S11	SES143	-0.94978	-7.92102	-6.97124
BLOCK22/SES223/SA223S11	SES144	-2.33332	-9.30457	-6.97124
BLOCK22/SES223/SA223S11	SES175	-1.12082	-8.09207	-6.97124
BLOCK22/SES223/SA223S11	SES187	-1.4645	-8.43574	-6.97124
BLOCK22/SES223/SA223S13	SES068	-0.373367	-8.56333	-8.18997
BLOCK22/SES223/SA223S13	SES143	-2.08845	-10.2784	-8.18997
BLOCK22/SES223/SA223S13	SES146	-1.36128	-9.55125	-8.18997
BLOCK22/SES223/SA223S13	SES202	-1.01854	-9.2085	-8.18997
BLOCK22/SES223/SA223S22	SES143	-0.832884	-6.02528	-5.19239
BLOCK22/SES223/SA223S22	SES144	-2.36931	-7.5617	-5.19239
BLOCK22/SES223/SA223S22	SES175	-1.43364	-6.62604	-5.19239
BLOCK22/SES223/SA223S22	SES187	-0.838452	-6.03084	-5.19239
BLOCK22/SES223/SA223S25	SES068	-0.562564	-6.79591	-6.23334
BLOCK22/SES223/SA223S25	SES143	-0.819218	-7.05256	-6.23334
BLOCK22/SES223/SA223S25	SES175	-0.714481	-6.94782	-6.23334
BLOCK22/SES223/SA223S25	SES187	-0.993069	-7.22641	-6.23334
BLOCK22/SES223/SA223S27	SES143	-0.399009	-8.55434	-8.15533
BLOCK22/SES223/SA223S27	SES146	-1.78677	-9.9421	-8.15533
BLOCK22/SES223/SA223S27	SES187	-0.64511	-8.80044	-8.15533
BLOCK22/SES223/SA223S27	SES292	-0.529929	-8.68526	-8.15533
BLOCK27/SES273/SA273S12	SES099	-0.710632	-6.85121	-6.14058
BLOCK27/SES273/SA273S12	SES104	-0.54027	-6.68085	-6.14058
BLOCK27/SES273/SA273S12	SES125	-1.24279	-7.38337	-6.14058
BLOCK27/SES273/SA273S12	SES206	-0.0257287	-6.16631	-6.14058
BLOCK27/SES273/SA273S13	SES099	-1.15056	-3.66717	-2.5166
BLOCK27/SES273/SA273S13	SES104	-1.09634	-3.61294	-2.5166
BLOCK27/SES273/SA273S13	SES206	-1.79026	-4.30686	-2.5166
BLOCK27/SES273/SA273S13	SES292	-0.584902	-3.10151	-2.5166
BLOCK27/SES273/SA273S21	SES099	-1.05707	-5.18629	-4.12923
BLOCK27/SES273/SA273S21	SES148	-3.01688	-7.1461	-4.12923
BLOCK27/SES273/SA273S21	SES149	-1.90497	-6.0342	-4.12923
BLOCK27/SES273/SA273S21	SES177	-1.68823	-5.81746	-4.12923
BLOCK27/SES273/SA273S25	SES104	-0.177148	-7.09501	-6.91786
BLOCK27/SES273/SA273S25	SES125	-0.880538	-7.7984	-6.91786
BLOCK27/SES273/SA273S25	SES158	0.0959044	-6.82196	-6.91786
BLOCK27/SES273/SA273S25	SES206	-0.671018	-7.58888	-6.91786
BLOCK27/SES273/SA273S27	SES099	-1.1028	-3.10255	-1.99975
BLOCK27/SES273/SA273S27	SES104	-1.2803	-3.28005	-1.99975
BLOCK27/SES273/SA273S27	SES149	-1.01219	-3.01194	-1.99975
BLOCK27/SES273/SA273S27	SES275	-1.20143	-3.20118	-1.99975
BLOCK27/SES274/SA274S10	SES105	-2.25361	-4.69407	-2.44046
BLOCK27/SES274/SA274S10	SES125	-2.8671	-5.30755	-2.44046
BLOCK27/SES274/SA274S10	SES129	-0.839276	-3.27973	-2.44046
BLOCK27/SES274/SA274S10	SES158	-5.1116	-7.55205	-2.44046
BLOCK27/SES274/SA274S11	SES105	-1.65421	-6.15421	-4.5
BLOCK27/SES274/SA274S11	SES149	-1.70975	-6.20975	-4.5
BLOCK27/SES274/SA274S11	SES158	-2.34437	-6.84438	-4.5
BLOCK27/SES274/SA274S11	SES275	-1.34491	-5.84491	-4.5
BLOCK27/SES274/SA274S21	SES105	-1.60653	-6.41507	-4.80854
BLOCK27/SES274/SA274S21	SES129	-0.502954	-5.31149	-4.80854
BLOCK27/SES274/SA274S21	SES149	-1.48942	-6.29795	-4.80854
BLOCK27/SES274/SA274S21	SES158	-3.42397	-8.2325	-4.80854
BLOCK27/SES274/SA274S24	SES105	-1.77716	-6.69704	-4.91988
BLOCK27/SES274/SA274S24	SES129	-0.397117	-5.31699	-4.91988
BLOCK27/SES274/SA274S24	SES149	-2.15861	-7.07849	-4.91988
BLOCK27/SES274/SA274S24	SES158	-3.66423	-8.58411	-4.91988
BLOCK27/SES274/SA274S29	SES105	-1.90594	-6.28834	-4.3824
BLOCK27/SES274/SA274S29	SES106	-2.27987	-6.66228	-4.3824
BLOCK27/SES274/SA274S29	SES120	-1.16504	-5.54745	-4.3824
BLOCK27/SES274/SA274S29	SES275	-0.838563	-5.22097	-4.3824
BLOCK27/SES276/SA276S16	SES148	-1.66228	-6.84065	-5.17837
BLOCK27/SES276/SA276S16	SES172	-0.119595	-5.29796	-5.17837
BLOCK27/SES276/SA276S16	SES180	-0.511543	-5.68991	-5.17837
BLOCK27/SES276/SA276S16	SES292	-0.717151	-5.89552	-5.17837
BLOCK27/SES276/SA276S17	SES101	-1.12613	-5.89357	-4.76744
BLOCK27/SES276/SA276S17	SES177	-0.825558	-5.59299	-4.76744
BLOCK27/SES276/SA276S17	SES180	-1.24698	-6.01442	-4.76744
BLOCK27/SES276/SA276S17	SES292	-0.772336	-5.53977	-4.76744
BLOCK27/SES276/SA276S24	SES101	-0.917254	-4.83641	-3.91915
BLOCK27/SES276/SA276S24	SES177	-0.331028	-4.25018	-3.91915
BLOCK27/SES276/SA276S24	SES180	-1.07889	-4.99805	-3.91915
BLOCK27/SES276/SA276S24	SES292	-1.02721	-4.94636	-3.91915
BLOCK27/SES276/SA276S26	SES101	-1.61759	-3.22537	-1.60778
BLOCK27/SES276/SA276S26	SES177	-0.837504	-2.44529	-1.60778
BLOCK27/SES276/SA276S26	SES180	-0.713222	-2.32101	-1.60778
BLOCK27/SES276/SA276S26	SES292	0.0337713	-1.57401	-1.60778
BLOCK27/SES276/SA276S28	SES101	-1.08434	-3.3297	-2.24536
BLOCK27/SES276/SA276S28	SES177	-1.33565	-3.58101	-2.24536
BLOCK27/SES276/SA276S28	SES180	-0.410338	-2.65569	-2.24536
BLOCK27/SES276/SA276S28	SES292	-0.414669	-2.66003	-2.24536
BLOCK27/SES277/SA277S12	SES101	-1.24385	-8.43863	-7.19478
BLOCK27/SES277/SA277S12	SES177	-2.39495	-9.58973	-7.19478
BLOCK27/SES277/SA277S12	SES180	-2.36595	-9.56074	-7.19478
BLOCK27/SES277/SA277S12	SES292	-1.64708	-8.84186	-7.19478
BLOCK27/SES277/SA277S14	SES177	-1.73301	-8.61817	-6.88516
BLOCK27/SES277/SA277S14	SES180	-2.00969	-8.89485	-6.88516
BLOCK27/SES277/SA277S14	SES189	-0.50142	-7.38658	-6.88516
BLOCK27/SES277/SA277S14	SES292	-1.7988	-8.68395	-6.88516
BLOCK27/SES277/SA277S21	SES177	-1.35795	-7.6833	-6.32534
BLOCK27/SES277/SA277S21	SES180	-1.84621	-8.17156	-6.32534
BLOCK27/SES277/SA277S21	SES189	-0.555944	-6.88129	-6.32534
BLOCK27/SES277/SA277S21	SES292	-1.29617	-7.62151	-6.32534
BLOCK27/SES277/SA277S24	SES144	-1.37719	-8.8916	-7.5144
BLOCK27/SES277/SA277S24	SES177	-2.21252	-9.72693	-7.5144
BLOCK27/SES277/SA277S24	SES180	-2.11284	-9.62725	-7.5144
BLOCK27/SES277/SA277S24	SES189	-1.10285	-8.61725	-7.5144
BLOCK27/SES277/SA277S29	SES177	-0.901987	-3.60629	-2.7043
BLOCK27/SES277/SA277S29	SES180	-1.10684	-3.81114	-2.7043
BLOCK27/SES277/SA277S29	SES202	-1.22205	-3.92635	-2.7043
BLOCK27/SES277/SA277S29	SES292	-1.55429	-4.2586	-2.7043
BLOCK27/SES279/SA279S09	SES120	-1.31336	-5.1023	-3.78894
BLOCK27/SES279/SA279S09	SES146	-1.47368	-5.26262	-3.78894
BLOCK27/SES279/SA279S09	SES206	-0.512379	-4.30132	-3.78894
BLOCK27/SES279/SA279S09	SES226	-2.03504	-5.82398	-3.78894
BLOCK27/SES279/SA279S10	SES099	-0.492006	-5.04702	-4.55501
BLOCK27/SES279/SA279S10	SES206	-1.54868	-6.10369	-4.55501
BLOCK27/SES279/SA279S10	SES226	-2.84584	-7.40085	-4.55501
BLOCK27/SES279/SA279S10	SES292	-0.385603	-4.94061	-4.55501
BLOCK27/SES279/SA279S20	SES099	-2.32036	-8.52279	-6.20243
BLOCK27/SES279/SA279S20	SES206	-0.985775	-7.18821	-6.20243
BLOCK27/SES279/SA279S20	SES226	-2.17084	-8.37327	-6.20243
BLOCK27/SES279/SA279S20	SES292	-0.263363	-6.4658	-6.20243
BLOCK27/SES279/SA279S26	SES099	-0.398958	-7.06552	-6.66656
BLOCK27/SES279/SA279S26	SES206	-0.427701	-7.09426	-6.66656
BLOCK27/SES279/SA279S26	SES226	-4.49043	-11.157	-6.66656
BLOCK27/SES279/SA279S26	SES292	-0.12517	-6.79173	-6.66656
BLOCK27/SES279/SA279S28	SES099	-0.25904	-2.22445	-1.96541
BLOCK27/SES279/SA279S28	SES120	-0.991396	-2.9568	-1.96541
BLOCK27/SES279/SA279S28	SES177	-1.36733	-3.33274	-1.96541
BLOCK27/SES279/SA279S28	SES206	-0.732083	-2.69749	-1.96541
BLOCK29/SES290/SA290S12	SES162	-0.479592	-5.32137	-4.84178
BLOCK29/SES290/SA290S12	SES177	-1.38841	-6.23019	-4.84178
BLOCK29/SES290/SA290S12	SES180	-0.98479	-5.82657	-4.84178
BLOCK29/SES290/SA290S12	SES292	-1.31912	-6.1609	-4.84178
BLOCK29/SES290/SA290S13	SES007	-0.793687	-5.33689	-4.5432
BLOCK29/SES290/SA290S13	SES162	-1.43987	-5.98307	-4.5432
BLOCK29/SES290/SA290S13	SES177	-1.13012	-5.67332	-4.5432
BLOCK29/SES290/SA290S13	SES180	-1.19409	-5.73729	-4.5432
BLOCK29/SES290/SA290S22	SES177	-0.571167	-5.46195	-4.89078
BLOCK29/SES290/SA290S22	SES180	-0.836649	-5.72743	-4.89078
BLOCK29/SES290/SA290S22	SES202	-0.367944	-5.25873	-4.89078
BLOCK29/SES290/SA290S22	SES292	-0.856852	-5.74764	-4.89078
BLOCK29/SES290/SA290S25	SES162	-1.20916	-6.55378	-5.34463
BLOCK29/SES290/SA290S25	SES177	-1.28123	-6.62585	-5.34463
BLOCK29/SES290/SA290S25	SES180	-1.84471	-7.18933	-5.34463
BLOCK29/SES290/SA290S25	SES292	-1.03757	-6.3822	-5.34463
BLOCK29/SES290/SA290S29	SES177	-0.393143	-2.97364	-2.58049
BLOCK29/SES290/SA290S29	SES180	-0.467159	-3.04765	-2.58049
BLOCK29/SES290/SA290S29	SES275	-0.437125	-3.01762	-2.58049
BLOCK29/SES290/SA290S29	SES292	-0.668482	-3.24898	-2.58049
BLOCK29/SES291/SA291S11	SES105	-1.63101	-8.24324	-6.61223
BLOCK29/SES291/SA291S11	SES125	-1.31486	-7.92709	-6.61223
BLOCK29/SES291/SA291S11	SES158	-1.25578	-7.86801	-6.61223
BLOCK29/SES291/SA291S11	SES275	-1.64482	-8.25705	-6.61223
BLOCK29/SES291/SA291S12	SES158	0.11542	-7.7292	-7.84462
BLOCK29/SES291/SA291S12	SES226	-2.48288	-10.3275	-7.84462
BLOCK29/SES291/SA291S12	SES270	-1.51063	-9.35525	-7.84462
BLOCK29/SES291/SA291S12	SES275	-3.74891	-11.5935	-7.84462
BLOCK29/SES291/SA291S22	SES082	-1.31016	-6.46646	-5.1563
BLOCK29/SES291/SA291S22	SES158	-0.663396	-5.8197	-5.1563
BLOCK29/SES291/SA291S22	SES259	-0.860466	-6.01677	-5.1563
BLOCK29/SES291/SA291S22	SES275	-2.5295	-7.6858	-5.1563
BLOCK29/SES291/SA291S24	SES104	-0.439223	-6.43234	-5.99311
BLOCK29/SES291/SA291S24	SES125	-0.902068	-6.89518	-5.99311
BLOCK29/SES291/SA291S24	SES158	-0.230929	-6.22404	-5.99311
BLOCK29/SES291/SA291S24	SES275	-2.54416	-8.53727	-5.99311
BLOCK29/SES291/SA291S27	SES158	-0.378406	-4.5652	-4.18679
BLOCK29/SES291/SA291S27	SES172	-2.50483	-6.69162	-4.18679
BLOCK29/SES291/SA291S27	SES275	-1.62297	-5.80976	-4.18679
BLOCK29/SES291/SA291S27	SES292	-1.04009	-5.22688	-4.18679
Threshold search:
THR	-6.25379959651	9	0(0)	1(1000)
THR	-6.1578344005449	8.991	0(0)	0.999(999)
THR	-6.0618692045798	8.991	0(0)	0.999(999)
THR	-5.9659040086147	8.991	0(0)	0.999(999)
THR	-5.8699388126496	8.991	0(0)	0.999(999)
THR	-5.7739736166845	8.991	0(0)	0.999(999)
THR	-5.6780084207194	8.991	0(0)	0.999(999)
THR	-5.5820432247543	8.991	0(0)	0.999(999)
THR	-5.4860780287892	8.982	0(0)	0.998(998)
THR	-5.3901128328241	8.982	0(0)	0.998(998)
THR	-5.294147636859	8.973	0(0)	0.997(997)
THR	-5.1981824408939	8.964	0(0)	0.996(996)
THR	-5.1022172449288	8.955	0(0)	0.995(995)
THR	-5.0062520489637	8.946	0(0)	0.994(994)
THR	-4.9102868529986	8.946	0(0)	0.994(994)
THR	-4.8143216570335	8.919	0(0)	0.991(991)
THR	-4.7183564610684	8.91	0(0)	0.99(990)
THR	-4.6223912651033	8.91	0(0)	0.99(990)
THR	-4.5264260691382	8.91	0(0)	0.99(990)
THR	-4.4304608731731	8.874	0(0)	0.986(986)
THR	-4.334495677208	8.856	0(0)	0.984(984)
THR	-4.2385304812429	8.847	0(0)	0.983(983)
THR	-4.14256528527781	8.847	0(0)	0.983(983)
THR	-4.04660008931271	8.838	0(0)	0.982(982)
THR	-3.95063489334761	8.793	0(0)	0.977(977)
THR	-3.85466969738251	8.757	0(0)	0.973(973)
THR	-3.75870450141741	8.721	0(0)	0.969(969)
THR	-3.66273930545231	8.649	0(0)	0.961(961)
THR	-3.56677410948721	8.622	0(0)	0.958(958)
THR	-3.47080891352211	8.595	0(0)	0.955(955)
THR	-3.37484371755701	8.577	0(0)	0.953(953)
THR	-3.27887852159191	8.55	0(0)	0.95(950)
THR	-3.18291332562681	8.496	0(0)	0.944(944)
THR	-3.08694812966171	8.442	0(0)	0.938(938)
THR	-2.99098293369661	8.361	0(0)	0.929(929)
THR	-2.89501773773151	8.325	0(0)	0.925(925)
THR	-2.79905254176641	8.253	0(0)	0.917(917)
THR	-2.70308734580131	8.181	0(0)	0.909(909)
THR	-2.60712214983621	8.1	0(0)	0.9(900)
THR	-2.51115695387111	8.01	0(0)	0.89(890)
THR	-2.41519175790601	7.866	0(0)	0.874(874)
THR	-2.31922656194091	7.659	0(0)	0.851(851)
THR	-2.22326136597581	7.452	0(0)	0.828(828)
THR	-2.12729617001071	7.218	0(0)	0.802(802)
THR	-2.03133097404561	7.038	0(0)	0.782(782)
THR	-1.93536577808051	6.813	0(0)	0.757(757)
THR	-1.83940058211541	6.561	0(0)	0.729(729)
THR	-1.74343538615031	6.228	0(0)	0.692(692)
THR	-1.64747019018521	5.814	0(0)	0.646(646)
THR	-1.55150499422011	5.445	0(0)	0.605(605)
THR	-1.45553979825501	5.121	0(0)	0.569(569)
THR	-1.35957460228991	4.698	0(0)	0.522(522)
THR	-1.26360940632481	4.257	0(0)	0.473(473)
THR	-1.16764421035971	3.807	0(0)	0.423(423)
THR	-1.07167901439461	3.402	0(0)	0.378(378)
THR	-0.97571381842951	2.924	0.008(2)	0.324(324)
THR	-0.87974862246441	2.536	0.016(4)	0.28(280)
THR	-0.78378342649931	2.117	0.02(5)	0.233(233)
THR	-0.68781823053421	1.802	0.02(5)	0.198(198)
THR	-0.59185303456911	1.54	0.028(7)	0.168(168)
THR	-0.49588783860401	1.273	0.04(10)	0.137(137)
THR	-0.39992264263891	1.071	0.072(18)	0.111(111)
THR	-0.30395744667381	0.849	0.084(21)	0.085(85)
THR	-0.20799225070871	0.712	0.1(25)	0.068(68)
THR	-0.11202705474361	0.65	0.128(32)	0.058(58)
THR	-0.01606185877851	0.61	0.16(40)	0.05(50)
THR	0.07990333718659	0.508	0.184(46)	0.036(36)
THR	0.17586853315169	0.459	0.252(63)	0.023(23)
THR	0.27183372911679	0.454	0.292(73)	0.018(18)
THR	0.36779892508189	0.428	0.32(80)	0.012(12)
THR	0.46376412104699	0.448	0.376(94)	0.008(8)
THR	0.55972931701209	0.458	0.404(101)	0.006(6)
THR	0.65569451297719	0.51	0.456(114)	0.006(6)
THR	0.75165970894229	0.556	0.52(130)	0.004(4)
THR	0.84762490490739	0.61	0.592(148)	0.002(2)
THR	0.94359010087249	0.645	0.636(159)	0.001(1)
THR	1.03955529683759	0.709	0.7(175)	0.001(1)
THR	1.13552049280269	0.757	0.748(187)	0.001(1)
THR	1.23148568876779	0.793	0.784(196)	0.001(1)
THR	1.32745088473289	0.825	0.816(204)	0.001(1)
THR	1.42341608069799	0.861	0.852(213)	0.001(1)
THR	1.51938127666309	0.881	0.872(218)	0.001(1)
THR	1.61534647262819	0.913	0.904(226)	0.001(1)
THR	1.71131166859329	0.928	0.928(232)	0(0)
THR	1.80727686455839	0.936	0.936(234)	0(0)
THR	1.90324206052349	0.948	0.948(237)	0(0)
THR	1.99920725648859	0.956	0.956(239)	0(0)
THR	2.09517245245369	0.96	0.96(240)	0(0)
THR	2.19113764841879	0.976	0.976(244)	0(0)
THR	2.28710284438389	0.98	0.98(245)	0(0)
THR	2.38306804034899	0.984	0.984(246)	0(0)
THR	2.47903323631409	0.984	0.984(246)	0(0)
THR	2.57499843227919	0.984	0.984(246)	0(0)
THR	2.67096362824429	0.984	0.984(246)	0(0)
THR	2.76692882420939	0.992	0.992(248)	0(0)
THR	2.86289402017449	0.992	0.992(248)	0(0)
THR	2.95885921613959	0.996	0.996(249)	0(0)
THR	3.05482441210469	0.996	0.996(249)	0(0)
THR	3.15078960806979	0.996	0.996(249)	0(0)
THR	3.24675480403489	0.996	0.996(249)	0(0)
THR	3.34271999999999	0.996	0.996(249)	0(0)
THR	3.43868519596509	1	1(250)	0(0)


==============================================
THR: 0.36779892508189
Missed:     80/250=0.3200
FalseAlarm: 12/1000=0.0120
----------------------------------------------
==> CostDetection: 42.8
==============================================
