BLOCK00/SES002/SA002S12	SES002	1.06367	-43.714	-44.7777
BLOCK00/SES002/SA002S13	SES002	1.73419	-43.4097	-45.1439
BLOCK00/SES002/SA002S23	SES002	1.23354	-43.1779	-44.4114
BLOCK00/SES002/SA002S26	SES002	1.52739	-43.6914	-45.2188
BLOCK00/SES002/SA002S28	SES002	1.02993	-43.6137	-44.6437
BLOCK00/SES007/SA007S14	SES007	1.14244	-43.2637	-44.4061
BLOCK00/SES007/SA007S15	SES007	0.613426	-44.2765	-44.8899
BLOCK00/SES007/SA007S24	SES007	0.813751	-43.9905	-44.8042
BLOCK00/SES007/SA007S27	SES007	0.528763	-44.8088	-45.3376
BLOCK00/SES007/SA007S29	SES007	0.325008	-43.5157	-43.8407
BLOCK00/SES008/SA008S11	SES008	1.26031	-43.8845	-45.1448
BLOCK00/SES008/SA008S12	SES008	0.725716	-44.3378	-45.0635
BLOCK00/SES008/SA008S19	SES008	1.85124	-42.7205	-44.5718
BLOCK00/SES008/SA008S22	SES008	1.03975	-44.5769	-45.6167
BLOCK00/SES008/SA008S29	SES008	1.51832	-43.4683	-44.9866
BLOCK01/SES014/SA014S10	SES014	1.66782	-43.1529	-44.8207
BLOCK01/SES014/SA014S12	SES014	2.11038	-41.743	-43.8534
BLOCK01/SES014/SA014S24	SES014	0.870869	-43.6514	-44.5223
BLOCK01/SES014/SA014S26	SES014	1.50777	-41.9269	-43.4346
BLOCK01/SES014/SA014S28	SES014	1.96838	-41.8612	-43.8296
BLOCK01/SES016/SA016S12	SES016	1.53549	-44.7732	-46.3087
BLOCK01/SES016/SA016S13	SES016	1.43363	-43.7081	-45.1417
BLOCK01/SES016/SA016S22	SES016	0.873772	-44.1639	-45.0377
BLOCK01/SES016/SA016S25	SES016	1.62197	-42.0277	-43.6497
BLOCK01/SES016/SA016S27	SES016	1.5425	-43.1383	-44.6808
BLOCK01/SES019/SA019S13	SES019	3.19664	-43.9005	-47.0972
BLOCK01/SES019/SA019S14	SES019	1.59173	-44.438	-46.0297
BLOCK01/SES019/SA019S22	SES019	2.4426	-43.741	-46.1836
BLOCK01/SES019/SA019S25	SES019	2.06818	-44.327	-46.3952
BLOCK01/SES019/SA019S29	SES019	3.15669	-44.1035	-47.2602
BLOCK02/SES029/SA029S11	SES029	1.2208	-43.4501	-44.6709
BLOCK02/SES029/SA029S12	SES029	0.601341	-43.9848	-44.5861
BLOCK02/SES029/SA029S20	SES029	0.597336	-44.611	-45.2083
BLOCK02/SES029/SA029S25	SES029	0.492489	-43.8408	-44.3333
BLOCK02/SES029/SA029S28	SES029	0.458981	-44.3181	-44.7771
BLOCK04/SES042/SA042S12	SES042	1.94351	-42.2607	-44.2042
BLOCK04/SES042/SA042S15	SES042	1.83328	-42.8048	-44.6381
BLOCK04/SES042/SA042S22	SES042	2.66217	-41.6422	-44.3043
BLOCK04/SES042/SA042S25	SES042	1.50871	-44.2255	-45.7342
BLOCK04/SES042/SA042S27	SES042	1.66768	-42.886	-44.5536
BLOCK04/SES048/SA048S11	SES048	1.59256	-43.2788	-44.8714
BLOCK04/SES048/SA048S12	SES048	0.905014	-43.9563	-44.8614
BLOCK04/SES048/SA048S20	SES048	0.950127	-43.6938	-44.6439
BLOCK04/SES048/SA048S23	SES048	1.74589	-43.4509	-45.1967
BLOCK04/SES048/SA048S27	SES048	1.16428	-43.2262	-44.3905
BLOCK06/SES060/SA060S11	SES060	1.59081	-43.6265	-45.2173
BLOCK06/SES060/SA060S12	SES060	0.135777	-44.7357	-44.8715
BLOCK06/SES060/SA060S22	SES060	-0.101772	-45.5048	-45.403
BLOCK06/SES060/SA060S24	SES060	0.751167	-43.646	-44.3972
BLOCK06/SES060/SA060S28	SES060	0.91235	-43.0041	-43.9165
BLOCK06/SES062/SA062S10	SES062	0.250488	-43.9176	-44.168
BLOCK06/SES062/SA062S11	SES062	1.34606	-43.331	-44.6771
BLOCK06/SES062/SA062S21	SES062	1.75957	-41.4014	-43.161
BLOCK06/SES062/SA062S26	SES062	0.810677	-42.7777	-43.5884
BLOCK06/SES062/SA062S29	SES062	1.19453	-42.6947	-43.8892
BLOCK06/SES068/SA068S14	SES068	0.48061	-44.2787	-44.7593
BLOCK06/SES068/SA068S15	SES068	0.912563	-43.4125	-44.3251
BLOCK06/SES068/SA068S23	SES068	0.947514	-44.1926	-45.1401
BLOCK06/SES068/SA068S27	SES068	1.43862	-43.2623	-44.7009
BLOCK06/SES068/SA068S29	SES068	1.00062	-43.4495	-44.4501
BLOCK08/SES082/SA082S12	SES082	0.236126	-45.285	-45.5211
BLOCK08/SES082/SA082S14	SES082	0.23288	-45.3914	-45.6243
BLOCK08/SES082/SA082S21	SES082	0.438309	-44.7622	-45.2005
BLOCK08/SES082/SA082S24	SES082	0.754158	-44.6317	-45.3859
BLOCK08/SES082/SA082S28	SES082	0.548893	-44.7758	-45.3247
BLOCK08/SES083/SA083S14	SES083	-0.311546	-44.4731	-44.1616
BLOCK08/SES083/SA083S15	SES083	0.280231	-44.2214	-44.5016
BLOCK08/SES083/SA083S24	SES083	0.127403	-44.4533	-44.5807
BLOCK08/SES083/SA083S26	SES083	0.781811	-43.9295	-44.7113
BLOCK08/SES083/SA083S29	SES083	0.149082	-44.0826	-44.2316
BLOCK08/SES085/SA085S10	SES085	0.392246	-44.0283	-44.4205
BLOCK08/SES085/SA085S13	SES085	0.174755	-44.7008	-44.8756
BLOCK08/SES085/SA085S22	SES085	-0.305828	-45.0846	-44.7787
BLOCK08/SES085/SA085S26	SES085	0.347641	-44.3504	-44.6981
BLOCK08/SES085/SA085S28	SES085	0.752926	-43.8265	-44.5794
BLOCK08/SES087/SA087S15	SES087	1.11557	-44.2665	-45.3821
BLOCK08/SES087/SA087S16	SES087	1.38794	-43.7257	-45.1137
BLOCK08/SES087/SA087S24	SES087	0.913563	-44.4159	-45.3295
BLOCK08/SES087/SA087S26	SES087	1.34434	-42.5755	-43.9199
BLOCK08/SES087/SA087S29	SES087	1.70044	-43.5618	-45.2623
BLOCK09/SES099/SA099S15	SES099	1.00621	-44.5638	-45.57
BLOCK09/SES099/SA099S16	SES099	1.12272	-43.9938	-45.1165
BLOCK09/SES099/SA099S24	SES099	1.30367	-43.5183	-44.822
BLOCK09/SES099/SA099S26	SES099	1.37305	-43.6322	-45.0052
BLOCK09/SES099/SA099S29	SES099	1.07442	-43.7741	-44.8485
BLOCK10/SES101/SA101S11	SES101	0.804302	-43.9592	-44.7635
BLOCK10/SES101/SA101S13	SES101	1.50454	-43.0681	-44.5727
BLOCK10/SES101/SA101S22	SES101	1.10996	-44.0006	-45.1106
BLOCK10/SES101/SA101S24	SES101	1.5337	-43.9079	-45.4416
BLOCK10/SES101/SA101S28	SES101	0.520779	-44.6718	-45.1925
BLOCK10/SES104/SA104S11	SES104	1.30107	-42.7913	-44.0923
BLOCK10/SES104/SA104S12	SES104	1.5733	-42.7286	-44.3019
BLOCK10/SES104/SA104S21	SES104	1.29807	-43.4692	-44.7673
BLOCK10/SES104/SA104S24	SES104	0.923695	-44.1967	-45.1204
BLOCK10/SES104/SA104S28	SES104	1.00482	-44.0031	-45.0079
BLOCK10/SES105/SA105S12	SES105	0.834892	-44.8183	-45.6531
BLOCK10/SES105/SA105S13	SES105	1.03825	-44.3627	-45.401
BLOCK10/SES105/SA105S22	SES105	0.337212	-45.4605	-45.7977
BLOCK10/SES105/SA105S26	SES105	1.2278	-44.4707	-45.6985
BLOCK10/SES105/SA105S29	SES105	1.15492	-44.1823	-45.3372
BLOCK10/SES106/SA106S09	SES106	1.18402	-45.1235	-46.3075
BLOCK10/SES106/SA106S11	SES106	1.43911	-43.3325	-44.7716
BLOCK10/SES106/SA106S22	SES106	2.18443	-44.0484	-46.2328
BLOCK10/SES106/SA106S27	SES106	1.33016	-43.8128	-45.143
BLOCK10/SES106/SA106S29	SES106	0.71447	-44.3206	-45.035
BLOCK11/SES117/SA117S12	SES117	0.464848	-44.2267	-44.6916
BLOCK11/SES117/SA117S13	SES117	0.678501	-43.9281	-44.6066
BLOCK11/SES117/SA117S23	SES117	1.37717	-44.7673	-46.1445
BLOCK11/SES117/SA117S25	SES117	0.940556	-44.6567	-45.5972
BLOCK11/SES117/SA117S28	SES117	1.12382	-44.6993	-45.8231
BLOCK12/SES120/SA120S08	SES120	0.821224	-45.4755	-46.2967
BLOCK12/SES120/SA120S11	SES120	0.65929	-46.2847	-46.944
BLOCK12/SES120/SA120S22	SES120	0.287209	-44.5093	-44.7965
BLOCK12/SES120/SA120S24	SES120	0.406456	-45.2125	-45.6189
BLOCK12/SES120/SA120S28	SES120	0.0777206	-46.034	-46.1118
BLOCK12/SES125/SA125S13	SES125	1.59191	-43.2479	-44.8398
BLOCK12/SES125/SA125S14	SES125	0.914429	-44.2019	-45.1163
BLOCK12/SES125/SA125S25	SES125	1.98867	-43.0931	-45.0818
BLOCK12/SES125/SA125S27	SES125	1.75209	-42.4562	-44.2083
BLOCK12/SES125/SA125S29	SES125	1.4679	-42.994	-44.4619
BLOCK12/SES127/SA127S11	SES127	0.624943	-44.4327	-45.0577
BLOCK12/SES127/SA127S12	SES127	-0.139263	-44.6597	-44.5204
BLOCK12/SES127/SA127S23	SES127	0.430531	-44.5574	-44.9879
BLOCK12/SES127/SA127S25	SES127	-0.377892	-45.3865	-45.0087
BLOCK12/SES127/SA127S27	SES127	0.853916	-43.6524	-44.5063
BLOCK12/SES129/SA129S11	SES129	1.29832	-42.8776	-44.1759
BLOCK12/SES129/SA129S12	SES129	1.38918	-42.586	-43.9751
BLOCK12/SES129/SA129S22	SES129	1.17316	-43.2484	-44.4216
BLOCK12/SES129/SA129S27	SES129	1.44352	-43.0289	-44.4724
BLOCK12/SES129/SA129S29	SES129	1.22736	-43.3335	-44.5608
BLOCK14/SES142/SA142S11	SES142	1.28002	-44.1693	-45.4493
BLOCK14/SES142/SA142S12	SES142	0.956886	-44.2504	-45.2072
BLOCK14/SES142/SA142S24	SES142	1.42648	-43.7171	-45.1435
BLOCK14/SES142/SA142S27	SES142	1.24176	-43.5752	-44.817
BLOCK14/SES142/SA142S29	SES142	1.20041	-42.8284	-44.0288
BLOCK14/SES143/SA143S12	SES143	0.843788	-44.3175	-45.1613
BLOCK14/SES143/SA143S13	SES143	0.927517	-44.5818	-45.5094
BLOCK14/SES143/SA143S23	SES143	0.919765	-44.6585	-45.5783
BLOCK14/SES143/SA143S25	SES143	0.773605	-44.5093	-45.2829
BLOCK14/SES143/SA143S28	SES143	0.949963	-43.625	-44.575
BLOCK14/SES144/SA144S09	SES144	0.974224	-43.8783	-44.8525
BLOCK14/SES144/SA144S11	SES144	1.03181	-45.0533	-46.0851
BLOCK14/SES144/SA144S21	SES144	0.0245247	-45.0734	-45.0979
BLOCK14/SES144/SA144S25	SES144	0.703918	-44.3839	-45.0878
BLOCK14/SES144/SA144S29	SES144	0.159378	-44.7319	-44.8913
BLOCK14/SES146/SA146S14	SES146	0.75185	-45.015	-45.7668
BLOCK14/SES146/SA146S15	SES146	0.365131	-44.507	-44.8721
BLOCK14/SES146/SA146S24	SES146	0.340088	-44.8308	-45.1709
BLOCK14/SES146/SA146S26	SES146	1.53985	-44.5636	-46.1034
BLOCK14/SES146/SA146S29	SES146	0.530617	-45.3625	-45.8931
BLOCK14/SES147/SA147S11	SES147	1.3587	-44.32	-45.6787
BLOCK14/SES147/SA147S13	SES147	1.97602	-42.9776	-44.9536
BLOCK14/SES147/SA147S23	SES147	1.40734	-44.5635	-45.9709
BLOCK14/SES147/SA147S26	SES147	1.03821	-44.4245	-45.4627
BLOCK14/SES147/SA147S28	SES147	2.04494	-43.6367	-45.6817
BLOCK14/SES148/SA148S10	SES148	0.976746	-43.7758	-44.7526
BLOCK14/SES148/SA148S12	SES148	1.13409	-44.5319	-45.666
BLOCK14/SES148/SA148S22	SES148	1.22001	-42.9668	-44.1868
BLOCK14/SES148/SA148S26	SES148	0.578838	-44.1846	-44.7634
BLOCK14/SES148/SA148S29	SES148	0.392815	-44.6633	-45.0561
BLOCK14/SES149/SA149S13	SES149	0.61491	-44.0195	-44.6344
BLOCK14/SES149/SA149S14	SES149	0.333363	-43.7909	-44.1242
BLOCK14/SES149/SA149S24	SES149	1.15657	-43.7289	-44.8855
BLOCK14/SES149/SA149S26	SES149	1.25446	-43.4813	-44.7358
BLOCK14/SES149/SA149S28	SES149	1.40838	-42.6925	-44.1009
BLOCK15/SES158/SA158S13	SES158	0.814018	-45.0062	-45.8202
BLOCK15/SES158/SA158S14	SES158	1.61315	-44.7725	-46.3856
BLOCK15/SES158/SA158S23	SES158	0.924297	-44.1484	-45.0727
BLOCK15/SES158/SA158S26	SES158	1.72338	-44.1772	-45.9006
BLOCK15/SES158/SA158S28	SES158	0.73452	-44.7601	-45.4946
BLOCK16/SES162/SA162S10	SES162	0.489319	-45.2697	-45.7591
BLOCK16/SES162/SA162S11	SES162	0.566139	-44.2045	-44.7707
BLOCK16/SES162/SA162S21	SES162	1.66657	-43.8295	-45.4961
BLOCK16/SES162/SA162S24	SES162	1.11182	-44.2724	-45.3843
BLOCK16/SES162/SA162S27	SES162	1.21673	-44.7972	-46.0139
BLOCK16/SES167/SA167S14	SES167	0.993282	-43.0173	-44.0106
BLOCK16/SES167/SA167S15	SES167	1.30904	-43.1963	-44.5054
BLOCK16/SES167/SA167S21	SES167	1.23575	-42.9227	-44.1585
BLOCK16/SES167/SA167S25	SES167	1.29818	-43.6816	-44.9798
BLOCK16/SES167/SA167S29	SES167	2.34882	-42.1562	-44.505
BLOCK17/SES172/SA172S12	SES172	0.966068	-44.3845	-45.3506
BLOCK17/SES172/SA172S13	SES172	1.41508	-44.2308	-45.6459
BLOCK17/SES172/SA172S23	SES172	0.794407	-43.1814	-43.9758
BLOCK17/SES172/SA172S27	SES172	0.667648	-44.2063	-44.874
BLOCK17/SES172/SA172S29	SES172	1.22288	-44.0298	-45.2527
BLOCK17/SES175/SA175S11	SES175	1.12601	-44.0599	-45.186
BLOCK17/SES175/SA175S13	SES175	1.24136	-43.8763	-45.1177
BLOCK17/SES175/SA175S23	SES175	1.07328	-44.337	-45.4103
BLOCK17/SES175/SA175S25	SES175	0.479671	-45.6978	-46.1775
BLOCK17/SES175/SA175S28	SES175	1.16225	-43.7046	-44.8668
BLOCK17/SES177/SA177S15	SES177	0.185497	-44.8303	-45.0158
BLOCK17/SES177/SA177S17	SES177	0.197517	-44.6483	-44.8458
BLOCK17/SES177/SA177S23	SES177	0.0431633	-44.6329	-44.6761
BLOCK17/SES177/SA177S26	SES177	0.617424	-42.7809	-43.3984
BLOCK17/SES177/SA177S28	SES177	0.559216	-43.4568	-44.016
BLOCK18/SES180/SA180S13	SES180	0.483475	-44.4355	-44.9189
BLOCK18/SES180/SA180S15	SES180	0.499657	-44.4582	-44.9578
BLOCK18/SES180/SA180S24	SES180	0.931705	-43.1695	-44.1012
BLOCK18/SES180/SA180S26	SES180	0.780464	-43.9664	-44.7468
BLOCK18/SES180/SA180S29	SES180	0.870399	-44.203	-45.0734
BLOCK18/SES183/SA183S13	SES183	1.01823	-44.3909	-45.4091
BLOCK18/SES183/SA183S14	SES183	0.660347	-44.7141	-45.3745
BLOCK18/SES183/SA183S24	SES183	1.48226	-44.2684	-45.7507
BLOCK18/SES183/SA183S27	SES183	1.08072	-44.4134	-45.4942
BLOCK18/SES183/SA183S29	SES183	0.918259	-44.0404	-44.9587
BLOCK18/SES187/SA187S13	SES187	0.593864	-44.8472	-45.4411
BLOCK18/SES187/SA187S14	SES187	0.771172	-44.9934	-45.7645
BLOCK18/SES187/SA187S24	SES187	1.07109	-44.5612	-45.6323
BLOCK18/SES187/SA187S27	SES187	1.07373	-44.0735	-45.1473
BLOCK18/SES187/SA187S29	SES187	0.812561	-44.843	-45.6555
BLOCK18/SES189/SA189S10	SES189	1.3646	-45.8317	-47.1963
BLOCK18/SES189/SA189S13	SES189	1.51367	-46.4935	-48.0071
BLOCK18/SES189/SA189S24	SES189	1.7126	-45.1176	-46.8302
BLOCK18/SES189/SA189S26	SES189	1.35405	-44.7516	-46.1056
BLOCK18/SES189/SA189S29	SES189	1.64128	-45.3031	-46.9444
BLOCK20/SES202/SA202S12	SES202	0.506893	-45.0218	-45.5287
BLOCK20/SES202/SA202S14	SES202	1.47682	-43.604	-45.0808
BLOCK20/SES202/SA202S24	SES202	0.843277	-44.5044	-45.3476
BLOCK20/SES202/SA202S27	SES202	0.954056	-43.1205	-44.0746
BLOCK20/SES202/SA202S29	SES202	1.27779	-42.9116	-44.1894
BLOCK20/SES206/SA206S15	SES206	0.00350952	-44.1461	-44.1496
BLOCK20/SES206/SA206S17	SES206	1.57812	-42.942	-44.5202
BLOCK20/SES206/SA206S24	SES206	1.72832	-42.6687	-44.397
BLOCK20/SES206/SA206S27	SES206	1.38315	-43.9062	-45.2894
BLOCK20/SES206/SA206S29	SES206	1.28105	-42.7248	-44.0058
BLOCK22/SES226/SA226S12	SES226	0.790665	-44.5859	-45.3766
BLOCK22/SES226/SA226S13	SES226	0.0150452	-45.4439	-45.4589
BLOCK22/SES226/SA226S20	SES226	0.859001	-44.9	-45.759
BLOCK22/SES226/SA226S23	SES226	0.833366	-44.3493	-45.1826
BLOCK22/SES226/SA226S28	SES226	1.33498	-43.793	-45.128
BLOCK25/SES259/SA259S13	SES259	2.30288	-43.0516	-45.3544
BLOCK25/SES259/SA259S14	SES259	1.60849	-43.2631	-44.8716
BLOCK25/SES259/SA259S22	SES259	1.51603	-43.0549	-44.571
BLOCK25/SES259/SA259S24	SES259	1.46845	-43.1674	-44.6358
BLOCK25/SES259/SA259S28	SES259	1.58479	-42.9513	-44.5361
BLOCK27/SES270/SA270S14	SES270	1.58662	-45.0069	-46.5935
BLOCK27/SES270/SA270S16	SES270	0.637177	-44.717	-45.3542
BLOCK27/SES270/SA270S22	SES270	1.61646	-44.4632	-46.0796
BLOCK27/SES270/SA270S26	SES270	1.13671	-45.332	-46.4687
BLOCK27/SES270/SA270S28	SES270	0.916153	-43.9859	-44.9021
BLOCK27/SES275/SA275S17	SES275	1.2698	-44.4638	-45.7336
BLOCK27/SES275/SA275S18	SES275	0.130356	-44.6781	-44.8084
BLOCK27/SES275/SA275S24	SES275	0.680462	-45.459	-46.1395
BLOCK27/SES275/SA275S26	SES275	1.13852	-43.6965	-44.835
BLOCK27/SES275/SA275S28	SES275	0.27858	-44.4388	-44.7174
BLOCK29/SES292/SA292S10	SES292	0.210503	-44.6533	-44.8638
BLOCK29/SES292/SA292S12	SES292	-0.0242043	-45.3288	-45.3046
BLOCK29/SES292/SA292S22	SES292	0.479771	-44.1515	-44.6313
BLOCK29/SES292/SA292S24	SES292	0.295853	-43.8398	-44.1357
BLOCK29/SES292/SA292S27	SES292	0.234844	-44.2295	-44.4643
BLOCK00/SES001/SA001S14	SES062	-2.23096	-47.0138	-44.7828
BLOCK00/SES001/SA001S14	SES082	-1.0815	-45.8643	-44.7828
BLOCK00/SES001/SA001S14	SES106	-1.59497	-46.3778	-44.7828
BLOCK00/SES001/SA001S14	SES206	-1.84864	-46.6315	-44.7828
BLOCK00/SES001/SA001S15	SES062	-2.12851	-46.2691	-44.1405
BLOCK00/SES001/SA001S15	SES104	-1.94381	-46.0844	-44.1405
BLOCK00/SES001/SA001S15	SES106	-1.46195	-45.6025	-44.1405
BLOCK00/SES001/SA001S15	SES206	-1.34423	-45.4848	-44.1405
BLOCK00/SES001/SA001S24	SES062	-2.61093	-47.9715	-45.3606
BLOCK00/SES001/SA001S24	SES082	-1.64761	-47.0082	-45.3606
BLOCK00/SES001/SA001S24	SES087	-2.06565	-47.4263	-45.3606
BLOCK00/SES001/SA001S24	SES206	-1.24158	-46.6022	-45.3606
BLOCK00/SES001/SA001S27	SES062	-1.77182	-45.6593	-43.8875
BLOCK00/SES001/SA001S27	SES082	-1.17127	-45.0588	-43.8875
BLOCK00/SES001/SA001S27	SES087	-1.76546	-45.653	-43.8875
BLOCK00/SES001/SA001S27	SES206	-1.64939	-45.5369	-43.8875
BLOCK00/SES001/SA001S29	SES062	-2.70675	-47.6282	-44.9215
BLOCK00/SES001/SA001S29	SES082	-0.676456	-45.5979	-44.9215
BLOCK00/SES001/SA001S29	SES158	-0.907207	-45.8287	-44.9215
BLOCK00/SES001/SA001S29	SES206	-2.37228	-47.2938	-44.9215
BLOCK00/SES003/SA003S11	SES002	-1.6897	-46.8765	-45.1868
BLOCK00/SES003/SA003S11	SES019	-1.79946	-46.9863	-45.1868
BLOCK00/SES003/SA003S11	SES082	-0.344959	-45.5318	-45.1868
BLOCK00/SES003/SA003S11	SES125	-1.22291	-46.4097	-45.1868
BLOCK00/SES003/SA003S15	SES016	-1.22573	-45.6914	-44.4657
BLOCK00/SES003/SA003S15	SES019	-1.64378	-46.1095	-44.4657
BLOCK00/SES003/SA003S15	SES062	-1.05495	-45.5206	-44.4657
BLOCK00/SES003/SA003S15	SES206	-1.30026	-45.7659	-44.4657
BLOCK00/SES003/SA003S22	SES002	-2.77687	-47.3509	-44.574
BLOCK00/SES003/SA003S22	SES062	-0.58049	-45.1545	-44.574
BLOCK00/SES003/SA003S22	SES082	-0.730064	-45.3041	-44.574
BLOCK00/SES003/SA003S22	SES087	-1.74734	-46.3213	-44.574
BLOCK00/SES003/SA003S25	SES062	-2.05641	-47.1931	-45.1367
BLOCK00/SES003/SA003S25	SES082	-1.28027	-46.4169	-45.1367
BLOCK00/SES003/SA003S25	SES087	-2.01141	-47.1481	-45.1367
BLOCK00/SES003/SA003S25	SES206	-2.14315	-47.2798	-45.1367
BLOCK00/SES003/SA003S29	SES002	-2.13029	-47.1402	-45.01
BLOCK00/SES003/SA003S29	SES062	-1.49813	-46.5081	-45.01
BLOCK00/SES003/SA003S29	SES082	-0.864944	-45.8749	-45.01
BLOCK00/SES003/SA003S29	SES087	-2.543	-47.553	-45.01
BLOCK00/SES004/SA004S12	SES083	-1.66901	-46.4988	-44.8298
BLOCK00/SES004/SA004S12	SES148	-1.40915	-46.2389	-44.8298
BLOCK00/SES004/SA004S12	SES172	-0.74287	-45.5727	-44.8298
BLOCK00/SES004/SA004S12	SES292	-1.62743	-46.4572	-44.8298
BLOCK00/SES004/SA004S17	SES083	-1.58685	-46.9018	-45.3149
BLOCK00/SES004/SA004S17	SES162	-0.702686	-46.0176	-45.3149
BLOCK00/SES004/SA004S17	SES172	-1.41427	-46.7292	-45.3149
BLOCK00/SES004/SA004S17	SES292	-1.48792	-46.8028	-45.3149
BLOCK00/SES004/SA004S24	SES083	-1.5172	-46.1841	-44.6669
BLOCK00/SES004/SA004S24	SES148	-1.4147	-46.0816	-44.6669
BLOCK00/SES004/SA004S24	SES172	-0.94347	-45.6103	-44.6669
BLOCK00/SES004/SA004S24	SES292	-0.86935	-45.5362	-44.6669
BLOCK00/SES004/SA004S26	SES083	-1.17485	-46.0273	-44.8524
BLOCK00/SES004/SA004S26	SES127	-0.724945	-45.5774	-44.8524
BLOCK00/SES004/SA004S26	SES148	-1.82349	-46.6759	-44.8524
BLOCK00/SES004/SA004S26	SES292	-1.00122	-45.8536	-44.8524
BLOCK00/SES004/SA004S28	SES083	-1.43519	-45.7309	-44.2957
BLOCK00/SES004/SA004S28	SES127	-0.629169	-44.9249	-44.2957
BLOCK00/SES004/SA004S28	SES187	-0.16254	-44.4583	-44.2957
BLOCK00/SES004/SA004S28	SES292	-1.4896	-45.7853	-44.2957
BLOCK00/SES006/SA006S10	SES014	-2.73361	-49.9108	-47.1772
BLOCK00/SES006/SA006S10	SES158	-1.06292	-48.2401	-47.1772
BLOCK00/SES006/SA006S10	SES226	-2.7654	-49.9426	-47.1772
BLOCK00/SES006/SA006S10	SES270	-0.250431	-47.4277	-47.1772
BLOCK00/SES006/SA006S11	SES158	-0.736893	-47.6045	-46.8676
BLOCK00/SES006/SA006S11	SES226	-2.11218	-48.9798	-46.8676
BLOCK00/SES006/SA006S11	SES270	-0.283421	-47.151	-46.8676
BLOCK00/SES006/SA006S11	SES275	-2.55332	-49.4209	-46.8676
BLOCK00/SES006/SA006S23	SES062	-2.27851	-48.23	-45.9515
BLOCK00/SES006/SA006S23	SES105	-1.97104	-47.9225	-45.9515
BLOCK00/SES006/SA006S23	SES158	-0.750118	-46.7016	-45.9515
BLOCK00/SES006/SA006S23	SES275	-1.87587	-47.8273	-45.9515
BLOCK00/SES006/SA006S26	SES104	-2.7578	-48.6307	-45.8729
BLOCK00/SES006/SA006S26	SES158	-0.553055	-46.426	-45.8729
BLOCK00/SES006/SA006S26	SES270	0.17017	-45.7028	-45.8729
BLOCK00/SES006/SA006S26	SES275	-2.30926	-48.1822	-45.8729
BLOCK00/SES006/SA006S28	SES007	-2.24028	-48.7307	-46.4905
BLOCK00/SES006/SA006S28	SES105	-2.29578	-48.7863	-46.4905
BLOCK00/SES006/SA006S28	SES158	-1.2363	-47.7268	-46.4905
BLOCK00/SES006/SA006S28	SES275	-2.25428	-48.7448	-46.4905
BLOCK00/SES009/SA009S12	SES083	-1.4268	-46.3955	-44.9687
BLOCK00/SES009/SA009S12	SES148	-1.2906	-46.2593	-44.9687
BLOCK00/SES009/SA009S12	SES177	-0.376026	-45.3447	-44.9687
BLOCK00/SES009/SA009S12	SES292	-0.952358	-45.9211	-44.9687
BLOCK00/SES009/SA009S15	SES007	-0.0462036	-44.4325	-44.3863
BLOCK00/SES009/SA009S15	SES099	-3.68658	-48.0729	-44.3863
BLOCK00/SES009/SA009S15	SES148	-1.41022	-45.7965	-44.3863
BLOCK00/SES009/SA009S15	SES172	-0.58136	-44.9677	-44.3863
BLOCK00/SES009/SA009S24	SES146	-0.823814	-45.4527	-44.6289
BLOCK00/SES009/SA009S24	SES148	-1.14363	-45.7725	-44.6289
BLOCK00/SES009/SA009S24	SES177	-0.218613	-44.8475	-44.6289
BLOCK00/SES009/SA009S24	SES292	-0.940456	-45.5693	-44.6289
BLOCK00/SES009/SA009S26	SES083	-1.60358	-46.6075	-45.004
BLOCK00/SES009/SA009S26	SES101	-1.77311	-46.7771	-45.004
BLOCK00/SES009/SA009S26	SES120	-0.719482	-45.7234	-45.004
BLOCK00/SES009/SA009S26	SES177	-0.36377	-45.3677	-45.004
BLOCK00/SES009/SA009S29	SES083	-0.999447	-45.7135	-44.7141
BLOCK00/SES009/SA009S29	SES101	-1.44317	-46.1573	-44.7141
BLOCK00/SES009/SA009S29	SES177	-0.225227	-44.9393	-44.7141
BLOCK00/SES009/SA009S29	SES292	-1.02362	-45.7377	-44.7141
BLOCK01/SES011/SA011S10	SES019	-1.57388	-47.0475	-45.4736
BLOCK01/SES011/SA011S10	SES042	-0.821655	-46.2953	-45.4736
BLOCK01/SES011/SA011S10	SES082	-2.21698	-47.6906	-45.4736
BLOCK01/SES011/SA011S10	SES206	-1.1584	-46.632	-45.4736
BLOCK01/SES011/SA011S11	SES019	-2.13551	-47.8605	-45.725
BLOCK01/SES011/SA011S11	SES042	-1.74484	-47.4699	-45.725
BLOCK01/SES011/SA011S11	SES082	-2.00432	-47.7294	-45.725
BLOCK01/SES011/SA011S11	SES206	-0.927612	-46.6526	-45.725
BLOCK01/SES011/SA011S22	SES019	-1.04818	-46.5566	-45.5084
BLOCK01/SES011/SA011S22	SES042	-1.25692	-46.7653	-45.5084
BLOCK01/SES011/SA011S22	SES082	-1.95006	-47.4585	-45.5084
BLOCK01/SES011/SA011S22	SES206	-1.02209	-46.5305	-45.5084
BLOCK01/SES011/SA011S24	SES019	-1.41228	-46.4641	-45.0518
BLOCK01/SES011/SA011S24	SES042	-0.669376	-45.7212	-45.0518
BLOCK01/SES011/SA011S24	SES104	-1.77656	-46.8284	-45.0518
BLOCK01/SES011/SA011S24	SES206	-0.567513	-45.6193	-45.0518
BLOCK01/SES011/SA011S27	SES082	-0.0543556	-44.8114	-44.757
BLOCK01/SES011/SA011S27	SES087	-1.64616	-46.4032	-44.757
BLOCK01/SES011/SA011S27	SES125	-0.964054	-45.7211	-44.757
BLOCK01/SES011/SA011S27	SES206	-0.688656	-45.4457	-44.757
BLOCK01/SES012/SA012S11	SES007	-1.10872	-45.016	-43.9072
BLOCK01/SES012/SA012S11	SES082	-1.68372	-45.591	-43.9072
BLOCK01/SES012/SA012S11	SES083	-1.35141	-45.2587	-43.9072
BLOCK01/SES012/SA012S11	SES206	-1.28201	-45.1893	-43.9072
BLOCK01/SES012/SA012S14	SES082	-1.50194	-46.076	-44.5741
BLOCK01/SES012/SA012S14	SES087	-1.87653	-46.4506	-44.5741
BLOCK01/SES012/SA012S14	SES206	-0.989712	-45.5638	-44.5741
BLOCK01/SES012/SA012S14	SES292	-1.44226	-46.0163	-44.5741
BLOCK01/SES012/SA012S24	SES082	-0.959396	-46.4632	-45.5038
BLOCK01/SES012/SA012S24	SES087	-1.77027	-47.274	-45.5038
BLOCK01/SES012/SA012S24	SES120	-2.16626	-47.67	-45.5038
BLOCK01/SES012/SA012S24	SES206	-1.37012	-46.8739	-45.5038
BLOCK01/SES012/SA012S26	SES019	-2.70772	-47.4655	-44.7578
BLOCK01/SES012/SA012S26	SES082	-2.11875	-46.8765	-44.7578
BLOCK01/SES012/SA012S26	SES206	-0.542706	-45.3005	-44.7578
BLOCK01/SES012/SA012S26	SES292	-1.27221	-46.03	-44.7578
BLOCK01/SES012/SA012S29	SES062	-0.975197	-45.2003	-44.2251
BLOCK01/SES012/SA012S29	SES082	-1.15841	-45.3836	-44.2251
BLOCK01/SES012/SA012S29	SES083	-1.60858	-45.8337	-44.2251
BLOCK01/SES012/SA012S29	SES206	-1.49549	-45.7206	-44.2251
BLOCK01/SES013/SA013S16	SES062	-2.69608	-47.5495	-44.8535
BLOCK01/SES013/SA013S16	SES106	-1.07365	-45.9271	-44.8535
BLOCK01/SES013/SA013S16	SES206	-1.41981	-46.2733	-44.8535
BLOCK01/SES013/SA013S16	SES226	-0.624401	-45.4779	-44.8535
BLOCK01/SES013/SA013S17	SES062	-2.23613	-46.405	-44.1689
BLOCK01/SES013/SA013S17	SES106	-1.43213	-45.601	-44.1689
BLOCK01/SES013/SA013S17	SES206	-1.07749	-45.2463	-44.1689
BLOCK01/SES013/SA013S17	SES226	-0.303505	-44.4724	-44.1689
BLOCK01/SES013/SA013S23	SES104	-1.51041	-46.7196	-45.2092
BLOCK01/SES013/SA013S23	SES106	-0.875755	-46.085	-45.2092
BLOCK01/SES013/SA013S23	SES206	-1.50714	-46.7163	-45.2092
BLOCK01/SES013/SA013S23	SES270	-0.680058	-45.8893	-45.2092
BLOCK01/SES013/SA013S25	SES042	-1.99639	-46.6473	-44.6509
BLOCK01/SES013/SA013S25	SES104	-1.10596	-45.7569	-44.6509
BLOCK01/SES013/SA013S25	SES106	-0.506306	-45.1572	-44.6509
BLOCK01/SES013/SA013S25	SES206	-1.6685	-46.3194	-44.6509
BLOCK01/SES013/SA013S29	SES062	-3.21776	-48.0723	-44.8545
BLOCK01/SES013/SA013S29	SES104	-2.03057	-46.8851	-44.8545
BLOCK01/SES013/SA013S29	SES106	-0.706738	-45.5612	-44.8545
BLOCK01/SES013/SA013S29	SES206	-2.07985	-46.9343	-44.8545
BLOCK02/SES021/SA021S13	SES016	-2.32805	-46.7354	-44.4074
BLOCK02/SES021/SA021S13	SES029	-0.968193	-45.3755	-44.4074
BLOCK02/SES021/SA021S13	SES087	-1.98854	-46.3959	-44.4074
BLOCK02/SES021/SA021S13	SES206	-0.933563	-45.3409	-44.4074
BLOCK02/SES021/SA021S15	SES087	-1.58698	-45.0324	-43.4454
BLOCK02/SES021/SA021S15	SES125	-1.01658	-44.462	-43.4454
BLOCK02/SES021/SA021S15	SES206	-0.774254	-44.2197	-43.4454
BLOCK02/SES021/SA021S15	SES226	-1.42818	-44.8736	-43.4454
BLOCK02/SES021/SA021S23	SES062	-2.7576	-47.94	-45.1824
BLOCK02/SES021/SA021S23	SES087	-2.11702	-47.2994	-45.1824
BLOCK02/SES021/SA021S23	SES206	-1.7662	-46.9486	-45.1824
BLOCK02/SES021/SA021S23	SES226	-1.57414	-46.7566	-45.1824
BLOCK02/SES021/SA021S27	SES002	-1.67823	-45.4818	-43.8036
BLOCK02/SES021/SA021S27	SES016	-3.90381	-47.7074	-43.8036
BLOCK02/SES021/SA021S27	SES019	-1.89268	-45.6963	-43.8036
BLOCK02/SES021/SA021S27	SES062	-1.03852	-44.8421	-43.8036
BLOCK02/SES021/SA021S29	SES087	-1.88952	-46.0777	-44.1882
BLOCK02/SES021/SA021S29	SES125	-1.23994	-45.4281	-44.1882
BLOCK02/SES021/SA021S29	SES206	-0.841415	-45.0296	-44.1882
BLOCK02/SES021/SA021S29	SES226	-1.56379	-45.752	-44.1882
BLOCK04/SES043/SA043S09	SES083	-1.34562	-47.0359	-45.6903
BLOCK04/SES043/SA043S09	SES101	-1.43576	-47.126	-45.6903
BLOCK04/SES043/SA043S09	SES144	-0.0751915	-45.7655	-45.6903
BLOCK04/SES043/SA043S09	SES172	-2.14424	-47.8345	-45.6903
BLOCK04/SES043/SA043S11	SES083	-0.871235	-45.4994	-44.6282
BLOCK04/SES043/SA043S11	SES101	-1.10528	-45.7334	-44.6282
BLOCK04/SES043/SA043S11	SES144	-0.293289	-44.9215	-44.6282
BLOCK04/SES043/SA043S11	SES172	-1.15249	-45.7807	-44.6282
BLOCK04/SES043/SA043S23	SES083	-0.597282	-45.5472	-44.9499
BLOCK04/SES043/SA043S23	SES144	0.383995	-44.5659	-44.9499
BLOCK04/SES043/SA043S23	SES177	-1.01698	-45.9669	-44.9499
BLOCK04/SES043/SA043S23	SES275	-0.797028	-45.7469	-44.9499
BLOCK04/SES043/SA043S26	SES083	-1.03473	-46.0037	-44.969
BLOCK04/SES043/SA043S26	SES101	-1.13118	-46.1002	-44.969
BLOCK04/SES043/SA043S26	SES144	0.0413284	-44.9277	-44.969
BLOCK04/SES043/SA043S26	SES177	-0.938889	-45.9079	-44.969
BLOCK04/SES043/SA043S28	SES016	-1.14681	-45.6584	-44.5116
BLOCK04/SES043/SA043S28	SES083	-0.308575	-44.8201	-44.5116
BLOCK04/SES043/SA043S28	SES101	-0.474854	-44.9864	-44.5116
BLOCK04/SES043/SA043S28	SES144	-0.279896	-44.7915	-44.5116
BLOCK04/SES044/SA044S10	SES127	-1.59876	-48.6521	-47.0533
BLOCK04/SES044/SA044S10	SES144	-0.213802	-47.2672	-47.0533
BLOCK04/SES044/SA044S10	SES147	-1.77535	-48.8287	-47.0533
BLOCK04/SES044/SA044S10	SES148	-2.45844	-49.5118	-47.0533
BLOCK04/SES044/SA044S11	SES101	-1.45804	-47.6738	-46.2158
BLOCK04/SES044/SA044S11	SES144	0.250568	-45.9652	-46.2158
BLOCK04/SES044/SA044S11	SES147	-1.66633	-47.8821	-46.2158
BLOCK04/SES044/SA044S11	SES177	-1.54334	-47.7591	-46.2158
BLOCK04/SES044/SA044S24	SES007	-1.96284	-47.6712	-45.7084
BLOCK04/SES044/SA044S24	SES101	-0.935596	-46.644	-45.7084
BLOCK04/SES044/SA044S24	SES147	-1.5776	-47.286	-45.7084
BLOCK04/SES044/SA044S24	SES177	-1.40722	-47.1156	-45.7084
BLOCK04/SES044/SA044S26	SES007	-1.27969	-46.7442	-45.4645
BLOCK04/SES044/SA044S26	SES016	-1.01707	-46.4816	-45.4645
BLOCK04/SES044/SA044S26	SES101	-0.916401	-46.3809	-45.4645
BLOCK04/SES044/SA044S26	SES147	-0.809582	-46.2741	-45.4645
BLOCK04/SES044/SA044S29	SES007	-0.818779	-45.5654	-44.7466
BLOCK04/SES044/SA044S29	SES101	-0.519848	-45.2664	-44.7466
BLOCK04/SES044/SA044S29	SES147	-1.21827	-45.9649	-44.7466
BLOCK04/SES044/SA044S29	SES177	-0.704407	-45.451	-44.7466
BLOCK04/SES046/SA046S13	SES101	-1.59457	-47.3411	-45.7465
BLOCK04/SES046/SA046S13	SES144	-0.372929	-46.1194	-45.7465
BLOCK04/SES046/SA046S13	SES147	-1.75617	-47.5027	-45.7465
BLOCK04/SES046/SA046S13	SES177	-1.2724	-47.0189	-45.7465
BLOCK04/SES046/SA046S15	SES048	-1.70054	-45.6694	-43.9689
BLOCK04/SES046/SA046S15	SES083	-0.85173	-44.8206	-43.9689
BLOCK04/SES046/SA046S15	SES120	-2.37288	-46.3417	-43.9689
BLOCK04/SES046/SA046S15	SES148	-1.24655	-45.2154	-43.9689
BLOCK04/SES046/SA046S22	SES101	-1.07405	-46.4291	-45.355
BLOCK04/SES046/SA046S22	SES144	-0.480824	-45.8359	-45.355
BLOCK04/SES046/SA046S22	SES147	-1.78967	-47.1447	-45.355
BLOCK04/SES046/SA046S22	SES172	-1.03836	-46.3934	-45.355
BLOCK04/SES046/SA046S25	SES083	-0.955021	-46.0936	-45.1386
BLOCK04/SES046/SA046S25	SES127	-0.46452	-45.6031	-45.1386
BLOCK04/SES046/SA046S25	SES144	-0.619431	-45.758	-45.1386
BLOCK04/SES046/SA046S25	SES148	-0.55423	-45.6928	-45.1386
BLOCK04/SES046/SA046S28	SES007	-2.21998	-48.1224	-45.9025
BLOCK04/SES046/SA046S28	SES105	-1.61463	-47.5171	-45.9025
BLOCK04/SES046/SA046S28	SES147	-2.01086	-47.9133	-45.9025
BLOCK04/SES046/SA046S28	SES148	-0.99889	-46.9013	-45.9025
BLOCK04/SES049/SA049S16	SES104	-2.28336	-48.2302	-45.9468
BLOCK04/SES049/SA049S16	SES106	-1.26404	-47.2109	-45.9468
BLOCK04/SES049/SA049S16	SES120	-1.36274	-47.3096	-45.9468
BLOCK04/SES049/SA049S16	SES206	-1.58024	-47.5271	-45.9468
BLOCK04/SES049/SA049S18	SES099	-0.445568	-47.8135	-47.3679
BLOCK04/SES049/SA049S18	SES104	-1.80397	-49.1719	-47.3679
BLOCK04/SES049/SA049S18	SES125	-2.24797	-49.6159	-47.3679
BLOCK04/SES049/SA049S18	SES206	-2.08978	-49.4577	-47.3679
BLOCK04/SES049/SA049S25	SES087	-1.35688	-47.292	-45.9352
BLOCK04/SES049/SA049S25	SES104	-1.507	-47.4421	-45.9352
BLOCK04/SES049/SA049S25	SES125	-2.45201	-48.3872	-45.9352
BLOCK04/SES049/SA049S25	SES206	-0.947613	-46.8828	-45.9352
BLOCK04/SES049/SA049S27	SES099	-0.804405	-46.2066	-45.4022
BLOCK04/SES049/SA049S27	SES104	-0.987503	-46.3897	-45.4022
BLOCK04/SES049/SA049S27	SES125	-1.512	-46.9142	-45.4022
BLOCK04/SES049/SA049S27	SES206	-1.2431	-46.6453	-45.4022
BLOCK04/SES049/SA049S29	SES099	-0.762455	-45.2584	-44.4959
BLOCK04/SES049/SA049S29	SES104	-0.729328	-45.2253	-44.4959
BLOCK04/SES049/SA049S29	SES125	-1.56778	-46.0637	-44.4959
BLOCK04/SES049/SA049S29	SES206	-0.684814	-45.1807	-44.4959
BLOCK06/SES063/SA063S09	SES068	-1.43479	-46.2174	-44.7826
BLOCK06/SES063/SA063S09	SES083	-0.548714	-45.3313	-44.7826
BLOCK06/SES063/SA063S09	SES177	-0.817028	-45.5997	-44.7826
BLOCK06/SES063/SA063S09	SES187	-1.16711	-45.9497	-44.7826
BLOCK06/SES063/SA063S10	SES068	-1.62923	-46.6812	-45.052
BLOCK06/SES063/SA063S10	SES083	-0.909058	-45.9611	-45.052
BLOCK06/SES063/SA063S10	SES172	-0.862225	-45.9142	-45.052
BLOCK06/SES063/SA063S10	SES187	-1.13392	-46.1859	-45.052
BLOCK06/SES063/SA063S20	SES068	-1.49071	-46.8598	-45.3691
BLOCK06/SES063/SA063S20	SES083	-0.911388	-46.2805	-45.3691
BLOCK06/SES063/SA063S20	SES172	-0.863655	-46.2328	-45.3691
BLOCK06/SES063/SA063S20	SES187	-0.399796	-45.7689	-45.3691
BLOCK06/SES063/SA063S24	SES029	-1.99146	-46.6015	-44.61
BLOCK06/SES063/SA063S24	SES083	-0.221489	-44.8315	-44.61
BLOCK06/SES063/SA063S24	SES177	-0.466946	-45.0769	-44.61
BLOCK06/SES063/SA063S24	SES189	-1.63303	-46.243	-44.61
BLOCK06/SES063/SA063S27	SES083	-0.30772	-45.719	-45.4113
BLOCK06/SES063/SA063S27	SES172	-0.337418	-45.7487	-45.4113
BLOCK06/SES063/SA063S27	SES187	-1.61684	-47.0281	-45.4113
BLOCK06/SES063/SA063S27	SES292	-1.17304	-46.5844	-45.4113
BLOCK06/SES067/SA067S12	SES083	-1.47328	-46.2815	-44.8082
BLOCK06/SES067/SA067S12	SES172	-1.64284	-46.451	-44.8082
BLOCK06/SES067/SA067S12	SES202	0.207027	-44.6012	-44.8082
BLOCK06/SES067/SA067S12	SES292	-1.02163	-45.8298	-44.8082
BLOCK06/SES067/SA067S14	SES085	-1.05684	-45.3871	-44.3302
BLOCK06/SES067/SA067S14	SES177	-1.29857	-45.6288	-44.3302
BLOCK06/SES067/SA067S14	SES183	-1.13116	-45.4614	-44.3302
BLOCK06/SES067/SA067S14	SES202	-0.135639	-44.4659	-44.3302
BLOCK06/SES067/SA067S21	SES144	-0.617878	-46.3799	-45.762
BLOCK06/SES067/SA067S21	SES177	-0.457348	-46.2194	-45.762
BLOCK06/SES067/SA067S21	SES183	-1.87264	-47.6347	-45.762
BLOCK06/SES067/SA067S21	SES189	-0.00775909	-45.7698	-45.762
BLOCK06/SES067/SA067S25	SES085	-1.35867	-46.5081	-45.1495
BLOCK06/SES067/SA067S25	SES177	-1.10426	-46.2537	-45.1495
BLOCK06/SES067/SA067S25	SES183	-1.21839	-46.3679	-45.1495
BLOCK06/SES067/SA067S25	SES202	-0.0967941	-45.2463	-45.1495
BLOCK06/SES067/SA067S29	SES085	-0.793186	-45.8542	-45.061
BLOCK06/SES067/SA067S29	SES177	-1.14603	-46.207	-45.061
BLOCK06/SES067/SA067S29	SES183	-1.13549	-46.1965	-45.061
BLOCK06/SES067/SA067S29	SES202	-0.0196457	-45.0806	-45.061
BLOCK06/SES069/SA069S12	SES029	-1.32066	-46.3221	-45.0014
BLOCK06/SES069/SA069S12	SES082	-0.742729	-45.7441	-45.0014
BLOCK06/SES069/SA069S12	SES087	-1.5963	-46.5977	-45.0014
BLOCK06/SES069/SA069S12	SES206	-1.05635	-46.0578	-45.0014
BLOCK06/SES069/SA069S13	SES029	-2.0257	-46.7795	-44.7538
BLOCK06/SES069/SA069S13	SES087	-1.3521	-46.1059	-44.7538
BLOCK06/SES069/SA069S13	SES206	-1.18117	-45.935	-44.7538
BLOCK06/SES069/SA069S13	SES226	-0.912262	-45.6661	-44.7538
BLOCK06/SES069/SA069S23	SES029	-0.727966	-44.2832	-43.5552
BLOCK06/SES069/SA069S23	SES087	-1.23147	-44.7867	-43.5552
BLOCK06/SES069/SA069S23	SES206	-1.37322	-44.9284	-43.5552
BLOCK06/SES069/SA069S23	SES226	-0.260864	-43.8161	-43.5552
BLOCK06/SES069/SA069S25	SES087	-1.27192	-45.1223	-43.8503
BLOCK06/SES069/SA069S25	SES206	-1.44798	-45.2983	-43.8503
BLOCK06/SES069/SA069S25	SES226	-0.71954	-44.5699	-43.8503
BLOCK06/SES069/SA069S25	SES270	-0.657917	-44.5083	-43.8503
BLOCK06/SES069/SA069S27	SES087	-2.21572	-46.4797	-44.264
BLOCK06/SES069/SA069S27	SES206	-0.537224	-44.8012	-44.264
BLOCK06/SES069/SA069S27	SES226	-0.610565	-44.8745	-44.264
BLOCK06/SES069/SA069S27	SES270	-0.98103	-45.245	-44.264
BLOCK08/SES081/SA081S11	SES060	-0.793526	-45.465	-44.6715
BLOCK08/SES081/SA081S11	SES062	-1.68035	-46.3518	-44.6715
BLOCK08/SES081/SA081S11	SES117	-1.48303	-46.1545	-44.6715
BLOCK08/SES081/SA081S11	SES162	-1.69012	-46.3616	-44.6715
BLOCK08/SES081/SA081S13	SES016	-1.09972	-45.2056	-44.1058
BLOCK08/SES081/SA081S13	SES060	-0.0500412	-44.1559	-44.1058
BLOCK08/SES081/SA081S13	SES068	-0.472065	-44.5779	-44.1058
BLOCK08/SES081/SA081S13	SES129	-1.13309	-45.2389	-44.1058
BLOCK08/SES081/SA081S24	SES060	-0.492348	-44.8978	-44.4055
BLOCK08/SES081/SA081S24	SES068	-0.436302	-44.8418	-44.4055
BLOCK08/SES081/SA081S24	SES117	-1.52446	-45.9299	-44.4055
BLOCK08/SES081/SA081S24	SES275	-1.11254	-45.518	-44.4055
BLOCK08/SES081/SA081S27	SES007	-0.523605	-45.3722	-44.8486
BLOCK08/SES081/SA081S27	SES060	-0.759003	-45.6076	-44.8486
BLOCK08/SES081/SA081S27	SES117	-0.498119	-45.3467	-44.8486
BLOCK08/SES081/SA081S27	SES275	-0.676731	-45.5253	-44.8486
BLOCK08/SES081/SA081S29	SES007	-0.651962	-44.907	-44.2551
BLOCK08/SES081/SA081S29	SES060	-0.582508	-44.8376	-44.2551
BLOCK08/SES081/SA081S29	SES117	-1.18195	-45.437	-44.2551
BLOCK08/SES081/SA081S29	SES275	-1.18357	-45.4386	-44.2551
BLOCK08/SES086/SA086S11	SES029	-3.23331	-49.7925	-46.5592
BLOCK08/SES086/SA086S11	SES082	-1.90555	-48.4648	-46.5592
BLOCK08/SES086/SA086S11	SES087	-0.91848	-47.4777	-46.5592
BLOCK08/SES086/SA086S11	SES206	-1.85369	-48.4129	-46.5592
BLOCK08/SES086/SA086S12	SES029	-2.62254	-48.6509	-46.0283
BLOCK08/SES086/SA086S12	SES082	-1.78693	-47.8153	-46.0283
BLOCK08/SES086/SA086S12	SES087	-0.221958	-46.2503	-46.0283
BLOCK08/SES086/SA086S12	SES206	-0.930599	-46.9589	-46.0283
BLOCK08/SES086/SA086S20	SES029	-2.45288	-47.0921	-44.6392
BLOCK08/SES086/SA086S20	SES082	-1.16455	-45.8038	-44.6392
BLOCK08/SES086/SA086S20	SES087	0.344921	-44.2943	-44.6392
BLOCK08/SES086/SA086S20	SES206	-0.0992584	-44.7385	-44.6392
BLOCK08/SES086/SA086S24	SES087	0.112423	-45.8442	-45.9566
BLOCK08/SES086/SA086S24	SES104	-1.95072	-47.9074	-45.9566
BLOCK08/SES086/SA086S24	SES120	-1.49488	-47.4515	-45.9566
BLOCK08/SES086/SA086S24	SES206	-0.356979	-46.3136	-45.9566
BLOCK08/SES086/SA086S28	SES029	-1.82222	-46.667	-44.8448
BLOCK08/SES086/SA086S28	SES082	-1.61701	-46.4618	-44.8448
BLOCK08/SES086/SA086S28	SES087	-0.0580559	-44.9029	-44.8448
BLOCK08/SES086/SA086S28	SES206	-0.635895	-45.4807	-44.8448
BLOCK08/SES089/SA089S13	SES087	-1.78929	-46.9666	-45.1773
BLOCK08/SES089/SA089S13	SES206	-1.79905	-46.9764	-45.1773
BLOCK08/SES089/SA089S13	SES226	-1.2504	-46.4277	-45.1773
BLOCK08/SES089/SA089S13	SES270	-2.57779	-47.7551	-45.1773
BLOCK08/SES089/SA089S14	SES062	-1.49533	-46.5259	-45.0305
BLOCK08/SES089/SA089S14	SES087	-0.843498	-45.874	-45.0305
BLOCK08/SES089/SA089S14	SES206	-0.600513	-45.6311	-45.0305
BLOCK08/SES089/SA089S14	SES226	-0.862091	-45.8926	-45.0305
BLOCK08/SES089/SA089S23	SES087	-1.27823	-46.509	-45.2307
BLOCK08/SES089/SA089S23	SES206	-1.10664	-46.3374	-45.2307
BLOCK08/SES089/SA089S23	SES226	-1.52113	-46.7519	-45.2307
BLOCK08/SES089/SA089S23	SES270	-2.45574	-47.6865	-45.2307
BLOCK08/SES089/SA089S25	SES062	-1.8935	-47.094	-45.2005
BLOCK08/SES089/SA089S25	SES087	-1.43841	-46.6389	-45.2005
BLOCK08/SES089/SA089S25	SES206	-1.96262	-47.1631	-45.2005
BLOCK08/SES089/SA089S25	SES226	-1.01133	-46.2118	-45.2005
BLOCK08/SES089/SA089S28	SES062	-1.25785	-46.3214	-45.0636
BLOCK08/SES089/SA089S28	SES087	-0.990788	-46.0544	-45.0636
BLOCK08/SES089/SA089S28	SES206	-0.965183	-46.0288	-45.0636
BLOCK08/SES089/SA089S28	SES226	-1.02199	-46.0856	-45.0636
BLOCK09/SES097/SA097S11	SES099	0.0523682	-45.6491	-45.7015
BLOCK09/SES097/SA097S11	SES125	-1.79136	-47.4928	-45.7015
BLOCK09/SES097/SA097S11	SES206	-1.10519	-46.8067	-45.7015
BLOCK09/SES097/SA097S11	SES226	-0.42355	-46.125	-45.7015
BLOCK09/SES097/SA097S14	SES062	-1.65798	-47.398	-45.74
BLOCK09/SES097/SA097S14	SES099	-0.615482	-46.3555	-45.74
BLOCK09/SES097/SA097S14	SES104	-1.69497	-47.435	-45.74
BLOCK09/SES097/SA097S14	SES206	-1.42065	-47.1607	-45.74
BLOCK09/SES097/SA097S22	SES099	0.124634	-45.8017	-45.9263
BLOCK09/SES097/SA097S22	SES206	-1.39872	-47.325	-45.9263
BLOCK09/SES097/SA097S22	SES226	-1.38435	-47.3106	-45.9263
BLOCK09/SES097/SA097S22	SES270	0.120842	-45.8054	-45.9263
BLOCK09/SES097/SA097S26	SES099	-0.0980339	-45.79	-45.6919
BLOCK09/SES097/SA097S26	SES120	-0.890537	-46.5825	-45.6919
BLOCK09/SES097/SA097S26	SES206	-0.981842	-46.6738	-45.6919
BLOCK09/SES097/SA097S26	SES226	-1.79933	-47.4912	-45.6919
BLOCK09/SES097/SA097S28	SES099	-0.547836	-46.0864	-45.5386
BLOCK09/SES097/SA097S28	SES120	-1.08951	-46.6281	-45.5386
BLOCK09/SES097/SA097S28	SES206	-1.81474	-47.3533	-45.5386
BLOCK09/SES097/SA097S28	SES226	-1.83321	-47.3718	-45.5386
BLOCK09/SES098/SA098S11	SES127	-1.48257	-47.8017	-46.3191
BLOCK09/SES098/SA098S11	SES144	-0.80899	-47.1281	-46.3191
BLOCK09/SES098/SA098S11	SES147	-0.434765	-46.7539	-46.3191
BLOCK09/SES098/SA098S11	SES148	-1.69049	-48.0096	-46.3191
BLOCK09/SES098/SA098S12	SES127	-2.40536	-49.4426	-47.0372
BLOCK09/SES098/SA098S12	SES144	-1.00824	-48.0455	-47.0372
BLOCK09/SES098/SA098S12	SES147	-0.833252	-47.8705	-47.0372
BLOCK09/SES098/SA098S12	SES189	-0.837563	-47.8748	-47.0372
BLOCK09/SES098/SA098S20	SES127	-2.41555	-49.0922	-46.6767
BLOCK09/SES098/SA098S20	SES147	-0.908409	-47.5851	-46.6767
BLOCK09/SES098/SA098S20	SES148	-1.87051	-48.5472	-46.6767
BLOCK09/SES098/SA098S20	SES292	-2.57018	-49.2469	-46.6767
BLOCK09/SES098/SA098S23	SES127	-1.80575	-47.3808	-45.575
BLOCK09/SES098/SA098S23	SES147	-1.04604	-46.6211	-45.575
BLOCK09/SES098/SA098S23	SES187	-1.46796	-47.043	-45.575
BLOCK09/SES098/SA098S23	SES292	-1.40714	-46.9822	-45.575
BLOCK09/SES098/SA098S27	SES127	-1.73116	-47.8971	-46.166
BLOCK09/SES098/SA098S27	SES147	-0.905396	-47.0714	-46.166
BLOCK09/SES098/SA098S27	SES148	-2.10868	-48.2747	-46.166
BLOCK09/SES098/SA098S27	SES292	-1.03594	-47.2019	-46.166
BLOCK10/SES102/SA102S13	SES101	0.230595	-45.8769	-46.1075
BLOCK10/SES102/SA102S13	SES105	-0.903553	-47.011	-46.1075
BLOCK10/SES102/SA102S13	SES120	-1.38899	-47.4964	-46.1075
BLOCK10/SES102/SA102S13	SES158	-2.34456	-48.452	-46.1075
BLOCK10/SES102/SA102S14	SES007	-0.394337	-45.2001	-44.8058
BLOCK10/SES102/SA102S14	SES101	0.184456	-44.6213	-44.8058
BLOCK10/SES102/SA102S14	SES105	-0.375332	-45.1811	-44.8058
BLOCK10/SES102/SA102S14	SES147	-1.42059	-46.2264	-44.8058
BLOCK10/SES102/SA102S22	SES007	-1.4006	-46.2276	-44.827
BLOCK10/SES102/SA102S22	SES101	-0.166405	-44.9934	-44.827
BLOCK10/SES102/SA102S22	SES105	-0.812172	-45.6392	-44.827
BLOCK10/SES102/SA102S22	SES158	-2.63447	-47.4615	-44.827
BLOCK10/SES102/SA102S25	SES007	-1.03876	-46.0506	-45.0118
BLOCK10/SES102/SA102S25	SES101	-0.260899	-45.2727	-45.0118
BLOCK10/SES102/SA102S25	SES105	-1.12323	-46.135	-45.0118
BLOCK10/SES102/SA102S25	SES147	-1.89877	-46.9106	-45.0118
BLOCK10/SES102/SA102S27	SES007	-0.932526	-46.2008	-45.2683
BLOCK10/SES102/SA102S27	SES101	-0.55912	-45.8274	-45.2683
BLOCK10/SES102/SA102S27	SES105	-0.927769	-46.1961	-45.2683
BLOCK10/SES102/SA102S27	SES147	-1.64325	-46.9116	-45.2683
BLOCK10/SES103/SA103S14	SES105	-2.08661	-48.4508	-46.3642
BLOCK10/SES103/SA103S14	SES106	-0.497131	-46.8613	-46.3642
BLOCK10/SES103/SA103S14	SES120	-1.94911	-48.3133	-46.3642
BLOCK10/SES103/SA103S14	SES206	-1.66151	-48.0257	-46.3642
BLOCK10/SES103/SA103S15	SES099	-1.7422	-48.5663	-46.8241
BLOCK10/SES103/SA103S15	SES101	-2.52393	-49.3481	-46.8241
BLOCK10/SES103/SA103S15	SES104	-1.7704	-48.5945	-46.8241
BLOCK10/SES103/SA103S15	SES125	-1.71383	-48.538	-46.8241
BLOCK10/SES103/SA103S24	SES104	-1.80082	-47.6484	-45.8475
BLOCK10/SES103/SA103S24	SES125	-1.82148	-47.669	-45.8475
BLOCK10/SES103/SA103S24	SES148	-2.31015	-48.1577	-45.8475
BLOCK10/SES103/SA103S24	SES158	-1.04589	-46.8934	-45.8475
BLOCK10/SES103/SA103S26	SES104	-2.04123	-48.072	-46.0308
BLOCK10/SES103/SA103S26	SES106	-0.643715	-46.6745	-46.0308
BLOCK10/SES103/SA103S26	SES125	-1.90299	-47.9338	-46.0308
BLOCK10/SES103/SA103S26	SES148	-3.03653	-49.0673	-46.0308
BLOCK10/SES103/SA103S28	SES104	-2.30798	-48.5482	-46.2402
BLOCK10/SES103/SA103S28	SES106	-1.0742	-47.3144	-46.2402
BLOCK10/SES103/SA103S28	SES125	-2.10757	-48.3478	-46.2402
BLOCK10/SES103/SA103S28	SES206	-2.77271	-49.0129	-46.2402
BLOCK12/SES121/SA121S12	SES042	-1.43394	-48.2633	-46.8293
BLOCK12/SES121/SA121S12	SES087	-1.55402	-48.3834	-46.8293
BLOCK12/SES121/SA121S12	SES105	-1.19965	-48.029	-46.8293
BLOCK12/SES121/SA121S12	SES206	-1.43481	-48.2642	-46.8293
BLOCK12/SES121/SA121S14	SES007	-2.4025	-49.7683	-47.3658
BLOCK12/SES121/SA121S14	SES105	-2.15051	-49.5163	-47.3658
BLOCK12/SES121/SA121S14	SES106	-1.01677	-48.3825	-47.3658
BLOCK12/SES121/SA121S14	SES206	-1.25877	-48.6245	-47.3658
BLOCK12/SES121/SA121S23	SES105	-2.16825	-49.5695	-47.4013
BLOCK12/SES121/SA121S23	SES106	-0.930237	-48.3315	-47.4013
BLOCK12/SES121/SA121S23	SES120	-2.37589	-49.7771	-47.4013
BLOCK12/SES121/SA121S23	SES206	-1.37683	-48.7781	-47.4013
BLOCK12/SES121/SA121S25	SES007	-1.63604	-49.7775	-48.1415
BLOCK12/SES121/SA121S25	SES105	-2.29901	-50.4405	-48.1415
BLOCK12/SES121/SA121S25	SES106	-1.28529	-49.4268	-48.1415
BLOCK12/SES121/SA121S25	SES206	-1.92975	-50.0712	-48.1415
BLOCK12/SES121/SA121S27	SES087	-0.250042	-46.9809	-46.7309
BLOCK12/SES121/SA121S27	SES105	-3.18472	-49.9156	-46.7309
BLOCK12/SES121/SA121S27	SES120	-1.23833	-47.9692	-46.7309
BLOCK12/SES121/SA121S27	SES206	-0.818939	-47.5498	-46.7309
BLOCK12/SES124/SA124S16	SES042	-0.609524	-45.2576	-44.6481
BLOCK12/SES124/SA124S16	SES082	-1.05817	-45.7063	-44.6481
BLOCK12/SES124/SA124S16	SES183	-2.48983	-47.1379	-44.6481
BLOCK12/SES124/SA124S16	SES206	-1.11898	-45.7671	-44.6481
BLOCK12/SES124/SA124S17	SES105	-1.38359	-47.4742	-46.0906
BLOCK12/SES124/SA124S17	SES149	-2.06499	-48.1556	-46.0906
BLOCK12/SES124/SA124S17	SES158	-2.70418	-48.7948	-46.0906
BLOCK12/SES124/SA124S17	SES275	-1.49566	-47.5863	-46.0906
BLOCK12/SES124/SA124S23	SES105	-1.82317	-45.0123	-43.1891
BLOCK12/SES124/SA124S23	SES125	-0.327515	-43.5166	-43.1891
BLOCK12/SES124/SA124S23	SES129	-2.58646	-45.7756	-43.1891
BLOCK12/SES124/SA124S23	SES158	-0.631626	-43.8207	-43.1891
BLOCK12/SES124/SA124S26	SES105	-2.38866	-46.844	-44.4553
BLOCK12/SES124/SA124S26	SES125	-0.17366	-44.629	-44.4553
BLOCK12/SES124/SA124S26	SES129	-2.43481	-46.8901	-44.4553
BLOCK12/SES124/SA124S26	SES158	-0.991959	-45.4473	-44.4553
BLOCK12/SES124/SA124S28	SES104	-0.878048	-45.1284	-44.2504
BLOCK12/SES124/SA124S28	SES106	-0.640491	-44.8909	-44.2504
BLOCK12/SES124/SA124S28	SES125	-0.110165	-44.3605	-44.2504
BLOCK12/SES124/SA124S28	SES275	-1.73524	-45.9856	-44.2504
BLOCK12/SES126/SA126S13	SES007	-1.0049	-47.0891	-46.0842
BLOCK12/SES126/SA126S13	SES162	-1.89127	-47.9755	-46.0842
BLOCK12/SES126/SA126S13	SES177	-0.876972	-46.9612	-46.0842
BLOCK12/SES126/SA126S13	SES180	-1.7711	-47.8553	-46.0842
BLOCK12/SES126/SA126S14	SES144	-0.343925	-45.3413	-44.9974
BLOCK12/SES126/SA126S14	SES148	-0.909264	-45.9066	-44.9974
BLOCK12/SES126/SA126S14	SES177	0.0280495	-44.9693	-44.9974
BLOCK12/SES126/SA126S14	SES180	-1.3669	-46.3643	-44.9974
BLOCK12/SES126/SA126S20	SES007	-1.36616	-46.4434	-45.0772
BLOCK12/SES126/SA126S20	SES162	-1.49259	-46.5698	-45.0772
BLOCK12/SES126/SA126S20	SES172	-2.43177	-47.509	-45.0772
BLOCK12/SES126/SA126S20	SES180	-1.88938	-46.9666	-45.0772
BLOCK12/SES126/SA126S24	SES120	-1.10817	-46.029	-44.9209
BLOCK12/SES126/SA126S24	SES162	-0.991299	-45.9122	-44.9209
BLOCK12/SES126/SA126S24	SES177	-0.60458	-45.5254	-44.9209
BLOCK12/SES126/SA126S24	SES180	-1.0538	-45.9747	-44.9209
BLOCK12/SES126/SA126S26	SES120	-0.908577	-46.6083	-45.6998
BLOCK12/SES126/SA126S26	SES177	-0.772739	-46.4725	-45.6998
BLOCK12/SES126/SA126S26	SES180	-1.15034	-46.8501	-45.6998
BLOCK12/SES126/SA126S26	SES202	-0.663971	-46.3637	-45.6998
BLOCK12/SES128/SA128S10	SES087	-2.45181	-47.5191	-45.0673
BLOCK12/SES128/SA128S10	SES206	-1.95489	-47.0222	-45.0673
BLOCK12/SES128/SA128S10	SES226	-0.915668	-45.983	-45.0673
BLOCK12/SES128/SA128S10	SES270	-0.965878	-46.0332	-45.0673
BLOCK12/SES128/SA128S12	SES120	-1.0069	-46.2111	-45.2042
BLOCK12/SES128/SA128S12	SES158	-1.47445	-46.6786	-45.2042
BLOCK12/SES128/SA128S12	SES206	-1.17602	-46.3802	-45.2042
BLOCK12/SES128/SA128S12	SES226	-1.31772	-46.5219	-45.2042
BLOCK12/SES128/SA128S21	SES106	-2.39087	-48.4332	-46.0423
BLOCK12/SES128/SA128S21	SES120	-1.15039	-47.1927	-46.0423
BLOCK12/SES128/SA128S21	SES206	-2.54102	-48.5833	-46.0423
BLOCK12/SES128/SA128S21	SES226	-1.05143	-47.0938	-46.0423
BLOCK12/SES128/SA128S24	SES087	-2.1963	-47.5986	-45.4023
BLOCK12/SES128/SA128S24	SES120	-0.637329	-46.0396	-45.4023
BLOCK12/SES128/SA128S24	SES206	-2.06039	-47.4627	-45.4023
BLOCK12/SES128/SA128S24	SES226	-1.75216	-47.1544	-45.4023
BLOCK12/SES128/SA128S27	SES099	-1.23146	-45.9257	-44.6942
BLOCK12/SES128/SA128S27	SES120	-0.655449	-45.3496	-44.6942
BLOCK12/SES128/SA128S27	SES206	-1.43528	-46.1295	-44.6942
BLOCK12/SES128/SA128S27	SES226	-0.62468	-45.3189	-44.6942
BLOCK13/SES130/SA130S13	SES143	-0.569962	-47.4512	-46.8812
BLOCK13/SES130/SA130S13	SES144	0.105675	-46.7755	-46.8812
BLOCK13/SES130/SA130S13	SES146	-0.233494	-47.1147	-46.8812
BLOCK13/SES130/SA130S13	SES275	-2.39377	-49.275	-46.8812
BLOCK13/SES130/SA130S15	SES143	-1.46169	-46.7613	-45.2996
BLOCK13/SES130/SA130S15	SES144	-0.420959	-45.7206	-45.2996
BLOCK13/SES130/SA130S15	SES146	-0.0533485	-45.353	-45.2996
BLOCK13/SES130/SA130S15	SES275	-1.01551	-46.3152	-45.2996
BLOCK13/SES130/SA130S23	SES127	-1.82452	-48.8389	-47.0144
BLOCK13/SES130/SA130S23	SES144	-1.40816	-48.4225	-47.0144
BLOCK13/SES130/SA130S23	SES146	0.0702133	-46.9442	-47.0144
BLOCK13/SES130/SA130S23	SES162	-0.786259	-47.8006	-47.0144
BLOCK13/SES130/SA130S25	SES127	-0.603878	-45.8993	-45.2954
BLOCK13/SES130/SA130S25	SES144	0.000881195	-45.2946	-45.2954
BLOCK13/SES130/SA130S25	SES146	-0.148838	-45.4443	-45.2954
BLOCK13/SES130/SA130S25	SES275	-0.929028	-46.2245	-45.2954
BLOCK13/SES130/SA130S28	SES127	-0.778877	-46.1597	-45.3809
BLOCK13/SES130/SA130S28	SES144	-0.58107	-45.9619	-45.3809
BLOCK13/SES130/SA130S28	SES146	-0.561695	-45.9426	-45.3809
BLOCK13/SES130/SA130S28	SES275	-0.640507	-46.0214	-45.3809
BLOCK13/SES131/SA131S13	SES002	-1.67919	-49.0382	-47.359
BLOCK13/SES131/SA131S13	SES007	-2.68927	-50.0483	-47.359
BLOCK13/SES131/SA131S13	SES099	-1.44532	-48.8043	-47.359
BLOCK13/SES131/SA131S13	SES105	-1.64401	-49.003	-47.359
BLOCK13/SES131/SA131S14	SES104	-0.93074	-46.6492	-45.7185
BLOCK13/SES131/SA131S14	SES106	-0.385685	-46.1042	-45.7185
BLOCK13/SES131/SA131S14	SES125	-1.96279	-47.6813	-45.7185
BLOCK13/SES131/SA131S14	SES148	-1.79234	-47.5108	-45.7185
BLOCK13/SES131/SA131S20	SES104	-1.96523	-48.4819	-46.5167
BLOCK13/SES131/SA131S20	SES106	-0.879589	-47.3963	-46.5167
BLOCK13/SES131/SA131S20	SES125	-1.87814	-48.3948	-46.5167
BLOCK13/SES131/SA131S20	SES148	-2.5407	-49.0574	-46.5167
BLOCK13/SES131/SA131S22	SES099	-1.17511	-46.6247	-45.4496
BLOCK13/SES131/SA131S22	SES104	-1.67825	-47.1278	-45.4496
BLOCK13/SES131/SA131S22	SES125	-1.31689	-46.7664	-45.4496
BLOCK13/SES131/SA131S22	SES206	-1.52505	-46.9746	-45.4496
BLOCK13/SES131/SA131S29	SES087	-1.87724	-48.3651	-46.4878
BLOCK13/SES131/SA131S29	SES104	-2.44608	-48.9339	-46.4878
BLOCK13/SES131/SA131S29	SES125	-2.08071	-48.5685	-46.4878
BLOCK13/SES131/SA131S29	SES206	-1.71465	-48.2025	-46.4878
BLOCK13/SES132/SA132S11	SES083	-1.47963	-46.1477	-44.6681
BLOCK13/SES132/SA132S11	SES120	-0.132095	-44.8002	-44.6681
BLOCK13/SES132/SA132S11	SES127	-1.14952	-45.8176	-44.6681
BLOCK13/SES132/SA132S11	SES275	-0.776047	-45.4441	-44.6681
BLOCK13/SES132/SA132S12	SES083	-1.31679	-45.7916	-44.4748
BLOCK13/SES132/SA132S12	SES143	-1.42424	-45.899	-44.4748
BLOCK13/SES132/SA132S12	SES144	-1.09912	-45.5739	-44.4748
BLOCK13/SES132/SA132S12	SES148	-0.983929	-45.4587	-44.4748
BLOCK13/SES132/SA132S22	SES062	-0.0822563	-44.4679	-44.3857
BLOCK13/SES132/SA132S22	SES083	-0.869873	-45.2556	-44.3857
BLOCK13/SES132/SA132S22	SES127	-0.986542	-45.3722	-44.3857
BLOCK13/SES132/SA132S22	SES275	-0.546879	-44.9326	-44.3857
BLOCK13/SES132/SA132S24	SES007	-0.36824	-44.709	-44.3408
BLOCK13/SES132/SA132S24	SES083	-1.40546	-45.7462	-44.3408
BLOCK13/SES132/SA132S24	SES127	-1.66944	-46.0102	-44.3408
BLOCK13/SES132/SA132S24	SES275	-0.584053	-44.9248	-44.3408
BLOCK13/SES132/SA132S27	SES083	-1.5751	-46.7712	-45.1961
BLOCK13/SES132/SA132S27	SES120	-0.071022	-45.2671	-45.1961
BLOCK13/SES132/SA132S27	SES127	-1.70435	-46.9004	-45.1961
BLOCK13/SES132/SA132S27	SES275	-1.1294	-46.3255	-45.1961
BLOCK14/SES141/SA141S09	SES143	-1.0844	-45.9456	-44.8612
BLOCK14/SES141/SA141S09	SES144	-0.617016	-45.4782	-44.8612
BLOCK14/SES141/SA141S09	SES162	-1.23047	-46.0916	-44.8612
BLOCK14/SES141/SA141S09	SES180	-1.09391	-45.9551	-44.8612
BLOCK14/SES141/SA141S15	SES127	-1.1292	-46.0795	-44.9503
BLOCK14/SES141/SA141S15	SES144	-0.881031	-45.8314	-44.9503
BLOCK14/SES141/SA141S15	SES162	-1.38723	-46.3376	-44.9503
BLOCK14/SES141/SA141S15	SES180	-0.864372	-45.8147	-44.9503
BLOCK14/SES141/SA141S24	SES127	-0.776443	-45.4857	-44.7092
BLOCK14/SES141/SA141S24	SES144	-0.815117	-45.5243	-44.7092
BLOCK14/SES141/SA141S24	SES162	-1.16844	-45.8777	-44.7092
BLOCK14/SES141/SA141S24	SES183	-1.68603	-46.3953	-44.7092
BLOCK14/SES141/SA141S26	SES142	-1.10032	-46.5952	-45.4949
BLOCK14/SES141/SA141S26	SES144	-1.00208	-46.497	-45.4949
BLOCK14/SES141/SA141S26	SES172	-1.40926	-46.9042	-45.4949
BLOCK14/SES141/SA141S26	SES180	-1.05262	-46.5475	-45.4949
BLOCK14/SES141/SA141S29	SES127	-0.0867538	-44.8413	-44.7546
BLOCK14/SES141/SA141S29	SES142	-0.293442	-45.048	-44.7546
BLOCK14/SES141/SA141S29	SES144	-0.750031	-45.5046	-44.7546
BLOCK14/SES141/SA141S29	SES180	-0.504147	-45.2587	-44.7546
BLOCK15/SES157/SA157S08	SES083	-1.88044	-47.6066	-45.7261
BLOCK15/SES157/SA157S08	SES127	-0.8321	-46.5582	-45.7261
BLOCK15/SES157/SA157S08	SES148	-1.07717	-46.8033	-45.7261
BLOCK15/SES157/SA157S08	SES292	-1.81521	-47.5413	-45.7261
BLOCK15/SES157/SA157S11	SES083	-1.94115	-47.5904	-45.6493
BLOCK15/SES157/SA157S11	SES127	-0.959255	-46.6086	-45.6493
BLOCK15/SES157/SA157S11	SES148	-0.960777	-46.6101	-45.6493
BLOCK15/SES157/SA157S11	SES292	-1.84629	-47.4956	-45.6493
BLOCK15/SES157/SA157S21	SES127	-0.837891	-45.9303	-45.0924
BLOCK15/SES157/SA157S21	SES148	-0.566833	-45.6592	-45.0924
BLOCK15/SES157/SA157S21	SES158	-3.30532	-48.3977	-45.0924
BLOCK15/SES157/SA157S21	SES292	-1.21892	-46.3113	-45.0924
BLOCK15/SES157/SA157S24	SES127	-0.515438	-46.1536	-45.6382
BLOCK15/SES157/SA157S24	SES148	-0.891106	-46.5293	-45.6382
BLOCK15/SES157/SA157S24	SES183	-0.86705	-46.5052	-45.6382
BLOCK15/SES157/SA157S24	SES292	-1.84814	-47.4863	-45.6382
BLOCK15/SES157/SA157S26	SES007	-0.144302	-45.4171	-45.2728
BLOCK15/SES157/SA157S26	SES127	-0.424126	-45.697	-45.2728
BLOCK15/SES157/SA157S26	SES147	-1.99741	-47.2703	-45.2728
BLOCK15/SES157/SA157S26	SES148	-0.71843	-45.9913	-45.2728
BLOCK16/SES161/SA161S10	SES007	-1.60735	-48.0006	-46.3932
BLOCK16/SES161/SA161S10	SES105	-1.56082	-47.9541	-46.3932
BLOCK16/SES161/SA161S10	SES158	-1.58247	-47.9757	-46.3932
BLOCK16/SES161/SA161S10	SES275	-1.34999	-47.7432	-46.3932
BLOCK16/SES161/SA161S12	SES007	-1.46069	-47.4385	-45.9778
BLOCK16/SES161/SA161S12	SES105	-1.92872	-47.9065	-45.9778
BLOCK16/SES161/SA161S12	SES158	-1.10725	-47.085	-45.9778
BLOCK16/SES161/SA161S12	SES275	-1.17221	-47.15	-45.9778
BLOCK16/SES161/SA161S20	SES007	-2.04509	-48.8498	-46.8047
BLOCK16/SES161/SA161S20	SES105	-2.31364	-49.1183	-46.8047
BLOCK16/SES161/SA161S20	SES158	-1.51041	-48.3151	-46.8047
BLOCK16/SES161/SA161S20	SES275	-2.0522	-48.8569	-46.8047
BLOCK16/SES161/SA161S23	SES007	-1.87536	-47.4387	-45.5633
BLOCK16/SES161/SA161S23	SES105	-1.48575	-47.0491	-45.5633
BLOCK16/SES161/SA161S23	SES148	-1.49051	-47.0538	-45.5633
BLOCK16/SES161/SA161S23	SES158	-1.13891	-46.7022	-45.5633
BLOCK16/SES161/SA161S28	SES007	-2.70095	-48.9047	-46.2037
BLOCK16/SES161/SA161S28	SES105	-2.30951	-48.5132	-46.2037
BLOCK16/SES161/SA161S28	SES158	-1.07655	-47.2803	-46.2037
BLOCK16/SES161/SA161S28	SES206	-1.10669	-47.3104	-46.2037
BLOCK16/SES164/SA164S11	SES104	-1.89651	-46.9227	-45.0262
BLOCK16/SES164/SA164S11	SES125	-0.700085	-45.7263	-45.0262
BLOCK16/SES164/SA164S11	SES158	-0.157883	-45.1841	-45.0262
BLOCK16/SES164/SA164S11	SES206	-1.86217	-46.8884	-45.0262
BLOCK16/SES164/SA164S13	SES099	-1.10775	-47.5036	-46.3958
BLOCK16/SES164/SA164S13	SES104	-1.13812	-47.5339	-46.3958
BLOCK16/SES164/SA164S13	SES125	-1.93539	-48.3312	-46.3958
BLOCK16/SES164/SA164S13	SES206	-1.83673	-48.2325	-46.3958
BLOCK16/SES164/SA164S24	SES002	-0.131535	-45.7242	-45.5926
BLOCK16/SES164/SA164S24	SES099	-0.952297	-46.5449	-45.5926
BLOCK16/SES164/SA164S24	SES125	-1.4836	-47.0762	-45.5926
BLOCK16/SES164/SA164S24	SES226	-0.271759	-45.8644	-45.5926
BLOCK16/SES164/SA164S27	SES087	-2.34348	-48.2017	-45.8582
BLOCK16/SES164/SA164S27	SES125	-1.31274	-47.1709	-45.8582
BLOCK16/SES164/SA164S27	SES206	-1.63021	-47.4884	-45.8582
BLOCK16/SES164/SA164S27	SES226	-0.921207	-46.7794	-45.8582
BLOCK16/SES164/SA164S29	SES002	-0.345325	-45.8826	-45.5373
BLOCK16/SES164/SA164S29	SES019	-1.56287	-47.1001	-45.5373
BLOCK16/SES164/SA164S29	SES125	-1.36794	-46.9052	-45.5373
BLOCK16/SES164/SA164S29	SES226	-1.05683	-46.5941	-45.5373
BLOCK16/SES169/SA169S13	SES117	-0.905308	-46.4138	-45.5084
BLOCK16/SES169/SA169S13	SES144	-0.809696	-46.3181	-45.5084
BLOCK16/SES169/SA169S13	SES146	-0.756542	-46.265	-45.5084
BLOCK16/SES169/SA169S13	SES162	-0.81551	-46.324	-45.5084
BLOCK16/SES169/SA169S14	SES144	-0.440605	-45.2862	-44.8456
BLOCK16/SES169/SA169S14	SES148	-0.675003	-45.5206	-44.8456
BLOCK16/SES169/SA169S14	SES177	-0.538048	-45.3836	-44.8456
BLOCK16/SES169/SA169S14	SES180	-1.0463	-45.8919	-44.8456
BLOCK16/SES169/SA169S24	SES117	-1.08828	-47.3182	-46.2299
BLOCK16/SES169/SA169S24	SES144	-0.78812	-47.018	-46.2299
BLOCK16/SES169/SA169S24	SES146	-0.637665	-46.8676	-46.2299
BLOCK16/SES169/SA169S24	SES162	-0.841663	-47.0716	-46.2299
BLOCK16/SES169/SA169S27	SES127	-0.79892	-45.9788	-45.1799
BLOCK16/SES169/SA169S27	SES129	-1.26904	-46.4489	-45.1799
BLOCK16/SES169/SA169S27	SES144	-0.960945	-46.1408	-45.1799
BLOCK16/SES169/SA169S27	SES146	-0.260521	-45.4404	-45.1799
BLOCK16/SES169/SA169S29	SES144	-0.283611	-44.6399	-44.3563
BLOCK16/SES169/SA169S29	SES162	-0.436749	-44.793	-44.3563
BLOCK16/SES169/SA169S29	SES177	-0.914463	-45.2707	-44.3563
BLOCK16/SES169/SA169S29	SES180	-0.690647	-45.0469	-44.3563
BLOCK17/SES171/SA171S12	SES083	-1.22715	-47.0077	-45.7805
BLOCK17/SES171/SA171S12	SES148	-1.12017	-46.9007	-45.7805
BLOCK17/SES171/SA171S12	SES172	-1.24007	-47.0206	-45.7805
BLOCK17/SES171/SA171S12	SES292	-1.79131	-47.5718	-45.7805
BLOCK17/SES171/SA171S15	SES148	-0.901882	-47.6249	-46.723
BLOCK17/SES171/SA171S15	SES177	-1.08682	-47.8098	-46.723
BLOCK17/SES171/SA171S15	SES180	-2.42588	-49.1489	-46.723
BLOCK17/SES171/SA171S15	SES292	-3.01684	-49.7398	-46.723
BLOCK17/SES171/SA171S22	SES007	-1.1175	-46.2285	-45.111
BLOCK17/SES171/SA171S22	SES148	-0.811573	-45.9225	-45.111
BLOCK17/SES171/SA171S22	SES177	-0.194767	-45.3057	-45.111
BLOCK17/SES171/SA171S22	SES180	-1.48898	-46.5999	-45.111
BLOCK17/SES171/SA171S25	SES101	-1.72239	-47.8668	-46.1444
BLOCK17/SES171/SA171S25	SES120	-2.35089	-48.4953	-46.1444
BLOCK17/SES171/SA171S25	SES177	-0.868668	-47.0131	-46.1444
BLOCK17/SES171/SA171S25	SES180	-1.49247	-47.6369	-46.1444
BLOCK17/SES171/SA171S27	SES177	-0.620983	-46.3032	-45.6822
BLOCK17/SES171/SA171S27	SES180	-1.87247	-47.5547	-45.6822
BLOCK17/SES171/SA171S27	SES189	-0.967518	-46.6497	-45.6822
BLOCK17/SES171/SA171S27	SES292	-1.78057	-47.4628	-45.6822
BLOCK17/SES173/SA173S13	SES162	-1.84834	-48.077	-46.2286
BLOCK17/SES173/SA173S13	SES177	-1.66274	-47.8914	-46.2286
BLOCK17/SES173/SA173S13	SES180	-2.30494	-48.5336	-46.2286
BLOCK17/SES173/SA173S13	SES292	-1.45981	-47.6884	-46.2286
BLOCK17/SES173/SA173S14	SES007	-1.54996	-47.9283	-46.3783
BLOCK17/SES173/SA173S14	SES162	-1.62867	-48.007	-46.3783
BLOCK17/SES173/SA173S14	SES177	-1.43808	-47.8164	-46.3783
BLOCK17/SES173/SA173S14	SES180	-2.39836	-48.7767	-46.3783
BLOCK17/SES173/SA173S24	SES144	-1.09029	-48.0234	-46.9331
BLOCK17/SES173/SA173S24	SES162	-1.71337	-48.6465	-46.9331
BLOCK17/SES173/SA173S24	SES177	-1.52567	-48.4588	-46.9331
BLOCK17/SES173/SA173S24	SES180	-2.3847	-49.3178	-46.9331
BLOCK17/SES173/SA173S27	SES162	-2.27088	-48.3759	-46.105
BLOCK17/SES173/SA173S27	SES177	-1.48746	-47.5925	-46.105
BLOCK17/SES173/SA173S27	SES180	-2.27288	-48.3779	-46.105
BLOCK17/SES173/SA173S27	SES292	-1.68165	-47.7867	-46.105
BLOCK17/SES173/SA173S29	SES162	-1.12154	-47.5855	-46.464
BLOCK17/SES173/SA173S29	SES175	-0.605145	-47.0691	-46.464
BLOCK17/SES173/SA173S29	SES177	-1.11019	-47.5742	-46.464
BLOCK17/SES173/SA173S29	SES292	-1.97893	-48.4429	-46.464
BLOCK18/SES182/SA182S10	SES144	-0.56979	-45.5021	-44.9323
BLOCK18/SES182/SA182S10	SES177	-0.760658	-45.693	-44.9323
BLOCK18/SES182/SA182S10	SES180	-1.48605	-46.4184	-44.9323
BLOCK18/SES182/SA182S10	SES275	-0.559238	-45.4916	-44.9323
BLOCK18/SES182/SA182S12	SES144	-0.133453	-45.0767	-44.9433
BLOCK18/SES182/SA182S12	SES177	-0.872437	-45.8157	-44.9433
BLOCK18/SES182/SA182S12	SES180	-0.951626	-45.8949	-44.9433
BLOCK18/SES182/SA182S12	SES275	-0.494843	-45.4381	-44.9433
BLOCK18/SES182/SA182S21	SES117	-1.23912	-46.6763	-45.4372
BLOCK18/SES182/SA182S21	SES144	-0.721561	-46.1587	-45.4372
BLOCK18/SES182/SA182S21	SES162	-1.26394	-46.7011	-45.4372
BLOCK18/SES182/SA182S21	SES180	-1.62225	-47.0594	-45.4372
BLOCK18/SES182/SA182S23	SES117	-1.40962	-46.6405	-45.2308
BLOCK18/SES182/SA182S23	SES144	-1.03825	-46.2691	-45.2308
BLOCK18/SES182/SA182S23	SES180	-1.63144	-46.8623	-45.2308
BLOCK18/SES182/SA182S23	SES275	-0.370277	-45.6011	-45.2308
BLOCK18/SES182/SA182S25	SES007	0.0101433	-45.0997	-45.1098
BLOCK18/SES182/SA182S25	SES162	-1.00182	-46.1117	-45.1098
BLOCK18/SES182/SA182S25	SES177	-0.874058	-45.9839	-45.1098
BLOCK18/SES182/SA182S25	SES180	-1.18746	-46.2973	-45.1098
BLOCK18/SES184/SA184S12	SES177	-1.52872	-47.4209	-45.8922
BLOCK18/SES184/SA184S12	SES180	-1.63337	-47.5256	-45.8922
BLOCK18/SES184/SA184S12	SES189	-1.33833	-47.2305	-45.8922
BLOCK18/SES184/SA184S12	SES292	-0.916878	-46.8091	-45.8922
BLOCK18/SES184/SA184S13	SES101	-1.39773	-47.0164	-45.6187
BLOCK18/SES184/SA184S13	SES177	-0.708031	-46.3267	-45.6187
BLOCK18/SES184/SA184S13	SES180	-1.19933	-46.818	-45.6187
BLOCK18/SES184/SA184S13	SES292	-0.945168	-46.5638	-45.6187
BLOCK18/SES184/SA184S22	SES177	-0.919605	-45.7365	-44.8169
BLOCK18/SES184/SA184S22	SES180	-0.516594	-45.3335	-44.8169
BLOCK18/SES184/SA184S22	SES189	-2.05383	-46.8707	-44.8169
BLOCK18/SES184/SA184S22	SES292	-1.00607	-45.823	-44.8169
BLOCK18/SES184/SA184S25	SES101	-1.15762	-45.5185	-44.3609
BLOCK18/SES184/SA184S25	SES177	-0.993881	-45.3548	-44.3609
BLOCK18/SES184/SA184S25	SES180	-0.688824	-45.0497	-44.3609
BLOCK18/SES184/SA184S25	SES292	-0.515877	-44.8768	-44.3609
BLOCK18/SES184/SA184S27	SES083	-1.13816	-46.4121	-45.274
BLOCK18/SES184/SA184S27	SES177	-0.911747	-46.1857	-45.274
BLOCK18/SES184/SA184S27	SES202	-0.913231	-46.1872	-45.274
BLOCK18/SES184/SA184S27	SES292	-0.9986	-46.2726	-45.274
BLOCK20/SES204/SA204S12	SES062	-1.6233	-46.5562	-44.9329
BLOCK20/SES204/SA204S12	SES083	-2.02422	-46.9571	-44.9329
BLOCK20/SES204/SA204S12	SES206	-0.167957	-45.1008	-44.9329
BLOCK20/SES204/SA204S12	SES226	-1.31705	-46.2499	-44.9329
BLOCK20/SES204/SA204S14	SES068	-1.02297	-44.9228	-43.8998
BLOCK20/SES204/SA204S14	SES087	-0.910313	-44.8101	-43.8998
BLOCK20/SES204/SA204S14	SES206	-0.778004	-44.6778	-43.8998
BLOCK20/SES204/SA204S14	SES226	-1.72106	-45.6209	-43.8998
BLOCK20/SES204/SA204S22	SES068	-1.55678	-46.5748	-45.0181
BLOCK20/SES204/SA204S22	SES082	-3.00596	-48.024	-45.0181
BLOCK20/SES204/SA204S22	SES083	-2.64973	-47.6678	-45.0181
BLOCK20/SES204/SA204S22	SES206	-0.907898	-45.9259	-45.0181
BLOCK20/SES204/SA204S25	SES062	-2.63053	-47.9409	-45.3104
BLOCK20/SES204/SA204S25	SES083	-2.18826	-47.4987	-45.3104
BLOCK20/SES204/SA204S25	SES206	-0.678257	-45.9887	-45.3104
BLOCK20/SES204/SA204S25	SES226	-1.69125	-47.0017	-45.3104
BLOCK20/SES204/SA204S27	SES068	-1.56273	-46.7576	-45.1949
BLOCK20/SES204/SA204S27	SES082	-2.39657	-47.5914	-45.1949
BLOCK20/SES204/SA204S27	SES087	-1.25652	-46.4514	-45.1949
BLOCK20/SES204/SA204S27	SES206	-1.20893	-46.4038	-45.1949
BLOCK20/SES207/SA207S10	SES127	-0.709824	-46.2681	-45.5583
BLOCK20/SES207/SA207S10	SES183	-1.13116	-46.6894	-45.5583
BLOCK20/SES207/SA207S10	SES189	-1.24093	-46.7992	-45.5583
BLOCK20/SES207/SA207S10	SES292	-1.44201	-47.0003	-45.5583
BLOCK20/SES207/SA207S11	SES127	-1.51049	-46.96	-45.4495
BLOCK20/SES207/SA207S11	SES183	-1.33714	-46.7867	-45.4495
BLOCK20/SES207/SA207S11	SES187	-0.789181	-46.2387	-45.4495
BLOCK20/SES207/SA207S11	SES292	-1.21161	-46.6611	-45.4495
BLOCK20/SES207/SA207S25	SES068	-0.839378	-46.3537	-45.5143
BLOCK20/SES207/SA207S25	SES083	-1.93056	-47.4449	-45.5143
BLOCK20/SES207/SA207S25	SES127	-0.80183	-46.3161	-45.5143
BLOCK20/SES207/SA207S25	SES187	-0.580181	-46.0945	-45.5143
BLOCK20/SES207/SA207S27	SES127	-1.0599	-47.4653	-46.4054
BLOCK20/SES207/SA207S27	SES183	-0.511116	-46.9165	-46.4054
BLOCK20/SES207/SA207S27	SES187	-0.773178	-47.1786	-46.4054
BLOCK20/SES207/SA207S27	SES292	-1.58453	-47.99	-46.4054
BLOCK20/SES207/SA207S29	SES083	-1.79854	-47.4257	-45.6272
BLOCK20/SES207/SA207S29	SES085	-0.961082	-46.5882	-45.6272
BLOCK20/SES207/SA207S29	SES172	-1.26901	-46.8962	-45.6272
BLOCK20/SES207/SA207S29	SES189	-1.91013	-47.5373	-45.6272
BLOCK22/SES221/SA221S12	SES068	-1.23416	-46.4964	-45.2622
BLOCK22/SES221/SA221S12	SES143	-1.30653	-46.5687	-45.2622
BLOCK22/SES221/SA221S12	SES175	-0.399933	-45.6621	-45.2622
BLOCK22/SES221/SA221S12	SES202	-0.364975	-45.6272	-45.2622
BLOCK22/SES221/SA221S15	SES085	-1.11947	-47.3711	-46.2516
BLOCK22/SES221/SA221S15	SES143	-1.76016	-48.0117	-46.2516
BLOCK22/SES221/SA221S15	SES175	-0.916336	-47.1679	-46.2516
BLOCK22/SES221/SA221S15	SES187	-0.824032	-47.0756	-46.2516
BLOCK22/SES221/SA221S23	SES068	-1.18916	-46.4299	-45.2407
BLOCK22/SES221/SA221S23	SES143	-1.64954	-46.8903	-45.2407
BLOCK22/SES221/SA221S23	SES175	-0.442646	-45.6834	-45.2407
BLOCK22/SES221/SA221S23	SES189	-0.563095	-45.8038	-45.2407
BLOCK22/SES221/SA221S27	SES085	-1.14568	-46.7383	-45.5926
BLOCK22/SES221/SA221S27	SES143	-0.956646	-46.5493	-45.5926
BLOCK22/SES221/SA221S27	SES175	-0.796989	-46.3896	-45.5926
BLOCK22/SES221/SA221S27	SES189	0.338661	-45.2539	-45.5926
BLOCK22/SES221/SA221S29	SES085	-1.07053	-47.654	-46.5834
BLOCK22/SES221/SA221S29	SES143	-1.0364	-47.6198	-46.5834
BLOCK22/SES221/SA221S29	SES175	-0.410694	-46.9941	-46.5834
BLOCK22/SES221/SA221S29	SES187	-0.853504	-47.4369	-46.5834
BLOCK22/SES223/SA223S11	SES143	-0.824677	-46.6753	-45.8506
BLOCK22/SES223/SA223S11	SES144	-1.70815	-47.5588	-45.8506
BLOCK22/SES223/SA223S11	SES175	-0.617222	-46.4679	-45.8506
BLOCK22/SES223/SA223S11	SES187	-1.13346	-46.9841	-45.8506
BLOCK22/SES223/SA223S13	SES068	-1.34625	-48.0405	-46.6942
BLOCK22/SES223/SA223S13	SES143	-1.43806	-48.1323	-46.6942
BLOCK22/SES223/SA223S13	SES146	-1.90451	-48.5987	-46.6942
BLOCK22/SES223/SA223S13	SES202	-1.19691	-47.8911	-46.6942
BLOCK22/SES223/SA223S22	SES143	-0.973923	-46.9613	-45.9874
BLOCK22/SES223/SA223S22	SES144	-1.48305	-47.4704	-45.9874
BLOCK22/SES223/SA223S22	SES175	-0.812	-46.7994	-45.9874
BLOCK22/SES223/SA223S22	SES187	-1.09169	-47.0791	-45.9874
BLOCK22/SES223/SA223S25	SES068	-0.909863	-46.6472	-45.7373
BLOCK22/SES223/SA223S25	SES143	-1.11523	-46.8526	-45.7373
BLOCK22/SES223/SA223S25	SES175	-0.625595	-46.3629	-45.7373
BLOCK22/SES223/SA223S25	SES187	-0.755131	-46.4924	-45.7373
BLOCK22/SES223/SA223S27	SES143	-0.501064	-46.5886	-46.0875
BLOCK22/SES223/SA223S27	SES146	-0.812374	-46.8999	-46.0875
BLOCK22/SES223/SA223S27	SES187	-0.514099	-46.6016	-46.0875
BLOCK22/SES223/SA223S27	SES292	-1.2512	-47.3387	-46.0875
BLOCK27/SES273/SA273S12	SES099	-0.845009	-44.9541	-44.1091
BLOCK27/SES273/SA273S12	SES104	-1.17039	-45.2795	-44.1091
BLOCK27/SES273/SA273S12	SES125	-1.16441	-45.2735	-44.1091
BLOCK27/SES273/SA273S12	SES206	-0.733192	-44.8423	-44.1091
BLOCK27/SES273/SA273S13	SES099	-1.25729	-45.0941	-43.8368
BLOCK27/SES273/SA273S13	SES104	-1.55957	-45.3963	-43.8368
BLOCK27/SES273/SA273S13	SES206	-1.12036	-44.9571	-43.8368
BLOCK27/SES273/SA273S13	SES292	-1.16761	-45.0044	-43.8368
BLOCK27/SES273/SA273S21	SES099	-0.908264	-44.9662	-44.058
BLOCK27/SES273/SA273S21	SES148	-1.80928	-45.8673	-44.058
BLOCK27/SES273/SA273S21	SES149	-1.20957	-45.2675	-44.058
BLOCK27/SES273/SA273S21	SES177	-0.860889	-44.9189	-44.058
BLOCK27/SES273/SA273S25	SES104	-1.42727	-45.7211	-44.2939
BLOCK27/SES273/SA273S25	SES125	-1.2509	-45.5448	-44.2939
BLOCK27/SES273/SA273S25	SES158	-0.536579	-44.8305	-44.2939
BLOCK27/SES273/SA273S25	SES206	-0.535347	-44.8292	-44.2939
BLOCK27/SES273/SA273S27	SES099	-0.708229	-44.5911	-43.8829
BLOCK27/SES273/SA273S27	SES104	-1.09888	-44.9818	-43.8829
BLOCK27/SES273/SA273S27	SES149	-0.835979	-44.7189	-43.8829
BLOCK27/SES273/SA273S27	SES275	-1.23896	-45.1219	-43.8829
BLOCK27/SES274/SA274S10	SES105	-1.48185	-45.2585	-43.7766
BLOCK27/SES274/SA274S10	SES125	-1.15588	-44.9325	-43.7766
BLOCK27/SES274/SA274S10	SES129	-0.54377	-44.3204	-43.7766
BLOCK27/SES274/SA274S10	SES158	-1.71532	-45.492	-43.7766
BLOCK27/SES274/SA274S11	SES105	-1.46748	-45.7985	-44.331
BLOCK27/SES274/SA274S11	SES149	-1.05146	-45.3824	-44.331
BLOCK27/SES274/SA274S11	SES158	-1.29136	-45.6223	-44.331
BLOCK27/SES274/SA274S11	SES275	-0.579449	-44.9104	-44.331
BLOCK27/SES274/SA274S21	SES105	-1.60244	-45.9263	-44.3239
BLOCK27/SES274/SA274S21	SES129	-1.34909	-45.673	-44.3239
BLOCK27/SES274/SA274S21	SES149	-1.02758	-45.3514	-44.3239
BLOCK27/SES274/SA274S21	SES158	-2.68104	-47.0049	-44.3239
BLOCK27/SES274/SA274S24	SES105	-1.08572	-45.3556	-44.2699
BLOCK27/SES274/SA274S24	SES129	-1.51522	-45.7851	-44.2699
BLOCK27/SES274/SA274S24	SES149	-1.46913	-45.7391	-44.2699
BLOCK27/SES274/SA274S24	SES158	-2.45889	-46.7288	-44.2699
BLOCK27/SES274/SA274S29	SES105	-1.69843	-46.1003	-44.4018
BLOCK27/SES274/SA274S29	SES106	-1.75193	-46.1538	-44.4018
BLOCK27/SES274/SA274S29	SES120	-1.28641	-45.6883	-44.4018
BLOCK27/SES274/SA274S29	SES275	-0.883549	-45.2854	-44.4018
BLOCK27/SES276/SA276S16	SES148	-1.44111	-46.6113	-45.1702
BLOCK27/SES276/SA276S16	SES172	-1.15927	-46.3295	-45.1702
BLOCK27/SES276/SA276S16	SES180	-1.48634	-46.6565	-45.1702
BLOCK27/SES276/SA276S16	SES292	-0.988113	-46.1583	-45.1702
BLOCK27/SES276/SA276S17	SES101	-1.18418	-46.4261	-45.2419
BLOCK27/SES276/SA276S17	SES177	-1.06546	-46.3074	-45.2419
BLOCK27/SES276/SA276S17	SES180	-1.11695	-46.3589	-45.2419
BLOCK27/SES276/SA276S17	SES292	-1.41077	-46.6527	-45.2419
BLOCK27/SES276/SA276S24	SES101	-1.01726	-45.5782	-44.561
BLOCK27/SES276/SA276S24	SES177	-1.13215	-45.6931	-44.561
BLOCK27/SES276/SA276S24	SES180	-1.12411	-45.6851	-44.561
BLOCK27/SES276/SA276S24	SES292	-1.40522	-45.9662	-44.561
BLOCK27/SES276/SA276S26	SES101	-2.07116	-46.8872	-44.8161
BLOCK27/SES276/SA276S26	SES177	-0.737236	-45.5533	-44.8161
BLOCK27/SES276/SA276S26	SES180	-0.780987	-45.5971	-44.8161
BLOCK27/SES276/SA276S26	SES292	-0.453861	-45.2699	-44.8161
BLOCK27/SES276/SA276S28	SES101	-1.56739	-46.5964	-45.029
BLOCK27/SES276/SA276S28	SES177	-1.82125	-46.8503	-45.029
BLOCK27/SES276/SA276S28	SES180	-0.729828	-45.7588	-45.029
BLOCK27/SES276/SA276S28	SES292	-0.983685	-46.0127	-45.029
BLOCK27/SES277/SA277S12	SES101	-0.614258	-46.1242	-45.51
BLOCK27/SES277/SA277S12	SES177	-1.13018	-46.6402	-45.51
BLOCK27/SES277/SA277S12	SES180	-1.5867	-47.0967	-45.51
BLOCK27/SES277/SA277S12	SES292	-1.87451	-47.3845	-45.51
BLOCK27/SES277/SA277S14	SES177	-0.847569	-46.7	-45.8525
BLOCK27/SES277/SA277S14	SES180	-1.44292	-47.2954	-45.8525
BLOCK27/SES277/SA277S14	SES189	-1.03807	-46.8905	-45.8525
BLOCK27/SES277/SA277S14	SES292	-1.85216	-47.7046	-45.8525
BLOCK27/SES277/SA277S21	SES177	-0.550343	-45.5496	-44.9992
BLOCK27/SES277/SA277S21	SES180	-1.48867	-46.4879	-44.9992
BLOCK27/SES277/SA277S21	SES189	-0.844719	-45.8439	-44.9992
BLOCK27/SES277/SA277S21	SES292	-1.8582	-46.8574	-44.9992
BLOCK27/SES277/SA277S24	SES144	-0.888847	-46.8908	-46.002
BLOCK27/SES277/SA277S24	SES177	-0.784206	-46.7862	-46.002
BLOCK27/SES277/SA277S24	SES180	-1.47022	-47.4722	-46.002
BLOCK27/SES277/SA277S24	SES189	-1.08052	-47.0825	-46.002
BLOCK27/SES277/SA277S29	SES177	-0.317421	-44.7187	-44.4013
BLOCK27/SES277/SA277S29	SES180	-0.201691	-44.603	-44.4013
BLOCK27/SES277/SA277S29	SES202	-0.487061	-44.8884	-44.4013
BLOCK27/SES277/SA277S29	SES292	-1.53527	-45.9366	-44.4013
BLOCK27/SES279/SA279S09	SES120	-0.845547	-45.5281	-44.6826
BLOCK27/SES279/SA279S09	SES146	-1.2817	-45.9643	-44.6826
BLOCK27/SES279/SA279S09	SES206	-1.61247	-46.295	-44.6826
BLOCK27/SES279/SA279S09	SES226	-1.70096	-46.3835	-44.6826
BLOCK27/SES279/SA279S10	SES099	-1.22693	-45.8272	-44.6002
BLOCK27/SES279/SA279S10	SES206	-1.25225	-45.8525	-44.6002
BLOCK27/SES279/SA279S10	SES226	-1.73103	-46.3313	-44.6002
BLOCK27/SES279/SA279S10	SES292	-0.59343	-45.1937	-44.6002
BLOCK27/SES279/SA279S20	SES099	-2.35938	-47.5862	-45.2268
BLOCK27/SES279/SA279S20	SES206	-1.38807	-46.6149	-45.2268
BLOCK27/SES279/SA279S20	SES226	-2.04037	-47.2672	-45.2268
BLOCK27/SES279/SA279S20	SES292	-0.555504	-45.7823	-45.2268
BLOCK27/SES279/SA279S26	SES099	-2.11731	-46.9792	-44.8619
BLOCK27/SES279/SA279S26	SES206	-1.21171	-46.0736	-44.8619
BLOCK27/SES279/SA279S26	SES226	-1.81522	-46.6771	-44.8619
BLOCK27/SES279/SA279S26	SES292	-0.527824	-45.3897	-44.8619
BLOCK27/SES279/SA279S28	SES099	-1.30764	-44.995	-43.6874
BLOCK27/SES279/SA279S28	SES120	-1.00086	-44.6882	-43.6874
BLOCK27/SES279/SA279S28	SES177	-1.20761	-44.895	-43.6874
BLOCK27/SES279/SA279S28	SES206	-1.04906	-44.7364	-43.6874
BLOCK29/SES290/SA290S12	SES162	-0.90221	-45.4818	-44.5796
BLOCK29/SES290/SA290S12	SES177	-1.316	-45.8955	-44.5796
BLOCK29/SES290/SA290S12	SES180	-1.37233	-45.9519	-44.5796
BLOCK29/SES290/SA290S12	SES292	-1.72538	-46.3049	-44.5796
BLOCK29/SES290/SA290S13	SES007	-1.24823	-46.1179	-44.8696
BLOCK29/SES290/SA290S13	SES162	-1.96621	-46.8359	-44.8696
BLOCK29/SES290/SA290S13	SES177	-0.943348	-45.813	-44.8696
BLOCK29/SES290/SA290S13	SES180	-1.06274	-45.9324	-44.8696
BLOCK29/SES290/SA290S22	SES177	-1.10799	-45.7814	-44.6734
BLOCK29/SES290/SA290S22	SES180	-0.86235	-45.5358	-44.6734
BLOCK29/SES290/SA290S22	SES202	-0.746166	-45.4196	-44.6734
BLOCK29/SES290/SA290S22	SES292	-1.09234	-45.7658	-44.6734
BLOCK29/SES290/SA290S25	SES162	-1.26359	-45.689	-44.4254
BLOCK29/SES290/SA290S25	SES177	-0.848408	-45.2738	-44.4254
BLOCK29/SES290/SA290S25	SES180	-1.24497	-45.6704	-44.4254
BLOCK29/SES290/SA290S25	SES292	-0.733337	-45.1587	-44.4254
BLOCK29/SES290/SA290S29	SES177	-0.275158	-44.6671	-44.392
BLOCK29/SES290/SA290S29	SES180	-0.353809	-44.7458	-44.392
BLOCK29/SES290/SA290S29	SES275	-1.14296	-45.5349	-44.392
BLOCK29/SES290/SA290S29	SES292	-0.813347	-45.2053	-44.392
BLOCK29/SES291/SA291S11	SES105	-2.64927	-48.1141	-45.4648
BLOCK29/SES291/SA291S11	SES125	-1.29649	-46.7613	-45.4648
BLOCK29/SES291/SA291S11	SES158	-1.18376	-46.6486	-45.4648
BLOCK29/SES291/SA291S11	SES275	-2.38742	-47.8522	-45.4648
BLOCK29/SES291/SA291S12	SES158	-0.276997	-45.4094	-45.1324
BLOCK29/SES291/SA291S12	SES226	-0.917362	-46.0498	-45.1324
BLOCK29/SES291/SA291S12	SES270	-0.354836	-45.4873	-45.1324
BLOCK29/SES291/SA291S12	SES275	-3.45208	-48.5845	-45.1324
BLOCK29/SES291/SA291S22	SES082	-0.956902	-45.9096	-44.9527
BLOCK29/SES291/SA291S22	SES158	-1.05985	-46.0125	-44.9527
BLOCK29/SES291/SA291S22	SES259	-1.11268	-46.0654	-44.9527
BLOCK29/SES291/SA291S22	SES275	-2.46749	-47.4202	-44.9527
BLOCK29/SES291/SA291S24	SES104	-0.317753	-44.3546	-44.0368
BLOCK29/SES291/SA291S24	SES125	-0.330624	-44.3674	-44.0368
BLOCK29/SES291/SA291S24	SES158	-0.505096	-44.5419	-44.0368
BLOCK29/SES291/SA291S24	SES275	-2.14042	-46.1772	-44.0368
BLOCK29/SES291/SA291S27	SES158	-0.214752	-44.5358	-44.3211
BLOCK29/SES291/SA291S27	SES172	-2.36259	-46.6837	-44.3211
BLOCK29/SES291/SA291S27	SES275	-2.82345	-47.1445	-44.3211
BLOCK29/SES291/SA291S27	SES292	-1.59789	-45.919	-44.3211
Threshold search:
THR	-3.90381710045	9	0(0)	1(1000)
THR	-3.8328125294455	8.991	0(0)	0.999(999)
THR	-3.761807958441	8.991	0(0)	0.999(999)
THR	-3.6908033874365	8.991	0(0)	0.999(999)
THR	-3.619798816432	8.982	0(0)	0.998(998)
THR	-3.5487942454275	8.982	0(0)	0.998(998)
THR	-3.477789674423	8.982	0(0)	0.998(998)
THR	-3.4067851034185	8.973	0(0)	0.997(997)
THR	-3.335780532414	8.973	0(0)	0.997(997)
THR	-3.2647759614095	8.964	0(0)	0.996(996)
THR	-3.193771390405	8.946	0(0)	0.994(994)
THR	-3.1227668194005	8.937	0(0)	0.993(993)
THR	-3.051762248396	8.937	0(0)	0.993(993)
THR	-2.9807576773915	8.91	0(0)	0.99(990)
THR	-2.909753106387	8.91	0(0)	0.99(990)
THR	-2.8387485353825	8.91	0(0)	0.99(990)
THR	-2.767743964378	8.883	0(0)	0.987(987)
THR	-2.6967393933735	8.811	0(0)	0.979(979)
THR	-2.625734822369	8.748	0(0)	0.972(972)
THR	-2.5547302513645	8.703	0(0)	0.967(967)
THR	-2.48372568036	8.649	0(0)	0.961(961)
THR	-2.4127211093555	8.541	0(0)	0.949(949)
THR	-2.341716538351	8.388	0(0)	0.932(932)
THR	-2.2707119673465	8.271	0(0)	0.919(919)
THR	-2.199707396342	8.199	0(0)	0.911(911)
THR	-2.1287028253375	8.109	0(0)	0.901(901)
THR	-2.057698254333	7.974	0(0)	0.886(886)
THR	-1.9866936833285	7.83	0(0)	0.87(870)
THR	-1.915689112324	7.677	0(0)	0.853(853)
THR	-1.8446845413195	7.416	0(0)	0.824(824)
THR	-1.773679970315	7.164	0(0)	0.796(796)
THR	-1.7026753993105	6.93	0(0)	0.77(770)
THR	-1.631670828306	6.633	0(0)	0.737(737)
THR	-1.5606662573015	6.309	0(0)	0.701(701)
THR	-1.489661686297	6.048	0(0)	0.672(672)
THR	-1.4186571152925	5.607	0(0)	0.623(623)
THR	-1.347652544288	5.292	0(0)	0.588(588)
THR	-1.2766479732835	5.058	0(0)	0.562(562)
THR	-1.205643402279	4.653	0(0)	0.517(517)
THR	-1.1346388312745	4.293	0(0)	0.477(477)
THR	-1.06363426027	3.78	0(0)	0.42(420)
THR	-0.992629689265501	3.321	0(0)	0.369(369)
THR	-0.921625118261001	2.925	0(0)	0.325(325)
THR	-0.850620547256501	2.457	0(0)	0.273(273)
THR	-0.779615976252001	2.07	0(0)	0.23(230)
THR	-0.708611405247501	1.791	0(0)	0.199(199)
THR	-0.637606834243001	1.575	0(0)	0.175(175)
THR	-0.566602263238501	1.278	0(0)	0.142(142)
THR	-0.495597692234001	0.999	0(0)	0.111(111)
THR	-0.424593121229501	0.855	0(0)	0.095(95)
THR	-0.353588550225001	0.697	0.004(1)	0.077(77)
THR	-0.282583979220501	0.57	0.012(3)	0.062(62)
THR	-0.211579408216001	0.426	0.012(3)	0.046(46)
THR	-0.140574837211501	0.345	0.012(3)	0.037(37)
THR	-0.0695702662070014	0.245	0.02(5)	0.025(25)
THR	0.00143430479749862	0.177	0.024(6)	0.017(17)
THR	0.0724388758019986	0.148	0.04(10)	0.012(12)
THR	0.143443446806499	0.128	0.056(14)	0.008(8)
THR	0.214448017810999	0.125	0.08(20)	0.005(5)
THR	0.285452588815499	0.131	0.104(26)	0.003(3)
THR	0.356457159819999	0.141	0.132(33)	0.001(1)
THR	0.427461730824499	0.148	0.148(37)	0(0)
THR	0.498466301828999	0.188	0.188(47)	0(0)
THR	0.569470872833499	0.22	0.22(55)	0(0)
THR	0.640475443837998	0.256	0.256(64)	0(0)
THR	0.711480014842498	0.28	0.28(70)	0(0)
THR	0.782484585846998	0.324	0.324(81)	0(0)
THR	0.853489156851498	0.372	0.372(93)	0(0)
THR	0.924493727855998	0.432	0.432(108)	0(0)
THR	0.995498298860498	0.48	0.48(120)	0(0)
THR	1.066502869865	0.52	0.52(130)	0(0)
THR	1.1375074408695	0.572	0.572(143)	0(0)
THR	1.208512011874	0.612	0.612(153)	0(0)
THR	1.2795165828785	0.668	0.668(167)	0(0)
THR	1.350521153883	0.716	0.716(179)	0(0)
THR	1.4215257248875	0.76	0.76(190)	0(0)
THR	1.492530295892	0.796	0.796(199)	0(0)
THR	1.5635348668965	0.84	0.84(210)	0(0)
THR	1.634539437901	0.888	0.888(222)	0(0)
THR	1.7055440089055	0.908	0.908(227)	0(0)
THR	1.77654857991	0.936	0.936(234)	0(0)
THR	1.8475531509145	0.94	0.94(235)	0(0)
THR	1.918557721919	0.944	0.944(236)	0(0)
THR	1.9895622929235	0.96	0.96(240)	0(0)
THR	2.060566863928	0.964	0.964(241)	0(0)
THR	2.1315714349325	0.972	0.972(243)	0(0)
THR	2.202576005937	0.976	0.976(244)	0(0)
THR	2.2735805769415	0.976	0.976(244)	0(0)
THR	2.344585147946	0.98	0.98(245)	0(0)
THR	2.4155897189505	0.984	0.984(246)	0(0)
THR	2.486594289955	0.988	0.988(247)	0(0)
THR	2.5575988609595	0.988	0.988(247)	0(0)
THR	2.628603431964	0.988	0.988(247)	0(0)
THR	2.6996080029685	0.992	0.992(248)	0(0)
THR	2.770612573973	0.992	0.992(248)	0(0)
THR	2.8416171449775	0.992	0.992(248)	0(0)
THR	2.912621715982	0.992	0.992(248)	0(0)
THR	2.9836262869865	0.992	0.992(248)	0(0)
THR	3.054630857991	0.992	0.992(248)	0(0)
THR	3.1256354289955	0.992	0.992(248)	0(0)
THR	3.19664	0.996	0.996(249)	0(0)
THR	3.2676445710045	1	1(250)	0(0)


==============================================
THR: 0.214448017810999
Missed:     20/250=0.0800
FalseAlarm: 5/1000=0.0050
----------------------------------------------
==> CostDetection: 12.5
==============================================
